<?xml version="1.0" encoding="UTF-8"?>
<coverage generated="1747422850859" clover="3.2.0">
  <project timestamp="1747422850860" name="All files">
    <metrics statements="1637" coveredstatements="1588" conditionals="278" coveredconditionals="218" methods="64" coveredmethods="58" elements="1979" coveredelements="1864" complexity="0" loc="1637" ncloc="1637" packages="4" files="14" classes="14"/>
    <package name="components">
      <metrics statements="858" coveredstatements="838" conditionals="152" coveredconditionals="121" methods="27" coveredmethods="24"/>
      <file name="AddStockForm.jsx" path="D:\FavoriteStocksWatcher\frontend\src\components\AddStockForm.jsx">
        <metrics statements="61" coveredstatements="61" conditionals="27" coveredconditionals="19" methods="6" coveredmethods="6"/>
        <line num="1" count="1" type="stmt"/>
        <line num="2" count="1" type="stmt"/>
        <line num="3" count="1" type="stmt"/>
        <line num="4" count="1" type="stmt"/>
        <line num="5" count="1" type="cond" truecount="6" falsecount="6"/>
        <line num="6" count="1" type="stmt"/>
        <line num="7" count="1" type="cond" truecount="1" falsecount="0"/>
        <line num="8" count="95" type="stmt"/>
        <line num="9" count="95" type="stmt"/>
        <line num="10" count="95" type="stmt"/>
        <line num="11" count="95" type="stmt"/>
        <line num="12" count="95" type="cond" truecount="1" falsecount="0"/>
        <line num="13" count="3" type="stmt"/>
        <line num="14" count="3" type="cond" truecount="1" falsecount="0"/>
        <line num="15" count="1" type="stmt"/>
        <line num="16" count="1" type="stmt"/>
        <line num="17" count="1" type="cond" truecount="1" falsecount="0"/>
        <line num="18" count="2" type="stmt"/>
        <line num="19" count="2" type="stmt"/>
        <line num="20" count="2" type="stmt"/>
        <line num="21" count="2" type="stmt"/>
        <line num="22" count="2" type="cond" truecount="1" falsecount="0"/>
        <line num="23" count="1" type="stmt"/>
        <line num="24" count="1" type="stmt"/>
        <line num="25" count="1" type="stmt"/>
        <line num="26" count="1" type="stmt"/>
        <line num="27" count="1" type="stmt"/>
        <line num="28" count="1" type="stmt"/>
        <line num="29" count="1" type="stmt"/>
        <line num="30" count="3" type="cond" truecount="1" falsecount="0"/>
        <line num="31" count="1" type="cond" truecount="0" falsecount="2"/>
        <line num="32" count="1" type="stmt"/>
        <line num="33" count="3" type="cond" truecount="1" falsecount="0"/>
        <line num="34" count="2" type="stmt"/>
        <line num="35" count="2" type="stmt"/>
        <line num="36" count="95" type="stmt"/>
        <line num="37" count="95" type="stmt"/>
        <line num="38" count="95" type="stmt"/>
        <line num="39" count="95" type="cond" truecount="2" falsecount="0"/>
        <line num="40" count="95" type="cond" truecount="1" falsecount="0"/>
        <line num="41" count="94" type="stmt"/>
        <line num="42" count="94" type="stmt"/>
        <line num="43" count="94" type="stmt"/>
        <line num="44" count="95" type="stmt"/>
        <line num="45" count="95" type="stmt"/>
        <line num="46" count="95" type="stmt"/>
        <line num="47" count="95" type="stmt"/>
        <line num="48" count="95" type="stmt"/>
        <line num="49" count="95" type="stmt"/>
        <line num="50" count="95" type="cond" truecount="1" falsecount="0"/>
        <line num="51" count="95" type="stmt"/>
        <line num="52" count="95" type="stmt"/>
        <line num="53" count="95" type="stmt"/>
        <line num="54" count="95" type="stmt"/>
        <line num="55" count="95" type="cond" truecount="2" falsecount="0"/>
        <line num="56" count="95" type="stmt"/>
        <line num="57" count="95" type="stmt"/>
        <line num="58" count="95" type="stmt"/>
        <line num="59" count="95" type="stmt"/>
        <line num="60" count="1" type="stmt"/>
        <line num="61" count="1" type="stmt"/>
      </file>
      <file name="FavoriteStockList.jsx" path="D:\FavoriteStocksWatcher\frontend\src\components\FavoriteStockList.jsx">
        <metrics statements="183" coveredstatements="178" conditionals="42" coveredconditionals="39" methods="4" coveredmethods="4"/>
        <line num="1" count="1" type="stmt"/>
        <line num="2" count="1" type="stmt"/>
        <line num="3" count="1" type="stmt"/>
        <line num="4" count="1" type="stmt"/>
        <line num="5" count="1" type="stmt"/>
        <line num="6" count="1" type="stmt"/>
        <line num="7" count="1" type="stmt"/>
        <line num="8" count="1" type="stmt"/>
        <line num="9" count="1" type="stmt"/>
        <line num="10" count="1" type="stmt"/>
        <line num="11" count="1" type="stmt"/>
        <line num="12" count="1" type="stmt"/>
        <line num="13" count="1" type="stmt"/>
        <line num="14" count="1" type="stmt"/>
        <line num="15" count="1" type="stmt"/>
        <line num="16" count="1" type="stmt"/>
        <line num="17" count="1" type="stmt"/>
        <line num="18" count="1" type="stmt"/>
        <line num="19" count="1" type="stmt"/>
        <line num="20" count="1" type="stmt"/>
        <line num="21" count="1" type="stmt"/>
        <line num="22" count="1" type="cond" truecount="1" falsecount="0"/>
        <line num="23" count="88" type="cond" truecount="3" falsecount="0"/>
        <line num="24" count="88" type="cond" truecount="3" falsecount="0"/>
        <line num="25" count="10" type="stmt"/>
        <line num="26" count="10" type="cond" truecount="1" falsecount="0"/>
        <line num="27" count="78" type="stmt"/>
        <line num="28" count="78" type="stmt"/>
        <line num="29" count="78" type="stmt"/>
        <line num="30" count="88" type="cond" truecount="1" falsecount="0"/>
        <line num="31" count="68" type="stmt"/>
        <line num="32" count="88" type="cond" truecount="1" falsecount="0"/>
        <line num="33" count="10" type="stmt"/>
        <line num="34" count="10" type="cond" truecount="0" falsecount="1"/>
        <line num="35" count="0" type="stmt"/>
        <line num="36" count="0" type="stmt"/>
        <line num="37" count="88" type="stmt"/>
        <line num="38" count="1" type="stmt"/>
        <line num="39" count="1" type="cond" truecount="1" falsecount="0"/>
        <line num="40" count="59" type="stmt"/>
        <line num="41" count="59" type="stmt"/>
        <line num="42" count="59" type="cond" truecount="1" falsecount="0"/>
        <line num="43" count="18" type="cond" truecount="0" falsecount="1"/>
        <line num="44" count="18" type="cond" truecount="1" falsecount="0"/>
        <line num="45" count="2" type="stmt"/>
        <line num="46" count="18" type="stmt"/>
        <line num="47" count="18" type="cond" truecount="1" falsecount="0"/>
        <line num="48" count="59" type="stmt"/>
        <line num="49" count="59" type="stmt"/>
        <line num="50" count="59" type="cond" truecount="1" falsecount="0"/>
        <line num="51" count="4" type="stmt"/>
        <line num="52" count="4" type="stmt"/>
        <line num="53" count="4" type="stmt"/>
        <line num="54" count="4" type="stmt"/>
        <line num="55" count="4" type="stmt"/>
        <line num="56" count="4" type="stmt"/>
        <line num="57" count="4" type="stmt"/>
        <line num="58" count="4" type="stmt"/>
        <line num="59" count="4" type="stmt"/>
        <line num="60" count="4" type="stmt"/>
        <line num="61" count="4" type="stmt"/>
        <line num="62" count="4" type="stmt"/>
        <line num="63" count="4" type="stmt"/>
        <line num="64" count="4" type="stmt"/>
        <line num="65" count="4" type="stmt"/>
        <line num="66" count="4" type="stmt"/>
        <line num="67" count="4" type="stmt"/>
        <line num="68" count="4" type="stmt"/>
        <line num="69" count="4" type="stmt"/>
        <line num="70" count="4" type="stmt"/>
        <line num="71" count="4" type="stmt"/>
        <line num="72" count="4" type="stmt"/>
        <line num="73" count="4" type="stmt"/>
        <line num="74" count="59" type="stmt"/>
        <line num="75" count="59" type="stmt"/>
        <line num="76" count="59" type="cond" truecount="2" falsecount="0"/>
        <line num="77" count="1" type="stmt"/>
        <line num="78" count="1" type="cond" truecount="1" falsecount="0"/>
        <line num="79" count="58" type="stmt"/>
        <line num="80" count="58" type="stmt"/>
        <line num="81" count="58" type="stmt"/>
        <line num="82" count="58" type="stmt"/>
        <line num="83" count="58" type="stmt"/>
        <line num="84" count="58" type="stmt"/>
        <line num="85" count="58" type="stmt"/>
        <line num="86" count="58" type="stmt"/>
        <line num="87" count="58" type="stmt"/>
        <line num="88" count="58" type="stmt"/>
        <line num="89" count="58" type="stmt"/>
        <line num="90" count="58" type="stmt"/>
        <line num="91" count="58" type="stmt"/>
        <line num="92" count="58" type="cond" truecount="2" falsecount="0"/>
        <line num="93" count="58" type="stmt"/>
        <line num="94" count="58" type="stmt"/>
        <line num="95" count="58" type="cond" truecount="4" falsecount="0"/>
        <line num="96" count="58" type="stmt"/>
        <line num="97" count="58" type="stmt"/>
        <line num="98" count="58" type="stmt"/>
        <line num="99" count="59" type="stmt"/>
        <line num="100" count="59" type="stmt"/>
        <line num="101" count="59" type="stmt"/>
        <line num="102" count="59" type="cond" truecount="3" falsecount="0"/>
        <line num="103" count="59" type="cond" truecount="2" falsecount="0"/>
        <line num="104" count="57" type="stmt"/>
        <line num="105" count="57" type="cond" truecount="1" falsecount="0"/>
        <line num="106" count="88" type="cond" truecount="0" falsecount="1"/>
        <line num="107" count="0" type="stmt"/>
        <line num="108" count="0" type="stmt"/>
        <line num="109" count="0" type="stmt"/>
        <line num="110" count="88" type="stmt"/>
        <line num="111" count="88" type="stmt"/>
        <line num="112" count="88" type="stmt"/>
        <line num="113" count="88" type="stmt"/>
        <line num="114" count="88" type="stmt"/>
        <line num="115" count="88" type="stmt"/>
        <line num="116" count="88" type="stmt"/>
        <line num="117" count="88" type="stmt"/>
        <line num="118" count="88" type="stmt"/>
        <line num="119" count="88" type="stmt"/>
        <line num="120" count="88" type="stmt"/>
        <line num="121" count="88" type="stmt"/>
        <line num="122" count="88" type="stmt"/>
        <line num="123" count="88" type="stmt"/>
        <line num="124" count="88" type="stmt"/>
        <line num="125" count="88" type="stmt"/>
        <line num="126" count="88" type="stmt"/>
        <line num="127" count="88" type="stmt"/>
        <line num="128" count="88" type="cond" truecount="1" falsecount="0"/>
        <line num="129" count="10" type="stmt"/>
        <line num="130" count="88" type="stmt"/>
        <line num="131" count="88" type="stmt"/>
        <line num="132" count="88" type="stmt"/>
        <line num="133" count="88" type="stmt"/>
        <line num="134" count="88" type="cond" truecount="2" falsecount="0"/>
        <line num="135" count="78" type="stmt"/>
        <line num="136" count="78" type="stmt"/>
        <line num="137" count="78" type="stmt"/>
        <line num="138" count="78" type="stmt"/>
        <line num="139" count="78" type="stmt"/>
        <line num="140" count="78" type="stmt"/>
        <line num="141" count="78" type="stmt"/>
        <line num="142" count="78" type="stmt"/>
        <line num="143" count="78" type="stmt"/>
        <line num="144" count="78" type="stmt"/>
        <line num="145" count="78" type="stmt"/>
        <line num="146" count="10" type="cond" truecount="1" falsecount="0"/>
        <line num="147" count="10" type="stmt"/>
        <line num="148" count="10" type="stmt"/>
        <line num="149" count="10" type="stmt"/>
        <line num="150" count="10" type="stmt"/>
        <line num="151" count="10" type="stmt"/>
        <line num="152" count="10" type="stmt"/>
        <line num="153" count="10" type="stmt"/>
        <line num="154" count="10" type="stmt"/>
        <line num="155" count="88" type="stmt"/>
        <line num="156" count="88" type="stmt"/>
        <line num="157" count="88" type="stmt"/>
        <line num="158" count="88" type="stmt"/>
        <line num="159" count="88" type="stmt"/>
        <line num="160" count="88" type="cond" truecount="2" falsecount="0"/>
        <line num="161" count="88" type="stmt"/>
        <line num="162" count="88" type="stmt"/>
        <line num="163" count="88" type="cond" truecount="2" falsecount="0"/>
        <line num="164" count="88" type="stmt"/>
        <line num="165" count="88" type="stmt"/>
        <line num="166" count="88" type="stmt"/>
        <line num="167" count="88" type="stmt"/>
        <line num="168" count="88" type="stmt"/>
        <line num="169" count="88" type="cond" truecount="1" falsecount="0"/>
        <line num="170" count="88" type="stmt"/>
        <line num="171" count="88" type="stmt"/>
        <line num="172" count="88" type="stmt"/>
        <line num="173" count="88" type="stmt"/>
        <line num="174" count="88" type="stmt"/>
        <line num="175" count="88" type="stmt"/>
        <line num="176" count="57" type="stmt"/>
        <line num="177" count="59" type="stmt"/>
        <line num="178" count="59" type="stmt"/>
        <line num="179" count="59" type="stmt"/>
        <line num="180" count="59" type="stmt"/>
        <line num="181" count="59" type="stmt"/>
        <line num="182" count="1" type="stmt"/>
        <line num="183" count="1" type="stmt"/>
      </file>
      <file name="Header.jsx" path="D:\FavoriteStocksWatcher\frontend\src\components\Header.jsx">
        <metrics statements="252" coveredstatements="245" conditionals="16" coveredconditionals="10" methods="9" coveredmethods="6"/>
        <line num="1" count="1" type="stmt"/>
        <line num="2" count="1" type="stmt"/>
        <line num="3" count="1" type="stmt"/>
        <line num="4" count="1" type="stmt"/>
        <line num="5" count="1" type="stmt"/>
        <line num="6" count="1" type="stmt"/>
        <line num="7" count="1" type="stmt"/>
        <line num="8" count="1" type="stmt"/>
        <line num="9" count="1" type="stmt"/>
        <line num="10" count="1" type="stmt"/>
        <line num="11" count="1" type="stmt"/>
        <line num="12" count="1" type="stmt"/>
        <line num="13" count="1" type="stmt"/>
        <line num="14" count="1" type="stmt"/>
        <line num="15" count="1" type="stmt"/>
        <line num="16" count="1" type="stmt"/>
        <line num="17" count="1" type="stmt"/>
        <line num="18" count="1" type="stmt"/>
        <line num="19" count="1" type="stmt"/>
        <line num="20" count="1" type="stmt"/>
        <line num="21" count="1" type="stmt"/>
        <line num="22" count="1" type="stmt"/>
        <line num="23" count="1" type="stmt"/>
        <line num="24" count="1" type="stmt"/>
        <line num="25" count="1" type="stmt"/>
        <line num="26" count="1" type="stmt"/>
        <line num="27" count="1" type="stmt"/>
        <line num="28" count="1" type="stmt"/>
        <line num="29" count="1" type="stmt"/>
        <line num="30" count="1" type="stmt"/>
        <line num="31" count="1" type="stmt"/>
        <line num="32" count="1" type="cond" truecount="1" falsecount="0"/>
        <line num="33" count="14" type="stmt"/>
        <line num="34" count="14" type="stmt"/>
        <line num="35" count="14" type="stmt"/>
        <line num="36" count="14" type="stmt"/>
        <line num="37" count="14" type="stmt"/>
        <line num="38" count="14" type="stmt"/>
        <line num="39" count="14" type="cond" truecount="1" falsecount="0"/>
        <line num="40" count="3" type="stmt"/>
        <line num="41" count="14" type="stmt"/>
        <line num="42" count="14" type="stmt"/>
        <line num="43" count="14" type="cond" truecount="1" falsecount="0"/>
        <line num="44" count="2" type="stmt"/>
        <line num="45" count="14" type="stmt"/>
        <line num="46" count="14" type="stmt"/>
        <line num="47" count="14" type="cond" truecount="1" falsecount="0"/>
        <line num="48" count="1" type="stmt"/>
        <line num="49" count="1" type="stmt"/>
        <line num="50" count="1" type="stmt"/>
        <line num="51" count="14" type="stmt"/>
        <line num="52" count="14" type="stmt"/>
        <line num="53" count="14" type="stmt"/>
        <line num="54" count="0" type="stmt"/>
        <line num="55" count="0" type="stmt"/>
        <line num="56" count="14" type="stmt"/>
        <line num="57" count="14" type="stmt"/>
        <line num="58" count="14" type="cond" truecount="1" falsecount="0"/>
        <line num="59" count="1" type="stmt"/>
        <line num="60" count="1" type="stmt"/>
        <line num="61" count="14" type="stmt"/>
        <line num="62" count="14" type="stmt"/>
        <line num="63" count="14" type="cond" truecount="1" falsecount="0"/>
        <line num="64" count="1" type="stmt"/>
        <line num="65" count="14" type="stmt"/>
        <line num="66" count="14" type="stmt"/>
        <line num="67" count="14" type="stmt"/>
        <line num="68" count="0" type="stmt"/>
        <line num="69" count="14" type="stmt"/>
        <line num="70" count="14" type="stmt"/>
        <line num="71" count="14" type="stmt"/>
        <line num="72" count="0" type="stmt"/>
        <line num="73" count="0" type="stmt"/>
        <line num="74" count="0" type="stmt"/>
        <line num="75" count="0" type="stmt"/>
        <line num="76" count="14" type="stmt"/>
        <line num="77" count="14" type="stmt"/>
        <line num="78" count="14" type="stmt"/>
        <line num="79" count="14" type="stmt"/>
        <line num="80" count="14" type="stmt"/>
        <line num="81" count="14" type="stmt"/>
        <line num="82" count="14" type="stmt"/>
        <line num="83" count="14" type="stmt"/>
        <line num="84" count="14" type="stmt"/>
        <line num="85" count="14" type="stmt"/>
        <line num="86" count="14" type="stmt"/>
        <line num="87" count="14" type="stmt"/>
        <line num="88" count="14" type="stmt"/>
        <line num="89" count="14" type="stmt"/>
        <line num="90" count="14" type="stmt"/>
        <line num="91" count="14" type="stmt"/>
        <line num="92" count="14" type="stmt"/>
        <line num="93" count="14" type="stmt"/>
        <line num="94" count="14" type="stmt"/>
        <line num="95" count="14" type="stmt"/>
        <line num="96" count="14" type="stmt"/>
        <line num="97" count="14" type="stmt"/>
        <line num="98" count="14" type="stmt"/>
        <line num="99" count="14" type="stmt"/>
        <line num="100" count="14" type="stmt"/>
        <line num="101" count="14" type="stmt"/>
        <line num="102" count="14" type="stmt"/>
        <line num="103" count="14" type="stmt"/>
        <line num="104" count="14" type="stmt"/>
        <line num="105" count="14" type="stmt"/>
        <line num="106" count="14" type="cond" truecount="1" falsecount="0"/>
        <line num="107" count="12" type="stmt"/>
        <line num="108" count="12" type="stmt"/>
        <line num="109" count="12" type="stmt"/>
        <line num="110" count="12" type="stmt"/>
        <line num="111" count="12" type="stmt"/>
        <line num="112" count="12" type="stmt"/>
        <line num="113" count="12" type="stmt"/>
        <line num="114" count="12" type="stmt"/>
        <line num="115" count="12" type="stmt"/>
        <line num="116" count="14" type="stmt"/>
        <line num="117" count="14" type="cond" truecount="1" falsecount="0"/>
        <line num="118" count="12" type="stmt"/>
        <line num="119" count="12" type="stmt"/>
        <line num="120" count="12" type="stmt"/>
        <line num="121" count="12" type="stmt"/>
        <line num="122" count="12" type="stmt"/>
        <line num="123" count="12" type="stmt"/>
        <line num="124" count="12" type="stmt"/>
        <line num="125" count="12" type="stmt"/>
        <line num="126" count="12" type="stmt"/>
        <line num="127" count="14" type="stmt"/>
        <line num="128" count="14" type="stmt"/>
        <line num="129" count="14" type="stmt"/>
        <line num="130" count="14" type="stmt"/>
        <line num="131" count="14" type="stmt"/>
        <line num="132" count="14" type="stmt"/>
        <line num="133" count="14" type="stmt"/>
        <line num="134" count="14" type="stmt"/>
        <line num="135" count="14" type="stmt"/>
        <line num="136" count="14" type="stmt"/>
        <line num="137" count="14" type="stmt"/>
        <line num="138" count="14" type="stmt"/>
        <line num="139" count="14" type="stmt"/>
        <line num="140" count="14" type="stmt"/>
        <line num="141" count="14" type="stmt"/>
        <line num="142" count="14" type="stmt"/>
        <line num="143" count="14" type="stmt"/>
        <line num="144" count="14" type="stmt"/>
        <line num="145" count="14" type="stmt"/>
        <line num="146" count="14" type="stmt"/>
        <line num="147" count="14" type="stmt"/>
        <line num="148" count="14" type="stmt"/>
        <line num="149" count="14" type="stmt"/>
        <line num="150" count="14" type="stmt"/>
        <line num="151" count="14" type="stmt"/>
        <line num="152" count="14" type="cond" truecount="1" falsecount="0"/>
        <line num="153" count="12" type="stmt"/>
        <line num="154" count="12" type="stmt"/>
        <line num="155" count="12" type="stmt"/>
        <line num="156" count="12" type="cond" truecount="0" falsecount="1"/>
        <line num="157" count="12" type="stmt"/>
        <line num="158" count="12" type="stmt"/>
        <line num="159" count="12" type="stmt"/>
        <line num="160" count="12" type="stmt"/>
        <line num="161" count="12" type="stmt"/>
        <line num="162" count="12" type="stmt"/>
        <line num="163" count="12" type="stmt"/>
        <line num="164" count="12" type="stmt"/>
        <line num="165" count="12" type="stmt"/>
        <line num="166" count="12" type="stmt"/>
        <line num="167" count="12" type="stmt"/>
        <line num="168" count="12" type="stmt"/>
        <line num="169" count="12" type="stmt"/>
        <line num="170" count="12" type="cond" truecount="0" falsecount="1"/>
        <line num="171" count="12" type="stmt"/>
        <line num="172" count="12" type="cond" truecount="0" falsecount="3"/>
        <line num="173" count="12" type="stmt"/>
        <line num="174" count="12" type="stmt"/>
        <line num="175" count="12" type="stmt"/>
        <line num="176" count="12" type="stmt"/>
        <line num="177" count="12" type="stmt"/>
        <line num="178" count="12" type="stmt"/>
        <line num="179" count="12" type="stmt"/>
        <line num="180" count="12" type="stmt"/>
        <line num="181" count="12" type="stmt"/>
        <line num="182" count="12" type="stmt"/>
        <line num="183" count="12" type="stmt"/>
        <line num="184" count="12" type="stmt"/>
        <line num="185" count="12" type="stmt"/>
        <line num="186" count="12" type="stmt"/>
        <line num="187" count="12" type="stmt"/>
        <line num="188" count="12" type="stmt"/>
        <line num="189" count="12" type="stmt"/>
        <line num="190" count="12" type="stmt"/>
        <line num="191" count="12" type="stmt"/>
        <line num="192" count="12" type="stmt"/>
        <line num="193" count="12" type="stmt"/>
        <line num="194" count="12" type="stmt"/>
        <line num="195" count="12" type="stmt"/>
        <line num="196" count="12" type="stmt"/>
        <line num="197" count="12" type="cond" truecount="0" falsecount="1"/>
        <line num="198" count="12" type="stmt"/>
        <line num="199" count="12" type="stmt"/>
        <line num="200" count="12" type="stmt"/>
        <line num="201" count="12" type="stmt"/>
        <line num="202" count="12" type="stmt"/>
        <line num="203" count="12" type="stmt"/>
        <line num="204" count="12" type="stmt"/>
        <line num="205" count="12" type="stmt"/>
        <line num="206" count="12" type="stmt"/>
        <line num="207" count="12" type="stmt"/>
        <line num="208" count="12" type="stmt"/>
        <line num="209" count="12" type="stmt"/>
        <line num="210" count="12" type="stmt"/>
        <line num="211" count="12" type="stmt"/>
        <line num="212" count="12" type="stmt"/>
        <line num="213" count="12" type="stmt"/>
        <line num="214" count="12" type="stmt"/>
        <line num="215" count="12" type="stmt"/>
        <line num="216" count="12" type="stmt"/>
        <line num="217" count="12" type="stmt"/>
        <line num="218" count="12" type="stmt"/>
        <line num="219" count="2" type="cond" truecount="1" falsecount="0"/>
        <line num="220" count="2" type="stmt"/>
        <line num="221" count="2" type="stmt"/>
        <line num="222" count="2" type="stmt"/>
        <line num="223" count="2" type="stmt"/>
        <line num="224" count="2" type="stmt"/>
        <line num="225" count="2" type="stmt"/>
        <line num="226" count="2" type="stmt"/>
        <line num="227" count="2" type="stmt"/>
        <line num="228" count="2" type="stmt"/>
        <line num="229" count="2" type="stmt"/>
        <line num="230" count="2" type="stmt"/>
        <line num="231" count="2" type="stmt"/>
        <line num="232" count="2" type="stmt"/>
        <line num="233" count="2" type="stmt"/>
        <line num="234" count="2" type="stmt"/>
        <line num="235" count="2" type="stmt"/>
        <line num="236" count="14" type="stmt"/>
        <line num="237" count="14" type="stmt"/>
        <line num="238" count="14" type="stmt"/>
        <line num="239" count="14" type="stmt"/>
        <line num="240" count="14" type="stmt"/>
        <line num="241" count="14" type="stmt"/>
        <line num="242" count="14" type="stmt"/>
        <line num="243" count="14" type="stmt"/>
        <line num="244" count="14" type="stmt"/>
        <line num="245" count="14" type="stmt"/>
        <line num="246" count="14" type="stmt"/>
        <line num="247" count="14" type="stmt"/>
        <line num="248" count="14" type="stmt"/>
        <line num="249" count="14" type="stmt"/>
        <line num="250" count="14" type="stmt"/>
        <line num="251" count="1" type="stmt"/>
        <line num="252" count="1" type="stmt"/>
      </file>
      <file name="ListsSharedWithMe.jsx" path="D:\FavoriteStocksWatcher\frontend\src\components\ListsSharedWithMe.jsx">
        <metrics statements="195" coveredstatements="187" conditionals="42" coveredconditionals="32" methods="3" coveredmethods="3"/>
        <line num="1" count="1" type="stmt"/>
        <line num="2" count="1" type="stmt"/>
        <line num="3" count="1" type="stmt"/>
        <line num="4" count="1" type="stmt"/>
        <line num="5" count="1" type="stmt"/>
        <line num="6" count="1" type="stmt"/>
        <line num="7" count="1" type="stmt"/>
        <line num="8" count="1" type="stmt"/>
        <line num="9" count="1" type="stmt"/>
        <line num="10" count="1" type="stmt"/>
        <line num="11" count="1" type="stmt"/>
        <line num="12" count="1" type="stmt"/>
        <line num="13" count="1" type="stmt"/>
        <line num="14" count="1" type="stmt"/>
        <line num="15" count="1" type="stmt"/>
        <line num="16" count="1" type="stmt"/>
        <line num="17" count="1" type="stmt"/>
        <line num="18" count="1" type="stmt"/>
        <line num="19" count="1" type="stmt"/>
        <line num="20" count="1" type="stmt"/>
        <line num="21" count="1" type="stmt"/>
        <line num="22" count="1" type="stmt"/>
        <line num="23" count="1" type="stmt"/>
        <line num="24" count="1" type="stmt"/>
        <line num="25" count="1" type="stmt"/>
        <line num="26" count="1" type="stmt"/>
        <line num="27" count="1" type="stmt"/>
        <line num="28" count="1" type="cond" truecount="1" falsecount="0"/>
        <line num="29" count="12" type="stmt"/>
        <line num="30" count="12" type="stmt"/>
        <line num="31" count="12" type="stmt"/>
        <line num="32" count="12" type="stmt"/>
        <line num="33" count="12" type="stmt"/>
        <line num="34" count="12" type="stmt"/>
        <line num="35" count="12" type="cond" truecount="1" falsecount="0"/>
        <line num="36" count="3" type="cond" truecount="0" falsecount="1"/>
        <line num="37" count="0" type="stmt"/>
        <line num="38" count="0" type="stmt"/>
        <line num="39" count="0" type="stmt"/>
        <line num="40" count="3" type="stmt"/>
        <line num="41" count="3" type="stmt"/>
        <line num="42" count="3" type="stmt"/>
        <line num="43" count="3" type="stmt"/>
        <line num="44" count="3" type="stmt"/>
        <line num="45" count="3" type="cond" truecount="1" falsecount="0"/>
        <line num="46" count="3" type="cond" truecount="0" falsecount="1"/>
        <line num="47" count="3" type="cond" truecount="0" falsecount="1"/>
        <line num="48" count="0" type="stmt"/>
        <line num="49" count="0" type="stmt"/>
        <line num="50" count="3" type="cond" truecount="1" falsecount="0"/>
        <line num="51" count="1" type="stmt"/>
        <line num="52" count="1" type="cond" truecount="0" falsecount="1"/>
        <line num="53" count="3" type="stmt"/>
        <line num="54" count="3" type="stmt"/>
        <line num="55" count="3" type="stmt"/>
        <line num="56" count="12" type="stmt"/>
        <line num="57" count="12" type="stmt"/>
        <line num="58" count="12" type="cond" truecount="1" falsecount="0"/>
        <line num="59" count="4" type="stmt"/>
        <line num="60" count="4" type="cond" truecount="1" falsecount="0"/>
        <line num="61" count="3" type="stmt"/>
        <line num="62" count="3" type="stmt"/>
        <line num="63" count="12" type="stmt"/>
        <line num="64" count="12" type="stmt"/>
        <line num="65" count="12" type="cond" truecount="0" falsecount="1"/>
        <line num="66" count="0" type="stmt"/>
        <line num="67" count="0" type="stmt"/>
        <line num="68" count="12" type="stmt"/>
        <line num="69" count="12" type="stmt"/>
        <line num="70" count="12" type="stmt"/>
        <line num="71" count="12" type="stmt"/>
        <line num="72" count="12" type="stmt"/>
        <line num="73" count="12" type="stmt"/>
        <line num="74" count="12" type="stmt"/>
        <line num="75" count="12" type="stmt"/>
        <line num="76" count="12" type="stmt"/>
        <line num="77" count="12" type="stmt"/>
        <line num="78" count="12" type="stmt"/>
        <line num="79" count="12" type="stmt"/>
        <line num="80" count="12" type="cond" truecount="0" falsecount="1"/>
        <line num="81" count="12" type="stmt"/>
        <line num="82" count="12" type="stmt"/>
        <line num="83" count="12" type="stmt"/>
        <line num="84" count="12" type="stmt"/>
        <line num="85" count="12" type="stmt"/>
        <line num="86" count="12" type="stmt"/>
        <line num="87" count="12" type="stmt"/>
        <line num="88" count="12" type="stmt"/>
        <line num="89" count="12" type="stmt"/>
        <line num="90" count="12" type="stmt"/>
        <line num="91" count="12" type="stmt"/>
        <line num="92" count="12" type="stmt"/>
        <line num="93" count="12" type="stmt"/>
        <line num="94" count="12" type="cond" truecount="1" falsecount="0"/>
        <line num="95" count="12" type="cond" truecount="1" falsecount="0"/>
        <line num="96" count="12" type="stmt"/>
        <line num="97" count="12" type="cond" truecount="3" falsecount="0"/>
        <line num="98" count="2" type="stmt"/>
        <line num="99" count="2" type="cond" truecount="1" falsecount="0"/>
        <line num="100" count="3" type="stmt"/>
        <line num="101" count="3" type="stmt"/>
        <line num="102" count="3" type="stmt"/>
        <line num="103" count="3" type="stmt"/>
        <line num="104" count="3" type="stmt"/>
        <line num="105" count="3" type="stmt"/>
        <line num="106" count="3" type="stmt"/>
        <line num="107" count="0" type="cond" truecount="0" falsecount="1"/>
        <line num="108" count="3" type="stmt"/>
        <line num="109" count="3" type="cond" truecount="0" falsecount="1"/>
        <line num="110" count="3" type="stmt"/>
        <line num="111" count="3" type="stmt"/>
        <line num="112" count="2" type="stmt"/>
        <line num="113" count="2" type="stmt"/>
        <line num="114" count="12" type="stmt"/>
        <line num="115" count="12" type="cond" truecount="4" falsecount="0"/>
        <line num="116" count="3" type="stmt"/>
        <line num="117" count="12" type="stmt"/>
        <line num="118" count="12" type="cond" truecount="2" falsecount="0"/>
        <line num="119" count="3" type="stmt"/>
        <line num="120" count="12" type="stmt"/>
        <line num="121" count="12" type="stmt"/>
        <line num="122" count="12" type="stmt"/>
        <line num="123" count="12" type="stmt"/>
        <line num="124" count="12" type="stmt"/>
        <line num="125" count="12" type="stmt"/>
        <line num="126" count="1" type="stmt"/>
        <line num="127" count="1" type="stmt"/>
        <line num="128" count="1" type="cond" truecount="1" falsecount="0"/>
        <line num="129" count="11" type="stmt"/>
        <line num="130" count="11" type="stmt"/>
        <line num="131" count="11" type="stmt"/>
        <line num="132" count="11" type="stmt"/>
        <line num="133" count="11" type="stmt"/>
        <line num="134" count="11" type="cond" truecount="1" falsecount="0"/>
        <line num="135" count="6" type="stmt"/>
        <line num="136" count="6" type="stmt"/>
        <line num="137" count="6" type="stmt"/>
        <line num="138" count="6" type="cond" truecount="1" falsecount="0"/>
        <line num="139" count="6" type="cond" truecount="0" falsecount="1"/>
        <line num="140" count="6" type="cond" truecount="1" falsecount="0"/>
        <line num="141" count="1" type="stmt"/>
        <line num="142" count="1" type="cond" truecount="0" falsecount="1"/>
        <line num="143" count="6" type="cond" truecount="1" falsecount="0"/>
        <line num="144" count="5" type="stmt"/>
        <line num="145" count="5" type="stmt"/>
        <line num="146" count="11" type="stmt"/>
        <line num="147" count="11" type="stmt"/>
        <line num="148" count="11" type="cond" truecount="1" falsecount="0"/>
        <line num="149" count="6" type="stmt"/>
        <line num="150" count="11" type="stmt"/>
        <line num="151" count="11" type="stmt"/>
        <line num="152" count="11" type="stmt"/>
        <line num="153" count="11" type="cond" truecount="1" falsecount="0"/>
        <line num="154" count="6" type="stmt"/>
        <line num="155" count="6" type="stmt"/>
        <line num="156" count="6" type="cond" truecount="1" falsecount="0"/>
        <line num="157" count="12" type="stmt"/>
        <line num="158" count="12" type="stmt"/>
        <line num="159" count="12" type="stmt"/>
        <line num="160" count="12" type="stmt"/>
        <line num="161" count="6" type="stmt"/>
        <line num="162" count="6" type="stmt"/>
        <line num="163" count="6" type="stmt"/>
        <line num="164" count="6" type="cond" truecount="1" falsecount="0"/>
        <line num="165" count="5" type="stmt"/>
        <line num="166" count="11" type="cond" truecount="1" falsecount="0"/>
        <line num="167" count="1" type="stmt"/>
        <line num="168" count="1" type="cond" truecount="1" falsecount="0"/>
        <line num="169" count="4" type="stmt"/>
        <line num="170" count="11" type="cond" truecount="1" falsecount="0"/>
        <line num="171" count="1" type="stmt"/>
        <line num="172" count="1" type="stmt"/>
        <line num="173" count="1" type="stmt"/>
        <line num="174" count="1" type="stmt"/>
        <line num="175" count="1" type="stmt"/>
        <line num="176" count="1" type="stmt"/>
        <line num="177" count="1" type="stmt"/>
        <line num="178" count="1" type="stmt"/>
        <line num="179" count="1" type="stmt"/>
        <line num="180" count="1" type="stmt"/>
        <line num="181" count="1" type="stmt"/>
        <line num="182" count="1" type="stmt"/>
        <line num="183" count="1" type="stmt"/>
        <line num="184" count="1" type="cond" truecount="1" falsecount="0"/>
        <line num="185" count="3" type="stmt"/>
        <line num="186" count="3" type="stmt"/>
        <line num="187" count="3" type="stmt"/>
        <line num="188" count="3" type="cond" truecount="1" falsecount="0"/>
        <line num="189" count="5" type="stmt"/>
        <line num="190" count="3" type="stmt"/>
        <line num="191" count="3" type="stmt"/>
        <line num="192" count="3" type="stmt"/>
        <line num="193" count="3" type="stmt"/>
        <line num="194" count="1" type="stmt"/>
        <line num="195" count="1" type="stmt"/>
      </file>
      <file name="MySharedInstances.jsx" path="D:\FavoriteStocksWatcher\frontend\src\components\MySharedInstances.jsx">
        <metrics statements="167" coveredstatements="167" conditionals="25" coveredconditionals="21" methods="5" coveredmethods="5"/>
        <line num="1" count="1" type="stmt"/>
        <line num="2" count="1" type="stmt"/>
        <line num="3" count="1" type="stmt"/>
        <line num="4" count="1" type="stmt"/>
        <line num="5" count="1" type="stmt"/>
        <line num="6" count="1" type="stmt"/>
        <line num="7" count="1" type="stmt"/>
        <line num="8" count="1" type="stmt"/>
        <line num="9" count="1" type="stmt"/>
        <line num="10" count="1" type="stmt"/>
        <line num="11" count="1" type="stmt"/>
        <line num="12" count="1" type="stmt"/>
        <line num="13" count="1" type="stmt"/>
        <line num="14" count="1" type="stmt"/>
        <line num="15" count="1" type="stmt"/>
        <line num="16" count="1" type="stmt"/>
        <line num="17" count="1" type="stmt"/>
        <line num="18" count="1" type="stmt"/>
        <line num="19" count="1" type="stmt"/>
        <line num="20" count="1" type="stmt"/>
        <line num="21" count="1" type="stmt"/>
        <line num="22" count="1" type="stmt"/>
        <line num="23" count="1" type="stmt"/>
        <line num="24" count="1" type="stmt"/>
        <line num="25" count="1" type="stmt"/>
        <line num="26" count="1" type="stmt"/>
        <line num="27" count="1" type="cond" truecount="1" falsecount="0"/>
        <line num="28" count="24" type="stmt"/>
        <line num="29" count="24" type="stmt"/>
        <line num="30" count="24" type="stmt"/>
        <line num="31" count="24" type="stmt"/>
        <line num="32" count="24" type="stmt"/>
        <line num="33" count="24" type="stmt"/>
        <line num="34" count="24" type="stmt"/>
        <line num="35" count="24" type="cond" truecount="1" falsecount="0"/>
        <line num="36" count="9" type="stmt"/>
        <line num="37" count="9" type="stmt"/>
        <line num="38" count="9" type="stmt"/>
        <line num="39" count="9" type="cond" truecount="1" falsecount="0"/>
        <line num="40" count="9" type="cond" truecount="0" falsecount="1"/>
        <line num="41" count="9" type="cond" truecount="1" falsecount="0"/>
        <line num="42" count="1" type="stmt"/>
        <line num="43" count="1" type="cond" truecount="0" falsecount="1"/>
        <line num="44" count="9" type="cond" truecount="1" falsecount="0"/>
        <line num="45" count="8" type="stmt"/>
        <line num="46" count="8" type="stmt"/>
        <line num="47" count="24" type="stmt"/>
        <line num="48" count="24" type="stmt"/>
        <line num="49" count="24" type="cond" truecount="1" falsecount="0"/>
        <line num="50" count="8" type="stmt"/>
        <line num="51" count="24" type="stmt"/>
        <line num="52" count="24" type="stmt"/>
        <line num="53" count="24" type="cond" truecount="1" falsecount="0"/>
        <line num="54" count="4" type="stmt"/>
        <line num="55" count="4" type="stmt"/>
        <line num="56" count="24" type="stmt"/>
        <line num="57" count="24" type="stmt"/>
        <line num="58" count="24" type="cond" truecount="1" falsecount="0"/>
        <line num="59" count="3" type="stmt"/>
        <line num="60" count="3" type="stmt"/>
        <line num="61" count="24" type="stmt"/>
        <line num="62" count="24" type="stmt"/>
        <line num="63" count="24" type="cond" truecount="1" falsecount="0"/>
        <line num="64" count="2" type="cond" truecount="0" falsecount="1"/>
        <line num="65" count="2" type="stmt"/>
        <line num="66" count="2" type="stmt"/>
        <line num="67" count="2" type="stmt"/>
        <line num="68" count="2" type="stmt"/>
        <line num="69" count="2" type="cond" truecount="1" falsecount="0"/>
        <line num="70" count="1" type="stmt"/>
        <line num="71" count="1" type="stmt"/>
        <line num="72" count="1" type="stmt"/>
        <line num="73" count="1" type="cond" truecount="0" falsecount="1"/>
        <line num="74" count="2" type="stmt"/>
        <line num="75" count="2" type="stmt"/>
        <line num="76" count="2" type="stmt"/>
        <line num="77" count="2" type="stmt"/>
        <line num="78" count="24" type="stmt"/>
        <line num="79" count="24" type="stmt"/>
        <line num="80" count="24" type="cond" truecount="1" falsecount="0"/>
        <line num="81" count="8" type="stmt"/>
        <line num="82" count="8" type="stmt"/>
        <line num="83" count="8" type="stmt"/>
        <line num="84" count="8" type="stmt"/>
        <line num="85" count="8" type="stmt"/>
        <line num="86" count="8" type="cond" truecount="1" falsecount="0"/>
        <line num="87" count="16" type="stmt"/>
        <line num="88" count="24" type="cond" truecount="1" falsecount="0"/>
        <line num="89" count="2" type="stmt"/>
        <line num="90" count="2" type="cond" truecount="1" falsecount="0"/>
        <line num="91" count="14" type="stmt"/>
        <line num="92" count="24" type="cond" truecount="1" falsecount="0"/>
        <line num="93" count="1" type="stmt"/>
        <line num="94" count="1" type="cond" truecount="1" falsecount="0"/>
        <line num="95" count="13" type="stmt"/>
        <line num="96" count="13" type="stmt"/>
        <line num="97" count="13" type="stmt"/>
        <line num="98" count="13" type="stmt"/>
        <line num="99" count="13" type="cond" truecount="1" falsecount="0"/>
        <line num="100" count="25" type="stmt"/>
        <line num="101" count="25" type="stmt"/>
        <line num="102" count="25" type="stmt"/>
        <line num="103" count="25" type="stmt"/>
        <line num="104" count="25" type="stmt"/>
        <line num="105" count="25" type="stmt"/>
        <line num="106" count="25" type="stmt"/>
        <line num="107" count="25" type="stmt"/>
        <line num="108" count="25" type="stmt"/>
        <line num="109" count="25" type="stmt"/>
        <line num="110" count="25" type="stmt"/>
        <line num="111" count="25" type="stmt"/>
        <line num="112" count="25" type="stmt"/>
        <line num="113" count="25" type="stmt"/>
        <line num="114" count="25" type="stmt"/>
        <line num="115" count="25" type="stmt"/>
        <line num="116" count="25" type="stmt"/>
        <line num="117" count="25" type="stmt"/>
        <line num="118" count="25" type="stmt"/>
        <line num="119" count="25" type="stmt"/>
        <line num="120" count="25" type="stmt"/>
        <line num="121" count="25" type="stmt"/>
        <line num="122" count="25" type="stmt"/>
        <line num="123" count="25" type="stmt"/>
        <line num="124" count="25" type="stmt"/>
        <line num="125" count="25" type="stmt"/>
        <line num="126" count="25" type="cond" truecount="1" falsecount="0"/>
        <line num="127" count="25" type="stmt"/>
        <line num="128" count="25" type="stmt"/>
        <line num="129" count="25" type="cond" truecount="2" falsecount="0"/>
        <line num="130" count="25" type="stmt"/>
        <line num="131" count="25" type="stmt"/>
        <line num="132" count="25" type="stmt"/>
        <line num="133" count="25" type="stmt"/>
        <line num="134" count="25" type="stmt"/>
        <line num="135" count="25" type="stmt"/>
        <line num="136" count="13" type="stmt"/>
        <line num="137" count="13" type="stmt"/>
        <line num="138" count="13" type="stmt"/>
        <line num="139" count="13" type="stmt"/>
        <line num="140" count="13" type="stmt"/>
        <line num="141" count="13" type="stmt"/>
        <line num="142" count="13" type="stmt"/>
        <line num="143" count="13" type="stmt"/>
        <line num="144" count="13" type="stmt"/>
        <line num="145" count="13" type="stmt"/>
        <line num="146" count="13" type="stmt"/>
        <line num="147" count="13" type="stmt"/>
        <line num="148" count="13" type="stmt"/>
        <line num="149" count="13" type="stmt"/>
        <line num="150" count="24" type="cond" truecount="1" falsecount="0"/>
        <line num="151" count="24" type="stmt"/>
        <line num="152" count="24" type="stmt"/>
        <line num="153" count="24" type="stmt"/>
        <line num="154" count="24" type="stmt"/>
        <line num="155" count="24" type="stmt"/>
        <line num="156" count="24" type="stmt"/>
        <line num="157" count="24" type="stmt"/>
        <line num="158" count="24" type="stmt"/>
        <line num="159" count="24" type="stmt"/>
        <line num="160" count="24" type="stmt"/>
        <line num="161" count="24" type="stmt"/>
        <line num="162" count="24" type="stmt"/>
        <line num="163" count="24" type="stmt"/>
        <line num="164" count="24" type="stmt"/>
        <line num="165" count="24" type="stmt"/>
        <line num="166" count="1" type="stmt"/>
        <line num="167" count="1" type="stmt"/>
      </file>
    </package>
    <package name="contexts">
      <metrics statements="77" coveredstatements="71" conditionals="29" coveredconditionals="21" methods="10" coveredmethods="9"/>
      <file name="AuthContext.jsx" path="D:\FavoriteStocksWatcher\frontend\src\contexts\AuthContext.jsx">
        <metrics statements="77" coveredstatements="71" conditionals="29" coveredconditionals="21" methods="10" coveredmethods="9"/>
        <line num="1" count="1" type="stmt"/>
        <line num="2" count="1" type="cond" truecount="6" falsecount="6"/>
        <line num="3" count="1" type="stmt"/>
        <line num="4" count="1" type="stmt"/>
        <line num="5" count="1" type="cond" truecount="1" falsecount="0"/>
        <line num="6" count="97" type="stmt"/>
        <line num="7" count="97" type="cond" truecount="1" falsecount="0"/>
        <line num="8" count="97" type="stmt"/>
        <line num="9" count="97" type="stmt"/>
        <line num="10" count="97" type="cond" truecount="1" falsecount="0"/>
        <line num="11" count="49" type="cond" truecount="1" falsecount="0"/>
        <line num="12" count="5" type="stmt"/>
        <line num="13" count="5" type="stmt"/>
        <line num="14" count="5" type="stmt"/>
        <line num="15" count="5" type="cond" truecount="1" falsecount="0"/>
        <line num="16" count="5" type="stmt"/>
        <line num="17" count="5" type="cond" truecount="1" falsecount="0"/>
        <line num="18" count="4" type="stmt"/>
        <line num="19" count="5" type="cond" truecount="1" falsecount="0"/>
        <line num="20" count="1" type="cond" truecount="0" falsecount="1"/>
        <line num="21" count="1" type="stmt"/>
        <line num="22" count="1" type="stmt"/>
        <line num="23" count="5" type="stmt"/>
        <line num="24" count="5" type="stmt"/>
        <line num="25" count="5" type="stmt"/>
        <line num="26" count="5" type="stmt"/>
        <line num="27" count="5" type="stmt"/>
        <line num="28" count="5" type="stmt"/>
        <line num="29" count="49" type="cond" truecount="1" falsecount="0"/>
        <line num="30" count="44" type="stmt"/>
        <line num="31" count="44" type="stmt"/>
        <line num="32" count="44" type="stmt"/>
        <line num="33" count="44" type="stmt"/>
        <line num="34" count="44" type="stmt"/>
        <line num="35" count="97" type="stmt"/>
        <line num="36" count="97" type="stmt"/>
        <line num="37" count="97" type="cond" truecount="1" falsecount="0"/>
        <line num="38" count="1" type="stmt"/>
        <line num="39" count="1" type="stmt"/>
        <line num="40" count="1" type="stmt"/>
        <line num="41" count="1" type="stmt"/>
        <line num="42" count="97" type="stmt"/>
        <line num="43" count="97" type="stmt"/>
        <line num="44" count="97" type="stmt"/>
        <line num="45" count="0" type="stmt"/>
        <line num="46" count="0" type="stmt"/>
        <line num="47" count="0" type="stmt"/>
        <line num="48" count="0" type="stmt"/>
        <line num="49" count="97" type="stmt"/>
        <line num="50" count="97" type="stmt"/>
        <line num="51" count="97" type="cond" truecount="1" falsecount="0"/>
        <line num="52" count="1" type="stmt"/>
        <line num="53" count="1" type="stmt"/>
        <line num="54" count="1" type="stmt"/>
        <line num="55" count="97" type="stmt"/>
        <line num="56" count="97" type="stmt"/>
        <line num="57" count="97" type="cond" truecount="1" falsecount="0"/>
        <line num="58" count="1" type="cond" truecount="1" falsecount="0"/>
        <line num="59" count="1" type="stmt"/>
        <line num="60" count="97" type="stmt"/>
        <line num="61" count="97" type="stmt"/>
        <line num="62" count="97" type="stmt"/>
        <line num="63" count="97" type="cond" truecount="2" falsecount="0"/>
        <line num="64" count="97" type="stmt"/>
        <line num="65" count="97" type="stmt"/>
        <line num="66" count="97" type="stmt"/>
        <line num="67" count="1" type="stmt"/>
        <line num="68" count="1" type="stmt"/>
        <line num="69" count="1" type="cond" truecount="1" falsecount="0"/>
        <line num="70" count="9" type="stmt"/>
        <line num="71" count="9" type="cond" truecount="0" falsecount="1"/>
        <line num="72" count="0" type="stmt"/>
        <line num="73" count="0" type="stmt"/>
        <line num="74" count="9" type="stmt"/>
        <line num="75" count="9" type="stmt"/>
        <line num="76" count="1" type="stmt"/>
        <line num="77" count="1" type="stmt"/>
      </file>
    </package>
    <package name="pages">
      <metrics statements="588" coveredstatements="580" conditionals="69" coveredconditionals="59" methods="16" coveredmethods="14"/>
      <file name="DashboardPage.jsx" path="D:\FavoriteStocksWatcher\frontend\src\pages\DashboardPage.jsx">
        <metrics statements="204" coveredstatements="196" conditionals="41" coveredconditionals="33" methods="7" coveredmethods="5"/>
        <line num="1" count="1" type="stmt"/>
        <line num="2" count="1" type="stmt"/>
        <line num="3" count="1" type="stmt"/>
        <line num="4" count="1" type="stmt"/>
        <line num="5" count="1" type="stmt"/>
        <line num="6" count="1" type="stmt"/>
        <line num="7" count="1" type="stmt"/>
        <line num="8" count="1" type="stmt"/>
        <line num="9" count="1" type="stmt"/>
        <line num="10" count="1" type="stmt"/>
        <line num="11" count="1" type="stmt"/>
        <line num="12" count="1" type="stmt"/>
        <line num="13" count="1" type="stmt"/>
        <line num="14" count="1" type="stmt"/>
        <line num="15" count="1" type="stmt"/>
        <line num="16" count="1" type="stmt"/>
        <line num="17" count="1" type="stmt"/>
        <line num="18" count="1" type="stmt"/>
        <line num="19" count="1" type="stmt"/>
        <line num="20" count="1" type="cond" truecount="1" falsecount="0"/>
        <line num="21" count="73" type="stmt"/>
        <line num="22" count="73" type="stmt"/>
        <line num="23" count="73" type="stmt"/>
        <line num="24" count="73" type="stmt"/>
        <line num="25" count="73" type="stmt"/>
        <line num="26" count="73" type="stmt"/>
        <line num="27" count="73" type="stmt"/>
        <line num="28" count="73" type="stmt"/>
        <line num="29" count="73" type="stmt"/>
        <line num="30" count="73" type="stmt"/>
        <line num="31" count="73" type="stmt"/>
        <line num="32" count="73" type="stmt"/>
        <line num="33" count="73" type="cond" truecount="1" falsecount="0"/>
        <line num="34" count="12" type="cond" truecount="0" falsecount="1"/>
        <line num="35" count="12" type="stmt"/>
        <line num="36" count="12" type="stmt"/>
        <line num="37" count="12" type="stmt"/>
        <line num="38" count="12" type="stmt"/>
        <line num="39" count="12" type="cond" truecount="1" falsecount="0"/>
        <line num="40" count="12" type="cond" truecount="0" falsecount="1"/>
        <line num="41" count="12" type="cond" truecount="1" falsecount="0"/>
        <line num="42" count="12" type="cond" truecount="1" falsecount="0"/>
        <line num="43" count="1" type="stmt"/>
        <line num="44" count="1" type="cond" truecount="0" falsecount="1"/>
        <line num="45" count="12" type="stmt"/>
        <line num="46" count="12" type="stmt"/>
        <line num="47" count="12" type="stmt"/>
        <line num="48" count="73" type="stmt"/>
        <line num="49" count="73" type="stmt"/>
        <line num="50" count="73" type="cond" truecount="1" falsecount="0"/>
        <line num="51" count="11" type="stmt"/>
        <line num="52" count="11" type="stmt"/>
        <line num="53" count="11" type="stmt"/>
        <line num="54" count="73" type="stmt"/>
        <line num="55" count="73" type="stmt"/>
        <line num="56" count="73" type="stmt"/>
        <line num="57" count="0" type="stmt"/>
        <line num="58" count="73" type="stmt"/>
        <line num="59" count="73" type="stmt"/>
        <line num="60" count="73" type="cond" truecount="1" falsecount="0"/>
        <line num="61" count="1" type="stmt"/>
        <line num="62" count="1" type="stmt"/>
        <line num="63" count="1" type="stmt"/>
        <line num="64" count="1" type="cond" truecount="0" falsecount="1"/>
        <line num="65" count="0" type="stmt"/>
        <line num="66" count="0" type="stmt"/>
        <line num="67" count="0" type="stmt"/>
        <line num="68" count="73" type="stmt"/>
        <line num="69" count="73" type="stmt"/>
        <line num="70" count="73" type="stmt"/>
        <line num="71" count="0" type="stmt"/>
        <line num="72" count="73" type="stmt"/>
        <line num="73" count="73" type="stmt"/>
        <line num="74" count="73" type="cond" truecount="1" falsecount="0"/>
        <line num="75" count="4" type="stmt"/>
        <line num="76" count="4" type="stmt"/>
        <line num="77" count="4" type="stmt"/>
        <line num="78" count="4" type="stmt"/>
        <line num="79" count="73" type="stmt"/>
        <line num="80" count="73" type="stmt"/>
        <line num="81" count="73" type="stmt"/>
        <line num="82" count="0" type="stmt"/>
        <line num="83" count="73" type="stmt"/>
        <line num="84" count="73" type="stmt"/>
        <line num="85" count="73" type="cond" truecount="1" falsecount="0"/>
        <line num="86" count="3" type="cond" truecount="1" falsecount="0"/>
        <line num="87" count="1" type="stmt"/>
        <line num="88" count="1" type="stmt"/>
        <line num="89" count="1" type="cond" truecount="1" falsecount="0"/>
        <line num="90" count="2" type="stmt"/>
        <line num="91" count="2" type="stmt"/>
        <line num="92" count="2" type="stmt"/>
        <line num="93" count="2" type="stmt"/>
        <line num="94" count="2" type="cond" truecount="1" falsecount="0"/>
        <line num="95" count="3" type="cond" truecount="0" falsecount="1"/>
        <line num="96" count="3" type="stmt"/>
        <line num="97" count="0" type="stmt"/>
        <line num="98" count="3" type="stmt"/>
        <line num="99" count="3" type="cond" truecount="1" falsecount="0"/>
        <line num="100" count="1" type="stmt"/>
        <line num="101" count="1" type="cond" truecount="0" falsecount="1"/>
        <line num="102" count="3" type="cond" truecount="1" falsecount="0"/>
        <line num="103" count="2" type="stmt"/>
        <line num="104" count="2" type="stmt"/>
        <line num="105" count="73" type="stmt"/>
        <line num="106" count="73" type="stmt"/>
        <line num="107" count="73" type="stmt"/>
        <line num="108" count="73" type="stmt"/>
        <line num="109" count="73" type="stmt"/>
        <line num="110" count="73" type="stmt"/>
        <line num="111" count="73" type="stmt"/>
        <line num="112" count="73" type="stmt"/>
        <line num="113" count="73" type="stmt"/>
        <line num="114" count="73" type="stmt"/>
        <line num="115" count="73" type="stmt"/>
        <line num="116" count="73" type="stmt"/>
        <line num="117" count="73" type="stmt"/>
        <line num="118" count="73" type="cond" truecount="2" falsecount="0"/>
        <line num="119" count="47" type="stmt"/>
        <line num="120" count="47" type="stmt"/>
        <line num="121" count="47" type="stmt"/>
        <line num="122" count="47" type="stmt"/>
        <line num="123" count="47" type="stmt"/>
        <line num="124" count="47" type="stmt"/>
        <line num="125" count="47" type="stmt"/>
        <line num="126" count="47" type="stmt"/>
        <line num="127" count="73" type="stmt"/>
        <line num="128" count="73" type="stmt"/>
        <line num="129" count="73" type="stmt"/>
        <line num="130" count="73" type="stmt"/>
        <line num="131" count="73" type="stmt"/>
        <line num="132" count="73" type="stmt"/>
        <line num="133" count="73" type="cond" truecount="1" falsecount="0"/>
        <line num="134" count="73" type="cond" truecount="1" falsecount="0"/>
        <line num="135" count="73" type="stmt"/>
        <line num="136" count="73" type="stmt"/>
        <line num="137" count="73" type="stmt"/>
        <line num="138" count="73" type="stmt"/>
        <line num="139" count="73" type="stmt"/>
        <line num="140" count="73" type="stmt"/>
        <line num="141" count="73" type="stmt"/>
        <line num="142" count="73" type="stmt"/>
        <line num="143" count="73" type="cond" truecount="1" falsecount="0"/>
        <line num="144" count="73" type="stmt"/>
        <line num="145" count="73" type="stmt"/>
        <line num="146" count="73" type="stmt"/>
        <line num="147" count="73" type="stmt"/>
        <line num="148" count="73" type="stmt"/>
        <line num="149" count="73" type="stmt"/>
        <line num="150" count="73" type="cond" truecount="2" falsecount="0"/>
        <line num="151" count="73" type="stmt"/>
        <line num="152" count="73" type="stmt"/>
        <line num="153" count="73" type="stmt"/>
        <line num="154" count="73" type="stmt"/>
        <line num="155" count="73" type="stmt"/>
        <line num="156" count="73" type="stmt"/>
        <line num="157" count="73" type="stmt"/>
        <line num="158" count="73" type="stmt"/>
        <line num="159" count="73" type="stmt"/>
        <line num="160" count="73" type="stmt"/>
        <line num="161" count="73" type="stmt"/>
        <line num="162" count="73" type="cond" truecount="3" falsecount="0"/>
        <line num="163" count="1" type="stmt"/>
        <line num="164" count="1" type="stmt"/>
        <line num="165" count="1" type="stmt"/>
        <line num="166" count="73" type="stmt"/>
        <line num="167" count="73" type="stmt"/>
        <line num="168" count="73" type="cond" truecount="2" falsecount="1"/>
        <line num="169" count="0" type="stmt"/>
        <line num="170" count="73" type="stmt"/>
        <line num="171" count="73" type="stmt"/>
        <line num="172" count="73" type="cond" truecount="3" falsecount="0"/>
        <line num="173" count="11" type="stmt"/>
        <line num="174" count="11" type="stmt"/>
        <line num="175" count="11" type="stmt"/>
        <line num="176" count="11" type="stmt"/>
        <line num="177" count="73" type="stmt"/>
        <line num="178" count="73" type="stmt"/>
        <line num="179" count="73" type="cond" truecount="3" falsecount="0"/>
        <line num="180" count="14" type="stmt"/>
        <line num="181" count="14" type="stmt"/>
        <line num="182" count="14" type="stmt"/>
        <line num="183" count="14" type="stmt"/>
        <line num="184" count="14" type="stmt"/>
        <line num="185" count="14" type="stmt"/>
        <line num="186" count="14" type="stmt"/>
        <line num="187" count="14" type="stmt"/>
        <line num="188" count="73" type="stmt"/>
        <line num="189" count="73" type="stmt"/>
        <line num="190" count="73" type="cond" truecount="1" falsecount="0"/>
        <line num="191" count="47" type="stmt"/>
        <line num="192" count="47" type="stmt"/>
        <line num="193" count="47" type="cond" truecount="0" falsecount="1"/>
        <line num="194" count="47" type="stmt"/>
        <line num="195" count="47" type="stmt"/>
        <line num="196" count="47" type="stmt"/>
        <line num="197" count="73" type="stmt"/>
        <line num="198" count="73" type="stmt"/>
        <line num="199" count="73" type="stmt"/>
        <line num="200" count="73" type="stmt"/>
        <line num="201" count="73" type="stmt"/>
        <line num="202" count="73" type="stmt"/>
        <line num="203" count="1" type="stmt"/>
        <line num="204" count="1" type="stmt"/>
      </file>
      <file name="LoginPage.jsx" path="D:\FavoriteStocksWatcher\frontend\src\pages\LoginPage.jsx">
        <metrics statements="133" coveredstatements="133" conditionals="12" coveredconditionals="11" methods="3" coveredmethods="3"/>
        <line num="1" count="1" type="stmt"/>
        <line num="2" count="1" type="stmt"/>
        <line num="3" count="1" type="stmt"/>
        <line num="4" count="1" type="stmt"/>
        <line num="5" count="1" type="stmt"/>
        <line num="6" count="1" type="stmt"/>
        <line num="7" count="1" type="stmt"/>
        <line num="8" count="1" type="stmt"/>
        <line num="9" count="1" type="stmt"/>
        <line num="10" count="1" type="stmt"/>
        <line num="11" count="1" type="stmt"/>
        <line num="12" count="1" type="stmt"/>
        <line num="13" count="1" type="stmt"/>
        <line num="14" count="1" type="stmt"/>
        <line num="15" count="1" type="stmt"/>
        <line num="16" count="1" type="stmt"/>
        <line num="17" count="1" type="stmt"/>
        <line num="18" count="1" type="stmt"/>
        <line num="19" count="1" type="stmt"/>
        <line num="20" count="1" type="stmt"/>
        <line num="21" count="1" type="stmt"/>
        <line num="22" count="1" type="cond" truecount="1" falsecount="0"/>
        <line num="23" count="94" type="stmt"/>
        <line num="24" count="94" type="stmt"/>
        <line num="25" count="94" type="stmt"/>
        <line num="26" count="94" type="stmt"/>
        <line num="27" count="94" type="stmt"/>
        <line num="28" count="94" type="stmt"/>
        <line num="29" count="94" type="stmt"/>
        <line num="30" count="94" type="stmt"/>
        <line num="31" count="94" type="stmt"/>
        <line num="32" count="94" type="cond" truecount="1" falsecount="0"/>
        <line num="33" count="84" type="stmt"/>
        <line num="34" count="94" type="stmt"/>
        <line num="35" count="94" type="stmt"/>
        <line num="36" count="94" type="cond" truecount="1" falsecount="0"/>
        <line num="37" count="3" type="stmt"/>
        <line num="38" count="3" type="stmt"/>
        <line num="39" count="3" type="stmt"/>
        <line num="40" count="3" type="stmt"/>
        <line num="41" count="3" type="cond" truecount="2" falsecount="0"/>
        <line num="42" count="1" type="stmt"/>
        <line num="43" count="1" type="stmt"/>
        <line num="44" count="1" type="stmt"/>
        <line num="45" count="1" type="cond" truecount="1" falsecount="0"/>
        <line num="46" count="2" type="stmt"/>
        <line num="47" count="2" type="stmt"/>
        <line num="48" count="2" type="stmt"/>
        <line num="49" count="2" type="stmt"/>
        <line num="50" count="2" type="stmt"/>
        <line num="51" count="2" type="cond" truecount="1" falsecount="0"/>
        <line num="52" count="1" type="stmt"/>
        <line num="53" count="1" type="stmt"/>
        <line num="54" count="1" type="stmt"/>
        <line num="55" count="1" type="stmt"/>
        <line num="56" count="1" type="cond" truecount="0" falsecount="1"/>
        <line num="57" count="3" type="cond" truecount="1" falsecount="0"/>
        <line num="58" count="2" type="stmt"/>
        <line num="59" count="2" type="stmt"/>
        <line num="60" count="94" type="stmt"/>
        <line num="61" count="94" type="stmt"/>
        <line num="62" count="94" type="stmt"/>
        <line num="63" count="94" type="stmt"/>
        <line num="64" count="94" type="stmt"/>
        <line num="65" count="94" type="stmt"/>
        <line num="66" count="94" type="stmt"/>
        <line num="67" count="94" type="stmt"/>
        <line num="68" count="94" type="stmt"/>
        <line num="69" count="94" type="stmt"/>
        <line num="70" count="94" type="stmt"/>
        <line num="71" count="94" type="stmt"/>
        <line num="72" count="94" type="stmt"/>
        <line num="73" count="94" type="stmt"/>
        <line num="74" count="94" type="stmt"/>
        <line num="75" count="94" type="stmt"/>
        <line num="76" count="94" type="stmt"/>
        <line num="77" count="94" type="stmt"/>
        <line num="78" count="94" type="stmt"/>
        <line num="79" count="94" type="stmt"/>
        <line num="80" count="94" type="cond" truecount="1" falsecount="0"/>
        <line num="81" count="2" type="stmt"/>
        <line num="82" count="2" type="stmt"/>
        <line num="83" count="2" type="stmt"/>
        <line num="84" count="94" type="stmt"/>
        <line num="85" count="94" type="stmt"/>
        <line num="86" count="94" type="stmt"/>
        <line num="87" count="94" type="stmt"/>
        <line num="88" count="94" type="stmt"/>
        <line num="89" count="94" type="stmt"/>
        <line num="90" count="94" type="stmt"/>
        <line num="91" count="94" type="stmt"/>
        <line num="92" count="94" type="stmt"/>
        <line num="93" count="94" type="stmt"/>
        <line num="94" count="94" type="stmt"/>
        <line num="95" count="94" type="stmt"/>
        <line num="96" count="94" type="stmt"/>
        <line num="97" count="94" type="stmt"/>
        <line num="98" count="94" type="stmt"/>
        <line num="99" count="94" type="stmt"/>
        <line num="100" count="94" type="stmt"/>
        <line num="101" count="94" type="stmt"/>
        <line num="102" count="94" type="stmt"/>
        <line num="103" count="94" type="stmt"/>
        <line num="104" count="94" type="stmt"/>
        <line num="105" count="94" type="stmt"/>
        <line num="106" count="94" type="stmt"/>
        <line num="107" count="94" type="stmt"/>
        <line num="108" count="94" type="stmt"/>
        <line num="109" count="94" type="stmt"/>
        <line num="110" count="94" type="stmt"/>
        <line num="111" count="94" type="stmt"/>
        <line num="112" count="94" type="stmt"/>
        <line num="113" count="94" type="stmt"/>
        <line num="114" count="94" type="stmt"/>
        <line num="115" count="94" type="stmt"/>
        <line num="116" count="94" type="stmt"/>
        <line num="117" count="94" type="stmt"/>
        <line num="118" count="94" type="stmt"/>
        <line num="119" count="94" type="cond" truecount="2" falsecount="0"/>
        <line num="120" count="94" type="stmt"/>
        <line num="121" count="94" type="stmt"/>
        <line num="122" count="94" type="stmt"/>
        <line num="123" count="94" type="stmt"/>
        <line num="124" count="94" type="stmt"/>
        <line num="125" count="94" type="stmt"/>
        <line num="126" count="94" type="stmt"/>
        <line num="127" count="94" type="stmt"/>
        <line num="128" count="94" type="stmt"/>
        <line num="129" count="94" type="stmt"/>
        <line num="130" count="94" type="stmt"/>
        <line num="131" count="94" type="stmt"/>
        <line num="132" count="1" type="stmt"/>
        <line num="133" count="1" type="stmt"/>
      </file>
      <file name="NotFoundPage.jsx" path="D:\FavoriteStocksWatcher\frontend\src\pages\NotFoundPage.jsx">
        <metrics statements="31" coveredstatements="31" conditionals="1" coveredconditionals="1" methods="1" coveredmethods="1"/>
        <line num="1" count="1" type="stmt"/>
        <line num="2" count="1" type="stmt"/>
        <line num="3" count="1" type="stmt"/>
        <line num="4" count="1" type="stmt"/>
        <line num="5" count="1" type="cond" truecount="1" falsecount="0"/>
        <line num="6" count="1" type="stmt"/>
        <line num="7" count="1" type="stmt"/>
        <line num="8" count="1" type="stmt"/>
        <line num="9" count="1" type="stmt"/>
        <line num="10" count="1" type="stmt"/>
        <line num="11" count="1" type="stmt"/>
        <line num="12" count="1" type="stmt"/>
        <line num="13" count="1" type="stmt"/>
        <line num="14" count="1" type="stmt"/>
        <line num="15" count="1" type="stmt"/>
        <line num="16" count="1" type="stmt"/>
        <line num="17" count="1" type="stmt"/>
        <line num="18" count="1" type="stmt"/>
        <line num="19" count="1" type="stmt"/>
        <line num="20" count="1" type="stmt"/>
        <line num="21" count="1" type="stmt"/>
        <line num="22" count="1" type="stmt"/>
        <line num="23" count="1" type="stmt"/>
        <line num="24" count="1" type="stmt"/>
        <line num="25" count="1" type="stmt"/>
        <line num="26" count="1" type="stmt"/>
        <line num="27" count="1" type="stmt"/>
        <line num="28" count="1" type="stmt"/>
        <line num="29" count="1" type="stmt"/>
        <line num="30" count="1" type="stmt"/>
        <line num="31" count="1" type="stmt"/>
      </file>
      <file name="RegisterPage.jsx" path="D:\FavoriteStocksWatcher\frontend\src\pages\RegisterPage.jsx">
        <metrics statements="156" coveredstatements="156" conditionals="11" coveredconditionals="10" methods="3" coveredmethods="3"/>
        <line num="1" count="1" type="stmt"/>
        <line num="2" count="1" type="stmt"/>
        <line num="3" count="1" type="stmt"/>
        <line num="4" count="1" type="stmt"/>
        <line num="5" count="1" type="stmt"/>
        <line num="6" count="1" type="stmt"/>
        <line num="7" count="1" type="stmt"/>
        <line num="8" count="1" type="stmt"/>
        <line num="9" count="1" type="stmt"/>
        <line num="10" count="1" type="stmt"/>
        <line num="11" count="1" type="stmt"/>
        <line num="12" count="1" type="stmt"/>
        <line num="13" count="1" type="stmt"/>
        <line num="14" count="1" type="stmt"/>
        <line num="15" count="1" type="stmt"/>
        <line num="16" count="1" type="stmt"/>
        <line num="17" count="1" type="stmt"/>
        <line num="18" count="1" type="stmt"/>
        <line num="19" count="1" type="stmt"/>
        <line num="20" count="1" type="stmt"/>
        <line num="21" count="1" type="stmt"/>
        <line num="22" count="1" type="cond" truecount="1" falsecount="0"/>
        <line num="23" count="245" type="stmt"/>
        <line num="24" count="245" type="stmt"/>
        <line num="25" count="245" type="stmt"/>
        <line num="26" count="245" type="stmt"/>
        <line num="27" count="245" type="stmt"/>
        <line num="28" count="245" type="stmt"/>
        <line num="29" count="245" type="stmt"/>
        <line num="30" count="245" type="stmt"/>
        <line num="31" count="245" type="stmt"/>
        <line num="32" count="245" type="stmt"/>
        <line num="33" count="245" type="stmt"/>
        <line num="34" count="245" type="cond" truecount="1" falsecount="0"/>
        <line num="35" count="233" type="stmt"/>
        <line num="36" count="245" type="stmt"/>
        <line num="37" count="245" type="stmt"/>
        <line num="38" count="245" type="cond" truecount="1" falsecount="0"/>
        <line num="39" count="4" type="stmt"/>
        <line num="40" count="4" type="stmt"/>
        <line num="41" count="4" type="stmt"/>
        <line num="42" count="4" type="stmt"/>
        <line num="43" count="4" type="cond" truecount="1" falsecount="0"/>
        <line num="44" count="1" type="stmt"/>
        <line num="45" count="1" type="stmt"/>
        <line num="46" count="1" type="stmt"/>
        <line num="47" count="1" type="cond" truecount="1" falsecount="0"/>
        <line num="48" count="3" type="stmt"/>
        <line num="49" count="3" type="stmt"/>
        <line num="50" count="3" type="cond" truecount="1" falsecount="0"/>
        <line num="51" count="1" type="stmt"/>
        <line num="52" count="1" type="stmt"/>
        <line num="53" count="1" type="stmt"/>
        <line num="54" count="1" type="stmt"/>
        <line num="55" count="1" type="cond" truecount="0" falsecount="1"/>
        <line num="56" count="4" type="cond" truecount="1" falsecount="0"/>
        <line num="57" count="2" type="stmt"/>
        <line num="58" count="2" type="stmt"/>
        <line num="59" count="245" type="stmt"/>
        <line num="60" count="245" type="stmt"/>
        <line num="61" count="245" type="stmt"/>
        <line num="62" count="245" type="stmt"/>
        <line num="63" count="245" type="stmt"/>
        <line num="64" count="245" type="stmt"/>
        <line num="65" count="245" type="stmt"/>
        <line num="66" count="245" type="stmt"/>
        <line num="67" count="245" type="stmt"/>
        <line num="68" count="245" type="stmt"/>
        <line num="69" count="245" type="stmt"/>
        <line num="70" count="245" type="stmt"/>
        <line num="71" count="245" type="stmt"/>
        <line num="72" count="245" type="stmt"/>
        <line num="73" count="245" type="stmt"/>
        <line num="74" count="245" type="stmt"/>
        <line num="75" count="245" type="stmt"/>
        <line num="76" count="245" type="stmt"/>
        <line num="77" count="245" type="stmt"/>
        <line num="78" count="245" type="stmt"/>
        <line num="79" count="245" type="cond" truecount="1" falsecount="0"/>
        <line num="80" count="2" type="stmt"/>
        <line num="81" count="2" type="stmt"/>
        <line num="82" count="2" type="stmt"/>
        <line num="83" count="245" type="stmt"/>
        <line num="84" count="245" type="stmt"/>
        <line num="85" count="245" type="stmt"/>
        <line num="86" count="245" type="stmt"/>
        <line num="87" count="245" type="stmt"/>
        <line num="88" count="245" type="stmt"/>
        <line num="89" count="245" type="stmt"/>
        <line num="90" count="245" type="stmt"/>
        <line num="91" count="245" type="stmt"/>
        <line num="92" count="245" type="stmt"/>
        <line num="93" count="245" type="stmt"/>
        <line num="94" count="245" type="stmt"/>
        <line num="95" count="245" type="stmt"/>
        <line num="96" count="245" type="stmt"/>
        <line num="97" count="245" type="stmt"/>
        <line num="98" count="245" type="stmt"/>
        <line num="99" count="245" type="stmt"/>
        <line num="100" count="245" type="stmt"/>
        <line num="101" count="245" type="stmt"/>
        <line num="102" count="245" type="stmt"/>
        <line num="103" count="245" type="stmt"/>
        <line num="104" count="245" type="stmt"/>
        <line num="105" count="245" type="stmt"/>
        <line num="106" count="245" type="stmt"/>
        <line num="107" count="245" type="stmt"/>
        <line num="108" count="245" type="stmt"/>
        <line num="109" count="245" type="stmt"/>
        <line num="110" count="245" type="stmt"/>
        <line num="111" count="245" type="stmt"/>
        <line num="112" count="245" type="stmt"/>
        <line num="113" count="245" type="stmt"/>
        <line num="114" count="245" type="stmt"/>
        <line num="115" count="245" type="stmt"/>
        <line num="116" count="245" type="stmt"/>
        <line num="117" count="245" type="stmt"/>
        <line num="118" count="245" type="stmt"/>
        <line num="119" count="245" type="stmt"/>
        <line num="120" count="245" type="stmt"/>
        <line num="121" count="245" type="stmt"/>
        <line num="122" count="245" type="stmt"/>
        <line num="123" count="245" type="stmt"/>
        <line num="124" count="245" type="stmt"/>
        <line num="125" count="245" type="stmt"/>
        <line num="126" count="245" type="stmt"/>
        <line num="127" count="245" type="stmt"/>
        <line num="128" count="245" type="stmt"/>
        <line num="129" count="245" type="stmt"/>
        <line num="130" count="245" type="stmt"/>
        <line num="131" count="245" type="stmt"/>
        <line num="132" count="245" type="stmt"/>
        <line num="133" count="245" type="stmt"/>
        <line num="134" count="245" type="stmt"/>
        <line num="135" count="245" type="stmt"/>
        <line num="136" count="245" type="stmt"/>
        <line num="137" count="245" type="stmt"/>
        <line num="138" count="245" type="stmt"/>
        <line num="139" count="245" type="stmt"/>
        <line num="140" count="245" type="stmt"/>
        <line num="141" count="245" type="stmt"/>
        <line num="142" count="245" type="cond" truecount="2" falsecount="0"/>
        <line num="143" count="245" type="stmt"/>
        <line num="144" count="245" type="stmt"/>
        <line num="145" count="245" type="stmt"/>
        <line num="146" count="245" type="stmt"/>
        <line num="147" count="245" type="stmt"/>
        <line num="148" count="245" type="stmt"/>
        <line num="149" count="245" type="stmt"/>
        <line num="150" count="245" type="stmt"/>
        <line num="151" count="245" type="stmt"/>
        <line num="152" count="245" type="stmt"/>
        <line num="153" count="245" type="stmt"/>
        <line num="154" count="245" type="stmt"/>
        <line num="155" count="1" type="stmt"/>
        <line num="156" count="1" type="stmt"/>
      </file>
      <file name="SharedListsPage.jsx" path="D:\FavoriteStocksWatcher\frontend\src\pages\SharedListsPage.jsx">
        <metrics statements="64" coveredstatements="64" conditionals="4" coveredconditionals="4" methods="2" coveredmethods="2"/>
        <line num="1" count="1" type="stmt"/>
        <line num="2" count="1" type="stmt"/>
        <line num="3" count="1" type="stmt"/>
        <line num="4" count="1" type="stmt"/>
        <line num="5" count="1" type="stmt"/>
        <line num="6" count="1" type="stmt"/>
        <line num="7" count="1" type="cond" truecount="1" falsecount="0"/>
        <line num="8" count="7" type="stmt"/>
        <line num="9" count="7" type="stmt"/>
        <line num="10" count="7" type="stmt"/>
        <line num="11" count="7" type="cond" truecount="1" falsecount="0"/>
        <line num="12" count="3" type="stmt"/>
        <line num="13" count="7" type="stmt"/>
        <line num="14" count="7" type="stmt"/>
        <line num="15" count="7" type="stmt"/>
        <line num="16" count="7" type="stmt"/>
        <line num="17" count="7" type="stmt"/>
        <line num="18" count="7" type="stmt"/>
        <line num="19" count="7" type="stmt"/>
        <line num="20" count="7" type="stmt"/>
        <line num="21" count="7" type="stmt"/>
        <line num="22" count="7" type="stmt"/>
        <line num="23" count="7" type="stmt"/>
        <line num="24" count="7" type="stmt"/>
        <line num="25" count="7" type="stmt"/>
        <line num="26" count="7" type="stmt"/>
        <line num="27" count="7" type="stmt"/>
        <line num="28" count="7" type="stmt"/>
        <line num="29" count="7" type="stmt"/>
        <line num="30" count="7" type="stmt"/>
        <line num="31" count="7" type="stmt"/>
        <line num="32" count="7" type="stmt"/>
        <line num="33" count="7" type="stmt"/>
        <line num="34" count="7" type="stmt"/>
        <line num="35" count="7" type="stmt"/>
        <line num="36" count="7" type="stmt"/>
        <line num="37" count="7" type="stmt"/>
        <line num="38" count="7" type="stmt"/>
        <line num="39" count="7" type="stmt"/>
        <line num="40" count="7" type="stmt"/>
        <line num="41" count="7" type="stmt"/>
        <line num="42" count="7" type="stmt"/>
        <line num="43" count="7" type="stmt"/>
        <line num="44" count="7" type="cond" truecount="1" falsecount="0"/>
        <line num="45" count="5" type="stmt"/>
        <line num="46" count="7" type="stmt"/>
        <line num="47" count="7" type="stmt"/>
        <line num="48" count="7" type="stmt"/>
        <line num="49" count="7" type="stmt"/>
        <line num="50" count="7" type="stmt"/>
        <line num="51" count="7" type="stmt"/>
        <line num="52" count="7" type="stmt"/>
        <line num="53" count="7" type="stmt"/>
        <line num="54" count="7" type="stmt"/>
        <line num="55" count="7" type="stmt"/>
        <line num="56" count="7" type="cond" truecount="1" falsecount="0"/>
        <line num="57" count="2" type="stmt"/>
        <line num="58" count="7" type="stmt"/>
        <line num="59" count="7" type="stmt"/>
        <line num="60" count="7" type="stmt"/>
        <line num="61" count="7" type="stmt"/>
        <line num="62" count="7" type="stmt"/>
        <line num="63" count="1" type="stmt"/>
        <line num="64" count="1" type="stmt"/>
      </file>
    </package>
    <package name="services">
      <metrics statements="114" coveredstatements="99" conditionals="28" coveredconditionals="17" methods="11" coveredmethods="11"/>
      <file name="authService.js" path="D:\FavoriteStocksWatcher\frontend\src\services\authService.js">
        <metrics statements="22" coveredstatements="22" conditionals="6" coveredconditionals="4" methods="2" coveredmethods="2"/>
        <line num="1" count="1" type="stmt"/>
        <line num="2" count="1" type="stmt"/>
        <line num="3" count="1" type="cond" truecount="1" falsecount="0"/>
        <line num="4" count="2" type="stmt"/>
        <line num="5" count="2" type="cond" truecount="1" falsecount="0"/>
        <line num="6" count="1" type="stmt"/>
        <line num="7" count="1" type="stmt"/>
        <line num="8" count="1" type="cond" truecount="0" falsecount="1"/>
        <line num="9" count="1" type="stmt"/>
        <line num="10" count="1" type="stmt"/>
        <line num="11" count="1" type="stmt"/>
        <line num="12" count="1" type="cond" truecount="1" falsecount="0"/>
        <line num="13" count="2" type="stmt"/>
        <line num="14" count="2" type="cond" truecount="1" falsecount="0"/>
        <line num="15" count="1" type="stmt"/>
        <line num="16" count="1" type="stmt"/>
        <line num="17" count="1" type="cond" truecount="0" falsecount="1"/>
        <line num="18" count="1" type="stmt"/>
        <line num="19" count="2" type="stmt"/>
        <line num="20" count="1" type="stmt"/>
        <line num="21" count="1" type="stmt"/>
        <line num="22" count="1" type="stmt"/>
      </file>
      <file name="shareService.js" path="D:\FavoriteStocksWatcher\frontend\src\services\shareService.js">
        <metrics statements="45" coveredstatements="36" conditionals="9" coveredconditionals="5" methods="4" coveredmethods="4"/>
        <line num="1" count="1" type="stmt"/>
        <line num="2" count="1" type="stmt"/>
        <line num="3" count="1" type="stmt"/>
        <line num="4" count="1" type="stmt"/>
        <line num="5" count="1" type="cond" truecount="1" falsecount="0"/>
        <line num="6" count="2" type="stmt"/>
        <line num="7" count="2" type="cond" truecount="1" falsecount="0"/>
        <line num="8" count="1" type="stmt"/>
        <line num="9" count="1" type="stmt"/>
        <line num="10" count="1" type="stmt"/>
        <line num="11" count="1" type="cond" truecount="0" falsecount="1"/>
        <line num="12" count="1" type="stmt"/>
        <line num="13" count="1" type="stmt"/>
        <line num="14" count="1" type="stmt"/>
        <line num="15" count="1" type="cond" truecount="1" falsecount="0"/>
        <line num="16" count="1" type="stmt"/>
        <line num="17" count="1" type="stmt"/>
        <line num="18" count="1" type="stmt"/>
        <line num="19" count="1" type="cond" truecount="0" falsecount="1"/>
        <line num="20" count="0" type="stmt"/>
        <line num="21" count="0" type="stmt"/>
        <line num="22" count="0" type="stmt"/>
        <line num="23" count="1" type="stmt"/>
        <line num="24" count="1" type="stmt"/>
        <line num="25" count="1" type="cond" truecount="1" falsecount="0"/>
        <line num="26" count="1" type="stmt"/>
        <line num="27" count="1" type="stmt"/>
        <line num="28" count="1" type="stmt"/>
        <line num="29" count="1" type="cond" truecount="0" falsecount="1"/>
        <line num="30" count="0" type="stmt"/>
        <line num="31" count="0" type="stmt"/>
        <line num="32" count="0" type="stmt"/>
        <line num="33" count="1" type="stmt"/>
        <line num="34" count="1" type="cond" truecount="1" falsecount="0"/>
        <line num="35" count="1" type="stmt"/>
        <line num="36" count="1" type="stmt"/>
        <line num="37" count="1" type="stmt"/>
        <line num="38" count="1" type="cond" truecount="0" falsecount="1"/>
        <line num="39" count="0" type="stmt"/>
        <line num="40" count="0" type="stmt"/>
        <line num="41" count="0" type="stmt"/>
        <line num="42" count="1" type="stmt"/>
        <line num="43" count="1" type="stmt"/>
        <line num="44" count="1" type="stmt"/>
        <line num="45" count="1" type="stmt"/>
      </file>
      <file name="stockService.js" path="D:\FavoriteStocksWatcher\frontend\src\services\stockService.js">
        <metrics statements="47" coveredstatements="41" conditionals="13" coveredconditionals="8" methods="5" coveredmethods="5"/>
        <line num="1" count="1" type="cond" truecount="1" falsecount="1"/>
        <line num="2" count="1" type="stmt"/>
        <line num="3" count="1" type="stmt"/>
        <line num="4" count="1" type="cond" truecount="1" falsecount="0"/>
        <line num="5" count="2" type="stmt"/>
        <line num="6" count="2" type="cond" truecount="1" falsecount="0"/>
        <line num="7" count="1" type="stmt"/>
        <line num="8" count="1" type="stmt"/>
        <line num="9" count="1" type="stmt"/>
        <line num="10" count="1" type="cond" truecount="0" falsecount="1"/>
        <line num="11" count="1" type="stmt"/>
        <line num="12" count="1" type="stmt"/>
        <line num="13" count="1" type="stmt"/>
        <line num="14" count="1" type="cond" truecount="1" falsecount="0"/>
        <line num="15" count="2" type="stmt"/>
        <line num="16" count="2" type="cond" truecount="1" falsecount="0"/>
        <line num="17" count="1" type="stmt"/>
        <line num="18" count="1" type="stmt"/>
        <line num="19" count="1" type="stmt"/>
        <line num="20" count="1" type="cond" truecount="0" falsecount="1"/>
        <line num="21" count="1" type="stmt"/>
        <line num="22" count="1" type="stmt"/>
        <line num="23" count="1" type="stmt"/>
        <line num="24" count="1" type="cond" truecount="1" falsecount="0"/>
        <line num="25" count="1" type="stmt"/>
        <line num="26" count="1" type="stmt"/>
        <line num="27" count="1" type="stmt"/>
        <line num="28" count="1" type="cond" truecount="0" falsecount="1"/>
        <line num="29" count="0" type="stmt"/>
        <line num="30" count="0" type="stmt"/>
        <line num="31" count="0" type="stmt"/>
        <line num="32" count="1" type="stmt"/>
        <line num="33" count="1" type="stmt"/>
        <line num="34" count="1" type="cond" truecount="1" falsecount="0"/>
        <line num="35" count="2" type="cond" truecount="1" falsecount="0"/>
        <line num="36" count="1" type="stmt"/>
        <line num="37" count="1" type="stmt"/>
        <line num="38" count="1" type="stmt"/>
        <line num="39" count="2" type="cond" truecount="0" falsecount="1"/>
        <line num="40" count="0" type="stmt"/>
        <line num="41" count="0" type="stmt"/>
        <line num="42" count="0" type="stmt"/>
        <line num="43" count="2" type="stmt"/>
        <line num="44" count="1" type="stmt"/>
        <line num="45" count="1" type="stmt"/>
        <line num="46" count="1" type="stmt"/>
        <line num="47" count="1" type="stmt"/>
      </file>
    </package>
  </project>
</coverage>
