<?xml version="1.0" encoding="UTF-8"?>
<coverage generated="1748425711025" clover="3.2.0">
  <project timestamp="1748425711025" name="All files">
    <metrics statements="279" coveredstatements="214" conditionals="21" coveredconditionals="19" methods="10" coveredmethods="4" elements="310" coveredelements="237" complexity="0" loc="279" ncloc="279" packages="3" files="3" classes="3"/>
    <package name="contexts">
      <metrics statements="102" coveredstatements="50" conditionals="6" coveredconditionals="4" methods="5" coveredmethods="1"/>
      <file name="AuthContext.jsx" path="D:\FavoriteStocksWatcher\frontend\src\contexts\AuthContext.jsx">
        <metrics statements="102" coveredstatements="50" conditionals="6" coveredconditionals="4" methods="5" coveredmethods="1"/>
        <line num="1" count="1" type="stmt"/>
        <line num="2" count="1" type="stmt"/>
        <line num="3" count="1" type="stmt"/>
        <line num="4" count="1" type="stmt"/>
        <line num="5" count="1" type="stmt"/>
        <line num="6" count="1" type="stmt"/>
        <line num="7" count="1" type="cond" truecount="1" falsecount="0"/>
        <line num="8" count="12" type="stmt"/>
        <line num="9" count="12" type="cond" truecount="1" falsecount="0"/>
        <line num="10" count="6" type="stmt"/>
        <line num="11" count="6" type="cond" truecount="0" falsecount="1"/>
        <line num="12" count="6" type="stmt"/>
        <line num="13" count="12" type="stmt"/>
        <line num="14" count="12" type="stmt"/>
        <line num="15" count="12" type="cond" truecount="1" falsecount="0"/>
        <line num="16" count="6" type="cond" truecount="0" falsecount="1"/>
        <line num="17" count="0" type="stmt"/>
        <line num="18" count="0" type="stmt"/>
        <line num="19" count="0" type="stmt"/>
        <line num="20" count="0" type="stmt"/>
        <line num="21" count="0" type="stmt"/>
        <line num="22" count="0" type="stmt"/>
        <line num="23" count="0" type="stmt"/>
        <line num="24" count="0" type="stmt"/>
        <line num="25" count="0" type="stmt"/>
        <line num="26" count="0" type="stmt"/>
        <line num="27" count="0" type="stmt"/>
        <line num="28" count="0" type="stmt"/>
        <line num="29" count="6" type="stmt"/>
        <line num="30" count="6" type="stmt"/>
        <line num="31" count="6" type="stmt"/>
        <line num="32" count="6" type="stmt"/>
        <line num="33" count="6" type="stmt"/>
        <line num="34" count="12" type="stmt"/>
        <line num="35" count="12" type="stmt"/>
        <line num="36" count="12" type="stmt"/>
        <line num="37" count="12" type="cond" truecount="1" falsecount="0"/>
        <line num="38" count="6" type="stmt"/>
        <line num="39" count="6" type="stmt"/>
        <line num="40" count="12" type="stmt"/>
        <line num="41" count="12" type="stmt"/>
        <line num="42" count="12" type="stmt"/>
        <line num="43" count="12" type="stmt"/>
        <line num="44" count="0" type="stmt"/>
        <line num="45" count="0" type="stmt"/>
        <line num="46" count="0" type="stmt"/>
        <line num="47" count="0" type="stmt"/>
        <line num="48" count="0" type="stmt"/>
        <line num="49" count="0" type="stmt"/>
        <line num="50" count="0" type="stmt"/>
        <line num="51" count="0" type="stmt"/>
        <line num="52" count="0" type="stmt"/>
        <line num="53" count="0" type="stmt"/>
        <line num="54" count="0" type="stmt"/>
        <line num="55" count="0" type="stmt"/>
        <line num="56" count="0" type="stmt"/>
        <line num="57" count="0" type="stmt"/>
        <line num="58" count="0" type="stmt"/>
        <line num="59" count="0" type="stmt"/>
        <line num="60" count="0" type="stmt"/>
        <line num="61" count="0" type="stmt"/>
        <line num="62" count="0" type="stmt"/>
        <line num="63" count="0" type="stmt"/>
        <line num="64" count="0" type="stmt"/>
        <line num="65" count="0" type="stmt"/>
        <line num="66" count="0" type="stmt"/>
        <line num="67" count="0" type="stmt"/>
        <line num="68" count="0" type="stmt"/>
        <line num="69" count="0" type="stmt"/>
        <line num="70" count="0" type="stmt"/>
        <line num="71" count="12" type="stmt"/>
        <line num="72" count="12" type="stmt"/>
        <line num="73" count="12" type="stmt"/>
        <line num="74" count="12" type="stmt"/>
        <line num="75" count="0" type="stmt"/>
        <line num="76" count="0" type="stmt"/>
        <line num="77" count="0" type="stmt"/>
        <line num="78" count="0" type="stmt"/>
        <line num="79" count="0" type="stmt"/>
        <line num="80" count="12" type="stmt"/>
        <line num="81" count="12" type="stmt"/>
        <line num="82" count="12" type="stmt"/>
        <line num="83" count="0" type="stmt"/>
        <line num="84" count="0" type="stmt"/>
        <line num="85" count="12" type="stmt"/>
        <line num="86" count="12" type="stmt"/>
        <line num="87" count="12" type="stmt"/>
        <line num="88" count="12" type="stmt"/>
        <line num="89" count="12" type="stmt"/>
        <line num="90" count="12" type="stmt"/>
        <line num="91" count="12" type="stmt"/>
        <line num="92" count="1" type="stmt"/>
        <line num="93" count="1" type="stmt"/>
        <line num="94" count="1" type="stmt"/>
        <line num="95" count="0" type="stmt"/>
        <line num="96" count="0" type="stmt"/>
        <line num="97" count="0" type="stmt"/>
        <line num="98" count="0" type="stmt"/>
        <line num="99" count="0" type="stmt"/>
        <line num="100" count="0" type="stmt"/>
        <line num="101" count="1" type="stmt"/>
        <line num="102" count="1" type="stmt"/>
      </file>
    </package>
    <package name="pages">
      <metrics statements="155" coveredstatements="155" conditionals="15" coveredconditionals="15" methods="3" coveredmethods="3"/>
      <file name="LoginPage.jsx" path="D:\FavoriteStocksWatcher\frontend\src\pages\LoginPage.jsx">
        <metrics statements="155" coveredstatements="155" conditionals="15" coveredconditionals="15" methods="3" coveredmethods="3"/>
        <line num="1" count="1" type="stmt"/>
        <line num="2" count="1" type="stmt"/>
        <line num="3" count="1" type="stmt"/>
        <line num="4" count="1" type="stmt"/>
        <line num="5" count="1" type="stmt"/>
        <line num="6" count="1" type="stmt"/>
        <line num="7" count="1" type="stmt"/>
        <line num="8" count="1" type="stmt"/>
        <line num="9" count="1" type="stmt"/>
        <line num="10" count="1" type="stmt"/>
        <line num="11" count="1" type="stmt"/>
        <line num="12" count="1" type="stmt"/>
        <line num="13" count="1" type="stmt"/>
        <line num="14" count="1" type="stmt"/>
        <line num="15" count="1" type="stmt"/>
        <line num="16" count="1" type="stmt"/>
        <line num="17" count="1" type="stmt"/>
        <line num="18" count="1" type="stmt"/>
        <line num="19" count="1" type="stmt"/>
        <line num="20" count="1" type="stmt"/>
        <line num="21" count="1" type="stmt"/>
        <line num="22" count="1" type="stmt"/>
        <line num="23" count="1" type="stmt"/>
        <line num="24" count="1" type="cond" truecount="1" falsecount="0"/>
        <line num="25" count="126" type="stmt"/>
        <line num="26" count="126" type="stmt"/>
        <line num="27" count="126" type="stmt"/>
        <line num="28" count="126" type="stmt"/>
        <line num="29" count="126" type="stmt"/>
        <line num="30" count="126" type="stmt"/>
        <line num="31" count="126" type="stmt"/>
        <line num="32" count="126" type="stmt"/>
        <line num="33" count="126" type="stmt"/>
        <line num="34" count="126" type="stmt"/>
        <line num="35" count="126" type="cond" truecount="1" falsecount="0"/>
        <line num="36" count="113" type="stmt"/>
        <line num="37" count="113" type="stmt"/>
        <line num="38" count="113" type="stmt"/>
        <line num="39" count="113" type="cond" truecount="2" falsecount="0"/>
        <line num="40" count="113" type="stmt"/>
        <line num="41" count="126" type="stmt"/>
        <line num="42" count="126" type="stmt"/>
        <line num="43" count="126" type="cond" truecount="1" falsecount="0"/>
        <line num="44" count="4" type="stmt"/>
        <line num="45" count="4" type="stmt"/>
        <line num="46" count="4" type="stmt"/>
        <line num="47" count="4" type="stmt"/>
        <line num="48" count="4" type="cond" truecount="2" falsecount="0"/>
        <line num="49" count="1" type="stmt"/>
        <line num="50" count="1" type="stmt"/>
        <line num="51" count="1" type="stmt"/>
        <line num="52" count="1" type="cond" truecount="1" falsecount="0"/>
        <line num="53" count="3" type="stmt"/>
        <line num="54" count="3" type="stmt"/>
        <line num="55" count="3" type="stmt"/>
        <line num="56" count="3" type="stmt"/>
        <line num="57" count="3" type="stmt"/>
        <line num="58" count="3" type="stmt"/>
        <line num="59" count="3" type="cond" truecount="1" falsecount="0"/>
        <line num="60" count="1" type="stmt"/>
        <line num="61" count="4" type="cond" truecount="1" falsecount="0"/>
        <line num="62" count="2" type="stmt"/>
        <line num="63" count="2" type="cond" truecount="1" falsecount="0"/>
        <line num="64" count="2" type="stmt"/>
        <line num="65" count="4" type="cond" truecount="1" falsecount="0"/>
        <line num="66" count="3" type="stmt"/>
        <line num="67" count="3" type="stmt"/>
        <line num="68" count="126" type="stmt"/>
        <line num="69" count="126" type="stmt"/>
        <line num="70" count="126" type="stmt"/>
        <line num="71" count="126" type="stmt"/>
        <line num="72" count="126" type="stmt"/>
        <line num="73" count="126" type="stmt"/>
        <line num="74" count="126" type="stmt"/>
        <line num="75" count="126" type="stmt"/>
        <line num="76" count="126" type="stmt"/>
        <line num="77" count="126" type="stmt"/>
        <line num="78" count="126" type="stmt"/>
        <line num="79" count="126" type="stmt"/>
        <line num="80" count="126" type="stmt"/>
        <line num="81" count="126" type="stmt"/>
        <line num="82" count="126" type="stmt"/>
        <line num="83" count="126" type="stmt"/>
        <line num="84" count="126" type="stmt"/>
        <line num="85" count="126" type="stmt"/>
        <line num="86" count="126" type="stmt"/>
        <line num="87" count="126" type="stmt"/>
        <line num="88" count="126" type="cond" truecount="1" falsecount="0"/>
        <line num="89" count="3" type="stmt"/>
        <line num="90" count="3" type="stmt"/>
        <line num="91" count="3" type="stmt"/>
        <line num="92" count="126" type="stmt"/>
        <line num="93" count="126" type="stmt"/>
        <line num="94" count="126" type="stmt"/>
        <line num="95" count="126" type="stmt"/>
        <line num="96" count="126" type="stmt"/>
        <line num="97" count="126" type="stmt"/>
        <line num="98" count="126" type="stmt"/>
        <line num="99" count="126" type="stmt"/>
        <line num="100" count="126" type="stmt"/>
        <line num="101" count="126" type="stmt"/>
        <line num="102" count="126" type="stmt"/>
        <line num="103" count="126" type="stmt"/>
        <line num="104" count="126" type="stmt"/>
        <line num="105" count="126" type="stmt"/>
        <line num="106" count="126" type="stmt"/>
        <line num="107" count="126" type="stmt"/>
        <line num="108" count="126" type="stmt"/>
        <line num="109" count="126" type="stmt"/>
        <line num="110" count="126" type="stmt"/>
        <line num="111" count="126" type="stmt"/>
        <line num="112" count="126" type="stmt"/>
        <line num="113" count="126" type="stmt"/>
        <line num="114" count="126" type="stmt"/>
        <line num="115" count="126" type="stmt"/>
        <line num="116" count="126" type="stmt"/>
        <line num="117" count="126" type="stmt"/>
        <line num="118" count="126" type="stmt"/>
        <line num="119" count="126" type="stmt"/>
        <line num="120" count="126" type="stmt"/>
        <line num="121" count="126" type="stmt"/>
        <line num="122" count="126" type="stmt"/>
        <line num="123" count="126" type="stmt"/>
        <line num="124" count="126" type="stmt"/>
        <line num="125" count="126" type="stmt"/>
        <line num="126" count="126" type="stmt"/>
        <line num="127" count="126" type="stmt"/>
        <line num="128" count="126" type="stmt"/>
        <line num="129" count="126" type="stmt"/>
        <line num="130" count="126" type="stmt"/>
        <line num="131" count="126" type="stmt"/>
        <line num="132" count="126" type="stmt"/>
        <line num="133" count="126" type="stmt"/>
        <line num="134" count="126" type="stmt"/>
        <line num="135" count="126" type="stmt"/>
        <line num="136" count="126" type="stmt"/>
        <line num="137" count="126" type="stmt"/>
        <line num="138" count="126" type="stmt"/>
        <line num="139" count="126" type="stmt"/>
        <line num="140" count="126" type="stmt"/>
        <line num="141" count="126" type="cond" truecount="2" falsecount="0"/>
        <line num="142" count="126" type="stmt"/>
        <line num="143" count="126" type="stmt"/>
        <line num="144" count="126" type="stmt"/>
        <line num="145" count="126" type="stmt"/>
        <line num="146" count="126" type="stmt"/>
        <line num="147" count="126" type="stmt"/>
        <line num="148" count="126" type="stmt"/>
        <line num="149" count="126" type="stmt"/>
        <line num="150" count="126" type="stmt"/>
        <line num="151" count="126" type="stmt"/>
        <line num="152" count="126" type="stmt"/>
        <line num="153" count="126" type="stmt"/>
        <line num="154" count="1" type="stmt"/>
        <line num="155" count="1" type="stmt"/>
      </file>
    </package>
    <package name="services">
      <metrics statements="22" coveredstatements="9" conditionals="0" coveredconditionals="0" methods="2" coveredmethods="0"/>
      <file name="authService.js" path="D:\FavoriteStocksWatcher\frontend\src\services\authService.js">
        <metrics statements="22" coveredstatements="9" conditionals="0" coveredconditionals="0" methods="2" coveredmethods="0"/>
        <line num="1" count="1" type="stmt"/>
        <line num="2" count="1" type="stmt"/>
        <line num="3" count="1" type="stmt"/>
        <line num="4" count="0" type="stmt"/>
        <line num="5" count="0" type="stmt"/>
        <line num="6" count="0" type="stmt"/>
        <line num="7" count="0" type="stmt"/>
        <line num="8" count="0" type="stmt"/>
        <line num="9" count="0" type="stmt"/>
        <line num="10" count="1" type="stmt"/>
        <line num="11" count="1" type="stmt"/>
        <line num="12" count="1" type="stmt"/>
        <line num="13" count="0" type="stmt"/>
        <line num="14" count="0" type="stmt"/>
        <line num="15" count="0" type="stmt"/>
        <line num="16" count="0" type="stmt"/>
        <line num="17" count="0" type="stmt"/>
        <line num="18" count="0" type="stmt"/>
        <line num="19" count="0" type="stmt"/>
        <line num="20" count="1" type="stmt"/>
        <line num="21" count="1" type="stmt"/>
        <line num="22" count="1" type="stmt"/>
      </file>
    </package>
  </project>
</coverage>
