{"D:\\FavoriteStocksWatcher\\frontend\\src\\contexts\\AuthContext.jsx": {"path":"D:\\FavoriteStocksWatcher\\frontend\\src\\contexts\\AuthContext.jsx","all":false,"statementMap":{"0":{"start":{"line":1,"column":0},"end":{"line":1,"column":91}},"1":{"start":{"line":2,"column":0},"end":{"line":2,"column":35}},"2":{"start":{"line":3,"column":0},"end":{"line":3,"column":50}},"3":{"start":{"line":4,"column":0},"end":{"line":4,"column":40}},"4":{"start":{"line":5,"column":0},"end":{"line":5,"column":0}},"5":{"start":{"line":6,"column":0},"end":{"line":6,"column":0}},"6":{"start":{"line":7,"column":0},"end":{"line":7,"column":47}},"7":{"start":{"line":8,"column":0},"end":{"line":8,"column":42}},"8":{"start":{"line":9,"column":0},"end":{"line":9,"column":44}},"9":{"start":{"line":10,"column":0},"end":{"line":10,"column":57}},"10":{"start":{"line":11,"column":0},"end":{"line":11,"column":38}},"11":{"start":{"line":12,"column":0},"end":{"line":12,"column":47}},"12":{"start":{"line":13,"column":0},"end":{"line":13,"column":5}},"13":{"start":{"line":14,"column":0},"end":{"line":14,"column":52}},"14":{"start":{"line":15,"column":0},"end":{"line":15,"column":65}},"15":{"start":{"line":16,"column":0},"end":{"line":16,"column":23}},"16":{"start":{"line":17,"column":0},"end":{"line":17,"column":78}},"17":{"start":{"line":18,"column":0},"end":{"line":18,"column":11}},"18":{"start":{"line":19,"column":0},"end":{"line":19,"column":58}},"19":{"start":{"line":20,"column":0},"end":{"line":20,"column":31}},"20":{"start":{"line":21,"column":0},"end":{"line":21,"column":23}},"21":{"start":{"line":22,"column":0},"end":{"line":22,"column":92}},"22":{"start":{"line":23,"column":0},"end":{"line":23,"column":22}},"23":{"start":{"line":24,"column":0},"end":{"line":24,"column":23}},"24":{"start":{"line":25,"column":0},"end":{"line":25,"column":45}},"25":{"start":{"line":26,"column":0},"end":{"line":26,"column":47}},"26":{"start":{"line":27,"column":0},"end":{"line":27,"column":60}},"27":{"start":{"line":28,"column":0},"end":{"line":28,"column":7}},"28":{"start":{"line":29,"column":0},"end":{"line":29,"column":12}},"29":{"start":{"line":30,"column":0},"end":{"line":30,"column":20}},"30":{"start":{"line":31,"column":0},"end":{"line":31,"column":58}},"31":{"start":{"line":32,"column":0},"end":{"line":32,"column":5}},"32":{"start":{"line":33,"column":0},"end":{"line":33,"column":24}},"33":{"start":{"line":34,"column":0},"end":{"line":34,"column":9}},"34":{"start":{"line":35,"column":0},"end":{"line":35,"column":2}},"35":{"start":{"line":36,"column":0},"end":{"line":36,"column":0}},"36":{"start":{"line":37,"column":0},"end":{"line":37,"column":19}},"37":{"start":{"line":38,"column":0},"end":{"line":38,"column":23}},"38":{"start":{"line":39,"column":0},"end":{"line":39,"column":29}},"39":{"start":{"line":40,"column":0},"end":{"line":40,"column":33}},"40":{"start":{"line":41,"column":0},"end":{"line":41,"column":0}},"41":{"start":{"line":42,"column":0},"end":{"line":42,"column":0}},"42":{"start":{"line":43,"column":0},"end":{"line":43,"column":42}},"43":{"start":{"line":44,"column":0},"end":{"line":44,"column":23}},"44":{"start":{"line":45,"column":0},"end":{"line":45,"column":9}},"45":{"start":{"line":46,"column":0},"end":{"line":46,"column":61}},"46":{"start":{"line":47,"column":0},"end":{"line":47,"column":56}},"47":{"start":{"line":48,"column":0},"end":{"line":48,"column":0}},"48":{"start":{"line":49,"column":0},"end":{"line":49,"column":24}},"49":{"start":{"line":50,"column":0},"end":{"line":50,"column":26}},"50":{"start":{"line":51,"column":0},"end":{"line":51,"column":0}},"51":{"start":{"line":52,"column":0},"end":{"line":52,"column":35}},"52":{"start":{"line":53,"column":0},"end":{"line":53,"column":52}},"53":{"start":{"line":54,"column":0},"end":{"line":54,"column":48}},"54":{"start":{"line":55,"column":0},"end":{"line":55,"column":14}},"55":{"start":{"line":56,"column":0},"end":{"line":56,"column":54}},"56":{"start":{"line":57,"column":0},"end":{"line":57,"column":46}},"57":{"start":{"line":58,"column":0},"end":{"line":58,"column":7}},"58":{"start":{"line":59,"column":0},"end":{"line":59,"column":74}},"59":{"start":{"line":60,"column":0},"end":{"line":60,"column":26}},"60":{"start":{"line":61,"column":0},"end":{"line":61,"column":21}},"61":{"start":{"line":62,"column":0},"end":{"line":62,"column":55}},"62":{"start":{"line":63,"column":0},"end":{"line":63,"column":20}},"63":{"start":{"line":64,"column":0},"end":{"line":64,"column":21}},"64":{"start":{"line":65,"column":0},"end":{"line":65,"column":43}},"65":{"start":{"line":66,"column":0},"end":{"line":66,"column":45}},"66":{"start":{"line":67,"column":0},"end":{"line":67,"column":58}},"67":{"start":{"line":68,"column":0},"end":{"line":68,"column":26}},"68":{"start":{"line":69,"column":0},"end":{"line":69,"column":43}},"69":{"start":{"line":70,"column":0},"end":{"line":70,"column":5}},"70":{"start":{"line":71,"column":0},"end":{"line":71,"column":4}},"71":{"start":{"line":72,"column":0},"end":{"line":72,"column":0}},"72":{"start":{"line":73,"column":0},"end":{"line":73,"column":0}},"73":{"start":{"line":74,"column":0},"end":{"line":74,"column":25}},"74":{"start":{"line":75,"column":0},"end":{"line":75,"column":18}},"75":{"start":{"line":76,"column":0},"end":{"line":76,"column":19}},"76":{"start":{"line":77,"column":0},"end":{"line":77,"column":41}},"77":{"start":{"line":78,"column":0},"end":{"line":78,"column":43}},"78":{"start":{"line":79,"column":0},"end":{"line":79,"column":56}},"79":{"start":{"line":80,"column":0},"end":{"line":80,"column":4}},"80":{"start":{"line":81,"column":0},"end":{"line":81,"column":0}},"81":{"start":{"line":82,"column":0},"end":{"line":82,"column":43}},"82":{"start":{"line":83,"column":0},"end":{"line":83,"column":63}},"83":{"start":{"line":84,"column":0},"end":{"line":84,"column":3}},"84":{"start":{"line":85,"column":0},"end":{"line":85,"column":0}},"85":{"start":{"line":86,"column":0},"end":{"line":86,"column":10}},"86":{"start":{"line":87,"column":0},"end":{"line":87,"column":88}},"87":{"start":{"line":88,"column":0},"end":{"line":88,"column":15}},"88":{"start":{"line":89,"column":0},"end":{"line":89,"column":27}},"89":{"start":{"line":90,"column":0},"end":{"line":90,"column":4}},"90":{"start":{"line":91,"column":0},"end":{"line":91,"column":2}},"91":{"start":{"line":92,"column":0},"end":{"line":92,"column":0}},"92":{"start":{"line":93,"column":0},"end":{"line":93,"column":0}},"93":{"start":{"line":94,"column":0},"end":{"line":94,"column":30}},"94":{"start":{"line":95,"column":0},"end":{"line":95,"column":42}},"95":{"start":{"line":96,"column":0},"end":{"line":96,"column":30}},"96":{"start":{"line":97,"column":0},"end":{"line":97,"column":67}},"97":{"start":{"line":98,"column":0},"end":{"line":98,"column":3}},"98":{"start":{"line":99,"column":0},"end":{"line":99,"column":17}},"99":{"start":{"line":100,"column":0},"end":{"line":100,"column":2}},"100":{"start":{"line":101,"column":0},"end":{"line":101,"column":0}},"101":{"start":{"line":102,"column":0},"end":{"line":102,"column":23}}},"s":{"0":1,"1":1,"2":1,"3":1,"4":1,"5":1,"6":1,"7":12,"8":12,"9":6,"10":6,"11":6,"12":12,"13":12,"14":12,"15":6,"16":0,"17":0,"18":0,"19":0,"20":0,"21":0,"22":0,"23":0,"24":0,"25":0,"26":0,"27":0,"28":6,"29":6,"30":6,"31":6,"32":6,"33":12,"34":12,"35":12,"36":12,"37":6,"38":6,"39":12,"40":12,"41":12,"42":12,"43":0,"44":0,"45":0,"46":0,"47":0,"48":0,"49":0,"50":0,"51":0,"52":0,"53":0,"54":0,"55":0,"56":0,"57":0,"58":0,"59":0,"60":0,"61":0,"62":0,"63":0,"64":0,"65":0,"66":0,"67":0,"68":0,"69":0,"70":12,"71":12,"72":12,"73":12,"74":0,"75":0,"76":0,"77":0,"78":0,"79":12,"80":12,"81":12,"82":0,"83":0,"84":12,"85":12,"86":12,"87":12,"88":12,"89":12,"90":12,"91":1,"92":1,"93":1,"94":0,"95":0,"96":0,"97":0,"98":0,"99":0,"100":1,"101":1},"branchMap":{"0":{"type":"branch","line":7,"loc":{"start":{"line":7,"column":28},"end":{"line":91,"column":2}},"locations":[{"start":{"line":7,"column":28},"end":{"line":91,"column":2}}]},"1":{"type":"branch","line":9,"loc":{"start":{"line":9,"column":37},"end":{"line":13,"column":3}},"locations":[{"start":{"line":9,"column":37},"end":{"line":13,"column":3}}]},"2":{"type":"branch","line":11,"loc":{"start":{"line":11,"column":20},"end":{"line":11,"column":38}},"locations":[{"start":{"line":11,"column":20},"end":{"line":11,"column":38}}]},"3":{"type":"branch","line":15,"loc":{"start":{"line":15,"column":40},"end":{"line":34,"column":3}},"locations":[{"start":{"line":15,"column":40},"end":{"line":34,"column":3}}]},"4":{"type":"branch","line":16,"loc":{"start":{"line":16,"column":22},"end":{"line":29,"column":5}},"locations":[{"start":{"line":16,"column":22},"end":{"line":29,"column":5}}]},"5":{"type":"branch","line":37,"loc":{"start":{"line":37,"column":12},"end":{"line":40,"column":3}},"locations":[{"start":{"line":37,"column":12},"end":{"line":40,"column":3}}]}},"b":{"0":[12],"1":[6],"2":[0],"3":[6],"4":[0],"5":[6]},"fnMap":{"0":{"name":"AuthProvider","decl":{"start":{"line":7,"column":28},"end":{"line":91,"column":2}},"loc":{"start":{"line":7,"column":28},"end":{"line":91,"column":2}},"line":7},"1":{"name":"login","decl":{"start":{"line":43,"column":18},"end":{"line":71,"column":3}},"loc":{"start":{"line":43,"column":18},"end":{"line":71,"column":3}},"line":43},"2":{"name":"logout","decl":{"start":{"line":74,"column":18},"end":{"line":80,"column":3}},"loc":{"start":{"line":74,"column":18},"end":{"line":80,"column":3}},"line":74},"3":{"name":"updateUser","decl":{"start":{"line":82,"column":22},"end":{"line":84,"column":3}},"loc":{"start":{"line":82,"column":22},"end":{"line":84,"column":3}},"line":82},"4":{"name":"useAuth","decl":{"start":{"line":94,"column":23},"end":{"line":100,"column":2}},"loc":{"start":{"line":94,"column":23},"end":{"line":100,"column":2}},"line":94}},"f":{"0":12,"1":0,"2":0,"3":0,"4":0}}
,"D:\\FavoriteStocksWatcher\\frontend\\src\\pages\\LoginPage.jsx": {"path":"D:\\FavoriteStocksWatcher\\frontend\\src\\pages\\LoginPage.jsx","all":false,"statementMap":{"0":{"start":{"line":1,"column":0},"end":{"line":1,"column":40}},"1":{"start":{"line":2,"column":0},"end":{"line":2,"column":67}},"2":{"start":{"line":3,"column":0},"end":{"line":3,"column":50}},"3":{"start":{"line":4,"column":0},"end":{"line":4,"column":50}},"4":{"start":{"line":5,"column":0},"end":{"line":5,"column":8}},"5":{"start":{"line":6,"column":0},"end":{"line":6,"column":12}},"6":{"start":{"line":7,"column":0},"end":{"line":7,"column":6}},"7":{"start":{"line":8,"column":0},"end":{"line":8,"column":12}},"8":{"start":{"line":9,"column":0},"end":{"line":9,"column":9}},"9":{"start":{"line":10,"column":0},"end":{"line":10,"column":13}},"10":{"start":{"line":11,"column":0},"end":{"line":11,"column":7}},"11":{"start":{"line":12,"column":0},"end":{"line":12,"column":19}},"12":{"start":{"line":13,"column":0},"end":{"line":13,"column":8}},"13":{"start":{"line":14,"column":0},"end":{"line":14,"column":14}},"14":{"start":{"line":15,"column":0},"end":{"line":15,"column":9}},"15":{"start":{"line":16,"column":0},"end":{"line":16,"column":20}},"16":{"start":{"line":17,"column":0},"end":{"line":17,"column":13}},"17":{"start":{"line":18,"column":0},"end":{"line":18,"column":23}},"18":{"start":{"line":19,"column":0},"end":{"line":19,"column":64}},"19":{"start":{"line":20,"column":0},"end":{"line":20,"column":66}},"20":{"start":{"line":21,"column":0},"end":{"line":21,"column":0}},"21":{"start":{"line":22,"column":0},"end":{"line":22,"column":35}},"22":{"start":{"line":23,"column":0},"end":{"line":23,"column":0}},"23":{"start":{"line":24,"column":0},"end":{"line":24,"column":25}},"24":{"start":{"line":25,"column":0},"end":{"line":25,"column":44}},"25":{"start":{"line":26,"column":0},"end":{"line":26,"column":24}},"26":{"start":{"line":27,"column":0},"end":{"line":27,"column":17}},"27":{"start":{"line":28,"column":0},"end":{"line":28,"column":22}},"28":{"start":{"line":29,"column":0},"end":{"line":29,"column":5}},"29":{"start":{"line":30,"column":0},"end":{"line":30,"column":41}},"30":{"start":{"line":31,"column":0},"end":{"line":31,"column":48}},"31":{"start":{"line":32,"column":0},"end":{"line":32,"column":31}},"32":{"start":{"line":33,"column":0},"end":{"line":33,"column":33}},"33":{"start":{"line":34,"column":0},"end":{"line":34,"column":0}},"34":{"start":{"line":35,"column":0},"end":{"line":35,"column":31}},"35":{"start":{"line":36,"column":0},"end":{"line":36,"column":52}},"36":{"start":{"line":37,"column":0},"end":{"line":37,"column":17}},"37":{"start":{"line":38,"column":0},"end":{"line":38,"column":18}},"38":{"start":{"line":39,"column":0},"end":{"line":39,"column":52}},"39":{"start":{"line":40,"column":0},"end":{"line":40,"column":7}},"40":{"start":{"line":41,"column":0},"end":{"line":41,"column":4}},"41":{"start":{"line":42,"column":0},"end":{"line":42,"column":0}},"42":{"start":{"line":43,"column":0},"end":{"line":43,"column":37}},"43":{"start":{"line":44,"column":0},"end":{"line":44,"column":23}},"44":{"start":{"line":45,"column":0},"end":{"line":45,"column":17}},"45":{"start":{"line":46,"column":0},"end":{"line":46,"column":21}},"46":{"start":{"line":47,"column":0},"end":{"line":47,"column":0}},"47":{"start":{"line":48,"column":0},"end":{"line":48,"column":58}},"48":{"start":{"line":49,"column":0},"end":{"line":49,"column":62}},"49":{"start":{"line":50,"column":0},"end":{"line":50,"column":26}},"50":{"start":{"line":51,"column":0},"end":{"line":51,"column":15}},"51":{"start":{"line":52,"column":0},"end":{"line":52,"column":5}},"52":{"start":{"line":53,"column":0},"end":{"line":53,"column":0}},"53":{"start":{"line":54,"column":0},"end":{"line":54,"column":9}},"54":{"start":{"line":55,"column":0},"end":{"line":55,"column":19}},"55":{"start":{"line":56,"column":0},"end":{"line":56,"column":50}},"56":{"start":{"line":57,"column":0},"end":{"line":57,"column":36}},"57":{"start":{"line":58,"column":0},"end":{"line":58,"column":40}},"58":{"start":{"line":59,"column":0},"end":{"line":59,"column":9}},"59":{"start":{"line":60,"column":0},"end":{"line":60,"column":21}},"60":{"start":{"line":61,"column":0},"end":{"line":61,"column":19}},"61":{"start":{"line":62,"column":0},"end":{"line":62,"column":43}},"62":{"start":{"line":63,"column":0},"end":{"line":63,"column":107}},"63":{"start":{"line":64,"column":0},"end":{"line":64,"column":24}},"64":{"start":{"line":65,"column":0},"end":{"line":65,"column":15}},"65":{"start":{"line":66,"column":0},"end":{"line":66,"column":24}},"66":{"start":{"line":67,"column":0},"end":{"line":67,"column":5}},"67":{"start":{"line":68,"column":0},"end":{"line":68,"column":4}},"68":{"start":{"line":69,"column":0},"end":{"line":69,"column":0}},"69":{"start":{"line":70,"column":0},"end":{"line":70,"column":10}},"70":{"start":{"line":71,"column":0},"end":{"line":71,"column":40}},"71":{"start":{"line":72,"column":0},"end":{"line":72,"column":48}},"72":{"start":{"line":73,"column":0},"end":{"line":73,"column":23}},"73":{"start":{"line":74,"column":0},"end":{"line":74,"column":12}},"74":{"start":{"line":75,"column":0},"end":{"line":75,"column":15}},"75":{"start":{"line":76,"column":0},"end":{"line":76,"column":25}},"76":{"start":{"line":77,"column":0},"end":{"line":77,"column":28}},"77":{"start":{"line":78,"column":0},"end":{"line":78,"column":36}},"78":{"start":{"line":79,"column":0},"end":{"line":79,"column":33}},"79":{"start":{"line":80,"column":0},"end":{"line":80,"column":12}},"80":{"start":{"line":81,"column":0},"end":{"line":81,"column":9}},"81":{"start":{"line":82,"column":0},"end":{"line":82,"column":59}},"82":{"start":{"line":83,"column":0},"end":{"line":83,"column":32}},"83":{"start":{"line":84,"column":0},"end":{"line":84,"column":19}},"84":{"start":{"line":85,"column":0},"end":{"line":85,"column":50}},"85":{"start":{"line":86,"column":0},"end":{"line":86,"column":21}},"86":{"start":{"line":87,"column":0},"end":{"line":87,"column":23}},"87":{"start":{"line":88,"column":0},"end":{"line":88,"column":21}},"88":{"start":{"line":89,"column":0},"end":{"line":89,"column":66}},"89":{"start":{"line":90,"column":0},"end":{"line":90,"column":21}},"90":{"start":{"line":91,"column":0},"end":{"line":91,"column":20}},"91":{"start":{"line":92,"column":0},"end":{"line":92,"column":12}},"92":{"start":{"line":93,"column":0},"end":{"line":93,"column":82}},"93":{"start":{"line":94,"column":0},"end":{"line":94,"column":22}},"94":{"start":{"line":95,"column":0},"end":{"line":95,"column":29}},"95":{"start":{"line":96,"column":0},"end":{"line":96,"column":22}},"96":{"start":{"line":97,"column":0},"end":{"line":97,"column":23}},"97":{"start":{"line":98,"column":0},"end":{"line":98,"column":34}},"98":{"start":{"line":99,"column":0},"end":{"line":99,"column":47}},"99":{"start":{"line":100,"column":0},"end":{"line":100,"column":36}},"100":{"start":{"line":101,"column":0},"end":{"line":101,"column":35}},"101":{"start":{"line":102,"column":0},"end":{"line":102,"column":23}},"102":{"start":{"line":103,"column":0},"end":{"line":103,"column":46}},"103":{"start":{"line":104,"column":0},"end":{"line":104,"column":37}},"104":{"start":{"line":105,"column":0},"end":{"line":105,"column":32}},"105":{"start":{"line":106,"column":0},"end":{"line":106,"column":14}},"106":{"start":{"line":107,"column":0},"end":{"line":107,"column":22}},"107":{"start":{"line":108,"column":0},"end":{"line":108,"column":29}},"108":{"start":{"line":109,"column":0},"end":{"line":109,"column":22}},"109":{"start":{"line":110,"column":0},"end":{"line":110,"column":23}},"110":{"start":{"line":111,"column":0},"end":{"line":111,"column":29}},"111":{"start":{"line":112,"column":0},"end":{"line":112,"column":30}},"112":{"start":{"line":113,"column":0},"end":{"line":113,"column":29}},"113":{"start":{"line":114,"column":0},"end":{"line":114,"column":27}},"114":{"start":{"line":115,"column":0},"end":{"line":115,"column":45}},"115":{"start":{"line":116,"column":0},"end":{"line":116,"column":39}},"116":{"start":{"line":117,"column":0},"end":{"line":117,"column":37}},"117":{"start":{"line":118,"column":0},"end":{"line":118,"column":32}},"118":{"start":{"line":119,"column":0},"end":{"line":119,"column":14}},"119":{"start":{"line":120,"column":0},"end":{"line":120,"column":29}},"120":{"start":{"line":121,"column":0},"end":{"line":121,"column":23}},"121":{"start":{"line":122,"column":0},"end":{"line":122,"column":25}},"122":{"start":{"line":123,"column":0},"end":{"line":123,"column":34}},"123":{"start":{"line":124,"column":0},"end":{"line":124,"column":33}},"124":{"start":{"line":125,"column":0},"end":{"line":125,"column":35}},"125":{"start":{"line":126,"column":0},"end":{"line":126,"column":47}},"126":{"start":{"line":127,"column":0},"end":{"line":127,"column":41}},"127":{"start":{"line":128,"column":0},"end":{"line":128,"column":36}},"128":{"start":{"line":129,"column":0},"end":{"line":129,"column":18}},"129":{"start":{"line":130,"column":0},"end":{"line":130,"column":15}},"130":{"start":{"line":131,"column":0},"end":{"line":131,"column":33}},"131":{"start":{"line":132,"column":0},"end":{"line":132,"column":36}},"132":{"start":{"line":133,"column":0},"end":{"line":133,"column":14}},"133":{"start":{"line":134,"column":0},"end":{"line":134,"column":19}},"134":{"start":{"line":135,"column":0},"end":{"line":135,"column":27}},"135":{"start":{"line":136,"column":0},"end":{"line":136,"column":23}},"136":{"start":{"line":137,"column":0},"end":{"line":137,"column":33}},"137":{"start":{"line":138,"column":0},"end":{"line":138,"column":35}},"138":{"start":{"line":139,"column":0},"end":{"line":139,"column":32}},"139":{"start":{"line":140,"column":0},"end":{"line":140,"column":13}},"140":{"start":{"line":141,"column":0},"end":{"line":141,"column":70}},"141":{"start":{"line":142,"column":0},"end":{"line":142,"column":21}},"142":{"start":{"line":143,"column":0},"end":{"line":143,"column":36}},"143":{"start":{"line":144,"column":0},"end":{"line":144,"column":74}},"144":{"start":{"line":145,"column":0},"end":{"line":145,"column":51}},"145":{"start":{"line":146,"column":0},"end":{"line":146,"column":21}},"146":{"start":{"line":147,"column":0},"end":{"line":147,"column":18}},"147":{"start":{"line":148,"column":0},"end":{"line":148,"column":16}},"148":{"start":{"line":149,"column":0},"end":{"line":149,"column":14}},"149":{"start":{"line":150,"column":0},"end":{"line":150,"column":18}},"150":{"start":{"line":151,"column":0},"end":{"line":151,"column":20}},"151":{"start":{"line":152,"column":0},"end":{"line":152,"column":4}},"152":{"start":{"line":153,"column":0},"end":{"line":153,"column":2}},"153":{"start":{"line":154,"column":0},"end":{"line":154,"column":0}},"154":{"start":{"line":155,"column":0},"end":{"line":155,"column":25}}},"s":{"0":1,"1":1,"2":1,"3":1,"4":1,"5":1,"6":1,"7":1,"8":1,"9":1,"10":1,"11":1,"12":1,"13":1,"14":1,"15":1,"16":1,"17":1,"18":1,"19":1,"20":1,"21":1,"22":1,"23":1,"24":126,"25":126,"26":126,"27":126,"28":126,"29":126,"30":126,"31":126,"32":126,"33":126,"34":126,"35":113,"36":113,"37":113,"38":113,"39":113,"40":126,"41":126,"42":126,"43":4,"44":4,"45":4,"46":4,"47":4,"48":1,"49":1,"50":1,"51":1,"52":3,"53":3,"54":3,"55":3,"56":3,"57":3,"58":3,"59":1,"60":4,"61":2,"62":2,"63":2,"64":4,"65":3,"66":3,"67":126,"68":126,"69":126,"70":126,"71":126,"72":126,"73":126,"74":126,"75":126,"76":126,"77":126,"78":126,"79":126,"80":126,"81":126,"82":126,"83":126,"84":126,"85":126,"86":126,"87":126,"88":3,"89":3,"90":3,"91":126,"92":126,"93":126,"94":126,"95":126,"96":126,"97":126,"98":126,"99":126,"100":126,"101":126,"102":126,"103":126,"104":126,"105":126,"106":126,"107":126,"108":126,"109":126,"110":126,"111":126,"112":126,"113":126,"114":126,"115":126,"116":126,"117":126,"118":126,"119":126,"120":126,"121":126,"122":126,"123":126,"124":126,"125":126,"126":126,"127":126,"128":126,"129":126,"130":126,"131":126,"132":126,"133":126,"134":126,"135":126,"136":126,"137":126,"138":126,"139":126,"140":126,"141":126,"142":126,"143":126,"144":126,"145":126,"146":126,"147":126,"148":126,"149":126,"150":126,"151":126,"152":126,"153":1,"154":1},"branchMap":{"0":{"type":"branch","line":24,"loc":{"start":{"line":24,"column":18},"end":{"line":153,"column":2}},"locations":[{"start":{"line":24,"column":18},"end":{"line":153,"column":2}}]},"1":{"type":"branch","line":88,"loc":{"start":{"line":88,"column":16},"end":{"line":91,"column":20}},"locations":[{"start":{"line":88,"column":16},"end":{"line":91,"column":20}}]},"2":{"type":"branch","line":141,"loc":{"start":{"line":141,"column":22},"end":{"line":141,"column":55}},"locations":[{"start":{"line":141,"column":22},"end":{"line":141,"column":55}}]},"3":{"type":"branch","line":141,"loc":{"start":{"line":141,"column":55},"end":{"line":141,"column":69}},"locations":[{"start":{"line":141,"column":55},"end":{"line":141,"column":69}}]},"4":{"type":"branch","line":35,"loc":{"start":{"line":35,"column":24},"end":{"line":41,"column":3}},"locations":[{"start":{"line":35,"column":24},"end":{"line":41,"column":3}}]},"5":{"type":"branch","line":39,"loc":{"start":{"line":39,"column":33},"end":{"line":39,"column":43}},"locations":[{"start":{"line":39,"column":33},"end":{"line":39,"column":43}}]},"6":{"type":"branch","line":39,"loc":{"start":{"line":39,"column":43},"end":{"line":39,"column":52}},"locations":[{"start":{"line":39,"column":43},"end":{"line":39,"column":52}}]},"7":{"type":"branch","line":43,"loc":{"start":{"line":43,"column":23},"end":{"line":68,"column":3}},"locations":[{"start":{"line":43,"column":23},"end":{"line":68,"column":3}}]},"8":{"type":"branch","line":48,"loc":{"start":{"line":48,"column":33},"end":{"line":48,"column":55}},"locations":[{"start":{"line":48,"column":33},"end":{"line":48,"column":55}}]},"9":{"type":"branch","line":48,"loc":{"start":{"line":48,"column":57},"end":{"line":52,"column":5}},"locations":[{"start":{"line":48,"column":57},"end":{"line":52,"column":5}}]},"10":{"type":"branch","line":52,"loc":{"start":{"line":52,"column":4},"end":{"line":59,"column":9}},"locations":[{"start":{"line":52,"column":4},"end":{"line":59,"column":9}}]},"11":{"type":"branch","line":59,"loc":{"start":{"line":59,"column":8},"end":{"line":61,"column":6}},"locations":[{"start":{"line":59,"column":8},"end":{"line":61,"column":6}}]},"12":{"type":"branch","line":61,"loc":{"start":{"line":61,"column":6},"end":{"line":65,"column":5}},"locations":[{"start":{"line":61,"column":6},"end":{"line":65,"column":5}}]},"13":{"type":"branch","line":63,"loc":{"start":{"line":63,"column":33},"end":{"line":63,"column":106}},"locations":[{"start":{"line":63,"column":33},"end":{"line":63,"column":106}}]},"14":{"type":"branch","line":65,"loc":{"start":{"line":65,"column":5},"end":{"line":67,"column":5}},"locations":[{"start":{"line":65,"column":5},"end":{"line":67,"column":5}}]}},"b":{"0":[126],"1":[3],"2":[3],"3":[123],"4":[113],"5":[2],"6":[111],"7":[4],"8":[3],"9":[1],"10":[3],"11":[1],"12":[2],"13":[1],"14":[3]},"fnMap":{"0":{"name":"LoginPage","decl":{"start":{"line":24,"column":18},"end":{"line":153,"column":2}},"loc":{"start":{"line":24,"column":18},"end":{"line":153,"column":2}},"line":24},"1":{"name":"handleChange","decl":{"start":{"line":35,"column":24},"end":{"line":41,"column":3}},"loc":{"start":{"line":35,"column":24},"end":{"line":41,"column":3}},"line":35},"2":{"name":"handleSubmit","decl":{"start":{"line":43,"column":23},"end":{"line":68,"column":3}},"loc":{"start":{"line":43,"column":23},"end":{"line":68,"column":3}},"line":43}},"f":{"0":126,"1":113,"2":4}}
,"D:\\FavoriteStocksWatcher\\frontend\\src\\services\\authService.js": {"path":"D:\\FavoriteStocksWatcher\\frontend\\src\\services\\authService.js","all":false,"statementMap":{"0":{"start":{"line":1,"column":0},"end":{"line":1,"column":24}},"1":{"start":{"line":2,"column":0},"end":{"line":2,"column":21}},"2":{"start":{"line":3,"column":0},"end":{"line":3,"column":33}},"3":{"start":{"line":4,"column":0},"end":{"line":4,"column":9}},"4":{"start":{"line":5,"column":0},"end":{"line":5,"column":67}},"5":{"start":{"line":6,"column":0},"end":{"line":6,"column":27}},"6":{"start":{"line":7,"column":0},"end":{"line":7,"column":21}},"7":{"start":{"line":8,"column":0},"end":{"line":8,"column":42}},"8":{"start":{"line":9,"column":0},"end":{"line":9,"column":5}},"9":{"start":{"line":10,"column":0},"end":{"line":10,"column":4}},"10":{"start":{"line":11,"column":0},"end":{"line":11,"column":0}},"11":{"start":{"line":12,"column":0},"end":{"line":12,"column":33}},"12":{"start":{"line":13,"column":0},"end":{"line":13,"column":9}},"13":{"start":{"line":14,"column":0},"end":{"line":14,"column":67}},"14":{"start":{"line":15,"column":0},"end":{"line":15,"column":27}},"15":{"start":{"line":16,"column":0},"end":{"line":16,"column":21}},"16":{"start":{"line":17,"column":0},"end":{"line":17,"column":42}},"17":{"start":{"line":18,"column":0},"end":{"line":18,"column":5}},"18":{"start":{"line":19,"column":0},"end":{"line":19,"column":4}},"19":{"start":{"line":20,"column":0},"end":{"line":20,"column":2}},"20":{"start":{"line":21,"column":0},"end":{"line":21,"column":0}},"21":{"start":{"line":22,"column":0},"end":{"line":22,"column":27}}},"s":{"0":1,"1":1,"2":1,"3":0,"4":0,"5":0,"6":0,"7":0,"8":0,"9":1,"10":1,"11":1,"12":0,"13":0,"14":0,"15":0,"16":0,"17":0,"18":0,"19":1,"20":1,"21":1},"branchMap":{},"b":{},"fnMap":{"0":{"name":"register","decl":{"start":{"line":3,"column":12},"end":{"line":10,"column":3}},"loc":{"start":{"line":3,"column":12},"end":{"line":10,"column":3}},"line":3},"1":{"name":"login","decl":{"start":{"line":12,"column":9},"end":{"line":19,"column":4}},"loc":{"start":{"line":12,"column":9},"end":{"line":19,"column":4}},"line":12}},"f":{"0":0,"1":0}}
}
