{"D:\\FavoriteStocksWatcher\\frontend\\src\\components\\AddStockForm.jsx": {"path":"D:\\FavoriteStocksWatcher\\frontend\\src\\components\\AddStockForm.jsx","all":false,"statementMap":{"0":{"start":{"line":1,"column":0},"end":{"line":1,"column":40}},"1":{"start":{"line":2,"column":0},"end":{"line":2,"column":52}},"2":{"start":{"line":3,"column":0},"end":{"line":3,"column":85}},"3":{"start":{"line":4,"column":0},"end":{"line":4,"column":39}},"4":{"start":{"line":5,"column":0},"end":{"line":5,"column":49}},"5":{"start":{"line":6,"column":0},"end":{"line":6,"column":0}},"6":{"start":{"line":7,"column":0},"end":{"line":7,"column":63}},"7":{"start":{"line":8,"column":0},"end":{"line":8,"column":27}},"8":{"start":{"line":9,"column":0},"end":{"line":9,"column":43}},"9":{"start":{"line":10,"column":0},"end":{"line":10,"column":48}},"10":{"start":{"line":11,"column":0},"end":{"line":11,"column":2}},"11":{"start":{"line":12,"column":0},"end":{"line":12,"column":37}},"12":{"start":{"line":13,"column":0},"end":{"line":13,"column":23}},"13":{"start":{"line":14,"column":0},"end":{"line":14,"column":25}},"14":{"start":{"line":15,"column":0},"end":{"line":15,"column":48}},"15":{"start":{"line":16,"column":0},"end":{"line":16,"column":13}},"16":{"start":{"line":17,"column":0},"end":{"line":17,"column":5}},"17":{"start":{"line":18,"column":0},"end":{"line":18,"column":21}},"18":{"start":{"line":19,"column":0},"end":{"line":19,"column":0}},"19":{"start":{"line":20,"column":0},"end":{"line":20,"column":9}},"20":{"start":{"line":21,"column":0},"end":{"line":21,"column":59}},"21":{"start":{"line":22,"column":0},"end":{"line":22,"column":60}},"22":{"start":{"line":23,"column":0},"end":{"line":23,"column":6}},"23":{"start":{"line":24,"column":0},"end":{"line":24,"column":69}},"24":{"start":{"line":25,"column":0},"end":{"line":25,"column":21}},"25":{"start":{"line":26,"column":0},"end":{"line":26,"column":0}},"26":{"start":{"line":27,"column":0},"end":{"line":27,"column":25}},"27":{"start":{"line":28,"column":0},"end":{"line":28,"column":24}},"28":{"start":{"line":29,"column":0},"end":{"line":29,"column":7}},"29":{"start":{"line":30,"column":0},"end":{"line":30,"column":19}},"30":{"start":{"line":31,"column":0},"end":{"line":31,"column":125}},"31":{"start":{"line":32,"column":0},"end":{"line":32,"column":32}},"32":{"start":{"line":33,"column":0},"end":{"line":33,"column":15}},"33":{"start":{"line":34,"column":0},"end":{"line":34,"column":24}},"34":{"start":{"line":35,"column":0},"end":{"line":35,"column":5}},"35":{"start":{"line":36,"column":0},"end":{"line":36,"column":4}},"36":{"start":{"line":37,"column":0},"end":{"line":37,"column":0}},"37":{"start":{"line":38,"column":0},"end":{"line":38,"column":10}},"38":{"start":{"line":39,"column":0},"end":{"line":39,"column":80}},"39":{"start":{"line":40,"column":0},"end":{"line":40,"column":22}},"40":{"start":{"line":41,"column":0},"end":{"line":41,"column":76}},"41":{"start":{"line":42,"column":0},"end":{"line":42,"column":33}},"42":{"start":{"line":43,"column":0},"end":{"line":43,"column":21}},"43":{"start":{"line":44,"column":0},"end":{"line":44,"column":8}},"44":{"start":{"line":45,"column":0},"end":{"line":45,"column":16}},"45":{"start":{"line":46,"column":0},"end":{"line":46,"column":36}},"46":{"start":{"line":47,"column":0},"end":{"line":47,"column":26}},"47":{"start":{"line":48,"column":0},"end":{"line":48,"column":17}},"48":{"start":{"line":49,"column":0},"end":{"line":49,"column":22}},"49":{"start":{"line":50,"column":0},"end":{"line":50,"column":51}},"50":{"start":{"line":51,"column":0},"end":{"line":51,"column":26}},"51":{"start":{"line":52,"column":0},"end":{"line":52,"column":22}},"52":{"start":{"line":53,"column":0},"end":{"line":53,"column":8}},"53":{"start":{"line":54,"column":0},"end":{"line":54,"column":77}},"54":{"start":{"line":55,"column":0},"end":{"line":55,"column":89}},"55":{"start":{"line":56,"column":0},"end":{"line":56,"column":15}},"56":{"start":{"line":57,"column":0},"end":{"line":57,"column":10}},"57":{"start":{"line":58,"column":0},"end":{"line":58,"column":4}},"58":{"start":{"line":59,"column":0},"end":{"line":59,"column":2}},"59":{"start":{"line":60,"column":0},"end":{"line":60,"column":0}},"60":{"start":{"line":61,"column":0},"end":{"line":61,"column":28}}},"s":{"0":1,"1":1,"2":1,"3":1,"4":1,"5":1,"6":1,"7":43,"8":43,"9":43,"10":43,"11":43,"12":3,"13":3,"14":1,"15":1,"16":1,"17":2,"18":2,"19":2,"20":2,"21":2,"22":1,"23":1,"24":1,"25":1,"26":1,"27":1,"28":1,"29":3,"30":1,"31":1,"32":3,"33":2,"34":2,"35":43,"36":43,"37":43,"38":43,"39":43,"40":43,"41":43,"42":43,"43":43,"44":43,"45":43,"46":43,"47":43,"48":43,"49":43,"50":43,"51":43,"52":43,"53":43,"54":43,"55":43,"56":43,"57":43,"58":43,"59":1,"60":1},"branchMap":{"0":{"type":"branch","line":5,"loc":{"start":{"line":5,"column":48},"end":{"line":5,"column":49}},"locations":[{"start":{"line":5,"column":48},"end":{"line":5,"column":49}}]},"1":{"type":"branch","line":5,"loc":{"start":{"line":5,"column":48},"end":{"line":5,"column":49}},"locations":[{"start":{"line":5,"column":48},"end":{"line":5,"column":49}}]},"2":{"type":"branch","line":5,"loc":{"start":{"line":5,"column":48},"end":{"line":5,"column":49}},"locations":[{"start":{"line":5,"column":48},"end":{"line":5,"column":49}}]},"3":{"type":"branch","line":5,"loc":{"start":{"line":5,"column":48},"end":{"line":5,"column":49}},"locations":[{"start":{"line":5,"column":48},"end":{"line":5,"column":49}}]},"4":{"type":"branch","line":5,"loc":{"start":{"line":5,"column":48},"end":{"line":5,"column":49}},"locations":[{"start":{"line":5,"column":48},"end":{"line":5,"column":49}}]},"5":{"type":"branch","line":5,"loc":{"start":{"line":5,"column":48},"end":{"line":5,"column":49}},"locations":[{"start":{"line":5,"column":48},"end":{"line":5,"column":49}}]},"6":{"type":"branch","line":5,"loc":{"start":{"line":5,"column":48},"end":{"line":5,"column":49}},"locations":[{"start":{"line":5,"column":48},"end":{"line":5,"column":49}}]},"7":{"type":"branch","line":5,"loc":{"start":{"line":5,"column":48},"end":{"line":5,"column":49}},"locations":[{"start":{"line":5,"column":48},"end":{"line":5,"column":49}}]},"8":{"type":"branch","line":5,"loc":{"start":{"line":5,"column":48},"end":{"line":5,"column":49}},"locations":[{"start":{"line":5,"column":48},"end":{"line":5,"column":49}}]},"9":{"type":"branch","line":5,"loc":{"start":{"line":5,"column":48},"end":{"line":5,"column":49}},"locations":[{"start":{"line":5,"column":48},"end":{"line":5,"column":49}}]},"10":{"type":"branch","line":5,"loc":{"start":{"line":5,"column":48},"end":{"line":5,"column":49}},"locations":[{"start":{"line":5,"column":48},"end":{"line":5,"column":49}}]},"11":{"type":"branch","line":5,"loc":{"start":{"line":5,"column":48},"end":{"line":5,"column":49}},"locations":[{"start":{"line":5,"column":48},"end":{"line":5,"column":49}}]},"12":{"type":"branch","line":7,"loc":{"start":{"line":7,"column":21},"end":{"line":59,"column":2}},"locations":[{"start":{"line":7,"column":21},"end":{"line":59,"column":2}}]},"13":{"type":"branch","line":39,"loc":{"start":{"line":39,"column":72},"end":{"line":39,"column":76}},"locations":[{"start":{"line":39,"column":72},"end":{"line":39,"column":76}}]},"14":{"type":"branch","line":55,"loc":{"start":{"line":55,"column":16},"end":{"line":55,"column":65}},"locations":[{"start":{"line":55,"column":16},"end":{"line":55,"column":65}}]},"15":{"type":"branch","line":55,"loc":{"start":{"line":55,"column":65},"end":{"line":55,"column":88}},"locations":[{"start":{"line":55,"column":65},"end":{"line":55,"column":88}}]},"16":{"type":"branch","line":12,"loc":{"start":{"line":12,"column":23},"end":{"line":36,"column":3}},"locations":[{"start":{"line":12,"column":23},"end":{"line":36,"column":3}}]},"17":{"type":"branch","line":14,"loc":{"start":{"line":14,"column":24},"end":{"line":17,"column":5}},"locations":[{"start":{"line":14,"column":24},"end":{"line":17,"column":5}}]},"18":{"type":"branch","line":17,"loc":{"start":{"line":17,"column":4},"end":{"line":22,"column":60}},"locations":[{"start":{"line":17,"column":4},"end":{"line":22,"column":60}}]},"19":{"type":"branch","line":22,"loc":{"start":{"line":22,"column":59},"end":{"line":29,"column":7}},"locations":[{"start":{"line":22,"column":59},"end":{"line":29,"column":7}}]},"20":{"type":"branch","line":30,"loc":{"start":{"line":30,"column":6},"end":{"line":33,"column":5}},"locations":[{"start":{"line":30,"column":6},"end":{"line":33,"column":5}}]},"21":{"type":"branch","line":31,"loc":{"start":{"line":31,"column":54},"end":{"line":31,"column":69}},"locations":[{"start":{"line":31,"column":54},"end":{"line":31,"column":69}}]},"22":{"type":"branch","line":31,"loc":{"start":{"line":31,"column":69},"end":{"line":31,"column":124}},"locations":[{"start":{"line":31,"column":69},"end":{"line":31,"column":124}}]},"23":{"type":"branch","line":33,"loc":{"start":{"line":33,"column":5},"end":{"line":35,"column":5}},"locations":[{"start":{"line":33,"column":5},"end":{"line":35,"column":5}}]},"24":{"type":"branch","line":50,"loc":{"start":{"line":50,"column":19},"end":{"line":50,"column":51}},"locations":[{"start":{"line":50,"column":19},"end":{"line":50,"column":51}}]}},"b":{"0":[3],"1":[1],"2":[2],"3":[3],"4":[3],"5":[0],"6":[0],"7":[0],"8":[0],"9":[0],"10":[123],"11":[0],"12":[43],"13":[0],"14":[2],"15":[41],"16":[3],"17":[1],"18":[2],"19":[1],"20":[1],"21":[0],"22":[0],"23":[2],"24":[12]},"fnMap":{"0":{"name":"_interopRequireDefault","decl":{"start":{"line":5,"column":48},"end":{"line":5,"column":49}},"loc":{"start":{"line":5,"column":48},"end":{"line":5,"column":49}},"line":5},"1":{"name":"_interopRequireWildcard","decl":{"start":{"line":5,"column":48},"end":{"line":5,"column":49}},"loc":{"start":{"line":5,"column":48},"end":{"line":5,"column":49}},"line":5},"2":{"name":"_interopRequireWildcard","decl":{"start":{"line":5,"column":48},"end":{"line":5,"column":49}},"loc":{"start":{"line":5,"column":48},"end":{"line":5,"column":49}},"line":5},"3":{"name":"AddStockForm","decl":{"start":{"line":7,"column":21},"end":{"line":59,"column":2}},"loc":{"start":{"line":7,"column":21},"end":{"line":59,"column":2}},"line":7},"4":{"name":"handleSubmit","decl":{"start":{"line":12,"column":23},"end":{"line":36,"column":3}},"loc":{"start":{"line":12,"column":23},"end":{"line":36,"column":3}},"line":12},"5":{"name":"onChange","decl":{"start":{"line":50,"column":19},"end":{"line":50,"column":51}},"loc":{"start":{"line":50,"column":19},"end":{"line":50,"column":51}},"line":50}},"f":{"0":3,"1":3,"2":3,"3":43,"4":3,"5":12}}
,"D:\\FavoriteStocksWatcher\\frontend\\src\\components\\FavoriteStockList.jsx": {"path":"D:\\FavoriteStocksWatcher\\frontend\\src\\components\\FavoriteStockList.jsx","all":false,"statementMap":{"0":{"start":{"line":1,"column":0},"end":{"line":1,"column":41}},"1":{"start":{"line":2,"column":0},"end":{"line":2,"column":8}},"2":{"start":{"line":3,"column":0},"end":{"line":3,"column":7}},"3":{"start":{"line":4,"column":0},"end":{"line":4,"column":11}},"4":{"start":{"line":5,"column":0},"end":{"line":5,"column":26}},"5":{"start":{"line":6,"column":0},"end":{"line":6,"column":13}},"6":{"start":{"line":7,"column":0},"end":{"line":7,"column":13}},"7":{"start":{"line":8,"column":0},"end":{"line":8,"column":8}},"8":{"start":{"line":9,"column":0},"end":{"line":9,"column":6}},"9":{"start":{"line":10,"column":0},"end":{"line":10,"column":7}},"10":{"start":{"line":11,"column":0},"end":{"line":11,"column":19}},"11":{"start":{"line":12,"column":0},"end":{"line":12,"column":10}},"12":{"start":{"line":13,"column":0},"end":{"line":13,"column":10}},"13":{"start":{"line":14,"column":0},"end":{"line":14,"column":23}},"14":{"start":{"line":15,"column":0},"end":{"line":15,"column":52}},"15":{"start":{"line":16,"column":0},"end":{"line":16,"column":54}},"16":{"start":{"line":17,"column":0},"end":{"line":17,"column":60}},"17":{"start":{"line":18,"column":0},"end":{"line":18,"column":64}},"18":{"start":{"line":19,"column":0},"end":{"line":19,"column":64}},"19":{"start":{"line":20,"column":0},"end":{"line":20,"column":48}},"20":{"start":{"line":21,"column":0},"end":{"line":21,"column":0}},"21":{"start":{"line":22,"column":0},"end":{"line":22,"column":82}},"22":{"start":{"line":23,"column":0},"end":{"line":23,"column":94}},"23":{"start":{"line":24,"column":0},"end":{"line":24,"column":81}},"24":{"start":{"line":25,"column":0},"end":{"line":25,"column":136}},"25":{"start":{"line":26,"column":0},"end":{"line":26,"column":3}},"26":{"start":{"line":27,"column":0},"end":{"line":27,"column":47}},"27":{"start":{"line":28,"column":0},"end":{"line":28,"column":56}},"28":{"start":{"line":29,"column":0},"end":{"line":29,"column":0}},"29":{"start":{"line":30,"column":0},"end":{"line":30,"column":19}},"30":{"start":{"line":31,"column":0},"end":{"line":31,"column":155}},"31":{"start":{"line":32,"column":0},"end":{"line":32,"column":26}},"32":{"start":{"line":33,"column":0},"end":{"line":33,"column":155}},"33":{"start":{"line":34,"column":0},"end":{"line":34,"column":10}},"34":{"start":{"line":35,"column":0},"end":{"line":35,"column":130}},"35":{"start":{"line":36,"column":0},"end":{"line":36,"column":3}},"36":{"start":{"line":37,"column":0},"end":{"line":37,"column":2}},"37":{"start":{"line":38,"column":0},"end":{"line":38,"column":0}},"38":{"start":{"line":39,"column":0},"end":{"line":39,"column":96}},"39":{"start":{"line":40,"column":0},"end":{"line":40,"column":27}},"40":{"start":{"line":41,"column":0},"end":{"line":41,"column":0}},"41":{"start":{"line":42,"column":0},"end":{"line":42,"column":19}},"42":{"start":{"line":43,"column":0},"end":{"line":43,"column":54}},"43":{"start":{"line":44,"column":0},"end":{"line":44,"column":42}},"44":{"start":{"line":45,"column":0},"end":{"line":45,"column":24}},"45":{"start":{"line":46,"column":0},"end":{"line":46,"column":24}},"46":{"start":{"line":47,"column":0},"end":{"line":47,"column":43}},"47":{"start":{"line":48,"column":0},"end":{"line":48,"column":24}},"48":{"start":{"line":49,"column":0},"end":{"line":49,"column":0}},"49":{"start":{"line":50,"column":0},"end":{"line":50,"column":42}},"50":{"start":{"line":51,"column":0},"end":{"line":51,"column":13}},"51":{"start":{"line":52,"column":0},"end":{"line":52,"column":32}},"52":{"start":{"line":53,"column":0},"end":{"line":53,"column":11}},"53":{"start":{"line":54,"column":0},"end":{"line":54,"column":24}},"54":{"start":{"line":55,"column":0},"end":{"line":55,"column":51}},"55":{"start":{"line":56,"column":0},"end":{"line":56,"column":55}},"56":{"start":{"line":57,"column":0},"end":{"line":57,"column":15}},"57":{"start":{"line":58,"column":0},"end":{"line":58,"column":8}},"58":{"start":{"line":59,"column":0},"end":{"line":59,"column":5}},"59":{"start":{"line":60,"column":0},"end":{"line":60,"column":89}},"60":{"start":{"line":61,"column":0},"end":{"line":61,"column":58}},"61":{"start":{"line":62,"column":0},"end":{"line":62,"column":12}},"62":{"start":{"line":63,"column":0},"end":{"line":63,"column":168}},"63":{"start":{"line":64,"column":0},"end":{"line":64,"column":59}},"64":{"start":{"line":65,"column":0},"end":{"line":65,"column":12}},"65":{"start":{"line":66,"column":0},"end":{"line":66,"column":126}},"66":{"start":{"line":67,"column":0},"end":{"line":67,"column":59}},"67":{"start":{"line":68,"column":0},"end":{"line":68,"column":59}},"68":{"start":{"line":69,"column":0},"end":{"line":69,"column":12}},"69":{"start":{"line":70,"column":0},"end":{"line":70,"column":214}},"70":{"start":{"line":71,"column":0},"end":{"line":71,"column":62}},"71":{"start":{"line":72,"column":0},"end":{"line":72,"column":32}},"72":{"start":{"line":73,"column":0},"end":{"line":73,"column":15}},"73":{"start":{"line":74,"column":0},"end":{"line":74,"column":4}},"74":{"start":{"line":75,"column":0},"end":{"line":75,"column":0}},"75":{"start":{"line":76,"column":0},"end":{"line":76,"column":65}},"76":{"start":{"line":77,"column":0},"end":{"line":77,"column":17}},"77":{"start":{"line":78,"column":0},"end":{"line":78,"column":3}},"78":{"start":{"line":79,"column":0},"end":{"line":79,"column":0}},"79":{"start":{"line":80,"column":0},"end":{"line":80,"column":10}},"80":{"start":{"line":81,"column":0},"end":{"line":81,"column":105}},"81":{"start":{"line":82,"column":0},"end":{"line":82,"column":101}},"82":{"start":{"line":83,"column":0},"end":{"line":83,"column":49}},"83":{"start":{"line":84,"column":0},"end":{"line":84,"column":26}},"84":{"start":{"line":85,"column":0},"end":{"line":85,"column":21}},"85":{"start":{"line":86,"column":0},"end":{"line":86,"column":51}},"86":{"start":{"line":87,"column":0},"end":{"line":87,"column":44}},"87":{"start":{"line":88,"column":0},"end":{"line":88,"column":18}},"88":{"start":{"line":89,"column":0},"end":{"line":89,"column":25}},"89":{"start":{"line":90,"column":0},"end":{"line":90,"column":41}},"90":{"start":{"line":91,"column":0},"end":{"line":91,"column":28}},"91":{"start":{"line":92,"column":0},"end":{"line":92,"column":78}},"92":{"start":{"line":93,"column":0},"end":{"line":93,"column":46}},"93":{"start":{"line":94,"column":0},"end":{"line":94,"column":15}},"94":{"start":{"line":95,"column":0},"end":{"line":95,"column":162}},"95":{"start":{"line":96,"column":0},"end":{"line":96,"column":27}},"96":{"start":{"line":97,"column":0},"end":{"line":97,"column":19}},"97":{"start":{"line":98,"column":0},"end":{"line":98,"column":20}},"98":{"start":{"line":99,"column":0},"end":{"line":99,"column":10}},"99":{"start":{"line":100,"column":0},"end":{"line":100,"column":12}},"100":{"start":{"line":101,"column":0},"end":{"line":101,"column":30}},"101":{"start":{"line":102,"column":0},"end":{"line":102,"column":63}},"102":{"start":{"line":103,"column":0},"end":{"line":103,"column":66}},"103":{"start":{"line":104,"column":0},"end":{"line":104,"column":13}},"104":{"start":{"line":105,"column":0},"end":{"line":105,"column":33}},"105":{"start":{"line":106,"column":0},"end":{"line":106,"column":42}},"106":{"start":{"line":107,"column":0},"end":{"line":107,"column":83}},"107":{"start":{"line":108,"column":0},"end":{"line":108,"column":26}},"108":{"start":{"line":109,"column":0},"end":{"line":109,"column":13}},"109":{"start":{"line":110,"column":0},"end":{"line":110,"column":138}},"110":{"start":{"line":111,"column":0},"end":{"line":111,"column":0}},"111":{"start":{"line":112,"column":0},"end":{"line":112,"column":20}},"112":{"start":{"line":113,"column":0},"end":{"line":113,"column":23}},"113":{"start":{"line":114,"column":0},"end":{"line":114,"column":34}},"114":{"start":{"line":115,"column":0},"end":{"line":115,"column":23}},"115":{"start":{"line":116,"column":0},"end":{"line":116,"column":21}},"116":{"start":{"line":117,"column":0},"end":{"line":117,"column":34}},"117":{"start":{"line":118,"column":0},"end":{"line":118,"column":61}},"118":{"start":{"line":119,"column":0},"end":{"line":119,"column":65}},"119":{"start":{"line":120,"column":0},"end":{"line":120,"column":26}},"120":{"start":{"line":121,"column":0},"end":{"line":121,"column":76}},"121":{"start":{"line":122,"column":0},"end":{"line":122,"column":18}},"122":{"start":{"line":123,"column":0},"end":{"line":123,"column":15}},"123":{"start":{"line":124,"column":0},"end":{"line":124,"column":138}},"124":{"start":{"line":125,"column":0},"end":{"line":125,"column":88}},"125":{"start":{"line":126,"column":0},"end":{"line":126,"column":34}},"126":{"start":{"line":127,"column":0},"end":{"line":127,"column":31}},"127":{"start":{"line":128,"column":0},"end":{"line":128,"column":35}},"128":{"start":{"line":129,"column":0},"end":{"line":129,"column":92}},"129":{"start":{"line":130,"column":0},"end":{"line":130,"column":20}},"130":{"start":{"line":131,"column":0},"end":{"line":131,"column":22}},"131":{"start":{"line":132,"column":0},"end":{"line":132,"column":0}},"132":{"start":{"line":133,"column":0},"end":{"line":133,"column":178}},"133":{"start":{"line":134,"column":0},"end":{"line":134,"column":66}},"134":{"start":{"line":135,"column":0},"end":{"line":135,"column":22}},"135":{"start":{"line":136,"column":0},"end":{"line":136,"column":171}},"136":{"start":{"line":137,"column":0},"end":{"line":137,"column":56}},"137":{"start":{"line":138,"column":0},"end":{"line":138,"column":35}},"138":{"start":{"line":139,"column":0},"end":{"line":139,"column":28}},"139":{"start":{"line":140,"column":0},"end":{"line":140,"column":50}},"140":{"start":{"line":141,"column":0},"end":{"line":141,"column":83}},"141":{"start":{"line":142,"column":0},"end":{"line":142,"column":57}},"142":{"start":{"line":143,"column":0},"end":{"line":143,"column":38}},"143":{"start":{"line":144,"column":0},"end":{"line":144,"column":24}},"144":{"start":{"line":145,"column":0},"end":{"line":145,"column":23}},"145":{"start":{"line":146,"column":0},"end":{"line":146,"column":23}},"146":{"start":{"line":147,"column":0},"end":{"line":147,"column":31}},"147":{"start":{"line":148,"column":0},"end":{"line":148,"column":41}},"148":{"start":{"line":149,"column":0},"end":{"line":149,"column":38}},"149":{"start":{"line":150,"column":0},"end":{"line":150,"column":54}},"150":{"start":{"line":151,"column":0},"end":{"line":151,"column":68}},"151":{"start":{"line":152,"column":0},"end":{"line":152,"column":21}},"152":{"start":{"line":153,"column":0},"end":{"line":153,"column":25}},"153":{"start":{"line":154,"column":0},"end":{"line":154,"column":33}},"154":{"start":{"line":155,"column":0},"end":{"line":155,"column":20}},"155":{"start":{"line":156,"column":0},"end":{"line":156,"column":22}},"156":{"start":{"line":157,"column":0},"end":{"line":157,"column":0}},"157":{"start":{"line":158,"column":0},"end":{"line":158,"column":136}},"158":{"start":{"line":159,"column":0},"end":{"line":159,"column":87}},"159":{"start":{"line":160,"column":0},"end":{"line":160,"column":99}},"160":{"start":{"line":161,"column":0},"end":{"line":161,"column":33}},"161":{"start":{"line":162,"column":0},"end":{"line":162,"column":88}},"162":{"start":{"line":163,"column":0},"end":{"line":163,"column":123}},"163":{"start":{"line":164,"column":0},"end":{"line":164,"column":33}},"164":{"start":{"line":165,"column":0},"end":{"line":165,"column":22}},"165":{"start":{"line":166,"column":0},"end":{"line":166,"column":0}},"166":{"start":{"line":167,"column":0},"end":{"line":167,"column":224}},"167":{"start":{"line":168,"column":0},"end":{"line":168,"column":54}},"168":{"start":{"line":169,"column":0},"end":{"line":169,"column":107}},"169":{"start":{"line":170,"column":0},"end":{"line":170,"column":36}},"170":{"start":{"line":171,"column":0},"end":{"line":171,"column":33}},"171":{"start":{"line":172,"column":0},"end":{"line":172,"column":28}},"172":{"start":{"line":173,"column":0},"end":{"line":173,"column":42}},"173":{"start":{"line":174,"column":0},"end":{"line":174,"column":25}},"174":{"start":{"line":175,"column":0},"end":{"line":175,"column":14}},"175":{"start":{"line":176,"column":0},"end":{"line":176,"column":12}},"176":{"start":{"line":177,"column":0},"end":{"line":177,"column":10}},"177":{"start":{"line":178,"column":0},"end":{"line":178,"column":13}},"178":{"start":{"line":179,"column":0},"end":{"line":179,"column":12}},"179":{"start":{"line":180,"column":0},"end":{"line":180,"column":4}},"180":{"start":{"line":181,"column":0},"end":{"line":181,"column":2}},"181":{"start":{"line":182,"column":0},"end":{"line":182,"column":0}},"182":{"start":{"line":183,"column":0},"end":{"line":183,"column":33}}},"s":{"0":1,"1":1,"2":1,"3":1,"4":1,"5":1,"6":1,"7":1,"8":1,"9":1,"10":1,"11":1,"12":1,"13":1,"14":1,"15":1,"16":1,"17":1,"18":1,"19":1,"20":1,"21":1,"22":40,"23":40,"24":10,"25":10,"26":30,"27":30,"28":30,"29":40,"30":20,"31":40,"32":10,"33":10,"34":0,"35":0,"36":40,"37":1,"38":1,"39":12,"40":12,"41":12,"42":12,"43":12,"44":2,"45":12,"46":12,"47":12,"48":12,"49":12,"50":4,"51":4,"52":4,"53":4,"54":4,"55":4,"56":4,"57":4,"58":4,"59":4,"60":4,"61":4,"62":4,"63":4,"64":4,"65":4,"66":4,"67":4,"68":4,"69":4,"70":4,"71":4,"72":4,"73":12,"74":12,"75":12,"76":1,"77":1,"78":11,"79":11,"80":11,"81":11,"82":11,"83":11,"84":11,"85":11,"86":11,"87":11,"88":11,"89":11,"90":11,"91":11,"92":11,"93":11,"94":11,"95":11,"96":11,"97":11,"98":12,"99":12,"100":12,"101":12,"102":12,"103":10,"104":10,"105":40,"106":0,"107":0,"108":0,"109":40,"110":40,"111":40,"112":40,"113":40,"114":40,"115":40,"116":40,"117":40,"118":40,"119":40,"120":40,"121":40,"122":40,"123":40,"124":40,"125":40,"126":40,"127":40,"128":10,"129":40,"130":40,"131":40,"132":40,"133":40,"134":30,"135":30,"136":30,"137":30,"138":30,"139":30,"140":30,"141":30,"142":30,"143":30,"144":30,"145":10,"146":10,"147":10,"148":10,"149":10,"150":10,"151":10,"152":10,"153":10,"154":40,"155":40,"156":40,"157":40,"158":40,"159":40,"160":40,"161":40,"162":40,"163":40,"164":40,"165":40,"166":40,"167":40,"168":40,"169":40,"170":40,"171":40,"172":40,"173":40,"174":40,"175":10,"176":12,"177":12,"178":12,"179":12,"180":12,"181":1,"182":1},"branchMap":{"0":{"type":"branch","line":22,"loc":{"start":{"line":22,"column":32},"end":{"line":37,"column":2}},"locations":[{"start":{"line":22,"column":32},"end":{"line":37,"column":2}}]},"1":{"type":"branch","line":23,"loc":{"start":{"line":23,"column":41},"end":{"line":23,"column":60}},"locations":[{"start":{"line":23,"column":41},"end":{"line":23,"column":60}}]},"2":{"type":"branch","line":23,"loc":{"start":{"line":23,"column":60},"end":{"line":23,"column":72}},"locations":[{"start":{"line":23,"column":60},"end":{"line":23,"column":72}}]},"3":{"type":"branch","line":23,"loc":{"start":{"line":23,"column":72},"end":{"line":23,"column":93}},"locations":[{"start":{"line":23,"column":72},"end":{"line":23,"column":93}}]},"4":{"type":"branch","line":24,"loc":{"start":{"line":24,"column":27},"end":{"line":24,"column":54}},"locations":[{"start":{"line":24,"column":27},"end":{"line":24,"column":54}}]},"5":{"type":"branch","line":24,"loc":{"start":{"line":24,"column":54},"end":{"line":24,"column":78}},"locations":[{"start":{"line":24,"column":54},"end":{"line":24,"column":78}}]},"6":{"type":"branch","line":24,"loc":{"start":{"line":24,"column":80},"end":{"line":26,"column":3}},"locations":[{"start":{"line":24,"column":80},"end":{"line":26,"column":3}}]},"7":{"type":"branch","line":26,"loc":{"start":{"line":26,"column":2},"end":{"line":30,"column":18}},"locations":[{"start":{"line":26,"column":2},"end":{"line":30,"column":18}}]},"8":{"type":"branch","line":30,"loc":{"start":{"line":30,"column":18},"end":{"line":32,"column":3}},"locations":[{"start":{"line":30,"column":18},"end":{"line":32,"column":3}}]},"9":{"type":"branch","line":32,"loc":{"start":{"line":32,"column":3},"end":{"line":36,"column":3}},"locations":[{"start":{"line":32,"column":3},"end":{"line":36,"column":3}}]},"10":{"type":"branch","line":34,"loc":{"start":{"line":34,"column":3},"end":{"line":36,"column":3}},"locations":[{"start":{"line":34,"column":3},"end":{"line":36,"column":3}}]},"11":{"type":"branch","line":39,"loc":{"start":{"line":39,"column":26},"end":{"line":181,"column":2}},"locations":[{"start":{"line":39,"column":26},"end":{"line":181,"column":2}}]},"12":{"type":"branch","line":76,"loc":{"start":{"line":76,"column":26},"end":{"line":76,"column":62}},"locations":[{"start":{"line":76,"column":26},"end":{"line":76,"column":62}}]},"13":{"type":"branch","line":76,"loc":{"start":{"line":76,"column":64},"end":{"line":78,"column":3}},"locations":[{"start":{"line":76,"column":64},"end":{"line":78,"column":3}}]},"14":{"type":"branch","line":78,"loc":{"start":{"line":78,"column":2},"end":{"line":98,"column":20}},"locations":[{"start":{"line":78,"column":2},"end":{"line":98,"column":20}}]},"15":{"type":"branch","line":92,"loc":{"start":{"line":92,"column":45},"end":{"line":92,"column":55}},"locations":[{"start":{"line":92,"column":45},"end":{"line":92,"column":55}}]},"16":{"type":"branch","line":92,"loc":{"start":{"line":92,"column":55},"end":{"line":92,"column":77}},"locations":[{"start":{"line":92,"column":55},"end":{"line":92,"column":77}}]},"17":{"type":"branch","line":95,"loc":{"start":{"line":95,"column":37},"end":{"line":95,"column":47}},"locations":[{"start":{"line":95,"column":37},"end":{"line":95,"column":47}}]},"18":{"type":"branch","line":95,"loc":{"start":{"line":95,"column":47},"end":{"line":95,"column":68}},"locations":[{"start":{"line":95,"column":47},"end":{"line":95,"column":68}}]},"19":{"type":"branch","line":95,"loc":{"start":{"line":95,"column":68},"end":{"line":95,"column":117}},"locations":[{"start":{"line":95,"column":68},"end":{"line":95,"column":117}}]},"20":{"type":"branch","line":95,"loc":{"start":{"line":95,"column":117},"end":{"line":95,"column":161}},"locations":[{"start":{"line":95,"column":117},"end":{"line":95,"column":161}}]},"21":{"type":"branch","line":102,"loc":{"start":{"line":102,"column":28},"end":{"line":102,"column":38}},"locations":[{"start":{"line":102,"column":28},"end":{"line":102,"column":38}}]},"22":{"type":"branch","line":102,"loc":{"start":{"line":102,"column":38},"end":{"line":102,"column":59}},"locations":[{"start":{"line":102,"column":38},"end":{"line":102,"column":59}}]},"23":{"type":"branch","line":102,"loc":{"start":{"line":102,"column":59},"end":{"line":103,"column":65}},"locations":[{"start":{"line":102,"column":59},"end":{"line":103,"column":65}}]},"24":{"type":"branch","line":103,"loc":{"start":{"line":103,"column":65},"end":{"line":176,"column":12}},"locations":[{"start":{"line":103,"column":65},"end":{"line":176,"column":12}}]},"25":{"type":"branch","line":42,"loc":{"start":{"line":42,"column":12},"end":{"line":48,"column":3}},"locations":[{"start":{"line":42,"column":12},"end":{"line":48,"column":3}}]},"26":{"type":"branch","line":43,"loc":{"start":{"line":43,"column":47},"end":{"line":43,"column":54}},"locations":[{"start":{"line":43,"column":47},"end":{"line":43,"column":54}}]},"27":{"type":"branch","line":44,"loc":{"start":{"line":44,"column":35},"end":{"line":46,"column":5}},"locations":[{"start":{"line":44,"column":35},"end":{"line":46,"column":5}}]},"28":{"type":"branch","line":47,"loc":{"start":{"line":47,"column":11},"end":{"line":47,"column":42}},"locations":[{"start":{"line":47,"column":11},"end":{"line":47,"column":42}}]},"29":{"type":"branch","line":50,"loc":{"start":{"line":50,"column":30},"end":{"line":73,"column":15}},"locations":[{"start":{"line":50,"column":30},"end":{"line":73,"column":15}}]},"30":{"type":"branch","line":103,"loc":{"start":{"line":103,"column":21},"end":{"line":103,"column":64}},"locations":[{"start":{"line":103,"column":21},"end":{"line":103,"column":64}}]},"31":{"type":"branch","line":105,"loc":{"start":{"line":105,"column":22},"end":{"line":176,"column":11}},"locations":[{"start":{"line":105,"column":22},"end":{"line":176,"column":11}}]},"32":{"type":"branch","line":106,"loc":{"start":{"line":106,"column":41},"end":{"line":109,"column":13}},"locations":[{"start":{"line":106,"column":41},"end":{"line":109,"column":13}}]},"33":{"type":"branch","line":128,"loc":{"start":{"line":128,"column":30},"end":{"line":129,"column":92}},"locations":[{"start":{"line":128,"column":30},"end":{"line":129,"column":92}}]},"34":{"type":"branch","line":134,"loc":{"start":{"line":134,"column":46},"end":{"line":134,"column":62}},"locations":[{"start":{"line":134,"column":46},"end":{"line":134,"column":62}}]},"35":{"type":"branch","line":134,"loc":{"start":{"line":134,"column":62},"end":{"line":145,"column":23}},"locations":[{"start":{"line":134,"column":62},"end":{"line":145,"column":23}}]},"36":{"type":"branch","line":146,"loc":{"start":{"line":146,"column":-2},"end":{"line":154,"column":33}},"locations":[{"start":{"line":146,"column":-2},"end":{"line":154,"column":33}}]},"37":{"type":"branch","line":160,"loc":{"start":{"line":160,"column":55},"end":{"line":160,"column":90}},"locations":[{"start":{"line":160,"column":55},"end":{"line":160,"column":90}}]},"38":{"type":"branch","line":160,"loc":{"start":{"line":160,"column":90},"end":{"line":160,"column":98}},"locations":[{"start":{"line":160,"column":90},"end":{"line":160,"column":98}}]},"39":{"type":"branch","line":163,"loc":{"start":{"line":163,"column":70},"end":{"line":163,"column":114}},"locations":[{"start":{"line":163,"column":70},"end":{"line":163,"column":114}}]},"40":{"type":"branch","line":163,"loc":{"start":{"line":163,"column":114},"end":{"line":163,"column":122}},"locations":[{"start":{"line":163,"column":114},"end":{"line":163,"column":122}}]},"41":{"type":"branch","line":169,"loc":{"start":{"line":169,"column":72},"end":{"line":169,"column":106}},"locations":[{"start":{"line":169,"column":72},"end":{"line":169,"column":106}}]}},"b":{"0":[40],"1":[30],"2":[20],"3":[20],"4":[30],"5":[30],"6":[10],"7":[30],"8":[20],"9":[10],"10":[0],"11":[12],"12":[11],"13":[1],"14":[11],"15":[1],"16":[1],"17":[1],"18":[1],"19":[1],"20":[10],"21":[1],"22":[1],"23":[1],"24":[10],"25":[12],"26":[0],"27":[2],"28":[12],"29":[4],"30":[4],"31":[40],"32":[0],"33":[10],"34":[30],"35":[30],"36":[10],"37":[30],"38":[10],"39":[30],"40":[10],"41":[1]},"fnMap":{"0":{"name":"getPriceChangeIndicator","decl":{"start":{"line":22,"column":32},"end":{"line":37,"column":2}},"loc":{"start":{"line":22,"column":32},"end":{"line":37,"column":2}},"line":22},"1":{"name":"FavoriteStockList","decl":{"start":{"line":39,"column":26},"end":{"line":181,"column":2}},"loc":{"start":{"line":39,"column":26},"end":{"line":181,"column":2}},"line":39},"2":{"name":"renderSkeletonItem","decl":{"start":{"line":50,"column":30},"end":{"line":73,"column":15}},"loc":{"start":{"line":50,"column":30},"end":{"line":73,"column":15}},"line":50},"3":{"name":"onClick","decl":{"start":{"line":169,"column":72},"end":{"line":169,"column":106}},"loc":{"start":{"line":169,"column":72},"end":{"line":169,"column":106}},"line":169}},"f":{"0":40,"1":12,"2":4,"3":1}}
,"D:\\FavoriteStocksWatcher\\frontend\\src\\components\\Header.jsx": {"path":"D:\\FavoriteStocksWatcher\\frontend\\src\\components\\Header.jsx","all":false,"statementMap":{"0":{"start":{"line":1,"column":0},"end":{"line":1,"column":40}},"1":{"start":{"line":2,"column":0},"end":{"line":2,"column":67}},"2":{"start":{"line":3,"column":0},"end":{"line":3,"column":50}},"3":{"start":{"line":4,"column":0},"end":{"line":4,"column":8}},"4":{"start":{"line":5,"column":0},"end":{"line":5,"column":9}},"5":{"start":{"line":6,"column":0},"end":{"line":6,"column":10}},"6":{"start":{"line":7,"column":0},"end":{"line":7,"column":13}},"7":{"start":{"line":8,"column":0},"end":{"line":8,"column":9}},"8":{"start":{"line":9,"column":0},"end":{"line":9,"column":6}},"9":{"start":{"line":10,"column":0},"end":{"line":10,"column":13}},"10":{"start":{"line":11,"column":0},"end":{"line":11,"column":7}},"11":{"start":{"line":12,"column":0},"end":{"line":12,"column":11}},"12":{"start":{"line":13,"column":0},"end":{"line":13,"column":9}},"13":{"start":{"line":14,"column":0},"end":{"line":14,"column":10}},"14":{"start":{"line":15,"column":0},"end":{"line":15,"column":12}},"15":{"start":{"line":16,"column":0},"end":{"line":16,"column":10}},"16":{"start":{"line":17,"column":0},"end":{"line":17,"column":9}},"17":{"start":{"line":18,"column":0},"end":{"line":18,"column":14}},"18":{"start":{"line":19,"column":0},"end":{"line":19,"column":16}},"19":{"start":{"line":20,"column":0},"end":{"line":20,"column":8}},"20":{"start":{"line":21,"column":0},"end":{"line":21,"column":15}},"21":{"start":{"line":22,"column":0},"end":{"line":22,"column":14}},"22":{"start":{"line":23,"column":0},"end":{"line":23,"column":23}},"23":{"start":{"line":24,"column":0},"end":{"line":24,"column":68}},"24":{"start":{"line":25,"column":0},"end":{"line":25,"column":62}},"25":{"start":{"line":26,"column":0},"end":{"line":26,"column":58}},"26":{"start":{"line":27,"column":0},"end":{"line":27,"column":66}},"27":{"start":{"line":28,"column":0},"end":{"line":28,"column":52}},"28":{"start":{"line":29,"column":0},"end":{"line":29,"column":58}},"29":{"start":{"line":30,"column":0},"end":{"line":30,"column":50}},"30":{"start":{"line":31,"column":0},"end":{"line":31,"column":72}},"31":{"start":{"line":32,"column":0},"end":{"line":32,"column":42}},"32":{"start":{"line":33,"column":0},"end":{"line":33,"column":0}},"33":{"start":{"line":34,"column":0},"end":{"line":34,"column":48}},"34":{"start":{"line":35,"column":0},"end":{"line":35,"column":37}},"35":{"start":{"line":36,"column":0},"end":{"line":36,"column":33}},"36":{"start":{"line":37,"column":0},"end":{"line":37,"column":57}},"37":{"start":{"line":38,"column":0},"end":{"line":38,"column":70}},"38":{"start":{"line":39,"column":0},"end":{"line":39,"column":0}},"39":{"start":{"line":40,"column":0},"end":{"line":40,"column":77}},"40":{"start":{"line":41,"column":0},"end":{"line":41,"column":58}},"41":{"start":{"line":42,"column":0},"end":{"line":42,"column":0}},"42":{"start":{"line":43,"column":0},"end":{"line":43,"column":86}},"43":{"start":{"line":44,"column":0},"end":{"line":44,"column":119}},"44":{"start":{"line":45,"column":0},"end":{"line":45,"column":89}},"45":{"start":{"line":46,"column":0},"end":{"line":46,"column":0}},"46":{"start":{"line":47,"column":0},"end":{"line":47,"column":69}},"47":{"start":{"line":48,"column":0},"end":{"line":48,"column":71}},"48":{"start":{"line":49,"column":0},"end":{"line":49,"column":42}},"49":{"start":{"line":50,"column":0},"end":{"line":50,"column":32}},"50":{"start":{"line":51,"column":0},"end":{"line":51,"column":33}},"51":{"start":{"line":52,"column":0},"end":{"line":52,"column":31}},"52":{"start":{"line":53,"column":0},"end":{"line":53,"column":5}},"53":{"start":{"line":54,"column":0},"end":{"line":54,"column":4}},"54":{"start":{"line":55,"column":0},"end":{"line":55,"column":0}},"55":{"start":{"line":56,"column":0},"end":{"line":56,"column":35}},"56":{"start":{"line":57,"column":0},"end":{"line":57,"column":0}},"57":{"start":{"line":58,"column":0},"end":{"line":58,"column":10}},"58":{"start":{"line":59,"column":0},"end":{"line":59,"column":6}},"59":{"start":{"line":60,"column":0},"end":{"line":60,"column":32}},"60":{"start":{"line":61,"column":0},"end":{"line":61,"column":33}},"61":{"start":{"line":62,"column":0},"end":{"line":62,"column":18}},"62":{"start":{"line":63,"column":0},"end":{"line":63,"column":26}},"63":{"start":{"line":64,"column":0},"end":{"line":64,"column":17}},"64":{"start":{"line":65,"column":0},"end":{"line":65,"column":44}},"65":{"start":{"line":66,"column":0},"end":{"line":66,"column":35}},"66":{"start":{"line":67,"column":0},"end":{"line":67,"column":30}},"67":{"start":{"line":68,"column":0},"end":{"line":68,"column":36}},"68":{"start":{"line":69,"column":0},"end":{"line":69,"column":14}},"69":{"start":{"line":70,"column":0},"end":{"line":70,"column":11}},"70":{"start":{"line":71,"column":0},"end":{"line":71,"column":16}},"71":{"start":{"line":72,"column":0},"end":{"line":72,"column":36}},"72":{"start":{"line":73,"column":0},"end":{"line":73,"column":20}},"73":{"start":{"line":74,"column":0},"end":{"line":74,"column":19}},"74":{"start":{"line":75,"column":0},"end":{"line":75,"column":32}},"75":{"start":{"line":76,"column":0},"end":{"line":76,"column":37}},"76":{"start":{"line":77,"column":0},"end":{"line":77,"column":39}},"77":{"start":{"line":78,"column":0},"end":{"line":78,"column":33}},"78":{"start":{"line":79,"column":0},"end":{"line":79,"column":22}},"79":{"start":{"line":80,"column":0},"end":{"line":80,"column":16}},"80":{"start":{"line":81,"column":0},"end":{"line":81,"column":13}},"81":{"start":{"line":82,"column":0},"end":{"line":82,"column":119}},"82":{"start":{"line":83,"column":0},"end":{"line":83,"column":25}},"83":{"start":{"line":84,"column":0},"end":{"line":84,"column":28}},"84":{"start":{"line":85,"column":0},"end":{"line":85,"column":22}},"85":{"start":{"line":86,"column":0},"end":{"line":86,"column":21}},"86":{"start":{"line":87,"column":0},"end":{"line":87,"column":42}},"87":{"start":{"line":88,"column":0},"end":{"line":88,"column":34}},"88":{"start":{"line":89,"column":0},"end":{"line":89,"column":62}},"89":{"start":{"line":90,"column":0},"end":{"line":90,"column":59}},"90":{"start":{"line":91,"column":0},"end":{"line":91,"column":18}},"91":{"start":{"line":92,"column":0},"end":{"line":92,"column":15}},"92":{"start":{"line":93,"column":0},"end":{"line":93,"column":25}},"93":{"start":{"line":94,"column":0},"end":{"line":94,"column":27}},"94":{"start":{"line":95,"column":0},"end":{"line":95,"column":18}},"95":{"start":{"line":96,"column":0},"end":{"line":96,"column":0}},"96":{"start":{"line":97,"column":0},"end":{"line":97,"column":40}},"97":{"start":{"line":98,"column":0},"end":{"line":98,"column":0}},"98":{"start":{"line":99,"column":0},"end":{"line":99,"column":21}},"99":{"start":{"line":100,"column":0},"end":{"line":100,"column":86}},"100":{"start":{"line":101,"column":0},"end":{"line":101,"column":108}},"101":{"start":{"line":102,"column":0},"end":{"line":102,"column":68}},"102":{"start":{"line":103,"column":0},"end":{"line":103,"column":126}},"103":{"start":{"line":104,"column":0},"end":{"line":104,"column":52}},"104":{"start":{"line":105,"column":0},"end":{"line":105,"column":37}},"105":{"start":{"line":106,"column":0},"end":{"line":106,"column":79}},"106":{"start":{"line":107,"column":0},"end":{"line":107,"column":37}},"107":{"start":{"line":108,"column":0},"end":{"line":108,"column":45}},"108":{"start":{"line":109,"column":0},"end":{"line":109,"column":33}},"109":{"start":{"line":110,"column":0},"end":{"line":110,"column":54}},"110":{"start":{"line":111,"column":0},"end":{"line":111,"column":46}},"111":{"start":{"line":112,"column":0},"end":{"line":112,"column":47}},"112":{"start":{"line":113,"column":0},"end":{"line":113,"column":51}},"113":{"start":{"line":114,"column":0},"end":{"line":114,"column":49}},"114":{"start":{"line":115,"column":0},"end":{"line":115,"column":55}},"115":{"start":{"line":116,"column":0},"end":{"line":116,"column":49}},"116":{"start":{"line":117,"column":0},"end":{"line":117,"column":30}},"117":{"start":{"line":118,"column":0},"end":{"line":118,"column":27}},"118":{"start":{"line":119,"column":0},"end":{"line":119,"column":40}},"119":{"start":{"line":120,"column":0},"end":{"line":120,"column":39}},"120":{"start":{"line":121,"column":0},"end":{"line":121,"column":34}},"121":{"start":{"line":122,"column":0},"end":{"line":122,"column":142}},"122":{"start":{"line":123,"column":0},"end":{"line":123,"column":51}},"123":{"start":{"line":124,"column":0},"end":{"line":124,"column":37}},"124":{"start":{"line":125,"column":0},"end":{"line":125,"column":28}},"125":{"start":{"line":126,"column":0},"end":{"line":126,"column":22}},"126":{"start":{"line":127,"column":0},"end":{"line":127,"column":0}},"127":{"start":{"line":128,"column":0},"end":{"line":128,"column":47}},"128":{"start":{"line":129,"column":0},"end":{"line":129,"column":111}},"129":{"start":{"line":130,"column":0},"end":{"line":130,"column":93}},"130":{"start":{"line":131,"column":0},"end":{"line":131,"column":31}},"131":{"start":{"line":132,"column":0},"end":{"line":132,"column":26}},"132":{"start":{"line":133,"column":0},"end":{"line":133,"column":43}},"133":{"start":{"line":134,"column":0},"end":{"line":134,"column":73}},"134":{"start":{"line":135,"column":0},"end":{"line":135,"column":118}},"135":{"start":{"line":136,"column":0},"end":{"line":136,"column":127}},"136":{"start":{"line":137,"column":0},"end":{"line":137,"column":29}},"137":{"start":{"line":138,"column":0},"end":{"line":138,"column":31}},"138":{"start":{"line":139,"column":0},"end":{"line":139,"column":26}},"139":{"start":{"line":140,"column":0},"end":{"line":140,"column":21}},"140":{"start":{"line":141,"column":0},"end":{"line":141,"column":41}},"141":{"start":{"line":142,"column":0},"end":{"line":142,"column":46}},"142":{"start":{"line":143,"column":0},"end":{"line":143,"column":47}},"143":{"start":{"line":144,"column":0},"end":{"line":144,"column":31}},"144":{"start":{"line":145,"column":0},"end":{"line":145,"column":33}},"145":{"start":{"line":146,"column":0},"end":{"line":146,"column":25}},"146":{"start":{"line":147,"column":0},"end":{"line":147,"column":42}},"147":{"start":{"line":148,"column":0},"end":{"line":148,"column":74}},"148":{"start":{"line":149,"column":0},"end":{"line":149,"column":45}},"149":{"start":{"line":150,"column":0},"end":{"line":150,"column":86}},"150":{"start":{"line":151,"column":0},"end":{"line":151,"column":218}},"151":{"start":{"line":152,"column":0},"end":{"line":152,"column":22}},"152":{"start":{"line":153,"column":0},"end":{"line":153,"column":20}},"153":{"start":{"line":154,"column":0},"end":{"line":154,"column":76}},"154":{"start":{"line":155,"column":0},"end":{"line":155,"column":76}},"155":{"start":{"line":156,"column":0},"end":{"line":156,"column":17}},"156":{"start":{"line":157,"column":0},"end":{"line":157,"column":77}},"157":{"start":{"line":158,"column":0},"end":{"line":158,"column":90}},"158":{"start":{"line":159,"column":0},"end":{"line":159,"column":97}},"159":{"start":{"line":160,"column":0},"end":{"line":160,"column":52}},"160":{"start":{"line":161,"column":0},"end":{"line":161,"column":35}},"161":{"start":{"line":162,"column":0},"end":{"line":162,"column":83}},"162":{"start":{"line":163,"column":0},"end":{"line":163,"column":35}},"163":{"start":{"line":164,"column":0},"end":{"line":164,"column":43}},"164":{"start":{"line":165,"column":0},"end":{"line":165,"column":41}},"165":{"start":{"line":166,"column":0},"end":{"line":166,"column":48}},"166":{"start":{"line":167,"column":0},"end":{"line":167,"column":31}},"167":{"start":{"line":168,"column":0},"end":{"line":168,"column":44}},"168":{"start":{"line":169,"column":0},"end":{"line":169,"column":49}},"169":{"start":{"line":170,"column":0},"end":{"line":170,"column":47}},"170":{"start":{"line":171,"column":0},"end":{"line":171,"column":53}},"171":{"start":{"line":172,"column":0},"end":{"line":172,"column":47}},"172":{"start":{"line":173,"column":0},"end":{"line":173,"column":28}},"173":{"start":{"line":174,"column":0},"end":{"line":174,"column":25}},"174":{"start":{"line":175,"column":0},"end":{"line":175,"column":38}},"175":{"start":{"line":176,"column":0},"end":{"line":176,"column":37}},"176":{"start":{"line":177,"column":0},"end":{"line":177,"column":32}},"177":{"start":{"line":178,"column":0},"end":{"line":178,"column":176}},"178":{"start":{"line":179,"column":0},"end":{"line":179,"column":26}},"179":{"start":{"line":180,"column":0},"end":{"line":180,"column":90}},"180":{"start":{"line":181,"column":0},"end":{"line":181,"column":0}},"181":{"start":{"line":182,"column":0},"end":{"line":182,"column":70}},"182":{"start":{"line":183,"column":0},"end":{"line":183,"column":119}},"183":{"start":{"line":184,"column":0},"end":{"line":184,"column":68}},"184":{"start":{"line":185,"column":0},"end":{"line":185,"column":31}},"185":{"start":{"line":186,"column":0},"end":{"line":186,"column":80}},"186":{"start":{"line":187,"column":0},"end":{"line":187,"column":111}},"187":{"start":{"line":188,"column":0},"end":{"line":188,"column":66}},"188":{"start":{"line":189,"column":0},"end":{"line":189,"column":31}},"189":{"start":{"line":190,"column":0},"end":{"line":190,"column":43}},"190":{"start":{"line":191,"column":0},"end":{"line":191,"column":90}},"191":{"start":{"line":192,"column":0},"end":{"line":192,"column":112}},"192":{"start":{"line":193,"column":0},"end":{"line":193,"column":60}},"193":{"start":{"line":194,"column":0},"end":{"line":194,"column":31}},"194":{"start":{"line":195,"column":0},"end":{"line":195,"column":23}},"195":{"start":{"line":196,"column":0},"end":{"line":196,"column":22}},"196":{"start":{"line":197,"column":0},"end":{"line":197,"column":17}},"197":{"start":{"line":198,"column":0},"end":{"line":198,"column":84}},"198":{"start":{"line":199,"column":0},"end":{"line":199,"column":23}},"199":{"start":{"line":200,"column":0},"end":{"line":200,"column":33}},"200":{"start":{"line":201,"column":0},"end":{"line":201,"column":33}},"201":{"start":{"line":202,"column":0},"end":{"line":202,"column":40}},"202":{"start":{"line":203,"column":0},"end":{"line":203,"column":29}},"203":{"start":{"line":204,"column":0},"end":{"line":204,"column":23}},"204":{"start":{"line":205,"column":0},"end":{"line":205,"column":57}},"205":{"start":{"line":206,"column":0},"end":{"line":206,"column":63}},"206":{"start":{"line":207,"column":0},"end":{"line":207,"column":52}},"207":{"start":{"line":208,"column":0},"end":{"line":208,"column":20}},"208":{"start":{"line":209,"column":0},"end":{"line":209,"column":45}},"209":{"start":{"line":210,"column":0},"end":{"line":210,"column":17}},"210":{"start":{"line":211,"column":0},"end":{"line":211,"column":28}},"211":{"start":{"line":212,"column":0},"end":{"line":212,"column":25}},"212":{"start":{"line":213,"column":0},"end":{"line":213,"column":23}},"213":{"start":{"line":214,"column":0},"end":{"line":214,"column":33}},"214":{"start":{"line":215,"column":0},"end":{"line":215,"column":37}},"215":{"start":{"line":216,"column":0},"end":{"line":216,"column":40}},"216":{"start":{"line":217,"column":0},"end":{"line":217,"column":32}},"217":{"start":{"line":218,"column":0},"end":{"line":218,"column":23}},"218":{"start":{"line":219,"column":0},"end":{"line":219,"column":57}},"219":{"start":{"line":220,"column":0},"end":{"line":220,"column":63}},"220":{"start":{"line":221,"column":0},"end":{"line":221,"column":51}},"221":{"start":{"line":222,"column":0},"end":{"line":222,"column":20}},"222":{"start":{"line":223,"column":0},"end":{"line":223,"column":48}},"223":{"start":{"line":224,"column":0},"end":{"line":224,"column":17}},"224":{"start":{"line":225,"column":0},"end":{"line":225,"column":26}},"225":{"start":{"line":226,"column":0},"end":{"line":226,"column":25}},"226":{"start":{"line":227,"column":0},"end":{"line":227,"column":22}},"227":{"start":{"line":228,"column":0},"end":{"line":228,"column":14}},"228":{"start":{"line":229,"column":0},"end":{"line":229,"column":20}},"229":{"start":{"line":230,"column":0},"end":{"line":230,"column":20}},"230":{"start":{"line":231,"column":0},"end":{"line":231,"column":15}},"231":{"start":{"line":232,"column":0},"end":{"line":232,"column":0}},"232":{"start":{"line":233,"column":0},"end":{"line":233,"column":100}},"233":{"start":{"line":234,"column":0},"end":{"line":234,"column":55}},"234":{"start":{"line":235,"column":0},"end":{"line":235,"column":23}},"235":{"start":{"line":236,"column":0},"end":{"line":236,"column":84}},"236":{"start":{"line":237,"column":0},"end":{"line":237,"column":24}},"237":{"start":{"line":238,"column":0},"end":{"line":238,"column":15}},"238":{"start":{"line":239,"column":0},"end":{"line":239,"column":7}},"239":{"start":{"line":240,"column":0},"end":{"line":240,"column":4}},"240":{"start":{"line":241,"column":0},"end":{"line":241,"column":2}},"241":{"start":{"line":242,"column":0},"end":{"line":242,"column":0}},"242":{"start":{"line":243,"column":0},"end":{"line":243,"column":22}}},"s":{"0":1,"1":1,"2":1,"3":1,"4":1,"5":1,"6":1,"7":1,"8":1,"9":1,"10":1,"11":1,"12":1,"13":1,"14":1,"15":1,"16":1,"17":1,"18":1,"19":1,"20":1,"21":1,"22":1,"23":1,"24":1,"25":1,"26":1,"27":1,"28":1,"29":1,"30":1,"31":1,"32":1,"33":1,"34":13,"35":13,"36":13,"37":13,"38":13,"39":13,"40":13,"41":13,"42":13,"43":13,"44":13,"45":13,"46":13,"47":13,"48":13,"49":0,"50":0,"51":0,"52":0,"53":13,"54":13,"55":13,"56":13,"57":13,"58":13,"59":13,"60":13,"61":13,"62":13,"63":13,"64":13,"65":13,"66":13,"67":13,"68":13,"69":13,"70":13,"71":13,"72":13,"73":13,"74":13,"75":13,"76":13,"77":13,"78":13,"79":13,"80":13,"81":13,"82":13,"83":13,"84":13,"85":13,"86":13,"87":13,"88":13,"89":13,"90":13,"91":13,"92":13,"93":13,"94":13,"95":13,"96":13,"97":13,"98":13,"99":11,"100":11,"101":11,"102":11,"103":11,"104":11,"105":11,"106":11,"107":11,"108":11,"109":11,"110":11,"111":11,"112":11,"113":11,"114":11,"115":11,"116":11,"117":11,"118":11,"119":11,"120":11,"121":11,"122":11,"123":11,"124":11,"125":11,"126":11,"127":11,"128":11,"129":11,"130":11,"131":11,"132":11,"133":11,"134":11,"135":11,"136":11,"137":11,"138":11,"139":11,"140":11,"141":11,"142":11,"143":11,"144":11,"145":11,"146":11,"147":11,"148":11,"149":11,"150":11,"151":11,"152":11,"153":11,"154":11,"155":11,"156":11,"157":11,"158":11,"159":11,"160":11,"161":11,"162":11,"163":11,"164":11,"165":11,"166":11,"167":11,"168":11,"169":11,"170":11,"171":11,"172":11,"173":11,"174":11,"175":11,"176":11,"177":11,"178":11,"179":11,"180":11,"181":11,"182":11,"183":11,"184":11,"185":11,"186":11,"187":11,"188":11,"189":11,"190":11,"191":11,"192":11,"193":11,"194":11,"195":11,"196":2,"197":2,"198":2,"199":2,"200":2,"201":2,"202":2,"203":2,"204":2,"205":2,"206":2,"207":2,"208":2,"209":2,"210":2,"211":2,"212":2,"213":2,"214":2,"215":2,"216":2,"217":2,"218":2,"219":2,"220":2,"221":2,"222":2,"223":2,"224":2,"225":2,"226":2,"227":13,"228":13,"229":13,"230":13,"231":13,"232":13,"233":13,"234":13,"235":13,"236":13,"237":13,"238":13,"239":13,"240":13,"241":1,"242":1},"branchMap":{"0":{"type":"branch","line":34,"loc":{"start":{"line":34,"column":15},"end":{"line":241,"column":2}},"locations":[{"start":{"line":34,"column":15},"end":{"line":241,"column":2}}]},"1":{"type":"branch","line":99,"loc":{"start":{"line":99,"column":17},"end":{"line":196,"column":22}},"locations":[{"start":{"line":99,"column":17},"end":{"line":196,"column":22}}]},"2":{"type":"branch","line":104,"loc":{"start":{"line":104,"column":34},"end":{"line":104,"column":51}},"locations":[{"start":{"line":104,"column":34},"end":{"line":104,"column":51}}]},"3":{"type":"branch","line":106,"loc":{"start":{"line":106,"column":48},"end":{"line":106,"column":55}},"locations":[{"start":{"line":106,"column":48},"end":{"line":106,"column":55}}]},"4":{"type":"branch","line":136,"loc":{"start":{"line":136,"column":33},"end":{"line":136,"column":50}},"locations":[{"start":{"line":136,"column":33},"end":{"line":136,"column":50}}]},"5":{"type":"branch","line":136,"loc":{"start":{"line":136,"column":64},"end":{"line":136,"column":81}},"locations":[{"start":{"line":136,"column":64},"end":{"line":136,"column":81}}]},"6":{"type":"branch","line":136,"loc":{"start":{"line":136,"column":106},"end":{"line":136,"column":126}},"locations":[{"start":{"line":136,"column":106},"end":{"line":136,"column":126}}]},"7":{"type":"branch","line":160,"loc":{"start":{"line":160,"column":34},"end":{"line":160,"column":51}},"locations":[{"start":{"line":160,"column":34},"end":{"line":160,"column":51}}]},"8":{"type":"branch","line":162,"loc":{"start":{"line":162,"column":50},"end":{"line":162,"column":57}},"locations":[{"start":{"line":162,"column":50},"end":{"line":162,"column":57}}]},"9":{"type":"branch","line":197,"loc":{"start":{"line":197,"column":-2},"end":{"line":227,"column":22}},"locations":[{"start":{"line":197,"column":-2},"end":{"line":227,"column":22}}]},"10":{"type":"branch","line":40,"loc":{"start":{"line":40,"column":30},"end":{"line":40,"column":76}},"locations":[{"start":{"line":40,"column":30},"end":{"line":40,"column":76}}]},"11":{"type":"branch","line":41,"loc":{"start":{"line":41,"column":30},"end":{"line":41,"column":57}},"locations":[{"start":{"line":41,"column":30},"end":{"line":41,"column":57}}]},"12":{"type":"branch","line":43,"loc":{"start":{"line":43,"column":23},"end":{"line":43,"column":85}},"locations":[{"start":{"line":43,"column":23},"end":{"line":43,"column":85}}]},"13":{"type":"branch","line":45,"loc":{"start":{"line":45,"column":34},"end":{"line":45,"column":88}},"locations":[{"start":{"line":45,"column":34},"end":{"line":45,"column":88}}]}},"b":{"0":[13],"1":[11],"2":[0],"3":[0],"4":[0],"5":[0],"6":[0],"7":[0],"8":[0],"9":[2],"10":[3],"11":[2],"12":[1],"13":[1]},"fnMap":{"0":{"name":"Header","decl":{"start":{"line":34,"column":15},"end":{"line":241,"column":2}},"loc":{"start":{"line":34,"column":15},"end":{"line":241,"column":2}},"line":34},"1":{"name":"handleOpenUserMenu","decl":{"start":{"line":40,"column":30},"end":{"line":40,"column":76}},"loc":{"start":{"line":40,"column":30},"end":{"line":40,"column":76}},"line":40},"2":{"name":"handleCloseUserMenu","decl":{"start":{"line":41,"column":30},"end":{"line":41,"column":57}},"loc":{"start":{"line":41,"column":30},"end":{"line":41,"column":57}},"line":41},"3":{"name":"handleLogout","decl":{"start":{"line":43,"column":23},"end":{"line":43,"column":85}},"loc":{"start":{"line":43,"column":23},"end":{"line":43,"column":85}},"line":43},"4":{"name":"handleProfile","decl":{"start":{"line":44,"column":24},"end":{"line":44,"column":118}},"loc":{"start":{"line":44,"column":24},"end":{"line":44,"column":118}},"line":44},"5":{"name":"handleNavigateToSharing","decl":{"start":{"line":45,"column":34},"end":{"line":45,"column":88}},"loc":{"start":{"line":45,"column":34},"end":{"line":45,"column":88}},"line":45},"6":{"name":"handleOpenAddStockDialog","decl":{"start":{"line":47,"column":35},"end":{"line":47,"column":68}},"loc":{"start":{"line":47,"column":35},"end":{"line":47,"column":68}},"line":47},"7":{"name":"handleCloseAddStockDialog","decl":{"start":{"line":48,"column":36},"end":{"line":48,"column":70}},"loc":{"start":{"line":48,"column":36},"end":{"line":48,"column":70}},"line":48},"8":{"name":"handleStockAddedInDialog","decl":{"start":{"line":49,"column":35},"end":{"line":54,"column":3}},"loc":{"start":{"line":49,"column":35},"end":{"line":54,"column":3}},"line":49}},"f":{"0":13,"1":3,"2":2,"3":1,"4":0,"5":1,"6":0,"7":0,"8":0}}
,"D:\\FavoriteStocksWatcher\\frontend\\src\\components\\ListsSharedWithMe.jsx": {"path":"D:\\FavoriteStocksWatcher\\frontend\\src\\components\\ListsSharedWithMe.jsx","all":false,"statementMap":{"0":{"start":{"line":1,"column":0},"end":{"line":1,"column":64}},"1":{"start":{"line":2,"column":0},"end":{"line":2,"column":52}},"2":{"start":{"line":3,"column":0},"end":{"line":3,"column":52}},"3":{"start":{"line":4,"column":0},"end":{"line":4,"column":8}},"4":{"start":{"line":5,"column":0},"end":{"line":5,"column":13}},"5":{"start":{"line":6,"column":0},"end":{"line":6,"column":6}},"6":{"start":{"line":7,"column":0},"end":{"line":7,"column":8}},"7":{"start":{"line":8,"column":0},"end":{"line":8,"column":7}},"8":{"start":{"line":9,"column":0},"end":{"line":9,"column":11}},"9":{"start":{"line":10,"column":0},"end":{"line":10,"column":15}},"10":{"start":{"line":11,"column":0},"end":{"line":11,"column":19}},"11":{"start":{"line":12,"column":0},"end":{"line":12,"column":8}},"12":{"start":{"line":13,"column":0},"end":{"line":13,"column":10}},"13":{"start":{"line":14,"column":0},"end":{"line":14,"column":7}},"14":{"start":{"line":15,"column":0},"end":{"line":15,"column":12}},"15":{"start":{"line":16,"column":0},"end":{"line":16,"column":19}},"16":{"start":{"line":17,"column":0},"end":{"line":17,"column":19}},"17":{"start":{"line":18,"column":0},"end":{"line":18,"column":10}},"18":{"start":{"line":19,"column":0},"end":{"line":19,"column":11}},"19":{"start":{"line":20,"column":0},"end":{"line":20,"column":8}},"20":{"start":{"line":21,"column":0},"end":{"line":21,"column":9}},"21":{"start":{"line":22,"column":0},"end":{"line":22,"column":23}},"22":{"start":{"line":23,"column":0},"end":{"line":23,"column":60}},"23":{"start":{"line":24,"column":0},"end":{"line":24,"column":52}},"24":{"start":{"line":25,"column":0},"end":{"line":25,"column":60}},"25":{"start":{"line":26,"column":0},"end":{"line":26,"column":72}},"26":{"start":{"line":27,"column":0},"end":{"line":27,"column":48}},"27":{"start":{"line":28,"column":0},"end":{"line":28,"column":0}},"28":{"start":{"line":29,"column":0},"end":{"line":29,"column":39}},"29":{"start":{"line":30,"column":0},"end":{"line":30,"column":55}},"30":{"start":{"line":31,"column":0},"end":{"line":31,"column":64}},"31":{"start":{"line":32,"column":0},"end":{"line":32,"column":51}},"32":{"start":{"line":33,"column":0},"end":{"line":33,"column":54}},"33":{"start":{"line":34,"column":0},"end":{"line":34,"column":27}},"34":{"start":{"line":35,"column":0},"end":{"line":35,"column":0}},"35":{"start":{"line":36,"column":0},"end":{"line":36,"column":60}},"36":{"start":{"line":37,"column":0},"end":{"line":37,"column":69}},"37":{"start":{"line":38,"column":0},"end":{"line":38,"column":26}},"38":{"start":{"line":39,"column":0},"end":{"line":39,"column":13}},"39":{"start":{"line":40,"column":0},"end":{"line":40,"column":5}},"40":{"start":{"line":41,"column":0},"end":{"line":41,"column":29}},"41":{"start":{"line":42,"column":0},"end":{"line":42,"column":22}},"42":{"start":{"line":43,"column":0},"end":{"line":43,"column":9}},"43":{"start":{"line":44,"column":0},"end":{"line":44,"column":59}},"44":{"start":{"line":45,"column":0},"end":{"line":45,"column":26}},"45":{"start":{"line":46,"column":0},"end":{"line":46,"column":82}},"46":{"start":{"line":47,"column":0},"end":{"line":47,"column":42}},"47":{"start":{"line":48,"column":0},"end":{"line":48,"column":14}},"48":{"start":{"line":49,"column":0},"end":{"line":49,"column":28}},"49":{"start":{"line":50,"column":0},"end":{"line":50,"column":7}},"50":{"start":{"line":51,"column":0},"end":{"line":51,"column":19}},"51":{"start":{"line":52,"column":0},"end":{"line":52,"column":72}},"52":{"start":{"line":53,"column":0},"end":{"line":53,"column":75}},"53":{"start":{"line":54,"column":0},"end":{"line":54,"column":15}},"54":{"start":{"line":55,"column":0},"end":{"line":55,"column":32}},"55":{"start":{"line":56,"column":0},"end":{"line":56,"column":5}},"56":{"start":{"line":57,"column":0},"end":{"line":57,"column":29}},"57":{"start":{"line":58,"column":0},"end":{"line":58,"column":0}},"58":{"start":{"line":59,"column":0},"end":{"line":59,"column":57}},"59":{"start":{"line":60,"column":0},"end":{"line":60,"column":31}},"60":{"start":{"line":61,"column":0},"end":{"line":61,"column":86}},"61":{"start":{"line":62,"column":0},"end":{"line":62,"column":33}},"62":{"start":{"line":63,"column":0},"end":{"line":63,"column":5}},"63":{"start":{"line":64,"column":0},"end":{"line":64,"column":4}},"64":{"start":{"line":65,"column":0},"end":{"line":65,"column":0}},"65":{"start":{"line":66,"column":0},"end":{"line":66,"column":36}},"66":{"start":{"line":67,"column":0},"end":{"line":67,"column":89}},"67":{"start":{"line":68,"column":0},"end":{"line":68,"column":3}},"68":{"start":{"line":69,"column":0},"end":{"line":69,"column":0}},"69":{"start":{"line":70,"column":0},"end":{"line":70,"column":10}},"70":{"start":{"line":71,"column":0},"end":{"line":71,"column":101}},"71":{"start":{"line":72,"column":0},"end":{"line":72,"column":73}},"72":{"start":{"line":73,"column":0},"end":{"line":73,"column":25}},"73":{"start":{"line":74,"column":0},"end":{"line":74,"column":41}},"74":{"start":{"line":75,"column":0},"end":{"line":75,"column":58}},"75":{"start":{"line":76,"column":0},"end":{"line":76,"column":46}},"76":{"start":{"line":77,"column":0},"end":{"line":77,"column":9}},"77":{"start":{"line":78,"column":0},"end":{"line":78,"column":77}},"78":{"start":{"line":79,"column":0},"end":{"line":79,"column":66}},"79":{"start":{"line":80,"column":0},"end":{"line":80,"column":67}},"80":{"start":{"line":81,"column":0},"end":{"line":81,"column":79}},"81":{"start":{"line":82,"column":0},"end":{"line":82,"column":85}},"82":{"start":{"line":83,"column":0},"end":{"line":83,"column":25}},"83":{"start":{"line":84,"column":0},"end":{"line":84,"column":32}},"84":{"start":{"line":85,"column":0},"end":{"line":85,"column":31}},"85":{"start":{"line":86,"column":0},"end":{"line":86,"column":38}},"86":{"start":{"line":87,"column":0},"end":{"line":87,"column":21}},"87":{"start":{"line":88,"column":0},"end":{"line":88,"column":26}},"88":{"start":{"line":89,"column":0},"end":{"line":89,"column":44}},"89":{"start":{"line":90,"column":0},"end":{"line":90,"column":39}},"90":{"start":{"line":91,"column":0},"end":{"line":91,"column":37}},"91":{"start":{"line":92,"column":0},"end":{"line":92,"column":43}},"92":{"start":{"line":93,"column":0},"end":{"line":93,"column":37}},"93":{"start":{"line":94,"column":0},"end":{"line":94,"column":18}},"94":{"start":{"line":95,"column":0},"end":{"line":95,"column":15}},"95":{"start":{"line":96,"column":0},"end":{"line":96,"column":42}},"96":{"start":{"line":97,"column":0},"end":{"line":97,"column":27}},"97":{"start":{"line":98,"column":0},"end":{"line":98,"column":22}},"98":{"start":{"line":99,"column":0},"end":{"line":99,"column":25}},"99":{"start":{"line":100,"column":0},"end":{"line":100,"column":77}},"100":{"start":{"line":101,"column":0},"end":{"line":101,"column":16}},"101":{"start":{"line":102,"column":0},"end":{"line":102,"column":27}},"102":{"start":{"line":103,"column":0},"end":{"line":103,"column":83}},"103":{"start":{"line":104,"column":0},"end":{"line":104,"column":78}},"104":{"start":{"line":105,"column":0},"end":{"line":105,"column":91}},"105":{"start":{"line":106,"column":0},"end":{"line":106,"column":68}},"106":{"start":{"line":107,"column":0},"end":{"line":107,"column":23}},"107":{"start":{"line":108,"column":0},"end":{"line":108,"column":0}},"108":{"start":{"line":109,"column":0},"end":{"line":109,"column":106}},"109":{"start":{"line":110,"column":0},"end":{"line":110,"column":85}},"110":{"start":{"line":111,"column":0},"end":{"line":111,"column":0}},"111":{"start":{"line":112,"column":0},"end":{"line":112,"column":74}},"112":{"start":{"line":113,"column":0},"end":{"line":113,"column":39}},"113":{"start":{"line":114,"column":0},"end":{"line":114,"column":42}},"114":{"start":{"line":115,"column":0},"end":{"line":115,"column":139}},"115":{"start":{"line":116,"column":0},"end":{"line":116,"column":31}},"116":{"start":{"line":117,"column":0},"end":{"line":117,"column":69}},"117":{"start":{"line":118,"column":0},"end":{"line":118,"column":42}},"118":{"start":{"line":119,"column":0},"end":{"line":119,"column":31}},"119":{"start":{"line":120,"column":0},"end":{"line":120,"column":49}},"120":{"start":{"line":121,"column":0},"end":{"line":121,"column":66}},"121":{"start":{"line":122,"column":0},"end":{"line":122,"column":48}},"122":{"start":{"line":123,"column":0},"end":{"line":123,"column":21}},"123":{"start":{"line":124,"column":0},"end":{"line":124,"column":101}},"124":{"start":{"line":125,"column":0},"end":{"line":125,"column":20}},"125":{"start":{"line":126,"column":0},"end":{"line":126,"column":27}},"126":{"start":{"line":127,"column":0},"end":{"line":127,"column":17}},"127":{"start":{"line":128,"column":0},"end":{"line":128,"column":19}},"128":{"start":{"line":129,"column":0},"end":{"line":129,"column":12}},"129":{"start":{"line":130,"column":0},"end":{"line":130,"column":111}},"130":{"start":{"line":131,"column":0},"end":{"line":131,"column":134}},"131":{"start":{"line":132,"column":0},"end":{"line":132,"column":12}},"132":{"start":{"line":133,"column":0},"end":{"line":133,"column":69}},"133":{"start":{"line":134,"column":0},"end":{"line":134,"column":135}},"134":{"start":{"line":135,"column":0},"end":{"line":135,"column":12}},"135":{"start":{"line":136,"column":0},"end":{"line":136,"column":27}},"136":{"start":{"line":137,"column":0},"end":{"line":137,"column":18}},"137":{"start":{"line":138,"column":0},"end":{"line":138,"column":12}},"138":{"start":{"line":139,"column":0},"end":{"line":139,"column":4}},"139":{"start":{"line":140,"column":0},"end":{"line":140,"column":2}},"140":{"start":{"line":141,"column":0},"end":{"line":141,"column":0}},"141":{"start":{"line":142,"column":0},"end":{"line":142,"column":0}},"142":{"start":{"line":143,"column":0},"end":{"line":143,"column":33}},"143":{"start":{"line":144,"column":0},"end":{"line":144,"column":53}},"144":{"start":{"line":145,"column":0},"end":{"line":145,"column":51}},"145":{"start":{"line":146,"column":0},"end":{"line":146,"column":41}},"146":{"start":{"line":147,"column":0},"end":{"line":147,"column":27}},"147":{"start":{"line":148,"column":0},"end":{"line":148,"column":0}},"148":{"start":{"line":149,"column":0},"end":{"line":149,"column":52}},"149":{"start":{"line":150,"column":0},"end":{"line":150,"column":23}},"150":{"start":{"line":151,"column":0},"end":{"line":151,"column":17}},"151":{"start":{"line":152,"column":0},"end":{"line":152,"column":9}},"152":{"start":{"line":153,"column":0},"end":{"line":153,"column":61}},"153":{"start":{"line":154,"column":0},"end":{"line":154,"column":33}},"154":{"start":{"line":155,"column":0},"end":{"line":155,"column":19}},"155":{"start":{"line":156,"column":0},"end":{"line":156,"column":64}},"156":{"start":{"line":157,"column":0},"end":{"line":157,"column":75}},"157":{"start":{"line":158,"column":0},"end":{"line":158,"column":15}},"158":{"start":{"line":159,"column":0},"end":{"line":159,"column":26}},"159":{"start":{"line":160,"column":0},"end":{"line":160,"column":5}},"160":{"start":{"line":161,"column":0},"end":{"line":161,"column":9}},"161":{"start":{"line":162,"column":0},"end":{"line":162,"column":0}},"162":{"start":{"line":163,"column":0},"end":{"line":163,"column":19}},"163":{"start":{"line":164,"column":0},"end":{"line":164,"column":23}},"164":{"start":{"line":165,"column":0},"end":{"line":165,"column":25}},"165":{"start":{"line":166,"column":0},"end":{"line":166,"column":0}},"166":{"start":{"line":167,"column":0},"end":{"line":167,"column":0}},"167":{"start":{"line":168,"column":0},"end":{"line":168,"column":18}},"168":{"start":{"line":169,"column":0},"end":{"line":169,"column":12}},"169":{"start":{"line":170,"column":0},"end":{"line":170,"column":11}},"170":{"start":{"line":171,"column":0},"end":{"line":171,"column":26}},"171":{"start":{"line":172,"column":0},"end":{"line":172,"column":136}},"172":{"start":{"line":173,"column":0},"end":{"line":173,"column":80}},"173":{"start":{"line":174,"column":0},"end":{"line":174,"column":58}},"174":{"start":{"line":175,"column":0},"end":{"line":175,"column":18}},"175":{"start":{"line":176,"column":0},"end":{"line":176,"column":11}},"176":{"start":{"line":177,"column":0},"end":{"line":177,"column":12}},"177":{"start":{"line":178,"column":0},"end":{"line":178,"column":6}},"178":{"start":{"line":179,"column":0},"end":{"line":179,"column":3}},"179":{"start":{"line":180,"column":0},"end":{"line":180,"column":0}},"180":{"start":{"line":181,"column":0},"end":{"line":181,"column":14}},"181":{"start":{"line":182,"column":0},"end":{"line":182,"column":81}},"182":{"start":{"line":183,"column":0},"end":{"line":183,"column":3}},"183":{"start":{"line":184,"column":0},"end":{"line":184,"column":0}},"184":{"start":{"line":185,"column":0},"end":{"line":185,"column":33}},"185":{"start":{"line":186,"column":0},"end":{"line":186,"column":12}},"186":{"start":{"line":187,"column":0},"end":{"line":187,"column":158}},"187":{"start":{"line":188,"column":0},"end":{"line":188,"column":47}},"188":{"start":{"line":189,"column":0},"end":{"line":189,"column":92}},"189":{"start":{"line":190,"column":0},"end":{"line":190,"column":58}},"190":{"start":{"line":191,"column":0},"end":{"line":191,"column":33}},"191":{"start":{"line":192,"column":0},"end":{"line":192,"column":23}},"192":{"start":{"line":193,"column":0},"end":{"line":193,"column":45}},"193":{"start":{"line":194,"column":0},"end":{"line":194,"column":68}},"194":{"start":{"line":195,"column":0},"end":{"line":195,"column":23}},"195":{"start":{"line":196,"column":0},"end":{"line":196,"column":16}},"196":{"start":{"line":197,"column":0},"end":{"line":197,"column":14}},"197":{"start":{"line":198,"column":0},"end":{"line":198,"column":6}},"198":{"start":{"line":199,"column":0},"end":{"line":199,"column":3}},"199":{"start":{"line":200,"column":0},"end":{"line":200,"column":0}},"200":{"start":{"line":201,"column":0},"end":{"line":201,"column":10}},"201":{"start":{"line":202,"column":0},"end":{"line":202,"column":9}},"202":{"start":{"line":203,"column":0},"end":{"line":203,"column":35}},"203":{"start":{"line":204,"column":0},"end":{"line":204,"column":60}},"204":{"start":{"line":205,"column":0},"end":{"line":205,"column":9}},"205":{"start":{"line":206,"column":0},"end":{"line":206,"column":10}},"206":{"start":{"line":207,"column":0},"end":{"line":207,"column":4}},"207":{"start":{"line":208,"column":0},"end":{"line":208,"column":2}},"208":{"start":{"line":209,"column":0},"end":{"line":209,"column":0}},"209":{"start":{"line":210,"column":0},"end":{"line":210,"column":33}}},"s":{"0":1,"1":1,"2":1,"3":1,"4":1,"5":1,"6":1,"7":1,"8":1,"9":1,"10":1,"11":1,"12":1,"13":1,"14":1,"15":1,"16":1,"17":1,"18":1,"19":1,"20":1,"21":1,"22":1,"23":1,"24":1,"25":1,"26":1,"27":1,"28":1,"29":12,"30":12,"31":12,"32":12,"33":12,"34":12,"35":12,"36":3,"37":0,"38":0,"39":0,"40":3,"41":3,"42":3,"43":3,"44":3,"45":3,"46":3,"47":3,"48":0,"49":0,"50":3,"51":1,"52":1,"53":3,"54":3,"55":3,"56":12,"57":12,"58":12,"59":4,"60":4,"61":3,"62":3,"63":12,"64":12,"65":12,"66":0,"67":0,"68":12,"69":12,"70":12,"71":12,"72":12,"73":12,"74":12,"75":12,"76":12,"77":12,"78":12,"79":12,"80":12,"81":12,"82":12,"83":12,"84":12,"85":12,"86":12,"87":12,"88":12,"89":12,"90":12,"91":12,"92":12,"93":12,"94":12,"95":12,"96":12,"97":12,"98":12,"99":12,"100":12,"101":12,"102":12,"103":12,"104":12,"105":12,"106":12,"107":12,"108":12,"109":12,"110":12,"111":12,"112":2,"113":2,"114":3,"115":3,"116":3,"117":3,"118":3,"119":3,"120":3,"121":0,"122":3,"123":3,"124":3,"125":3,"126":2,"127":2,"128":12,"129":12,"130":3,"131":12,"132":12,"133":3,"134":12,"135":12,"136":12,"137":12,"138":12,"139":12,"140":1,"141":1,"142":1,"143":11,"144":11,"145":11,"146":11,"147":11,"148":11,"149":6,"150":6,"151":6,"152":6,"153":6,"154":6,"155":1,"156":1,"157":6,"158":5,"159":5,"160":11,"161":11,"162":11,"163":6,"164":11,"165":11,"166":11,"167":11,"168":6,"169":6,"170":6,"171":12,"172":12,"173":12,"174":12,"175":6,"176":6,"177":6,"178":6,"179":5,"180":11,"181":1,"182":1,"183":4,"184":11,"185":1,"186":1,"187":1,"188":1,"189":1,"190":1,"191":1,"192":1,"193":1,"194":1,"195":1,"196":1,"197":1,"198":1,"199":3,"200":3,"201":3,"202":3,"203":5,"204":3,"205":3,"206":3,"207":3,"208":1,"209":1},"branchMap":{"0":{"type":"branch","line":29,"loc":{"start":{"line":29,"column":23},"end":{"line":140,"column":2}},"locations":[{"start":{"line":29,"column":23},"end":{"line":140,"column":2}}]},"1":{"type":"branch","line":66,"loc":{"start":{"line":66,"column":35},"end":{"line":68,"column":3}},"locations":[{"start":{"line":66,"column":35},"end":{"line":68,"column":3}}]},"2":{"type":"branch","line":81,"loc":{"start":{"line":81,"column":49},"end":{"line":81,"column":78}},"locations":[{"start":{"line":81,"column":49},"end":{"line":81,"column":78}}]},"3":{"type":"branch","line":82,"loc":{"start":{"line":82,"column":52},"end":{"line":82,"column":59}},"locations":[{"start":{"line":82,"column":52},"end":{"line":82,"column":59}}]},"4":{"type":"branch","line":109,"loc":{"start":{"line":109,"column":26},"end":{"line":109,"column":105}},"locations":[{"start":{"line":109,"column":26},"end":{"line":109,"column":105}}]},"5":{"type":"branch","line":110,"loc":{"start":{"line":110,"column":21},"end":{"line":110,"column":84}},"locations":[{"start":{"line":110,"column":21},"end":{"line":110,"column":84}}]},"6":{"type":"branch","line":112,"loc":{"start":{"line":112,"column":27},"end":{"line":112,"column":42}},"locations":[{"start":{"line":112,"column":27},"end":{"line":112,"column":42}}]},"7":{"type":"branch","line":112,"loc":{"start":{"line":112,"column":42},"end":{"line":112,"column":69}},"locations":[{"start":{"line":112,"column":42},"end":{"line":112,"column":69}}]},"8":{"type":"branch","line":112,"loc":{"start":{"line":112,"column":69},"end":{"line":128,"column":19}},"locations":[{"start":{"line":112,"column":69},"end":{"line":128,"column":19}}]},"9":{"type":"branch","line":130,"loc":{"start":{"line":130,"column":27},"end":{"line":130,"column":42}},"locations":[{"start":{"line":130,"column":27},"end":{"line":130,"column":42}}]},"10":{"type":"branch","line":130,"loc":{"start":{"line":130,"column":42},"end":{"line":130,"column":77}},"locations":[{"start":{"line":130,"column":42},"end":{"line":130,"column":77}}]},"11":{"type":"branch","line":130,"loc":{"start":{"line":130,"column":77},"end":{"line":130,"column":106}},"locations":[{"start":{"line":130,"column":77},"end":{"line":130,"column":106}}]},"12":{"type":"branch","line":130,"loc":{"start":{"line":130,"column":106},"end":{"line":131,"column":134}},"locations":[{"start":{"line":130,"column":106},"end":{"line":131,"column":134}}]},"13":{"type":"branch","line":133,"loc":{"start":{"line":133,"column":27},"end":{"line":133,"column":64}},"locations":[{"start":{"line":133,"column":27},"end":{"line":133,"column":64}}]},"14":{"type":"branch","line":133,"loc":{"start":{"line":133,"column":64},"end":{"line":134,"column":135}},"locations":[{"start":{"line":133,"column":64},"end":{"line":134,"column":135}}]},"15":{"type":"branch","line":36,"loc":{"start":{"line":36,"column":47},"end":{"line":57,"column":3}},"locations":[{"start":{"line":36,"column":47},"end":{"line":57,"column":3}}]},"16":{"type":"branch","line":37,"loc":{"start":{"line":37,"column":68},"end":{"line":40,"column":5}},"locations":[{"start":{"line":37,"column":68},"end":{"line":40,"column":5}}]},"17":{"type":"branch","line":46,"loc":{"start":{"line":46,"column":81},"end":{"line":47,"column":38}},"locations":[{"start":{"line":46,"column":81},"end":{"line":47,"column":38}}]},"18":{"type":"branch","line":47,"loc":{"start":{"line":47,"column":34},"end":{"line":47,"column":40}},"locations":[{"start":{"line":47,"column":34},"end":{"line":47,"column":40}}]},"19":{"type":"branch","line":48,"loc":{"start":{"line":48,"column":7},"end":{"line":50,"column":7}},"locations":[{"start":{"line":48,"column":7},"end":{"line":50,"column":7}}]},"20":{"type":"branch","line":51,"loc":{"start":{"line":51,"column":6},"end":{"line":54,"column":5}},"locations":[{"start":{"line":51,"column":6},"end":{"line":54,"column":5}}]},"21":{"type":"branch","line":53,"loc":{"start":{"line":53,"column":31},"end":{"line":53,"column":73}},"locations":[{"start":{"line":53,"column":31},"end":{"line":53,"column":73}}]},"22":{"type":"branch","line":59,"loc":{"start":{"line":59,"column":32},"end":{"line":64,"column":3}},"locations":[{"start":{"line":59,"column":32},"end":{"line":64,"column":3}}]},"23":{"type":"branch","line":61,"loc":{"start":{"line":61,"column":85},"end":{"line":63,"column":5}},"locations":[{"start":{"line":61,"column":85},"end":{"line":63,"column":5}}]},"24":{"type":"branch","line":114,"loc":{"start":{"line":114,"column":32},"end":{"line":126,"column":27}},"locations":[{"start":{"line":114,"column":32},"end":{"line":126,"column":27}}]},"25":{"type":"branch","line":122,"loc":{"start":{"line":122,"column":-2},"end":{"line":122,"column":48}},"locations":[{"start":{"line":122,"column":-2},"end":{"line":122,"column":48}}]},"26":{"type":"branch","line":124,"loc":{"start":{"line":124,"column":66},"end":{"line":124,"column":81}},"locations":[{"start":{"line":124,"column":66},"end":{"line":124,"column":81}}]},"27":{"type":"branch","line":143,"loc":{"start":{"line":143,"column":26},"end":{"line":208,"column":2}},"locations":[{"start":{"line":143,"column":26},"end":{"line":208,"column":2}}]},"28":{"type":"branch","line":168,"loc":{"start":{"line":168,"column":17},"end":{"line":179,"column":3}},"locations":[{"start":{"line":168,"column":17},"end":{"line":179,"column":3}}]},"29":{"type":"branch","line":179,"loc":{"start":{"line":179,"column":2},"end":{"line":181,"column":13}},"locations":[{"start":{"line":179,"column":2},"end":{"line":181,"column":13}}]},"30":{"type":"branch","line":181,"loc":{"start":{"line":181,"column":13},"end":{"line":183,"column":3}},"locations":[{"start":{"line":181,"column":13},"end":{"line":183,"column":3}}]},"31":{"type":"branch","line":183,"loc":{"start":{"line":183,"column":2},"end":{"line":185,"column":32}},"locations":[{"start":{"line":183,"column":2},"end":{"line":185,"column":32}}]},"32":{"type":"branch","line":185,"loc":{"start":{"line":185,"column":32},"end":{"line":199,"column":3}},"locations":[{"start":{"line":185,"column":32},"end":{"line":199,"column":3}}]},"33":{"type":"branch","line":199,"loc":{"start":{"line":199,"column":2},"end":{"line":208,"column":2}},"locations":[{"start":{"line":199,"column":2},"end":{"line":208,"column":2}}]},"34":{"type":"branch","line":149,"loc":{"start":{"line":149,"c
[...]
lumn":31}},"45":{"start":{"line":46,"column":0},"end":{"line":46,"column":10}},"46":{"start":{"line":47,"column":0},"end":{"line":47,"column":12}},"47":{"start":{"line":48,"column":0},"end":{"line":48,"column":0}},"48":{"start":{"line":49,"column":0},"end":{"line":49,"column":4}},"49":{"start":{"line":50,"column":0},"end":{"line":50,"column":10}},"50":{"start":{"line":51,"column":0},"end":{"line":51,"column":23}},"51":{"start":{"line":52,"column":0},"end":{"line":52,"column":31}},"52":{"start":{"line":53,"column":0},"end":{"line":53,"column":28}},"53":{"start":{"line":54,"column":0},"end":{"line":54,"column":39}},"54":{"start":{"line":55,"column":0},"end":{"line":55,"column":7}},"55":{"start":{"line":56,"column":0},"end":{"line":56,"column":28}},"56":{"start":{"line":57,"column":0},"end":{"line":57,"column":31}},"57":{"start":{"line":58,"column":0},"end":{"line":58,"column":10}},"58":{"start":{"line":59,"column":0},"end":{"line":59,"column":12}},"59":{"start":{"line":60,"column":0},"end":{"line":60,"column":12}},"60":{"start":{"line":61,"column":0},"end":{"line":61,"column":4}},"61":{"start":{"line":62,"column":0},"end":{"line":62,"column":2}},"62":{"start":{"line":63,"column":0},"end":{"line":63,"column":0}},"63":{"start":{"line":64,"column":0},"end":{"line":64,"column":31}}},"s":{"0":1,"1":1,"2":1,"3":1,"4":1,"5":1,"6":1,"7":7,"8":7,"9":7,"10":7,"11":3,"12":7,"13":7,"14":7,"15":7,"16":7,"17":7,"18":7,"19":7,"20":7,"21":7,"22":7,"23":7,"24":7,"25":7,"26":7,"27":7,"28":7,"29":7,"30":7,"31":7,"32":7,"33":7,"34":7,"35":7,"36":7,"37":7,"38":7,"39":7,"40":7,"41":7,"42":7,"43":7,"44":5,"45":7,"46":7,"47":7,"48":7,"49":7,"50":7,"51":7,"52":7,"53":7,"54":7,"55":7,"56":2,"57":7,"58":7,"59":7,"60":7,"61":7,"62":1,"63":1},"branchMap":{"0":{"type":"branch","line":7,"loc":{"start":{"line":7,"column":24},"end":{"line":62,"column":2}},"locations":[{"start":{"line":7,"column":24},"end":{"line":62,"column":2}}]},"1":{"type":"branch","line":44,"loc":{"start":{"line":44,"column":23},"end":{"line":45,"column":31}},"locations":[{"start":{"line":44,"column":23},"end":{"line":45,"column":31}}]},"2":{"type":"branch","line":56,"loc":{"start":{"line":56,"column":23},"end":{"line":57,"column":31}},"locations":[{"start":{"line":56,"column":23},"end":{"line":57,"column":31}}]},"3":{"type":"branch","line":11,"loc":{"start":{"line":11,"column":26},"end":{"line":13,"column":3}},"locations":[{"start":{"line":11,"column":26},"end":{"line":13,"column":3}}]}},"b":{"0":[7],"1":[5],"2":[2],"3":[3]},"fnMap":{"0":{"name":"SharedListsPage","decl":{"start":{"line":7,"column":24},"end":{"line":62,"column":2}},"loc":{"start":{"line":7,"column":24},"end":{"line":62,"column":2}},"line":7},"1":{"name":"handleTabChange","decl":{"start":{"line":11,"column":26},"end":{"line":13,"column":3}},"loc":{"start":{"line":11,"column":26},"end":{"line":13,"column":3}},"line":11}},"f":{"0":7,"1":3}}
,"D:\\FavoriteStocksWatcher\\frontend\\src\\services\\authService.js": {"path":"D:\\FavoriteStocksWatcher\\frontend\\src\\services\\authService.js","all":false,"statementMap":{"0":{"start":{"line":1,"column":0},"end":{"line":1,"column":24}},"1":{"start":{"line":2,"column":0},"end":{"line":2,"column":21}},"2":{"start":{"line":3,"column":0},"end":{"line":3,"column":33}},"3":{"start":{"line":4,"column":0},"end":{"line":4,"column":9}},"4":{"start":{"line":5,"column":0},"end":{"line":5,"column":67}},"5":{"start":{"line":6,"column":0},"end":{"line":6,"column":27}},"6":{"start":{"line":7,"column":0},"end":{"line":7,"column":21}},"7":{"start":{"line":8,"column":0},"end":{"line":8,"column":42}},"8":{"start":{"line":9,"column":0},"end":{"line":9,"column":5}},"9":{"start":{"line":10,"column":0},"end":{"line":10,"column":4}},"10":{"start":{"line":11,"column":0},"end":{"line":11,"column":0}},"11":{"start":{"line":12,"column":0},"end":{"line":12,"column":33}},"12":{"start":{"line":13,"column":0},"end":{"line":13,"column":9}},"13":{"start":{"line":14,"column":0},"end":{"line":14,"column":67}},"14":{"start":{"line":15,"column":0},"end":{"line":15,"column":27}},"15":{"start":{"line":16,"column":0},"end":{"line":16,"column":21}},"16":{"start":{"line":17,"column":0},"end":{"line":17,"column":42}},"17":{"start":{"line":18,"column":0},"end":{"line":18,"column":5}},"18":{"start":{"line":19,"column":0},"end":{"line":19,"column":4}},"19":{"start":{"line":20,"column":0},"end":{"line":20,"column":2}},"20":{"start":{"line":21,"column":0},"end":{"line":21,"column":0}},"21":{"start":{"line":22,"column":0},"end":{"line":22,"column":27}}},"s":{"0":1,"1":1,"2":1,"3":2,"4":2,"5":1,"6":1,"7":1,"8":1,"9":1,"10":1,"11":1,"12":2,"13":2,"14":1,"15":1,"16":1,"17":1,"18":2,"19":1,"20":1,"21":1},"branchMap":{"0":{"type":"branch","line":3,"loc":{"start":{"line":3,"column":12},"end":{"line":10,"column":3}},"locations":[{"start":{"line":3,"column":12},"end":{"line":10,"column":3}}]},"1":{"type":"branch","line":5,"loc":{"start":{"line":5,"column":66},"end":{"line":9,"column":5}},"locations":[{"start":{"line":5,"column":66},"end":{"line":9,"column":5}}]},"2":{"type":"branch","line":8,"loc":{"start":{"line":8,"column":32},"end":{"line":8,"column":41}},"locations":[{"start":{"line":8,"column":32},"end":{"line":8,"column":41}}]},"3":{"type":"branch","line":12,"loc":{"start":{"line":12,"column":9},"end":{"line":19,"column":4}},"locations":[{"start":{"line":12,"column":9},"end":{"line":19,"column":4}}]},"4":{"type":"branch","line":14,"loc":{"start":{"line":14,"column":66},"end":{"line":18,"column":5}},"locations":[{"start":{"line":14,"column":66},"end":{"line":18,"column":5}}]},"5":{"type":"branch","line":17,"loc":{"start":{"line":17,"column":32},"end":{"line":17,"column":41}},"locations":[{"start":{"line":17,"column":32},"end":{"line":17,"column":41}}]}},"b":{"0":[2],"1":[1],"2":[0],"3":[2],"4":[1],"5":[0]},"fnMap":{"0":{"name":"register","decl":{"start":{"line":3,"column":12},"end":{"line":10,"column":3}},"loc":{"start":{"line":3,"column":12},"end":{"line":10,"column":3}},"line":3},"1":{"name":"login","decl":{"start":{"line":12,"column":9},"end":{"line":19,"column":4}},"loc":{"start":{"line":12,"column":9},"end":{"line":19,"column":4}},"line":12}},"f":{"0":2,"1":2}}
,"D:\\FavoriteStocksWatcher\\frontend\\src\\services\\shareService.js": {"path":"D:\\FavoriteStocksWatcher\\frontend\\src\\services\\shareService.js","all":false,"statementMap":{"0":{"start":{"line":1,"column":0},"end":{"line":1,"column":24}},"1":{"start":{"line":2,"column":0},"end":{"line":2,"column":0}},"2":{"start":{"line":3,"column":0},"end":{"line":3,"column":22}},"3":{"start":{"line":4,"column":0},"end":{"line":4,"column":0}},"4":{"start":{"line":5,"column":0},"end":{"line":5,"column":46}},"5":{"start":{"line":6,"column":0},"end":{"line":6,"column":9}},"6":{"start":{"line":7,"column":0},"end":{"line":7,"column":69}},"7":{"start":{"line":8,"column":0},"end":{"line":8,"column":28}},"8":{"start":{"line":9,"column":0},"end":{"line":9,"column":21}},"9":{"start":{"line":10,"column":0},"end":{"line":10,"column":81}},"10":{"start":{"line":11,"column":0},"end":{"line":11,"column":34}},"11":{"start":{"line":12,"column":0},"end":{"line":12,"column":7}},"12":{"start":{"line":13,"column":0},"end":{"line":13,"column":89}},"13":{"start":{"line":14,"column":0},"end":{"line":14,"column":5}},"14":{"start":{"line":15,"column":0},"end":{"line":15,"column":4}},"15":{"start":{"line":16,"column":0},"end":{"line":16,"column":0}},"16":{"start":{"line":17,"column":0},"end":{"line":17,"column":37}},"17":{"start":{"line":18,"column":0},"end":{"line":18,"column":9}},"18":{"start":{"line":19,"column":0},"end":{"line":19,"column":56}},"19":{"start":{"line":20,"column":0},"end":{"line":20,"column":27}},"20":{"start":{"line":21,"column":0},"end":{"line":21,"column":21}},"21":{"start":{"line":22,"column":0},"end":{"line":22,"column":74}},"22":{"start":{"line":23,"column":0},"end":{"line":23,"column":42}},"23":{"start":{"line":24,"column":0},"end":{"line":24,"column":5}},"24":{"start":{"line":25,"column":0},"end":{"line":25,"column":4}},"25":{"start":{"line":26,"column":0},"end":{"line":26,"column":0}},"26":{"start":{"line":27,"column":0},"end":{"line":27,"column":37}},"27":{"start":{"line":28,"column":0},"end":{"line":28,"column":9}},"28":{"start":{"line":29,"column":0},"end":{"line":29,"column":58}},"29":{"start":{"line":30,"column":0},"end":{"line":30,"column":27}},"30":{"start":{"line":31,"column":0},"end":{"line":31,"column":21}},"31":{"start":{"line":32,"column":0},"end":{"line":32,"column":68}},"32":{"start":{"line":33,"column":0},"end":{"line":33,"column":42}},"33":{"start":{"line":34,"column":0},"end":{"line":34,"column":5}},"34":{"start":{"line":35,"column":0},"end":{"line":35,"column":4}},"35":{"start":{"line":36,"column":0},"end":{"line":36,"column":35}},"36":{"start":{"line":37,"column":0},"end":{"line":37,"column":9}},"37":{"start":{"line":38,"column":0},"end":{"line":38,"column":62}},"38":{"start":{"line":39,"column":0},"end":{"line":39,"column":27}},"39":{"start":{"line":40,"column":0},"end":{"line":40,"column":21}},"40":{"start":{"line":41,"column":0},"end":{"line":41,"column":69}},"41":{"start":{"line":42,"column":0},"end":{"line":42,"column":42}},"42":{"start":{"line":43,"column":0},"end":{"line":43,"column":5}},"43":{"start":{"line":44,"column":0},"end":{"line":44,"column":4}},"44":{"start":{"line":45,"column":0},"end":{"line":45,"column":2}},"45":{"start":{"line":46,"column":0},"end":{"line":46,"column":0}},"46":{"start":{"line":47,"column":0},"end":{"line":47,"column":28}}},"s":{"0":1,"1":1,"2":1,"3":1,"4":1,"5":2,"6":2,"7":1,"8":1,"9":1,"10":1,"11":1,"12":1,"13":1,"14":1,"15":1,"16":1,"17":1,"18":1,"19":1,"20":1,"21":0,"22":0,"23":0,"24":1,"25":1,"26":1,"27":1,"28":1,"29":1,"30":1,"31":0,"32":0,"33":0,"34":1,"35":1,"36":1,"37":1,"38":1,"39":1,"40":0,"41":0,"42":0,"43":1,"44":1,"45":1,"46":1},"branchMap":{"0":{"type":"branch","line":5,"loc":{"start":{"line":5,"column":19},"end":{"line":15,"column":3}},"locations":[{"start":{"line":5,"column":19},"end":{"line":15,"column":3}}]},"1":{"type":"branch","line":7,"loc":{"start":{"line":7,"column":68},"end":{"line":14,"column":5}},"locations":[{"start":{"line":7,"column":68},"end":{"line":14,"column":5}}]},"2":{"type":"branch","line":12,"loc":{"start":{"line":12,"column":6},"end":{"line":13,"column":87}},"locations":[{"start":{"line":12,"column":6},"end":{"line":13,"column":87}}]},"3":{"type":"branch","line":17,"loc":{"start":{"line":17,"column":24},"end":{"line":25,"column":3}},"locations":[{"start":{"line":17,"column":24},"end":{"line":25,"column":3}}]},"4":{"type":"branch","line":21,"loc":{"start":{"line":21,"column":6},"end":{"line":24,"column":5}},"locations":[{"start":{"line":21,"column":6},"end":{"line":24,"column":5}}]},"5":{"type":"branch","line":27,"loc":{"start":{"line":27,"column":24},"end":{"line":35,"column":3}},"locations":[{"start":{"line":27,"column":24},"end":{"line":35,"column":3}}]},"6":{"type":"branch","line":31,"loc":{"start":{"line":31,"column":6},"end":{"line":34,"column":5}},"locations":[{"start":{"line":31,"column":6},"end":{"line":34,"column":5}}]},"7":{"type":"branch","line":36,"loc":{"start":{"line":36,"column":15},"end":{"line":44,"column":4}},"locations":[{"start":{"line":36,"column":15},"end":{"line":44,"column":4}}]},"8":{"type":"branch","line":40,"loc":{"start":{"line":40,"column":6},"end":{"line":43,"column":5}},"locations":[{"start":{"line":40,"column":6},"end":{"line":43,"column":5}}]}},"b":{"0":[2],"1":[1],"2":[0],"3":[1],"4":[0],"5":[1],"6":[0],"7":[1],"8":[0]},"fnMap":{"0":{"name":"shareMyFavorites","decl":{"start":{"line":5,"column":19},"end":{"line":15,"column":3}},"loc":{"start":{"line":5,"column":19},"end":{"line":15,"column":3}},"line":5},"1":{"name":"getListsSharedWithMe","decl":{"start":{"line":17,"column":24},"end":{"line":25,"column":3}},"loc":{"start":{"line":17,"column":24},"end":{"line":25,"column":3}},"line":17},"2":{"name":"getMySharedInstances","decl":{"start":{"line":27,"column":24},"end":{"line":35,"column":3}},"loc":{"start":{"line":27,"column":24},"end":{"line":35,"column":3}},"line":27},"3":{"name":"unshareList","decl":{"start":{"line":36,"column":15},"end":{"line":44,"column":4}},"loc":{"start":{"line":36,"column":15},"end":{"line":44,"column":4}},"line":36}},"f":{"0":2,"1":1,"2":1,"3":1}}
,"D:\\FavoriteStocksWatcher\\frontend\\src\\services\\stockService.js": {"path":"D:\\FavoriteStocksWatcher\\frontend\\src\\services\\stockService.js","all":false,"statementMap":{"0":{"start":{"line":1,"column":0},"end":{"line":1,"column":25}},"1":{"start":{"line":2,"column":0},"end":{"line":2,"column":0}},"2":{"start":{"line":3,"column":0},"end":{"line":3,"column":22}},"3":{"start":{"line":4,"column":0},"end":{"line":4,"column":45}},"4":{"start":{"line":5,"column":0},"end":{"line":5,"column":9}},"5":{"start":{"line":6,"column":0},"end":{"line":6,"column":66}},"6":{"start":{"line":7,"column":0},"end":{"line":7,"column":27}},"7":{"start":{"line":8,"column":0},"end":{"line":8,"column":21}},"8":{"start":{"line":9,"column":0},"end":{"line":9,"column":71}},"9":{"start":{"line":10,"column":0},"end":{"line":10,"column":42}},"10":{"start":{"line":11,"column":0},"end":{"line":11,"column":5}},"11":{"start":{"line":12,"column":0},"end":{"line":12,"column":4}},"12":{"start":{"line":13,"column":0},"end":{"line":13,"column":0}},"13":{"start":{"line":14,"column":0},"end":{"line":14,"column":39}},"14":{"start":{"line":15,"column":0},"end":{"line":15,"column":9}},"15":{"start":{"line":16,"column":0},"end":{"line":16,"column":71}},"16":{"start":{"line":17,"column":0},"end":{"line":17,"column":28}},"17":{"start":{"line":18,"column":0},"end":{"line":18,"column":21}},"18":{"start":{"line":19,"column":0},"end":{"line":19,"column":81}},"19":{"start":{"line":20,"column":0},"end":{"line":20,"column":82}},"20":{"start":{"line":21,"column":0},"end":{"line":21,"column":7}},"21":{"start":{"line":22,"column":0},"end":{"line":22,"column":65}},"22":{"start":{"line":23,"column":0},"end":{"line":23,"column":89}},"23":{"start":{"line":24,"column":0},"end":{"line":24,"column":5}},"24":{"start":{"line":25,"column":0},"end":{"line":25,"column":4}},"25":{"start":{"line":26,"column":0},"end":{"line":26,"column":0}},"26":{"start":{"line":27,"column":0},"end":{"line":27,"column":42}},"27":{"start":{"line":28,"column":0},"end":{"line":28,"column":9}},"28":{"start":{"line":29,"column":0},"end":{"line":29,"column":71}},"29":{"start":{"line":30,"column":0},"end":{"line":30,"column":27}},"30":{"start":{"line":31,"column":0},"end":{"line":31,"column":21}},"31":{"start":{"line":32,"column":0},"end":{"line":32,"column":80}},"32":{"start":{"line":33,"column":0},"end":{"line":33,"column":81}},"33":{"start":{"line":34,"column":0},"end":{"line":34,"column":34}},"34":{"start":{"line":35,"column":0},"end":{"line":35,"column":7}},"35":{"start":{"line":36,"column":0},"end":{"line":36,"column":70}},"36":{"start":{"line":37,"column":0},"end":{"line":37,"column":5}},"37":{"start":{"line":38,"column":0},"end":{"line":38,"column":4}},"38":{"start":{"line":39,"column":0},"end":{"line":39,"column":0}},"39":{"start":{"line":40,"column":0},"end":{"line":40,"column":50}},"40":{"start":{"line":41,"column":0},"end":{"line":41,"column":51}},"41":{"start":{"line":42,"column":0},"end":{"line":42,"column":9}},"42":{"start":{"line":43,"column":0},"end":{"line":43,"column":80}},"43":{"start":{"line":44,"column":0},"end":{"line":44,"column":27}},"44":{"start":{"line":45,"column":0},"end":{"line":45,"column":21}},"45":{"start":{"line":46,"column":0},"end":{"line":46,"column":109}},"46":{"start":{"line":47,"column":0},"end":{"line":47,"column":82}},"47":{"start":{"line":48,"column":0},"end":{"line":48,"column":34}},"48":{"start":{"line":49,"column":0},"end":{"line":49,"column":7}},"49":{"start":{"line":50,"column":0},"end":{"line":50,"column":95}},"50":{"start":{"line":51,"column":0},"end":{"line":51,"column":5}},"51":{"start":{"line":52,"column":0},"end":{"line":52,"column":4}},"52":{"start":{"line":53,"column":0},"end":{"line":53,"column":2}},"53":{"start":{"line":54,"column":0},"end":{"line":54,"column":0}},"54":{"start":{"line":55,"column":0},"end":{"line":55,"column":0}},"55":{"start":{"line":56,"column":0},"end":{"line":56,"column":28}}},"s":{"0":1,"1":1,"2":1,"3":1,"4":2,"5":2,"6":1,"7":1,"8":1,"9":1,"10":1,"11":1,"12":1,"13":1,"14":2,"15":2,"16":1,"17":1,"18":1,"19":1,"20":1,"21":0,"22":1,"23":1,"24":1,"25":1,"26":1,"27":1,"28":1,"29":1,"30":1,"31":0,"32":0,"33":0,"34":0,"35":0,"36":0,"37":1,"38":1,"39":1,"40":2,"41":1,"42":1,"43":1,"44":2,"45":0,"46":0,"47":0,"48":0,"49":0,"50":0,"51":2,"52":1,"53":1,"54":1,"55":1},"branchMap":{"0":{"type":"branch","line":1,"loc":{"start":{"line":1,"column":24},"end":{"line":1,"column":25}},"locations":[{"start":{"line":1,"column":24},"end":{"line":1,"column":25}}]},"1":{"type":"branch","line":1,"loc":{"start":{"line":1,"column":24},"end":{"line":1,"column":25}},"locations":[{"start":{"line":1,"column":24},"end":{"line":1,"column":25}}]},"2":{"type":"branch","line":4,"loc":{"start":{"line":4,"column":32},"end":{"line":12,"column":3}},"locations":[{"start":{"line":4,"column":32},"end":{"line":12,"column":3}}]},"3":{"type":"branch","line":6,"loc":{"start":{"line":6,"column":65},"end":{"line":11,"column":5}},"locations":[{"start":{"line":6,"column":65},"end":{"line":11,"column":5}}]},"4":{"type":"branch","line":10,"loc":{"start":{"line":10,"column":32},"end":{"line":10,"column":41}},"locations":[{"start":{"line":10,"column":32},"end":{"line":10,"column":41}}]},"5":{"type":"branch","line":14,"loc":{"start":{"line":14,"column":20},"end":{"line":25,"column":3}},"locations":[{"start":{"line":14,"column":20},"end":{"line":25,"column":3}}]},"6":{"type":"branch","line":16,"loc":{"start":{"line":16,"column":70},"end":{"line":24,"column":5}},"locations":[{"start":{"line":16,"column":70},"end":{"line":24,"column":5}}]},"7":{"type":"branch","line":21,"loc":{"start":{"line":21,"column":6},"end":{"line":23,"column":87}},"locations":[{"start":{"line":21,"column":6},"end":{"line":23,"column":87}}]},"8":{"type":"branch","line":27,"loc":{"start":{"line":27,"column":23},"end":{"line":38,"column":3}},"locations":[{"start":{"line":27,"column":23},"end":{"line":38,"column":3}}]},"9":{"type":"branch","line":31,"loc":{"start":{"line":31,"column":6},"end":{"line":37,"column":5}},"locations":[{"start":{"line":31,"column":6},"end":{"line":37,"column":5}}]},"10":{"type":"branch","line":40,"loc":{"start":{"line":40,"column":24},"end":{"line":52,"column":4}},"locations":[{"start":{"line":40,"column":24},"end":{"line":52,"column":4}}]},"11":{"type":"branch","line":41,"loc":{"start":{"line":41,"column":24},"end":{"line":45,"column":6}},"locations":[{"start":{"line":41,"column":24},"end":{"line":45,"column":6}}]},"12":{"type":"branch","line":45,"loc":{"start":{"line":45,"column":6},"end":{"line":51,"column":5}},"locations":[{"start":{"line":45,"column":6},"end":{"line":51,"column":5}}]}},"b":{"0":[3],"1":[0],"2":[2],"3":[1],"4":[0],"5":[2],"6":[1],"7":[0],"8":[1],"9":[0],"10":[2],"11":[1],"12":[0]},"fnMap":{"0":{"name":"_interopRequireDefault","decl":{"start":{"line":1,"column":24},"end":{"line":1,"column":25}},"loc":{"start":{"line":1,"column":24},"end":{"line":1,"column":25}},"line":1},"1":{"name":"getFavoriteStocksWithDetails","decl":{"start":{"line":4,"column":32},"end":{"line":12,"column":3}},"loc":{"start":{"line":4,"column":32},"end":{"line":12,"column":3}},"line":4},"2":{"name":"addFavoriteStock","decl":{"start":{"line":14,"column":20},"end":{"line":25,"column":3}},"loc":{"start":{"line":14,"column":20},"end":{"line":25,"column":3}},"line":14},"3":{"name":"removeFavoriteStock","decl":{"start":{"line":27,"column":23},"end":{"line":38,"column":3}},"loc":{"start":{"line":27,"column":23},"end":{"line":38,"column":3}},"line":27},"4":{"name":"getPublicStockPrices","decl":{"start":{"line":40,"column":24},"end":{"line":52,"column":4}},"loc":{"start":{"line":40,"column":24},"end":{"line":52,"column":4}},"line":40}},"f":{"0":3,"1":2,"2":2,"3":1,"4":2}}
}
