TN:
SF:src\components\AddStockForm.jsx
FN:5,_interopRequireDefault
FN:5,_interopRequireWildcard
FN:5,_interopRequireWildcard
FN:7,AddStockForm
FN:12,handleSubmit
FN:50,onChange
FNF:6
FNH:6
FNDA:3,_interopRequireDefault
FNDA:3,_interopRequireWildcard
FNDA:3,_interopRequireWildcard
FNDA:43,AddStockForm
FNDA:3,handleSubmit
FNDA:12,onChange
DA:1,1
DA:2,1
DA:3,1
DA:4,1
DA:5,1
DA:6,1
DA:7,1
DA:8,43
DA:9,43
DA:10,43
DA:11,43
DA:12,43
DA:13,3
DA:14,3
DA:15,1
DA:16,1
DA:17,1
DA:18,2
DA:19,2
DA:20,2
DA:21,2
DA:22,2
DA:23,1
DA:24,1
DA:25,1
DA:26,1
DA:27,1
DA:28,1
DA:29,1
DA:30,3
DA:31,1
DA:32,1
DA:33,3
DA:34,2
DA:35,2
DA:36,43
DA:37,43
DA:38,43
DA:39,43
DA:40,43
DA:41,43
DA:42,43
DA:43,43
DA:44,43
DA:45,43
DA:46,43
DA:47,43
DA:48,43
DA:49,43
DA:50,43
DA:51,43
DA:52,43
DA:53,43
DA:54,43
DA:55,43
DA:56,43
DA:57,43
DA:58,43
DA:59,43
DA:60,1
DA:61,1
LF:61
LH:61
BRDA:5,0,0,3
BRDA:5,1,0,1
BRDA:5,2,0,2
BRDA:5,3,0,3
BRDA:5,4,0,3
BRDA:5,5,0,0
BRDA:5,6,0,0
BRDA:5,7,0,0
BRDA:5,8,0,0
BRDA:5,9,0,0
BRDA:5,10,0,123
BRDA:5,11,0,0
BRDA:7,12,0,43
BRDA:39,13,0,0
BRDA:55,14,0,2
BRDA:55,15,0,41
BRDA:12,16,0,3
BRDA:14,17,0,1
BRDA:17,18,0,2
BRDA:22,19,0,1
BRDA:30,20,0,1
BRDA:31,21,0,0
BRDA:31,22,0,0
BRDA:33,23,0,2
BRDA:50,24,0,12
BRF:25
BRH:16
end_of_record
TN:
SF:src\components\FavoriteStockList.jsx
FN:22,getPriceChangeIndicator
FN:39,FavoriteStockList
FN:50,renderSkeletonItem
FN:169,onClick
FNF:4
FNH:4
FNDA:40,getPriceChangeIndicator
FNDA:12,FavoriteStockList
FNDA:4,renderSkeletonItem
FNDA:1,onClick
DA:1,1
DA:2,1
DA:3,1
DA:4,1
DA:5,1
DA:6,1
DA:7,1
DA:8,1
DA:9,1
DA:10,1
DA:11,1
DA:12,1
DA:13,1
DA:14,1
DA:15,1
DA:16,1
DA:17,1
DA:18,1
DA:19,1
DA:20,1
DA:21,1
DA:22,1
DA:23,40
DA:24,40
DA:25,10
DA:26,10
DA:27,30
DA:28,30
DA:29,30
DA:30,40
DA:31,20
DA:32,40
DA:33,10
DA:34,10
DA:35,0
DA:36,0
DA:37,40
DA:38,1
DA:39,1
DA:40,12
DA:41,12
DA:42,12
DA:43,12
DA:44,12
DA:45,2
DA:46,12
DA:47,12
DA:48,12
DA:49,12
DA:50,12
DA:51,4
DA:52,4
DA:53,4
DA:54,4
DA:55,4
DA:56,4
DA:57,4
DA:58,4
DA:59,4
DA:60,4
DA:61,4
DA:62,4
DA:63,4
DA:64,4
DA:65,4
DA:66,4
DA:67,4
DA:68,4
DA:69,4
DA:70,4
DA:71,4
DA:72,4
DA:73,4
DA:74,12
DA:75,12
DA:76,12
DA:77,1
DA:78,1
DA:79,11
DA:80,11
DA:81,11
DA:82,11
DA:83,11
DA:84,11
DA:85,11
DA:86,11
DA:87,11
DA:88,11
DA:89,11
DA:90,11
DA:91,11
DA:92,11
DA:93,11
DA:94,11
DA:95,11
DA:96,11
DA:97,11
DA:98,11
DA:99,12
DA:100,12
DA:101,12
DA:102,12
DA:103,12
DA:104,10
DA:105,10
DA:106,40
DA:107,0
DA:108,0
DA:109,0
DA:110,40
DA:111,40
DA:112,40
DA:113,40
DA:114,40
DA:115,40
DA:116,40
DA:117,40
DA:118,40
DA:119,40
DA:120,40
DA:121,40
DA:122,40
DA:123,40
DA:124,40
DA:125,40
DA:126,40
DA:127,40
DA:128,40
DA:129,10
DA:130,40
DA:131,40
DA:132,40
DA:133,40
DA:134,40
DA:135,30
DA:136,30
DA:137,30
DA:138,30
DA:139,30
DA:140,30
DA:141,30
DA:142,30
DA:143,30
DA:144,30
DA:145,30
DA:146,10
DA:147,10
DA:148,10
DA:149,10
DA:150,10
DA:151,10
DA:152,10
DA:153,10
DA:154,10
DA:155,40
DA:156,40
DA:157,40
DA:158,40
DA:159,40
DA:160,40
DA:161,40
DA:162,40
DA:163,40
DA:164,40
DA:165,40
DA:166,40
DA:167,40
DA:168,40
DA:169,40
DA:170,40
DA:171,40
DA:172,40
DA:173,40
DA:174,40
DA:175,40
DA:176,10
DA:177,12
DA:178,12
DA:179,12
DA:180,12
DA:181,12
DA:182,1
DA:183,1
LF:183
LH:178
BRDA:22,0,0,40
BRDA:23,1,0,30
BRDA:23,2,0,20
BRDA:23,3,0,20
BRDA:24,4,0,30
BRDA:24,5,0,30
BRDA:24,6,0,10
BRDA:26,7,0,30
BRDA:30,8,0,20
BRDA:32,9,0,10
BRDA:34,10,0,0
BRDA:39,11,0,12
BRDA:76,12,0,11
BRDA:76,13,0,1
BRDA:78,14,0,11
BRDA:92,15,0,1
BRDA:92,16,0,1
BRDA:95,17,0,1
BRDA:95,18,0,1
BRDA:95,19,0,1
BRDA:95,20,0,10
BRDA:102,21,0,1
BRDA:102,22,0,1
BRDA:102,23,0,1
BRDA:103,24,0,10
BRDA:42,25,0,12
BRDA:43,26,0,0
BRDA:44,27,0,2
BRDA:47,28,0,12
BRDA:50,29,0,4
BRDA:103,30,0,4
BRDA:105,31,0,40
BRDA:106,32,0,0
BRDA:128,33,0,10
BRDA:134,34,0,30
BRDA:134,35,0,30
BRDA:146,36,0,10
BRDA:160,37,0,30
BRDA:160,38,0,10
BRDA:163,39,0,30
BRDA:163,40,0,10
BRDA:169,41,0,1
BRF:42
BRH:39
end_of_record
TN:
SF:src\components\Header.jsx
FN:34,Header
FN:40,handleOpenUserMenu
FN:41,handleCloseUserMenu
FN:43,handleLogout
FN:44,handleProfile
FN:45,handleNavigateToSharing
FN:47,handleOpenAddStockDialog
FN:48,handleCloseAddStockDialog
FN:49,handleStockAddedInDialog
FNF:9
FNH:5
FNDA:13,Header
FNDA:3,handleOpenUserMenu
FNDA:2,handleCloseUserMenu
FNDA:1,handleLogout
FNDA:0,handleProfile
FNDA:1,handleNavigateToSharing
FNDA:0,handleOpenAddStockDialog
FNDA:0,handleCloseAddStockDialog
FNDA:0,handleStockAddedInDialog
DA:1,1
DA:2,1
DA:3,1
DA:4,1
DA:5,1
DA:6,1
DA:7,1
DA:8,1
DA:9,1
DA:10,1
DA:11,1
DA:12,1
DA:13,1
DA:14,1
DA:15,1
DA:16,1
DA:17,1
DA:18,1
DA:19,1
DA:20,1
DA:21,1
DA:22,1
DA:23,1
DA:24,1
DA:25,1
DA:26,1
DA:27,1
DA:28,1
DA:29,1
DA:30,1
DA:31,1
DA:32,1
DA:33,1
DA:34,1
DA:35,13
DA:36,13
DA:37,13
DA:38,13
DA:39,13
DA:40,13
DA:41,13
DA:42,13
DA:43,13
DA:44,13
DA:45,13
DA:46,13
DA:47,13
DA:48,13
DA:49,13
DA:50,0
DA:51,0
DA:52,0
DA:53,0
DA:54,13
DA:55,13
DA:56,13
DA:57,13
DA:58,13
DA:59,13
DA:60,13
DA:61,13
DA:62,13
DA:63,13
DA:64,13
DA:65,13
DA:66,13
DA:67,13
DA:68,13
DA:69,13
DA:70,13
DA:71,13
DA:72,13
DA:73,13
DA:74,13
DA:75,13
DA:76,13
DA:77,13
DA:78,13
DA:79,13
DA:80,13
DA:81,13
DA:82,13
DA:83,13
DA:84,13
DA:85,13
DA:86,13
DA:87,13
DA:88,13
DA:89,13
DA:90,13
DA:91,13
DA:92,13
DA:93,13
DA:94,13
DA:95,13
DA:96,13
DA:97,13
DA:98,13
DA:99,13
DA:100,11
DA:101,11
DA:102,11
DA:103,11
DA:104,11
DA:105,11
DA:106,11
DA:107,11
DA:108,11
DA:109,11
DA:110,11
DA:111,11
DA:112,11
DA:113,11
DA:114,11
DA:115,11
DA:116,11
DA:117,11
DA:118,11
DA:119,11
DA:120,11
DA:121,11
DA:122,11
DA:123,11
DA:124,11
DA:125,11
DA:126,11
DA:127,11
DA:128,11
DA:129,11
DA:130,11
DA:131,11
DA:132,11
DA:133,11
DA:134,11
DA:135,11
DA:136,11
DA:137,11
DA:138,11
DA:139,11
DA:140,11
DA:141,11
DA:142,11
DA:143,11
DA:144,11
DA:145,11
DA:146,11
DA:147,11
DA:148,11
DA:149,11
DA:150,11
DA:151,11
DA:152,11
DA:153,11
DA:154,11
DA:155,11
DA:156,11
DA:157,11
DA:158,11
DA:159,11
DA:160,11
DA:161,11
DA:162,11
DA:163,11
DA:164,11
DA:165,11
DA:166,11
DA:167,11
DA:168,11
DA:169,11
DA:170,11
DA:171,11
DA:172,11
DA:173,11
DA:174,11
DA:175,11
DA:176,11
DA:177,11
DA:178,11
DA:179,11
DA:180,11
DA:181,11
DA:182,11
DA:183,11
DA:184,11
DA:185,11
DA:186,11
DA:187,11
DA:188,11
DA:189,11
DA:190,11
DA:191,11
DA:192,11
DA:193,11
DA:194,11
DA:195,11
DA:196,11
DA:197,2
DA:198,2
DA:199,2
DA:200,2
DA:201,2
DA:202,2
DA:203,2
DA:204,2
DA:205,2
DA:206,2
DA:207,2
DA:208,2
DA:209,2
DA:210,2
DA:211,2
DA:212,2
DA:213,2
DA:214,2
DA:215,2
DA:216,2
DA:217,2
DA:218,2
DA:219,2
DA:220,2
DA:221,2
DA:222,2
DA:223,2
DA:224,2
DA:225,2
DA:226,2
DA:227,2
DA:228,13
DA:229,13
DA:230,13
DA:231,13
DA:232,13
DA:233,13
DA:234,13
DA:235,13
DA:236,13
DA:237,13
DA:238,13
DA:239,13
DA:240,13
DA:241,13
DA:242,1
DA:243,1
LF:243
LH:239
BRDA:34,0,0,13
BRDA:99,1,0,11
BRDA:104,2,0,0
BRDA:106,3,0,0
BRDA:136,4,0,0
BRDA:136,5,0,0
BRDA:136,6,0,0
BRDA:160,7,0,0
BRDA:162,8,0,0
BRDA:197,9,0,2
BRDA:40,10,0,3
BRDA:41,11,0,2
BRDA:43,12,0,1
BRDA:45,13,0,1
BRF:14
BRH:7
end_of_record
TN:
SF:src\components\ListsSharedWithMe.jsx
FN:29,SharedListItem
FN:59,handleAccordionChange
FN:143,ListsSharedWithMe
FNF:3
FNH:3
FNDA:12,SharedListItem
FNDA:4,handleAccordionChange
FNDA:11,ListsSharedWithMe
DA:1,1
DA:2,1
DA:3,1
DA:4,1
DA:5,1
DA:6,1
DA:7,1
DA:8,1
DA:9,1
DA:10,1
DA:11,1
DA:12,1
DA:13,1
DA:14,1
DA:15,1
DA:16,1
DA:17,1
DA:18,1
DA:19,1
DA:20,1
DA:21,1
DA:22,1
DA:23,1
DA:24,1
DA:25,1
DA:26,1
DA:27,1
DA:28,1
DA:29,1
DA:30,12
DA:31,12
DA:32,12
DA:33,12
DA:34,12
DA:35,12
DA:36,12
DA:37,3
DA:38,0
DA:39,0
DA:40,0
DA:41,3
DA:42,3
DA:43,3
DA:44,3
DA:45,3
DA:46,3
DA:47,3
DA:48,3
DA:49,0
DA:50,0
DA:51,3
DA:52,1
DA:53,1
DA:54,3
DA:55,3
DA:56,3
DA:57,12
DA:58,12
DA:59,12
DA:60,4
DA:61,4
DA:62,3
DA:63,3
DA:64,12
DA:65,12
DA:66,12
DA:67,0
DA:68,0
DA:69,12
DA:70,12
DA:71,12
DA:72,12
DA:73,12
DA:74,12
DA:75,12
DA:76,12
DA:77,12
DA:78,12
DA:79,12
DA:80,12
DA:81,12
DA:82,12
DA:83,12
DA:84,12
DA:85,12
DA:86,12
DA:87,12
DA:88,12
DA:89,12
DA:90,12
DA:91,12
DA:92,12
DA:93,12
DA:94,12
DA:95,12
DA:96,12
DA:97,12
DA:98,12
DA:99,12
DA:100,12
DA:101,12
DA:102,12
DA:103,12
DA:104,12
DA:105,12
DA:106,12
DA:107,12
DA:108,12
DA:109,12
DA:110,12
DA:111,12
DA:112,12
DA:113,2
DA:114,2
DA:115,3
DA:116,3
DA:117,3
DA:118,3
DA:119,3
DA:120,3
DA:121,3
DA:122,0
DA:123,3
DA:124,3
DA:125,3
DA:126,3
DA:127,2
DA:128,2
DA:129,12
DA:130,12
DA:131,3
DA:132,12
DA:133,12
DA:134,3
DA:135,12
DA:136,12
DA:137,12
DA:138,12
DA:139,12
DA:140,12
DA:141,1
DA:142,1
DA:143,1
DA:144,11
DA:145,11
DA:146,11
DA:147,11
DA:148,11
DA:149,11
DA:150,6
DA:151,6
DA:152,6
DA:153,6
DA:154,6
DA:155,6
DA:156,1
DA:157,1
DA:158,6
DA:159,5
DA:160,5
DA:161,11
DA:162,11
DA:163,11
DA:164,6
DA:165,11
DA:166,11
DA:167,11
DA:168,11
DA:169,6
DA:170,6
DA:171,6
DA:172,12
DA:173,12
DA:174,12
DA:175,12
DA:176,6
DA:177,6
DA:178,6
DA:179,6
DA:180,5
DA:181,11
DA:182,1
DA:183,1
DA:184,4
DA:185,11
DA:186,1
DA:187,1
DA:188,1
DA:189,1
DA:190,1
DA:191,1
DA:192,1
DA:193,1
DA:194,1
DA:195,1
DA:196,1
DA:197,1
DA:198,1
DA:199,1
DA:200,3
DA:201,3
DA:202,3
DA:203,3
DA:204,5
DA:205,3
DA:206,3
DA:207,3
DA:208,3
DA:209,1
DA:210,1
LF:210
LH:202
BRDA:29,0,0,12
BRDA:66,1,0,0
BRDA:81,2,0,0
BRDA:82,3,0,0
BRDA:109,4,0,3
BRDA:110,5,0,1
BRDA:112,6,0,9
BRDA:112,7,0,8
BRDA:112,8,0,2
BRDA:130,9,0,9
BRDA:130,10,0,8
BRDA:130,11,0,5
BRDA:130,12,0,3
BRDA:133,13,0,9
BRDA:133,14,0,3
BRDA:36,15,0,3
BRDA:37,16,0,0
BRDA:46,17,0,2
BRDA:47,18,0,0
BRDA:48,19,0,0
BRDA:51,20,0,1
BRDA:53,21,0,0
BRDA:59,22,0,4
BRDA:61,23,0,3
BRDA:114,24,0,3
BRDA:122,25,0,0
BRDA:124,26,0,0
BRDA:143,27,0,11
BRDA:168,28,0,6
BRDA:179,29,0,5
BRDA:181,30,0,1
BRDA:183,31,0,4
BRDA:185,32,0,1
BRDA:199,33,0,3
BRDA:149,34,0,6
BRDA:153,35,0,4
BRDA:154,36,0,0
BRDA:155,37,0,1
BRDA:157,38,0,0
BRDA:158,39,0,5
BRDA:163,40,0,6
BRDA:171,41,0,12
BRDA:203,42,0,5
BRF:43
BRH:32
end_of_record
TN:
SF:src\components\MySharedInstances.jsx
FN:27,MySharedInstances
FN:53,handleOpenConfirmDialog
FN:58,handleCloseConfirmDialog
FN:63,handleUnshare
FN:138,onClick
FNF:5
FNH:5
FNDA:24,MySharedInstances
FNDA:4,handleOpenConfirmDialog
FNDA:3,handleCloseConfirmDialog
FNDA:2,handleUnshare
FNDA:4,onClick
DA:1,1
DA:2,1
DA:3,1
DA:4,1
DA:5,1
DA:6,1
DA:7,1
DA:8,1
DA:9,1
DA:10,1
DA:11,1
DA:12,1
DA:13,1
DA:14,1
DA:15,1
DA:16,1
DA:17,1
DA:18,1
DA:19,1
DA:20,1
DA:21,1
DA:22,1
DA:23,1
DA:24,1
DA:25,1
DA:26,1
DA:27,1
DA:28,24
DA:29,24
DA:30,24
DA:31,24
DA:32,24
DA:33,24
DA:34,24
DA:35,24
DA:36,9
DA:37,9
DA:38,9
DA:39,9
DA:40,9
DA:41,9
DA:42,1
DA:43,1
DA:44,9
DA:45,8
DA:46,8
DA:47,24
DA:48,24
DA:49,24
DA:50,8
DA:51,24
DA:52,24
DA:53,24
DA:54,4
DA:55,4
DA:56,24
DA:57,24
DA:58,24
DA:59,3
DA:60,3
DA:61,24
DA:62,24
DA:63,24
DA:64,2
DA:65,2
DA:66,2
DA:67,2
DA:68,2
DA:69,2
DA:70,1
DA:71,1
DA:72,1
DA:73,1
DA:74,2
DA:75,2
DA:76,2
DA:77,2
DA:78,24
DA:79,24
DA:80,24
DA:81,8
DA:82,8
DA:83,8
DA:84,8
DA:85,8
DA:86,8
DA:87,16
DA:88,24
DA:89,2
DA:90,2
DA:91,14
DA:92,24
DA:93,1
DA:94,1
DA:95,13
DA:96,13
DA:97,13
DA:98,13
DA:99,13
DA:100,25
DA:101,25
DA:102,25
DA:103,25
DA:104,25
DA:105,25
DA:106,25
DA:107,25
DA:108,25
DA:109,25
DA:110,25
DA:111,25
DA:112,25
DA:113,25
DA:114,25
DA:115,25
DA:116,25
DA:117,25
DA:118,25
DA:119,25
DA:120,25
DA:121,25
DA:122,25
DA:123,25
DA:124,25
DA:125,25
DA:126,25
DA:127,25
DA:128,25
DA:129,25
DA:130,25
DA:131,25
DA:132,25
DA:133,25
DA:134,25
DA:135,25
DA:136,25
DA:137,25
DA:138,25
DA:139,25
DA:140,25
DA:141,25
DA:142,25
DA:143,25
DA:144,25
DA:145,25
DA:146,25
DA:147,25
DA:148,13
DA:149,13
DA:150,13
DA:151,13
DA:152,13
DA:153,13
DA:154,13
DA:155,13
DA:156,13
DA:157,13
DA:158,13
DA:159,13
DA:160,13
DA:161,13
DA:162,24
DA:163,24
DA:164,24
DA:165,24
DA:166,24
DA:167,24
DA:168,24
DA:169,24
DA:170,24
DA:171,24
DA:172,24
DA:173,24
DA:174,24
DA:175,24
DA:176,24
DA:177,24
DA:178,1
DA:179,1
LF:179
LH:179
BRDA:27,0,0,24
BRDA:80,1,0,8
BRDA:86,2,0,16
BRDA:88,3,0,2
BRDA:90,4,0,14
BRDA:92,5,0,1
BRDA:94,6,0,13
BRDA:162,7,0,6
BRDA:35,8,0,9
BRDA:39,9,0,7
BRDA:40,10,0,0
BRDA:41,11,0,1
BRDA:43,12,0,0
BRDA:44,13,0,8
BRDA:49,14,0,8
BRDA:53,15,0,4
BRDA:58,16,0,3
BRDA:63,17,0,2
BRDA:64,18,0,0
BRDA:69,19,0,1
BRDA:73,20,0,0
BRDA:99,21,0,25
BRDA:111,22,0,0
BRDA:141,23,0,2
BRDA:141,24,0,23
BRDA:138,25,0,4
BRF:26
BRH:21
end_of_record
TN:
SF:src\contexts\AuthContext.jsx
FN:2,_interopRequireDefault
FN:2,_interopRequireWildcard
FN:2,_interopRequireWildcard
FN:5,AuthProvider
FN:15,loadUserFromToken
FN:37,login
FN:44,register
FN:51,logout
FN:57,updateUser
FN:69,useAuth
FNF:10
FNH:9
FNDA:4,_interopRequireDefault
FNDA:4,_interopRequireWildcard
FNDA:4,_interopRequireWildcard
FNDA:67,AuthProvider
FNDA:5,loadUserFromToken
FNDA:1,login
FNDA:0,register
FNDA:1,logout
FNDA:1,updateUser
FNDA:9,useAuth
DA:1,1
DA:2,1
DA:3,1
DA:4,1
DA:5,1
DA:6,67
DA:7,67
DA:8,67
DA:9,67
DA:10,67
DA:11,34
DA:12,5
DA:13,5
DA:14,5
DA:15,5
DA:16,5
DA:17,5
DA:18,4
DA:19,5
DA:20,1
DA:21,1
DA:22,1
DA:23,5
DA:24,5
DA:25,5
DA:26,5
DA:27,5
DA:28,5
DA:29,34
DA:30,29
DA:31,29
DA:32,29
DA:33,29
DA:34,29
DA:35,67
DA:36,67
DA:37,67
DA:38,1
DA:39,1
DA:40,1
DA:41,1
DA:42,67
DA:43,67
DA:44,67
DA:45,0
DA:46,0
DA:47,0
DA:48,0
DA:49,67
DA:50,67
DA:51,67
DA:52,1
DA:53,1
DA:54,1
DA:55,67
DA:56,67
DA:57,67
DA:58,1
DA:59,1
DA:60,67
DA:61,67
DA:62,67
DA:63,67
DA:64,67
DA:65,67
DA:66,67
DA:67,1
DA:68,1
DA:69,1
DA:70,9
DA:71,9
DA:72,0
DA:73,0
DA:74,9
DA:75,9
DA:76,1
DA:77,1
LF:77
LH:71
BRDA:2,0,0,4
BRDA:2,1,0,3
BRDA:2,2,0,1
BRDA:2,3,0,4
BRDA:2,4,0,4
BRDA:2,5,0,0
BRDA:2,6,0,0
BRDA:2,7,0,0
BRDA:2,8,0,0
BRDA:2,9,0,0
BRDA:2,10,0,164
BRDA:2,11,0,0
BRDA:5,12,0,67
BRDA:63,13,0,34
BRDA:63,14,0,33
BRDA:7,15,0,31
BRDA:10,16,0,34
BRDA:11,17,0,5
BRDA:29,18,0,29
BRDA:15,19,0,5
BRDA:17,20,0,4
BRDA:19,21,0,1
BRDA:20,22,0,0
BRDA:37,23,0,1
BRDA:51,24,0,1
BRDA:57,25,0,1
BRDA:58,26,0,1
BRDA:69,27,0,9
BRDA:71,28,0,0
BRF:29
BRH:21
end_of_record
TN:
SF:src\pages\DashboardPage.jsx
FN:21,DashboardPage
FN:68,handleStockAdded
FN:70,handleStockRemoved
FN:82,handleOpenShareDialog
FN:93,handleCloseShareDialog
FN:97,handleShareSubmit
FN:178,onChange
FNF:7
FNH:1
FNDA:22,DashboardPage
FNDA:0,handleStockAdded
FNDA:0,handleStockRemoved
FNDA:0,handleOpenShareDialog
FNDA:0,handleCloseShareDialog
FNDA:0,handleShareSubmit
FNDA:0,onChange
DA:1,1
DA:2,1
DA:3,1
DA:4,1
DA:5,1
DA:6,1
DA:7,1
DA:8,1
DA:9,1
DA:10,1
DA:11,1
DA:12,1
DA:13,1
DA:14,1
DA:15,1
DA:16,1
DA:17,1
DA:18,1
DA:19,1
DA:20,1
DA:21,1
DA:22,22
DA:23,22
DA:24,22
DA:25,22
DA:26,22
DA:27,22
DA:28,22
DA:29,22
DA:30,22
DA:31,22
DA:32,22
DA:33,22
DA:34,11
DA:35,11
DA:36,11
DA:37,11
DA:38,11
DA:39,0
DA:40,0
DA:41,0
DA:42,0
DA:43,0
DA:44,0
DA:45,0
DA:46,0
DA:47,11
DA:48,11
DA:49,0
DA:50,0
DA:51,0
DA:52,0
DA:53,0
DA:54,0
DA:55,0
DA:56,0
DA:57,22
DA:58,22
DA:59,22
DA:60,11
DA:61,11
DA:62,11
DA:63,0
DA:64,0
DA:65,0
DA:66,22
DA:67,22
DA:68,22
DA:69,22
DA:70,22
DA:71,0
DA:72,0
DA:73,0
DA:74,0
DA:75,0
DA:76,0
DA:77,0
DA:78,22
DA:79,22
DA:80,22
DA:81,22
DA:82,22
DA:83,0
DA:84,0
DA:85,0
DA:86,0
DA:87,0
DA:88,0
DA:89,0
DA:90,0
DA:91,22
DA:92,22
DA:93,22
DA:94,0
DA:95,22
DA:96,22
DA:97,22
DA:98,0
DA:99,0
DA:100,0
DA:101,0
DA:102,0
DA:103,0
DA:104,0
DA:105,0
DA:106,0
DA:107,0
DA:108,0
DA:109,0
DA:110,0
DA:111,0
DA:112,0
DA:113,0
DA:114,0
DA:115,0
DA:116,0
DA:117,22
DA:118,22
DA:119,0
DA:120,0
DA:121,0
DA:122,0
DA:123,0
DA:124,0
DA:125,22
DA:126,22
DA:127,0
DA:128,0
DA:129,0
DA:130,0
DA:131,0
DA:132,0
DA:133,22
DA:134,22
DA:135,22
DA:136,22
DA:137,22
DA:138,22
DA:139,22
DA:140,22
DA:141,22
DA:142,22
DA:143,22
DA:144,22
DA:145,22
DA:146,22
DA:147,22
DA:148,22
DA:149,22
DA:150,22
DA:151,22
DA:152,22
DA:153,0
DA:154,0
DA:155,0
DA:156,0
DA:157,0
DA:158,0
DA:159,0
DA:160,0
DA:161,0
DA:162,22
DA:163,22
DA:164,22
DA:165,22
DA:166,22
DA:167,22
DA:168,22
DA:169,22
DA:170,22
DA:171,22
DA:172,22
DA:173,22
DA:174,22
DA:175,22
DA:176,22
DA:177,22
DA:178,22
DA:179,22
DA:180,22
DA:181,22
DA:182,22
DA:183,22
DA:184,22
DA:185,22
DA:186,22
DA:187,22
DA:188,22
DA:189,22
DA:190,22
DA:191,22
DA:192,22
DA:193,22
DA:194,22
DA:195,22
DA:196,22
DA:197,22
DA:198,22
DA:199,0
DA:200,0
DA:201,0
DA:202,22
DA:203,22
DA:204,22
DA:205,0
DA:206,22
DA:207,22
DA:208,22
DA:209,0
DA:210,0
DA:211,0
DA:212,0
DA:213,22
DA:214,22
DA:215,22
DA:216,22
DA:217,22
DA:218,22
DA:219,22
DA:220,22
DA:221,22
DA:222,22
DA:223,22
DA:224,22
DA:225,22
DA:226,22
DA:227,0
DA:228,0
DA:229,0
DA:230,0
DA:231,0
DA:232,0
DA:233,22
DA:234,22
DA:235,22
DA:236,22
DA:237,22
DA:238,22
DA:239,1
DA:240,1
LF:240
LH:151
BRDA:21,0,0,22
BRDA:118,1,0,0
BRDA:126,2,0,0
BRDA:152,3,0,0
BRDA:152,4,0,0
BRDA:168,5,0,0
BRDA:169,6,0,0
BRDA:185,7,0,0
BRDA:198,8,0,0
BRDA:198,9,0,0
BRDA:198,10,0,0
BRDA:204,11,0,0
BRDA:204,12,0,0
BRDA:204,13,0,0
BRDA:208,14,0,0
BRDA:208,15,0,0
BRDA:208,16,0,0
BRDA:226,17,0,0
BRDA:33,18,0,11
BRDA:34,19,0,0
BRDA:38,20,0,0
BRDA:48,21,0,0
BRDA:59,22,0,11
BRDA:62,23,0,0
BRF:24
BRH:3
end_of_record
TN:
SF:src\pages\LoginPage.jsx
FN:22,LoginPage
FN:32,handleChange
FN:36,handleSubmit
FNF:3
FNH:3
FNDA:94,LoginPage
FNDA:84,handleChange
FNDA:3,handleSubmit
DA:1,1
DA:2,1
DA:3,1
DA:4,1
DA:5,1
DA:6,1
DA:7,1
DA:8,1
DA:9,1
DA:10,1
DA:11,1
DA:12,1
DA:13,1
DA:14,1
DA:15,1
DA:16,1
DA:17,1
DA:18,1
DA:19,1
DA:20,1
DA:21,1
DA:22,1
DA:23,94
DA:24,94
DA:25,94
DA:26,94
DA:27,94
DA:28,94
DA:29,94
DA:30,94
DA:31,94
DA:32,94
DA:33,84
DA:34,94
DA:35,94
DA:36,94
DA:37,3
DA:38,3
DA:39,3
DA:40,3
DA:41,3
DA:42,1
DA:43,1
DA:44,1
DA:45,1
DA:46,2
DA:47,2
DA:48,2
DA:49,2
DA:50,2
DA:51,2
DA:52,1
DA:53,1
DA:54,1
DA:55,1
DA:56,1
DA:57,3
DA:58,2
DA:59,2
DA:60,94
DA:61,94
DA:62,94
DA:63,94
DA:64,94
DA:65,94
DA:66,94
DA:67,94
DA:68,94
DA:69,94
DA:70,94
DA:71,94
DA:72,94
DA:73,94
DA:74,94
DA:75,94
DA:76,94
DA:77,94
DA:78,94
DA:79,94
DA:80,94
DA:81,2
DA:82,2
DA:83,2
DA:84,94
DA:85,94
DA:86,94
DA:87,94
DA:88,94
DA:89,94
DA:90,94
DA:91,94
DA:92,94
DA:93,94
DA:94,94
DA:95,94
DA:96,94
DA:97,94
DA:98,94
DA:99,94
DA:100,94
DA:101,94
DA:102,94
DA:103,94
DA:104,94
DA:105,94
DA:106,94
DA:107,94
DA:108,94
DA:109,94
DA:110,94
DA:111,94
DA:112,94
DA:113,94
DA:114,94
DA:115,94
DA:116,94
DA:117,94
DA:118,94
DA:119,94
DA:120,94
DA:121,94
DA:122,94
DA:123,94
DA:124,94
DA:125,94
DA:126,94
DA:127,94
DA:128,94
DA:129,94
DA:130,94
DA:131,94
DA:132,1
DA:133,1
LF:133
LH:133
BRDA:22,0,0,94
BRDA:80,1,0,2
BRDA:119,2,0,2
BRDA:119,3,0,92
BRDA:32,4,0,84
BRDA:36,5,0,3
BRDA:41,6,0,2
BRDA:41,7,0,1
BRDA:45,8,0,2
BRDA:51,9,0,1
BRDA:56,10,0,0
BRDA:57,11,0,2
BRF:12
BRH:11
end_of_record
TN:
SF:src\pages\NotFoundPage.jsx
FN:5,NotFoundPage
FNF:1
FNH:1
FNDA:1,NotFoundPage
DA:1,1
DA:2,1
DA:3,1
DA:4,1
DA:5,1
DA:6,1
DA:7,1
DA:8,1
DA:9,1
DA:10,1
DA:11,1
DA:12,1
DA:13,1
DA:14,1
DA:15,1
DA:16,1
DA:17,1
DA:18,1
DA:19,1
DA:20,1
DA:21,1
DA:22,1
DA:23,1
DA:24,1
DA:25,1
DA:26,1
DA:27,1
DA:28,1
DA:29,1
DA:30,1
DA:31,1
LF:31
LH:31
BRDA:5,0,0,1
BRF:1
BRH:1
end_of_record
TN:
SF:src\pages\RegisterPage.jsx
FN:22,RegisterPage
FN:34,handleChange
FN:38,handleSubmit
FNF:3
FNH:3
FNDA:245,RegisterPage
FNDA:233,handleChange
FNDA:4,handleSubmit
DA:1,1
DA:2,1
DA:3,1
DA:4,1
DA:5,1
DA:6,1
DA:7,1
DA:8,1
DA:9,1
DA:10,1
DA:11,1
DA:12,1
DA:13,1
DA:14,1
DA:15,1
DA:16,1
DA:17,1
DA:18,1
DA:19,1
DA:20,1
DA:21,1
DA:22,1
DA:23,245
DA:24,245
DA:25,245
DA:26,245
DA:27,245
DA:28,245
DA:29,245
DA:30,245
DA:31,245
DA:32,245
DA:33,245
DA:34,245
DA:35,233
DA:36,245
DA:37,245
DA:38,245
DA:39,4
DA:40,4
DA:41,4
DA:42,4
DA:43,4
DA:44,0
DA:45,0
DA:46,0
DA:47,0
DA:48,4
DA:49,0
DA:50,0
DA:51,0
DA:52,0
DA:53,4
DA:54,0
DA:55,0
DA:56,0
DA:57,0
DA:58,4
DA:59,0
DA:60,0
DA:61,0
DA:62,0
DA:63,4
DA:64,0
DA:65,0
DA:66,0
DA:67,0
DA:68,4
DA:69,4
DA:70,4
DA:71,1
DA:72,1
DA:73,1
DA:74,1
DA:75,3
DA:76,3
DA:77,3
DA:78,3
DA:79,3
DA:80,3
DA:81,3
DA:82,3
DA:83,3
DA:84,3
DA:85,1
DA:86,1
DA:87,1
DA:88,1
DA:89,1
DA:90,1
DA:91,1
DA:92,1
DA:93,4
DA:94,2
DA:95,2
DA:96,245
DA:97,245
DA:98,245
DA:99,245
DA:100,245
DA:101,245
DA:102,245
DA:103,245
DA:104,245
DA:105,245
DA:106,245
DA:107,245
DA:108,245
DA:109,245
DA:110,245
DA:111,245
DA:112,245
DA:113,245
DA:114,245
DA:115,245
DA:116,245
DA:117,2
DA:118,2
DA:119,2
DA:120,245
DA:121,245
DA:122,245
DA:123,245
DA:124,245
DA:125,245
DA:126,245
DA:127,245
DA:128,245
DA:129,245
DA:130,245
DA:131,245
DA:132,245
DA:133,245
DA:134,245
DA:135,245
DA:136,245
DA:137,245
DA:138,245
DA:139,245
DA:140,245
DA:141,245
DA:142,245
DA:143,245
DA:144,245
DA:145,245
DA:146,245
DA:147,245
DA:148,245
DA:149,245
DA:150,245
DA:151,245
DA:152,245
DA:153,245
DA:154,245
DA:155,245
DA:156,245
DA:157,245
DA:158,245
DA:159,245
DA:160,245
DA:161,245
DA:162,245
DA:163,245
DA:164,245
DA:165,245
DA:166,245
DA:167,245
DA:168,245
DA:169,245
DA:170,245
DA:171,245
DA:172,245
DA:173,245
DA:174,245
DA:175,245
DA:176,245
DA:177,245
DA:178,245
DA:179,245
DA:180,245
DA:181,245
DA:182,245
DA:183,245
DA:184,245
DA:185,245
DA:186,245
DA:187,245
DA:188,245
DA:189,245
DA:190,245
DA:191,245
DA:192,245
DA:193,245
DA:194,1
DA:195,1
LF:195
LH:175
BRDA:22,0,0,245
BRDA:116,1,0,2
BRDA:181,2,0,3
BRDA:181,3,0,242
BRDA:34,4,0,233
BRDA:38,5,0,4
BRDA:43,6,0,0
BRDA:48,7,0,0
BRDA:53,8,0,0
BRDA:58,9,0,0
BRDA:63,10,0,0
BRDA:70,11,0,1
BRDA:74,12,0,3
BRDA:84,13,0,1
BRDA:91,14,0,0
BRDA:91,15,0,0
BRDA:93,16,0,2
BRF:17
BRH:10
end_of_record
TN:
SF:src\pages\SharedListsPage.jsx
FN:7,SharedListsPage
FN:11,handleTabChange
FNF:2
FNH:2
FNDA:7,SharedListsPage
FNDA:3,handleTabChange
DA:1,1
DA:2,1
DA:3,1
DA:4,1
DA:5,1
DA:6,1
DA:7,1
DA:8,7
DA:9,7
DA:10,7
DA:11,7
DA:12,3
DA:13,7
DA:14,7
DA:15,7
DA:16,7
DA:17,7
DA:18,7
DA:19,7
DA:20,7
DA:21,7
DA:22,7
DA:23,7
DA:24,7
DA:25,7
DA:26,7
DA:27,7
DA:28,7
DA:29,7
DA:30,7
DA:31,7
DA:32,7
DA:33,7
DA:34,7
DA:35,7
DA:36,7
DA:37,7
DA:38,7
DA:39,7
DA:40,7
DA:41,7
DA:42,7
DA:43,7
DA:44,7
DA:45,5
DA:46,7
DA:47,7
DA:48,7
DA:49,7
DA:50,7
DA:51,7
DA:52,7
DA:53,7
DA:54,7
DA:55,7
DA:56,7
DA:57,2
DA:58,7
DA:59,7
DA:60,7
DA:61,7
DA:62,7
DA:63,1
DA:64,1
LF:64
LH:64
BRDA:7,0,0,7
BRDA:44,1,0,5
BRDA:56,2,0,2
BRDA:11,3,0,3
BRF:4
BRH:4
end_of_record
TN:
SF:src\services\authService.js
FN:3,register
FN:12,login
FNF:2
FNH:2
FNDA:2,register
FNDA:2,login
DA:1,1
DA:2,1
DA:3,1
DA:4,2
DA:5,2
DA:6,1
DA:7,1
DA:8,1
DA:9,1
DA:10,1
DA:11,1
DA:12,1
DA:13,2
DA:14,2
DA:15,1
DA:16,1
DA:17,1
DA:18,1
DA:19,2
DA:20,1
DA:21,1
DA:22,1
LF:22
LH:22
BRDA:3,0,0,2
BRDA:5,1,0,1
BRDA:8,2,0,0
BRDA:12,3,0,2
BRDA:14,4,0,1
BRDA:17,5,0,0
BRF:6
BRH:4
end_of_record
TN:
SF:src\services\shareService.js
FN:5,shareMyFavorites
FN:17,getListsSharedWithMe
FN:27,getMySharedInstances
FN:36,unshareList
FNF:4
FNH:4
FNDA:2,shareMyFavorites
FNDA:1,getListsSharedWithMe
FNDA:1,getMySharedInstances
FNDA:1,unshareList
DA:1,1
DA:2,1
DA:3,1
DA:4,1
DA:5,1
DA:6,2
DA:7,2
DA:8,1
DA:9,1
DA:10,1
DA:11,1
DA:12,1
DA:13,1
DA:14,1
DA:15,1
DA:16,1
DA:17,1
DA:18,1
DA:19,1
DA:20,1
DA:21,1
DA:22,0
DA:23,0
DA:24,0
DA:25,1
DA:26,1
DA:27,1
DA:28,1
DA:29,1
DA:30,1
DA:31,1
DA:32,0
DA:33,0
DA:34,0
DA:35,1
DA:36,1
DA:37,1
DA:38,1
DA:39,1
DA:40,1
DA:41,0
DA:42,0
DA:43,0
DA:44,1
DA:45,1
DA:46,1
DA:47,1
LF:47
LH:38
BRDA:5,0,0,2
BRDA:7,1,0,1
BRDA:12,2,0,0
BRDA:17,3,0,1
BRDA:21,4,0,0
BRDA:27,5,0,1
BRDA:31,6,0,0
BRDA:36,7,0,1
BRDA:40,8,0,0
BRF:9
BRH:5
end_of_record
TN:
SF:src\services\stockService.js
FN:1,_interopRequireDefault
FN:4,getFavoriteStocksWithDetails
FN:14,addFavoriteStock
FN:27,removeFavoriteStock
FN:40,getPublicStockPrices
FNF:5
FNH:5
FNDA:3,_interopRequireDefault
FNDA:2,getFavoriteStocksWithDetails
FNDA:2,addFavoriteStock
FNDA:1,removeFavoriteStock
FNDA:2,getPublicStockPrices
DA:1,1
DA:2,1
DA:3,1
DA:4,1
DA:5,2
DA:6,2
DA:7,1
DA:8,1
DA:9,1
DA:10,1
DA:11,1
DA:12,1
DA:13,1
DA:14,1
DA:15,2
DA:16,2
DA:17,1
DA:18,1
DA:19,1
DA:20,1
DA:21,1
DA:22,0
DA:23,1
DA:24,1
DA:25,1
DA:26,1
DA:27,1
DA:28,1
DA:29,1
DA:30,1
DA:31,1
DA:32,0
DA:33,0
DA:34,0
DA:35,0
DA:36,0
DA:37,0
DA:38,1
DA:39,1
DA:40,1
DA:41,2
DA:42,1
DA:43,1
DA:44,1
DA:45,2
DA:46,0
DA:47,0
DA:48,0
DA:49,0
DA:50,0
DA:51,0
DA:52,2
DA:53,1
DA:54,1
DA:55,1
DA:56,1
LF:56
LH:43
BRDA:1,0,0,3
BRDA:1,1,0,0
BRDA:4,2,0,2
BRDA:6,3,0,1
BRDA:10,4,0,0
BRDA:14,5,0,2
BRDA:16,6,0,1
BRDA:21,7,0,0
BRDA:27,8,0,1
BRDA:31,9,0,0
BRDA:40,10,0,2
BRDA:41,11,0,1
BRDA:45,12,0,0
BRF:13
BRH:8
end_of_record
