TN:
SF:src\contexts\AuthContext.jsx
FN:7,AuthProvider
FN:43,login
FN:74,logout
FN:82,updateUser
FN:94,useAuth
FNF:5
FNH:1
FNDA:12,AuthProvider
FNDA:0,login
FNDA:0,logout
FNDA:0,updateUser
FNDA:0,useAuth
DA:1,1
DA:2,1
DA:3,1
DA:4,1
DA:5,1
DA:6,1
DA:7,1
DA:8,12
DA:9,12
DA:10,6
DA:11,6
DA:12,6
DA:13,12
DA:14,12
DA:15,12
DA:16,6
DA:17,0
DA:18,0
DA:19,0
DA:20,0
DA:21,0
DA:22,0
DA:23,0
DA:24,0
DA:25,0
DA:26,0
DA:27,0
DA:28,0
DA:29,6
DA:30,6
DA:31,6
DA:32,6
DA:33,6
DA:34,12
DA:35,12
DA:36,12
DA:37,12
DA:38,6
DA:39,6
DA:40,12
DA:41,12
DA:42,12
DA:43,12
DA:44,0
DA:45,0
DA:46,0
DA:47,0
DA:48,0
DA:49,0
DA:50,0
DA:51,0
DA:52,0
DA:53,0
DA:54,0
DA:55,0
DA:56,0
DA:57,0
DA:58,0
DA:59,0
DA:60,0
DA:61,0
DA:62,0
DA:63,0
DA:64,0
DA:65,0
DA:66,0
DA:67,0
DA:68,0
DA:69,0
DA:70,0
DA:71,12
DA:72,12
DA:73,12
DA:74,12
DA:75,0
DA:76,0
DA:77,0
DA:78,0
DA:79,0
DA:80,12
DA:81,12
DA:82,12
DA:83,0
DA:84,0
DA:85,12
DA:86,12
DA:87,12
DA:88,12
DA:89,12
DA:90,12
DA:91,12
DA:92,1
DA:93,1
DA:94,1
DA:95,0
DA:96,0
DA:97,0
DA:98,0
DA:99,0
DA:100,0
DA:101,1
DA:102,1
LF:102
LH:50
BRDA:7,0,0,12
BRDA:9,1,0,6
BRDA:11,2,0,0
BRDA:15,3,0,6
BRDA:16,4,0,0
BRDA:37,5,0,6
BRF:6
BRH:4
end_of_record
TN:
SF:src\pages\LoginPage.jsx
FN:24,LoginPage
FN:35,handleChange
FN:43,handleSubmit
FNF:3
FNH:3
FNDA:126,LoginPage
FNDA:113,handleChange
FNDA:4,handleSubmit
DA:1,1
DA:2,1
DA:3,1
DA:4,1
DA:5,1
DA:6,1
DA:7,1
DA:8,1
DA:9,1
DA:10,1
DA:11,1
DA:12,1
DA:13,1
DA:14,1
DA:15,1
DA:16,1
DA:17,1
DA:18,1
DA:19,1
DA:20,1
DA:21,1
DA:22,1
DA:23,1
DA:24,1
DA:25,126
DA:26,126
DA:27,126
DA:28,126
DA:29,126
DA:30,126
DA:31,126
DA:32,126
DA:33,126
DA:34,126
DA:35,126
DA:36,113
DA:37,113
DA:38,113
DA:39,113
DA:40,113
DA:41,126
DA:42,126
DA:43,126
DA:44,4
DA:45,4
DA:46,4
DA:47,4
DA:48,4
DA:49,1
DA:50,1
DA:51,1
DA:52,1
DA:53,3
DA:54,3
DA:55,3
DA:56,3
DA:57,3
DA:58,3
DA:59,3
DA:60,1
DA:61,4
DA:62,2
DA:63,2
DA:64,2
DA:65,4
DA:66,3
DA:67,3
DA:68,126
DA:69,126
DA:70,126
DA:71,126
DA:72,126
DA:73,126
DA:74,126
DA:75,126
DA:76,126
DA:77,126
DA:78,126
DA:79,126
DA:80,126
DA:81,126
DA:82,126
DA:83,126
DA:84,126
DA:85,126
DA:86,126
DA:87,126
DA:88,126
DA:89,3
DA:90,3
DA:91,3
DA:92,126
DA:93,126
DA:94,126
DA:95,126
DA:96,126
DA:97,126
DA:98,126
DA:99,126
DA:100,126
DA:101,126
DA:102,126
DA:103,126
DA:104,126
DA:105,126
DA:106,126
DA:107,126
DA:108,126
DA:109,126
DA:110,126
DA:111,126
DA:112,126
DA:113,126
DA:114,126
DA:115,126
DA:116,126
DA:117,126
DA:118,126
DA:119,126
DA:120,126
DA:121,126
DA:122,126
DA:123,126
DA:124,126
DA:125,126
DA:126,126
DA:127,126
DA:128,126
DA:129,126
DA:130,126
DA:131,126
DA:132,126
DA:133,126
DA:134,126
DA:135,126
DA:136,126
DA:137,126
DA:138,126
DA:139,126
DA:140,126
DA:141,126
DA:142,126
DA:143,126
DA:144,126
DA:145,126
DA:146,126
DA:147,126
DA:148,126
DA:149,126
DA:150,126
DA:151,126
DA:152,126
DA:153,126
DA:154,1
DA:155,1
LF:155
LH:155
BRDA:24,0,0,126
BRDA:88,1,0,3
BRDA:141,2,0,3
BRDA:141,3,0,123
BRDA:35,4,0,113
BRDA:39,5,0,2
BRDA:39,6,0,111
BRDA:43,7,0,4
BRDA:48,8,0,3
BRDA:48,9,0,1
BRDA:52,10,0,3
BRDA:59,11,0,1
BRDA:61,12,0,2
BRDA:63,13,0,1
BRDA:65,14,0,3
BRF:15
BRH:15
end_of_record
TN:
SF:src\services\authService.js
FN:3,register
FN:12,login
FNF:2
FNH:0
FNDA:0,register
FNDA:0,login
DA:1,1
DA:2,1
DA:3,1
DA:4,0
DA:5,0
DA:6,0
DA:7,0
DA:8,0
DA:9,0
DA:10,1
DA:11,1
DA:12,1
DA:13,0
DA:14,0
DA:15,0
DA:16,0
DA:17,0
DA:18,0
DA:19,0
DA:20,1
DA:21,1
DA:22,1
LF:22
LH:9
BRF:0
BRH:0
end_of_record
