{"D:\\FavoriteStocksWatcher\\backend\\src\\server.js": {"path":"D:\\FavoriteStocksWatcher\\backend\\src\\server.js","all":false,"statementMap":{"0":{"start":{"line":1,"column":0},"end":{"line":1,"column":23}},"1":{"start":{"line":2,"column":0},"end":{"line":2,"column":30}},"2":{"start":{"line":3,"column":0},"end":{"line":3,"column":32}},"3":{"start":{"line":4,"column":0},"end":{"line":4,"column":32}},"4":{"start":{"line":5,"column":0},"end":{"line":5,"column":50}},"5":{"start":{"line":6,"column":0},"end":{"line":6,"column":49}},"6":{"start":{"line":7,"column":0},"end":{"line":7,"column":59}},"7":{"start":{"line":8,"column":0},"end":{"line":8,"column":50}},"8":{"start":{"line":9,"column":0},"end":{"line":9,"column":24}},"9":{"start":{"line":10,"column":0},"end":{"line":10,"column":0}},"10":{"start":{"line":11,"column":0},"end":{"line":11,"column":0}},"11":{"start":{"line":12,"column":0},"end":{"line":12,"column":30}},"12":{"start":{"line":13,"column":0},"end":{"line":13,"column":39}},"13":{"start":{"line":14,"column":0},"end":{"line":14,"column":38}},"14":{"start":{"line":15,"column":0},"end":{"line":15,"column":0}},"15":{"start":{"line":16,"column":0},"end":{"line":16,"column":73}},"16":{"start":{"line":17,"column":0},"end":{"line":17,"column":31}},"17":{"start":{"line":18,"column":0},"end":{"line":18,"column":7}},"18":{"start":{"line":19,"column":0},"end":{"line":19,"column":34}},"19":{"start":{"line":20,"column":0},"end":{"line":20,"column":54}},"20":{"start":{"line":21,"column":0},"end":{"line":21,"column":16}},"21":{"start":{"line":22,"column":0},"end":{"line":22,"column":17}},"22":{"start":{"line":23,"column":0},"end":{"line":23,"column":47}},"23":{"start":{"line":24,"column":0},"end":{"line":24,"column":17}},"24":{"start":{"line":25,"column":0},"end":{"line":25,"column":3}},"25":{"start":{"line":26,"column":0},"end":{"line":26,"column":2}},"26":{"start":{"line":27,"column":0},"end":{"line":27,"column":0}},"27":{"start":{"line":28,"column":0},"end":{"line":28,"column":55}},"28":{"start":{"line":29,"column":0},"end":{"line":29,"column":38}},"29":{"start":{"line":30,"column":0},"end":{"line":30,"column":33}},"30":{"start":{"line":31,"column":0},"end":{"line":31,"column":20}},"31":{"start":{"line":32,"column":0},"end":{"line":32,"column":30}},"32":{"start":{"line":33,"column":0},"end":{"line":33,"column":82}},"33":{"start":{"line":34,"column":0},"end":{"line":34,"column":9}},"34":{"start":{"line":35,"column":0},"end":{"line":35,"column":5}},"35":{"start":{"line":36,"column":0},"end":{"line":36,"column":5}},"36":{"start":{"line":37,"column":0},"end":{"line":37,"column":1}},"37":{"start":{"line":38,"column":0},"end":{"line":38,"column":0}},"38":{"start":{"line":39,"column":0},"end":{"line":39,"column":24}},"39":{"start":{"line":40,"column":0},"end":{"line":40,"column":48}},"40":{"start":{"line":41,"column":0},"end":{"line":41,"column":0}},"41":{"start":{"line":42,"column":0},"end":{"line":42,"column":31}},"42":{"start":{"line":43,"column":0},"end":{"line":43,"column":28}},"43":{"start":{"line":44,"column":0},"end":{"line":44,"column":16}},"44":{"start":{"line":45,"column":0},"end":{"line":45,"column":34}},"45":{"start":{"line":46,"column":0},"end":{"line":46,"column":36}},"46":{"start":{"line":47,"column":0},"end":{"line":47,"column":36}},"47":{"start":{"line":48,"column":0},"end":{"line":48,"column":0}},"48":{"start":{"line":49,"column":0},"end":{"line":49,"column":28}},"49":{"start":{"line":50,"column":0},"end":{"line":50,"column":43}},"50":{"start":{"line":51,"column":0},"end":{"line":51,"column":3}},"51":{"start":{"line":52,"column":0},"end":{"line":52,"column":0}},"52":{"start":{"line":53,"column":0},"end":{"line":53,"column":40}},"53":{"start":{"line":54,"column":0},"end":{"line":54,"column":71}},"54":{"start":{"line":55,"column":0},"end":{"line":55,"column":3}},"55":{"start":{"line":56,"column":0},"end":{"line":56,"column":0}},"56":{"start":{"line":57,"column":0},"end":{"line":57,"column":46}},"57":{"start":{"line":58,"column":0},"end":{"line":58,"column":42}},"58":{"start":{"line":59,"column":0},"end":{"line":59,"column":3}},"59":{"start":{"line":60,"column":0},"end":{"line":60,"column":0}},"60":{"start":{"line":61,"column":0},"end":{"line":61,"column":30}},"61":{"start":{"line":62,"column":0},"end":{"line":62,"column":19}}},"s":{"0":1,"1":1,"2":1,"3":1,"4":1,"5":1,"6":1,"7":1,"8":1,"9":1,"10":1,"11":1,"12":1,"13":1,"14":1,"15":1,"16":1,"17":0,"18":0,"19":0,"20":0,"21":0,"22":0,"23":0,"24":0,"25":0,"26":1,"27":1,"28":1,"29":0,"30":0,"31":0,"32":0,"33":0,"34":0,"35":0,"36":0,"37":1,"38":1,"39":1,"40":1,"41":1,"42":1,"43":1,"44":1,"45":1,"46":1,"47":1,"48":1,"49":0,"50":1,"51":1,"52":1,"53":0,"54":1,"55":1,"56":1,"57":3,"58":1,"59":1,"60":1,"61":1},"branchMap":{"0":{"type":"branch","line":13,"loc":{"start":{"line":13,"column":29},"end":{"line":13,"column":37}},"locations":[{"start":{"line":13,"column":29},"end":{"line":13,"column":37}}]},"1":{"type":"branch","line":29,"loc":{"start":{"line":29,"column":37},"end":{"line":37,"column":1}},"locations":[{"start":{"line":29,"column":37},"end":{"line":37,"column":1}}]},"2":{"type":"branch","line":57,"loc":{"start":{"line":57,"column":39},"end":{"line":59,"column":2}},"locations":[{"start":{"line":57,"column":39},"end":{"line":59,"column":2}}]}},"b":{"0":[0],"1":[0],"2":[3]},"fnMap":{"0":{"name":"connectDB","decl":{"start":{"line":17,"column":18},"end":{"line":26,"column":2}},"loc":{"start":{"line":17,"column":18},"end":{"line":26,"column":2}},"line":17}},"f":{"0":0}}
,"D:\\FavoriteStocksWatcher\\backend\\src\\config\\passportConfig.js": {"path":"D:\\FavoriteStocksWatcher\\backend\\src\\config\\passportConfig.js","all":false,"statementMap":{"0":{"start":{"line":1,"column":0},"end":{"line":1,"column":23}},"1":{"start":{"line":2,"column":0},"end":{"line":2,"column":59}},"2":{"start":{"line":3,"column":0},"end":{"line":3,"column":67}},"3":{"start":{"line":4,"column":0},"end":{"line":4,"column":32}},"4":{"start":{"line":5,"column":0},"end":{"line":5,"column":38}},"5":{"start":{"line":6,"column":0},"end":{"line":6,"column":0}},"6":{"start":{"line":7,"column":0},"end":{"line":7,"column":35}},"7":{"start":{"line":8,"column":0},"end":{"line":8,"column":15}},"8":{"start":{"line":9,"column":0},"end":{"line":9,"column":22}},"9":{"start":{"line":10,"column":0},"end":{"line":10,"column":44}},"10":{"start":{"line":11,"column":0},"end":{"line":11,"column":50}},"11":{"start":{"line":12,"column":0},"end":{"line":12,"column":13}},"12":{"start":{"line":13,"column":0},"end":{"line":13,"column":43}},"13":{"start":{"line":14,"column":0},"end":{"line":14,"column":77}},"14":{"start":{"line":15,"column":0},"end":{"line":15,"column":34}},"15":{"start":{"line":16,"column":0},"end":{"line":16,"column":0}},"16":{"start":{"line":17,"column":0},"end":{"line":17,"column":22}},"17":{"start":{"line":18,"column":0},"end":{"line":18,"column":83}},"18":{"start":{"line":19,"column":0},"end":{"line":19,"column":11}},"19":{"start":{"line":20,"column":0},"end":{"line":20,"column":0}},"20":{"start":{"line":21,"column":0},"end":{"line":21,"column":63}},"21":{"start":{"line":22,"column":0},"end":{"line":22,"column":24}},"22":{"start":{"line":23,"column":0},"end":{"line":23,"column":36}},"23":{"start":{"line":24,"column":0},"end":{"line":24,"column":18}},"24":{"start":{"line":25,"column":0},"end":{"line":25,"column":79}},"25":{"start":{"line":26,"column":0},"end":{"line":26,"column":11}},"26":{"start":{"line":27,"column":0},"end":{"line":27,"column":25}},"27":{"start":{"line":28,"column":0},"end":{"line":28,"column":59}},"28":{"start":{"line":29,"column":0},"end":{"line":29,"column":29}},"29":{"start":{"line":30,"column":0},"end":{"line":30,"column":9}},"30":{"start":{"line":31,"column":0},"end":{"line":31,"column":7}},"31":{"start":{"line":32,"column":0},"end":{"line":32,"column":5}},"32":{"start":{"line":33,"column":0},"end":{"line":33,"column":4}},"33":{"start":{"line":34,"column":0},"end":{"line":34,"column":0}},"34":{"start":{"line":35,"column":0},"end":{"line":35,"column":2}},"35":{"start":{"line":36,"column":0},"end":{"line":36,"column":18}},"36":{"start":{"line":37,"column":0},"end":{"line":37,"column":66}},"37":{"start":{"line":38,"column":0},"end":{"line":38,"column":45}},"38":{"start":{"line":39,"column":0},"end":{"line":39,"column":0}},"39":{"start":{"line":40,"column":0},"end":{"line":40,"column":15}},"40":{"start":{"line":41,"column":0},"end":{"line":41,"column":56}},"41":{"start":{"line":42,"column":0},"end":{"line":42,"column":11}},"42":{"start":{"line":43,"column":0},"end":{"line":43,"column":78}},"43":{"start":{"line":44,"column":0},"end":{"line":44,"column":0}},"44":{"start":{"line":45,"column":0},"end":{"line":45,"column":19}},"45":{"start":{"line":46,"column":0},"end":{"line":46,"column":34}},"46":{"start":{"line":47,"column":0},"end":{"line":47,"column":16}},"47":{"start":{"line":48,"column":0},"end":{"line":48,"column":35}},"48":{"start":{"line":49,"column":0},"end":{"line":49,"column":9}},"49":{"start":{"line":50,"column":0},"end":{"line":50,"column":23}},"50":{"start":{"line":51,"column":0},"end":{"line":51,"column":55}},"51":{"start":{"line":52,"column":0},"end":{"line":52,"column":34}},"52":{"start":{"line":53,"column":0},"end":{"line":53,"column":7}},"53":{"start":{"line":54,"column":0},"end":{"line":54,"column":6}},"54":{"start":{"line":55,"column":0},"end":{"line":55,"column":4}},"55":{"start":{"line":56,"column":0},"end":{"line":56,"column":0}},"56":{"start":{"line":57,"column":0},"end":{"line":57,"column":2}},"57":{"start":{"line":58,"column":0},"end":{"line":58,"column":1}}},"s":{"0":1,"1":1,"2":1,"3":1,"4":1,"5":1,"6":1,"7":3,"8":3,"9":3,"10":3,"11":4,"12":4,"13":4,"14":4,"15":4,"16":4,"17":1,"18":1,"19":3,"20":3,"21":4,"22":2,"23":4,"24":1,"25":1,"26":4,"27":0,"28":0,"29":0,"30":4,"31":3,"32":3,"33":3,"34":3,"35":3,"36":3,"37":3,"38":3,"39":3,"40":3,"41":58,"42":58,"43":58,"44":58,"45":55,"46":57,"47":3,"48":3,"49":58,"50":0,"51":0,"52":0,"53":3,"54":3,"55":3,"56":3,"57":3},"branchMap":{"0":{"type":"branch","line":7,"loc":{"start":{"line":7,"column":15},"end":{"line":58,"column":1}},"locations":[{"start":{"line":7,"column":15},"end":{"line":58,"column":1}}]},"1":{"type":"branch","line":11,"loc":{"start":{"line":11,"column":6},"end":{"line":31,"column":7}},"locations":[{"start":{"line":11,"column":6},"end":{"line":31,"column":7}}]},"2":{"type":"branch","line":17,"loc":{"start":{"line":17,"column":21},"end":{"line":19,"column":11}},"locations":[{"start":{"line":17,"column":21},"end":{"line":19,"column":11}}]},"3":{"type":"branch","line":19,"loc":{"start":{"line":19,"column":10},"end":{"line":22,"column":23}},"locations":[{"start":{"line":19,"column":10},"end":{"line":22,"column":23}}]},"4":{"type":"branch","line":22,"loc":{"start":{"line":22,"column":23},"end":{"line":24,"column":11}},"locations":[{"start":{"line":22,"column":23},"end":{"line":24,"column":11}}]},"5":{"type":"branch","line":24,"loc":{"start":{"line":24,"column":11},"end":{"line":26,"column":11}},"locations":[{"start":{"line":24,"column":11},"end":{"line":26,"column":11}}]},"6":{"type":"branch","line":27,"loc":{"start":{"line":27,"column":10},"end":{"line":30,"column":9}},"locations":[{"start":{"line":27,"column":10},"end":{"line":30,"column":9}}]},"7":{"type":"branch","line":41,"loc":{"start":{"line":41,"column":26},"end":{"line":54,"column":5}},"locations":[{"start":{"line":41,"column":26},"end":{"line":54,"column":5}}]},"8":{"type":"branch","line":45,"loc":{"start":{"line":45,"column":18},"end":{"line":49,"column":9}},"locations":[{"start":{"line":45,"column":18},"end":{"line":49,"column":9}}]},"9":{"type":"branch","line":45,"loc":{"start":{"line":45,"column":18},"end":{"line":47,"column":9}},"locations":[{"start":{"line":45,"column":18},"end":{"line":47,"column":9}}]},"10":{"type":"branch","line":47,"loc":{"start":{"line":47,"column":9},"end":{"line":49,"column":9}},"locations":[{"start":{"line":47,"column":9},"end":{"line":49,"column":9}}]},"11":{"type":"branch","line":50,"loc":{"start":{"line":50,"column":8},"end":{"line":53,"column":7}},"locations":[{"start":{"line":50,"column":8},"end":{"line":53,"column":7}}]}},"b":{"0":[3],"1":[4],"2":[1],"3":[3],"4":[2],"5":[1],"6":[0],"7":[58],"8":[57],"9":[55],"10":[3],"11":[0]},"fnMap":{"0":{"name":"default","decl":{"start":{"line":7,"column":15},"end":{"line":58,"column":1}},"loc":{"start":{"line":7,"column":15},"end":{"line":58,"column":1}},"line":7}},"f":{"0":3}}
,"D:\\FavoriteStocksWatcher\\backend\\src\\controllers\\shareController.js": {"path":"D:\\FavoriteStocksWatcher\\backend\\src\\controllers\\shareController.js","all":false,"statementMap":{"0":{"start":{"line":1,"column":0},"end":{"line":1,"column":39}},"1":{"start":{"line":2,"column":0},"end":{"line":2,"column":38}},"2":{"start":{"line":3,"column":0},"end":{"line":3,"column":0}},"3":{"start":{"line":4,"column":0},"end":{"line":4,"column":39}},"4":{"start":{"line":5,"column":0},"end":{"line":5,"column":27}},"5":{"start":{"line":6,"column":0},"end":{"line":6,"column":172}},"6":{"start":{"line":7,"column":0},"end":{"line":7,"column":32}},"7":{"start":{"line":8,"column":0},"end":{"line":8,"column":2}},"8":{"start":{"line":9,"column":0},"end":{"line":9,"column":0}},"9":{"start":{"line":10,"column":0},"end":{"line":10,"column":53}},"10":{"start":{"line":11,"column":0},"end":{"line":11,"column":7}},"11":{"start":{"line":12,"column":0},"end":{"line":12,"column":38}},"12":{"start":{"line":13,"column":0},"end":{"line":13,"column":40}},"13":{"start":{"line":14,"column":0},"end":{"line":14,"column":0}},"14":{"start":{"line":15,"column":0},"end":{"line":15,"column":96}},"15":{"start":{"line":16,"column":0},"end":{"line":16,"column":86}},"16":{"start":{"line":17,"column":0},"end":{"line":17,"column":5}},"17":{"start":{"line":18,"column":0},"end":{"line":18,"column":0}},"18":{"start":{"line":19,"column":0},"end":{"line":19,"column":61}},"19":{"start":{"line":20,"column":0},"end":{"line":20,"column":0}},"20":{"start":{"line":21,"column":0},"end":{"line":21,"column":36}},"21":{"start":{"line":22,"column":0},"end":{"line":22,"column":98}},"22":{"start":{"line":23,"column":0},"end":{"line":23,"column":5}},"23":{"start":{"line":24,"column":0},"end":{"line":24,"column":0}},"24":{"start":{"line":25,"column":0},"end":{"line":25,"column":44}},"25":{"start":{"line":26,"column":0},"end":{"line":26,"column":89}},"26":{"start":{"line":27,"column":0},"end":{"line":27,"column":5}},"27":{"start":{"line":28,"column":0},"end":{"line":28,"column":0}},"28":{"start":{"line":29,"column":0},"end":{"line":29,"column":88}},"29":{"start":{"line":30,"column":0},"end":{"line":30,"column":22}},"30":{"start":{"line":31,"column":0},"end":{"line":31,"column":90}},"31":{"start":{"line":32,"column":0},"end":{"line":32,"column":5}},"32":{"start":{"line":33,"column":0},"end":{"line":33,"column":0}},"33":{"start":{"line":34,"column":0},"end":{"line":34,"column":44}},"34":{"start":{"line":35,"column":0},"end":{"line":35,"column":98}},"35":{"start":{"line":36,"column":0},"end":{"line":36,"column":5}},"36":{"start":{"line":37,"column":0},"end":{"line":37,"column":0}},"37":{"start":{"line":38,"column":0},"end":{"line":38,"column":91}},"38":{"start":{"line":39,"column":0},"end":{"line":39,"column":25}},"39":{"start":{"line":40,"column":0},"end":{"line":40,"column":119}},"40":{"start":{"line":41,"column":0},"end":{"line":41,"column":5}},"41":{"start":{"line":42,"column":0},"end":{"line":42,"column":0}},"42":{"start":{"line":43,"column":0},"end":{"line":43,"column":79}},"43":{"start":{"line":44,"column":0},"end":{"line":44,"column":118}},"44":{"start":{"line":45,"column":0},"end":{"line":45,"column":5}},"45":{"start":{"line":46,"column":0},"end":{"line":46,"column":0}},"46":{"start":{"line":47,"column":0},"end":{"line":47,"column":47}},"47":{"start":{"line":48,"column":0},"end":{"line":48,"column":29}},"48":{"start":{"line":49,"column":0},"end":{"line":49,"column":39}},"49":{"start":{"line":50,"column":0},"end":{"line":50,"column":23}},"50":{"start":{"line":51,"column":0},"end":{"line":51,"column":7}},"51":{"start":{"line":52,"column":0},"end":{"line":52,"column":0}},"52":{"start":{"line":53,"column":0},"end":{"line":53,"column":24}},"53":{"start":{"line":54,"column":0},"end":{"line":54,"column":35}},"54":{"start":{"line":55,"column":0},"end":{"line":55,"column":85}},"55":{"start":{"line":56,"column":0},"end":{"line":56,"column":9}},"56":{"start":{"line":57,"column":0},"end":{"line":57,"column":5}},"57":{"start":{"line":58,"column":0},"end":{"line":58,"column":0}},"58":{"start":{"line":59,"column":0},"end":{"line":59,"column":32}},"59":{"start":{"line":60,"column":0},"end":{"line":60,"column":29}},"60":{"start":{"line":61,"column":0},"end":{"line":61,"column":39}},"61":{"start":{"line":62,"column":0},"end":{"line":62,"column":51}},"62":{"start":{"line":63,"column":0},"end":{"line":63,"column":23}},"63":{"start":{"line":64,"column":0},"end":{"line":64,"column":7}},"64":{"start":{"line":65,"column":0},"end":{"line":65,"column":0}},"65":{"start":{"line":66,"column":0},"end":{"line":66,"column":26}},"66":{"start":{"line":67,"column":0},"end":{"line":67,"column":0}},"67":{"start":{"line":68,"column":0},"end":{"line":68,"column":26}},"68":{"start":{"line":69,"column":0},"end":{"line":69,"column":104}},"69":{"start":{"line":70,"column":0},"end":{"line":70,"column":30}},"70":{"start":{"line":71,"column":0},"end":{"line":71,"column":7}},"71":{"start":{"line":72,"column":0},"end":{"line":72,"column":0}},"72":{"start":{"line":73,"column":0},"end":{"line":73,"column":19}},"73":{"start":{"line":74,"column":0},"end":{"line":74,"column":64}},"74":{"start":{"line":75,"column":0},"end":{"line":75,"column":44}},"75":{"start":{"line":76,"column":0},"end":{"line":76,"column":64}},"76":{"start":{"line":77,"column":0},"end":{"line":77,"column":5}},"77":{"start":{"line":78,"column":0},"end":{"line":78,"column":32}},"78":{"start":{"line":79,"column":0},"end":{"line":79,"column":135}},"79":{"start":{"line":80,"column":0},"end":{"line":80,"column":5}},"80":{"start":{"line":81,"column":0},"end":{"line":81,"column":83}},"81":{"start":{"line":82,"column":0},"end":{"line":82,"column":3}},"82":{"start":{"line":83,"column":0},"end":{"line":83,"column":2}},"83":{"start":{"line":84,"column":0},"end":{"line":84,"column":0}},"84":{"start":{"line":85,"column":0},"end":{"line":85,"column":0}},"85":{"start":{"line":86,"column":0},"end":{"line":86,"column":57}},"86":{"start":{"line":87,"column":0},"end":{"line":87,"column":32}},"87":{"start":{"line":88,"column":0},"end":{"line":88,"column":0}},"88":{"start":{"line":89,"column":0},"end":{"line":89,"column":7}},"89":{"start":{"line":90,"column":0},"end":{"line":90,"column":83}},"90":{"start":{"line":91,"column":0},"end":{"line":91,"column":50}},"91":{"start":{"line":92,"column":0},"end":{"line":92,"column":0}},"92":{"start":{"line":93,"column":0},"end":{"line":93,"column":41}},"93":{"start":{"line":94,"column":0},"end":{"line":94,"column":27}},"94":{"start":{"line":95,"column":0},"end":{"line":95,"column":5}},"95":{"start":{"line":96,"column":0},"end":{"line":96,"column":0}},"96":{"start":{"line":97,"column":0},"end":{"line":97,"column":0}},"97":{"start":{"line":98,"column":0},"end":{"line":98,"column":50}},"98":{"start":{"line":99,"column":0},"end":{"line":99,"column":35}},"99":{"start":{"line":100,"column":0},"end":{"line":100,"column":29}},"100":{"start":{"line":101,"column":0},"end":{"line":101,"column":80}},"101":{"start":{"line":102,"column":0},"end":{"line":102,"column":20}},"102":{"start":{"line":103,"column":0},"end":{"line":103,"column":97}},"103":{"start":{"line":104,"column":0},"end":{"line":104,"column":35}},"104":{"start":{"line":105,"column":0},"end":{"line":105,"column":42}},"105":{"start":{"line":106,"column":0},"end":{"line":106,"column":34}},"106":{"start":{"line":107,"column":0},"end":{"line":107,"column":14}},"107":{"start":{"line":108,"column":0},"end":{"line":108,"column":9}},"108":{"start":{"line":109,"column":0},"end":{"line":109,"column":4}},"109":{"start":{"line":110,"column":0},"end":{"line":110,"column":70}},"110":{"start":{"line":111,"column":0},"end":{"line":111,"column":16}},"111":{"start":{"line":112,"column":0},"end":{"line":112,"column":30}},"112":{"start":{"line":113,"column":0},"end":{"line":113,"column":23}},"113":{"start":{"line":114,"column":0},"end":{"line":114,"column":34}},"114":{"start":{"line":115,"column":0},"end":{"line":115,"column":36}},"115":{"start":{"line":116,"column":0},"end":{"line":116,"column":44}},"116":{"start":{"line":117,"column":0},"end":{"line":117,"column":38}},"117":{"start":{"line":118,"column":0},"end":{"line":118,"column":12}},"118":{"start":{"line":119,"column":0},"end":{"line":119,"column":46}},"119":{"start":{"line":120,"column":0},"end":{"line":120,"column":36}},"120":{"start":{"line":121,"column":0},"end":{"line":121,"column":10}},"121":{"start":{"line":122,"column":0},"end":{"line":122,"column":8}},"122":{"start":{"line":123,"column":0},"end":{"line":123,"column":6}},"123":{"start":{"line":124,"column":0},"end":{"line":124,"column":0}},"124":{"start":{"line":125,"column":0},"end":{"line":125,"column":34}},"125":{"start":{"line":126,"column":0},"end":{"line":126,"column":19}},"126":{"start":{"line":127,"column":0},"end":{"line":127,"column":72}},"127":{"start":{"line":128,"column":0},"end":{"line":128,"column":61}},"128":{"start":{"line":129,"column":0},"end":{"line":129,"column":3}},"129":{"start":{"line":130,"column":0},"end":{"line":130,"column":2}},"130":{"start":{"line":131,"column":0},"end":{"line":131,"column":0}},"131":{"start":{"line":132,"column":0},"end":{"line":132,"column":0}},"132":{"start":{"line":133,"column":0},"end":{"line":133,"column":57}},"133":{"start":{"line":134,"column":0},"end":{"line":134,"column":32}},"134":{"start":{"line":135,"column":0},"end":{"line":135,"column":7}},"135":{"start":{"line":136,"column":0},"end":{"line":136,"column":111}},"136":{"start":{"line":137,"column":0},"end":{"line":137,"column":119}},"137":{"start":{"line":138,"column":0},"end":{"line":138,"column":117}},"138":{"start":{"line":139,"column":0},"end":{"line":139,"column":98}},"139":{"start":{"line":140,"column":0},"end":{"line":140,"column":0}},"140":{"start":{"line":141,"column":0},"end":{"line":141,"column":50}},"141":{"start":{"line":142,"column":0},"end":{"line":142,"column":47}},"142":{"start":{"line":143,"column":0},"end":{"line":143,"column":61}},"143":{"start":{"line":144,"column":0},"end":{"line":144,"column":38}},"144":{"start":{"line":145,"column":0},"end":{"line":145,"column":0}},"145":{"start":{"line":146,"column":0},"end":{"line":146,"column":32}},"146":{"start":{"line":147,"column":0},"end":{"line":147,"column":58}},"147":{"start":{"line":148,"column":0},"end":{"line":148,"column":88}},"148":{"start":{"line":149,"column":0},"end":{"line":149,"column":41}},"149":{"start":{"line":150,"column":0},"end":{"line":150,"column":86}},"150":{"start":{"line":151,"column":0},"end":{"line":151,"column":83}},"151":{"start":{"line":152,"column":0},"end":{"line":152,"column":53}},"152":{"start":{"line":153,"column":0},"end":{"line":153,"column":7}},"153":{"start":{"line":154,"column":0},"end":{"line":154,"column":0}},"154":{"start":{"line":155,"column":0},"end":{"line":155,"column":14}},"155":{"start":{"line":156,"column":0},"end":{"line":156,"column":23}},"156":{"start":{"line":157,"column":0},"end":{"line":157,"column":46}},"157":{"start":{"line":158,"column":0},"end":{"line":158,"column":94}},"158":{"start":{"line":159,"column":0},"end":{"line":159,"column":35}},"159":{"start":{"line":160,"column":0},"end":{"line":160,"column":78}},"160":{"start":{"line":161,"column":0},"end":{"line":161,"column":28}},"161":{"start":{"line":162,"column":0},"end":{"line":162,"column":8}},"162":{"start":{"line":163,"column":0},"end":{"line":163,"column":7}},"163":{"start":{"line":164,"column":0},"end":{"line":164,"column":0}},"164":{"start":{"line":165,"column":0},"end":{"line":165,"column":23}},"165":{"start":{"line":166,"column":0},"end":{"line":166,"column":19}},"166":{"start":{"line":167,"column":0},"end":{"line":167,"column":66}},"167":{"start":{"line":168,"column":0},"end":{"line":168,"column":90}},"168":{"start":{"line":169,"column":0},"end":{"line":169,"column":3}},"169":{"start":{"line":170,"column":0},"end":{"line":170,"column":2}},"170":{"start":{"line":171,"column":0},"end":{"line":171,"column":0}},"171":{"start":{"line":172,"column":0},"end":{"line":172,"column":0}},"172":{"start":{"line":173,"column":0},"end":{"line":173,"column":48}},"173":{"start":{"line":174,"column":0},"end":{"line":174,"column":33}},"174":{"start":{"line":175,"column":0},"end":{"line":175,"column":32}},"175":{"start":{"line":176,"column":0},"end":{"line":176,"column":0}},"176":{"start":{"line":177,"column":0},"end":{"line":177,"column":7}},"177":{"start":{"line":178,"column":0},"end":{"line":178,"column":48}},"178":{"start":{"line":179,"column":0},"end":{"line":179,"column":0}},"179":{"start":{"line":180,"column":0},"end":{"line":180,"column":17}},"180":{"start":{"line":181,"column":0},"end":{"line":181,"column":83}},"181":{"start":{"line":182,"column":0},"end":{"line":182,"column":5}},"182":{"start":{"line":183,"column":0},"end":{"line":183,"column":0}},"183":{"start":{"line":184,"column":0},"end":{"line":184,"column":49}},"184":{"start":{"line":185,"column":0},"end":{"line":185,"column":58}},"185":{"start":{"line":186,"column":0},"end":{"line":186,"column":95}},"186":{"start":{"line":187,"column":0},"end":{"line":187,"column":5}},"187":{"start":{"line":188,"column":0},"end":{"line":188,"column":0}},"188":{"start":{"line":189,"column":0},"end":{"line":189,"column":44}},"189":{"start":{"line":190,"column":0},"end":{"line":190,"column":0}},"190":{"start":{"line":191,"column":0},"end":{"line":191,"column":77}},"191":{"start":{"line":192,"column":0},"end":{"line":192,"column":19}},"192":{"start":{"line":193,"column":0},"end":{"line":193,"column":53}},"193":{"start":{"line":194,"column":0},"end":{"line":194,"column":37}},"194":{"start":{"line":195,"column":0},"end":{"line":195,"column":82}},"195":{"start":{"line":196,"column":0},"end":{"line":196,"column":5}},"196":{"start":{"line":197,"column":0},"end":{"line":197,"column":61}},"197":{"start":{"line":198,"column":0},"end":{"line":198,"column":3}},"198":{"start":{"line":199,"column":0},"end":{"line":199,"column":2}}},"s":{"0":1,"1":1,"2":1,"3":1,"4":21,"5":21,"6":21,"7":21,"8":1,"9":1,"10":25,"11":25,"12":25,"13":25,"14":25,"15":3,"16":3,"17":22,"18":22,"19":22,"20":25,"21":1,"22":1,"23":21,"24":25,"25":1,"26":1,"27":20,"28":20,"29":25,"30":0,"31":0,"32":20,"33":25,"34":1,"35":1,"36":19,"37":19,"38":25,"39":1,"40":1,"41":18,"42":25,"43":1,"44":1,"45":17,"46":17,"47":17,"48":17,"49":17,"50":17,"51":17,"52":25,"53":1,"54":1,"55":1,"56":1,"57":16,"58":16,"59":16,"60":16,"61":16,"62":16,"63":16,"64":16,"65":16,"66":16,"67":16,"68":16,"69":16,"70":16,"71":16,"72":25,"73":0,"74":0,"75":0,"76":0,"77":0,"78":0,"79":0,"80":0,"81":0,"82":25,"83":1,"84":1,"85":1,"86":2,"87":2,"88":2,"89":2,"90":2,"91":2,"92":2,"93":1,"94":1,"95":1,"96":1,"97":1,"98":1,"99":1,"100":0,"101":0,"102":0,"103":0,"104":0,"105":0,"106":0,"107":0,"108":1,"109":1,"110":1,"111":1,"112":1,"113":1,"114":1,"115":1,"116":1,"117":1,"118":1,"119":1,"120":1,"121":1,"122":1,"123":1,"124":1,"125":2,"126":0,"127":0,"128":0,"129":2,"130":1,"131":1,"132":1,"133":2,"134":2,"135":2,"136":2,"137":2,"138":2,"139":2,"140":2,"141":2,"142":2,"143":2,"144":2,"145":2,"146":2,"147":2,"148":2,"149":0,"150":0,"151":0,"152":0,"153":2,"154":2,"155":2,"156":2,"157":2,"158":2,"159":2,"160":2,"161":2,"162":2,"163":2,"164":2,"165":2,"166":0,"167":0,"168":0,"169":2,"170":1,"171":1,"172":1,"173":4,"174":4,"175":4,"176":4,"177":4,"178":3,"179":4,"180":1,"181":1,"182":2,"183":2,"184":4,"185":1,"186":1,"187":1,"188":1,"189":1,"190":1,"191":1,"192":1,"193":1,"194":1,"195":1,"196":0,"197":0,"198":4},"branchMap":{"0":{"type":"branch","line":4,"loc":{"start":{"line":4,"column":28},"end":{"line":8,"column":2}},"locations":[{"start":{"line":4,"column":28},"end":{"line":8,"column":2}}]},"1":{"type":"branch","line":5,"loc":{"start":{"line":5,"column":14},"end":{"line":5,"column":27}},"locations":[{"start":{"line":5,"column":14},"end":{"line":5,"column":27}}]},"2":{"type":"branch","line":10,"loc":{"start":{"line":10,"column":32},"end":{"line":83,"column":2}},"locations":[{"start":{"line":10,"column":32},"end":{"line":83,"column":2}}]},"3":{"type":"branch","line":15,"loc":{"start":{"line":15,"column":23},"end":{"line":15,"column":61}},"locations":[{"start":{"line":15,"column":23},"end":{"line":15,"column":61}}]},"4":{"type":"branch","line":15,"loc":{"start":{"line":15,"column":61},"end":{"line":15,"column":93}},"locations":[{"start":{"line":15,"column":61},"end":{"line":15,"column":93}}]},"5":{"type":"branch","line":15,"loc":{"start":{"line":15,"column":95},"end":{"line":17,"column":5}},"locations":[{"start":{"line":15,"column":95},"end":{"line":17,"column":5}}]},"6":{"type":"branch","line":17,"loc":{"start":{"line":17,"column":4},"end":{"line":21,"column":35}},"locations":[{"start":{"line":17,"column":4},"end":{"line":21,"column":35}}]},"7":{"type":"branch","line":21,"loc":{"start":{"line":21,"column":35},"end":{"line":23,"column":5}},"locations":[{"start":{"line":21,"column":35},"end":{"line":23,"column":5}}]},"8":{"type":"branch","line":23,"loc":{"start":{"line":23,"column":4},"end":{"line":25,"column":43}},"locations":[{"start":{"line":23,"column":4},"end":{"line":25,"column":43}}]},"9":{"type":"branch","line":25,"loc":{"start":{"line":25,"column":43},"end":{"line":27,"column":5}},"locations":[{"start":{"line":25,"column":43},"end":{"line":27,"column":5}}]},"10":{"type":"branch","line":27,"loc":{"start":{"line":27,"column":4},"end":{"line":30,"column":21}},"locations":[{"start":{"line":27,"column":4},"end":{"line":30,"column":21}}]},"11":{"type":"branch","line":30,"loc":{"start":{"line":30,"column":21},"end":{"line":32,"column":5}},"locations":[{"start":{"line":30,"column":21},"end":{"line":32,"column":5}}]},"12":{"type":"branch","line":32,"loc":{"start":{"line":32,"column":4},"end":{"line":34,"column":43}},"locations":[{"start":{"line":32,"column":4},"end":{"line":34,"column":43}}]},"13":{"type":"branch","line":34,"loc":{"start":{"line":34,"column":43},"end":{"line":36,"column":5}},"locations":[{"start":{"line":34,"column":43},"end":{"line":36,"column":5}}]},"14":{"type":"branch","line":36,"loc":{"start":{"line":36,"column":4},"end":{"line":39,"column":24}},"locations":[{"start":{"line":36,"column":4},"end":{"line":39,"column":24}}]},"15":{"type":"branch","line":39,"loc":{"start":{"line":39,"column":24},"end":{"line":41,"column":5}},"locations":[{"start":{"line":39,"column":24},"end":{"line":41,"column":5}}]},"16":{"type":"branch","line":41,"loc":{"start":{"line":41,"column":4},"end":{"line":43,"column":76}},"locations":[{"start":{"line":41,"column":4},"end":{"line":43,"column":76}}]},"17":{"type":"branch","line":43,"loc":{"start":{"line":43,"column":78},"end":{"line":45,"column":5}},"locations":[{"start":{"line":43,"column":78},"end":{"line":45,"column":5}}]},"18":{"type":"branch","line":45,"loc":{"start":{"line":45,"column":4},"end":{"line":53,"column":23}},"locations":[{"start":{"line":45,"column":4},"end":{"line":53,"column":23}}]},"19":{"type":"branch","line":53,"loc":{"start":{"line":53,"column":23},"end":{"line":57,"column":5}},"locations":[{"start":{"line":53,"column":23},"end":{"line":57,"column":5}}]},"20":{"type":"branch","line":57,"loc":{"start":{"line":57,"column":4},"end":{"line":73,"column":4}},"locations":[{"start":{"line":57,"column":4},"end":{"line":73,"column":4}}]},"21":{"type":"branch","line":73,"loc":{"start":{"line":73,"column":4},"end":{"line":82,"column":3}},"locations":[{"start":{"line":73,"column":4},"end":{"line":82,"column":3}}]},"22":{"type":"branch","line":86,"loc":{"start":{"line":86,"column":36},"end":{"line":130,"column":2}},"locations":[{"start":{"line":86,"column":36},"end":{"line":130,"column":2}}]},"23":{"type":"branch","line":93,"loc":{"start":{"line":93,"column":40},"end":{"line":126,"column":4}},"locations":[{"start":{"line":93,"column":40},"end":{"line":126,"column":4}}]},"24":{"type":"branch","line":126,"loc":{"start":{"line":126,"column":4},"end":{"line":129,"column":3}},"locations":[{"start":{"line":126,"column":4},"end":{"line":129,"column":3}}]},"25":{"type":"branch","line":99,"loc":{"start":{"line":99,"column":17},"end":{"line":122,"column":7}},"locations":[{"start":{"line":99,"column":17},"end":{"line":122,"column":7}}]},"26":{"type":"branch","line":100,"loc":{"start":{"line":100,"column":27},"end":{"line":108,"column":9}},"locations":[{"start":{"line":100,"column":27},"end":{"line":108,"column":9}}]},"27":{"type":"branch","line":133,"loc":{"start":{"line":133,"column":36},"end":{"line":170,"column":2}},"locations":[{"start":{"line":133,"column":36},"end":{"line":170,"column":2}}]},"28":{"type":"branch","line":166,"loc":{"start":{"line":166,"column":4},"end":{"line":169,"column":3}},"locations":[{"start":{"line":166,"column":4},"end":{"line":169,"column":3}}]},"29":{"type":"branch","line":142,"loc":{"start":{"line":142,"column":37},"end":{"line":163,"column":5}},"locations":[{"start":{"line":142,"column":37},"end":{"line":163,"column":5}}]},"30":{"type":"branch","line":148,"loc":{"start":{"line":148,"column":55},"end":{"line":148,"column":87}},"locations":[{"start":{"line":148,"column":55},"end":{"line":148,"column":87}}]},"31":{"type":"branch","line":149,"loc":{"start":{"line":149,"column":7},"end":{"line":153,"column":7}},"locations":[{"start":{"line":149,"column":7},"end":{"line":153,"column":7}}]},"32":{"type":"branch","line":160,"loc":{"start":{"line":160,"column":73},"end":{"line":160,"column":77}},"locations":[{"start":{"line":160,"column":73},"end":{"line":160,"column":77}}]},"33":{"type":"branch","line":173,"loc":{"start":{"line":173,"column":27},"end":{"line":199,"column":2}},"locations":[{"start":{"line":173,"column":27},"end":{"line":199,"column":2}}]},"34":{"type":"branch","line":178,"loc":{"start":{"line":178,"column":47},"end":{"line":180,"column":16}},"locations":[{"start":{"line":178,"column":47},"end":{"line":180,"column":16}}]},"35":{"type":"branch","line":180,"loc":{"start":{"line":180,"column":16},"end":{"line":182,"column":5}},"locations":[{"start":{"line":180,"column":16},"end":{"line":182,"column":5}}]},"36":{"type":"branch","line":182,"loc":{"start":{"line":182,"column":4},"end":{"line":185,"column":57}},"locations":[{"start":{"line":182,"column":4},"end":{"line":185,"column":57}}]},"37":{"type":"branch","line":185,"loc":{"start":{"line":185,"column":57},"end":{"line":198,"column":3}},"locations":[{"start":{"line":185,"column":57},"end":{"line":198,"column":3}}]},"38":{"type":"branch","line":196,"loc":{"start":{"line":196,"column":4},"end":{"line":198,"column":3}},"locations":[{"start":{"line":196,"column":4},"end":{"line":198,"column":3}}]}},"b":{"0":[21],"1":[0],"2":[25],"3":[23],"4":[23],"5":[3],"6":[22],"7":[1],"8":[21],"9":[1],"10":[20],"11":[0],"12":[20],"13":[1],"14":[19],"15":[1],"16":[18],"17":[1],"18":[17],"19":[1],"20":[16],"21":[0],"22":[2],"23":[1],"24":[0],"25":[1],"26":[0],"27":[2],"28":[0],"29":[2],"30":[0],"31":[0],"32":[0],"33":[4],"34":[3],"35":[1],"36":[2],"37":[1],"38":[0]},"fnMap":{"0":{"name":"isValidEmailFormat","decl":{"start":{"line":4,"column":28},"end":{"line":8,"column":2}},"loc":{"start":{"line":4,"column":28},"end":{"line":8,"column":2}},"line":4},"1":{"name":"shareMyFavorites","decl":{"start":{"line":10,"column":32},"end":{"line":83,"column":2}},"loc":{"start":{"line":10,"column":32},"end":{"line":83,"column":2}},"line":10},"2":{"name":"getListsSharedWithMe","decl":{"start":{"line":86,"column":36},"end":{"line":130,"column":2}},"loc":{"start":{"line":86,"column":36},"end":{"line":130,"column":2}},"line":86},"3":{"name":"getMySharedInstances","decl":{"start":{"line":133,"column":36},"end":{"line":170,"column":2}},"loc":{"start":{"line":133,"column":36},"end":{"line":170,"column":2}},"line":133},"4":{"name":"unshareList","decl":{"start":{"line":173,"column":27},"end":{"line":199,"column":2}},"loc":{"start":{"line":173,"column":27},"end":{"line":199,"column":2}},"line":173}},"f":{"0":21,"1":25,"2":2,"3":2,"4":4}}
,"D:\\FavoriteStocksWatcher\\backend\\src\\controllers\\stockController.js": {"path":"D:\\FavoriteStocksWatcher\\backend\\src\\controllers\\stockController.js","all":false,"statementMap":{"0":{"start":{"line":1,"column":0},"end":{"line":1,"column":37}},"1":{"start":{"line":2,"column":0},"end":{"line":2,"column":26}},"2":{"start":{"line":3,"column":0},"end":{"line":3,"column":0}},"3":{"start":{"line":4,"column":0},"end":{"line":4,"column":0}},"4":{"start":{"line":5,"column":0},"end":{"line":5,"column":53}},"5":{"start":{"line":6,"column":0},"end":{"line":6,"column":41}},"6":{"start":{"line":7,"column":0},"end":{"line":7,"column":14}},"7":{"start":{"line":8,"column":0},"end":{"line":8,"column":3}},"8":{"start":{"line":9,"column":0},"end":{"line":9,"column":0}},"9":{"start":{"line":10,"column":0},"end":{"line":10,"column":45}},"10":{"start":{"line":11,"column":0},"end":{"line":11,"column":16}},"11":{"start":{"line":12,"column":0},"end":{"line":12,"column":73}},"12":{"start":{"line":13,"column":0},"end":{"line":13,"column":85}},"13":{"start":{"line":14,"column":0},"end":{"line":14,"column":3}},"14":{"start":{"line":15,"column":0},"end":{"line":15,"column":0}},"15":{"start":{"line":16,"column":0},"end":{"line":16,"column":55}},"16":{"start":{"line":17,"column":0},"end":{"line":17,"column":9}},"17":{"start":{"line":18,"column":0},"end":{"line":18,"column":75}},"18":{"start":{"line":19,"column":0},"end":{"line":19,"column":17}},"19":{"start":{"line":20,"column":0},"end":{"line":20,"column":25}},"20":{"start":{"line":21,"column":0},"end":{"line":21,"column":23}},"21":{"start":{"line":22,"column":0},"end":{"line":22,"column":10}},"22":{"start":{"line":23,"column":0},"end":{"line":23,"column":21}},"23":{"start":{"line":24,"column":0},"end":{"line":24,"column":9}},"24":{"start":{"line":25,"column":0},"end":{"line":25,"column":0}},"25":{"start":{"line":26,"column":0},"end":{"line":26,"column":68}},"26":{"start":{"line":27,"column":0},"end":{"line":27,"column":0}},"27":{"start":{"line":28,"column":0},"end":{"line":28,"column":137}},"28":{"start":{"line":29,"column":0},"end":{"line":29,"column":121}},"29":{"start":{"line":30,"column":0},"end":{"line":30,"column":168}},"30":{"start":{"line":31,"column":0},"end":{"line":31,"column":9}},"31":{"start":{"line":32,"column":0},"end":{"line":32,"column":16}},"32":{"start":{"line":33,"column":0},"end":{"line":33,"column":25}},"33":{"start":{"line":34,"column":0},"end":{"line":34,"column":40}},"34":{"start":{"line":35,"column":0},"end":{"line":35,"column":37}},"35":{"start":{"line":36,"column":0},"end":{"line":36,"column":47}},"36":{"start":{"line":37,"column":0},"end":{"line":37,"column":10}},"37":{"start":{"line":38,"column":0},"end":{"line":38,"column":14}},"38":{"start":{"line":39,"column":0},"end":{"line":39,"column":106}},"39":{"start":{"line":40,"column":0},"end":{"line":40,"column":106}},"40":{"start":{"line":41,"column":0},"end":{"line":41,"column":7}},"41":{"start":{"line":42,"column":0},"end":{"line":42,"column":24}},"42":{"start":{"line":43,"column":0},"end":{"line":43,"column":85}},"43":{"start":{"line":44,"column":0},"end":{"line":44,"column":101}},"44":{"start":{"line":45,"column":0},"end":{"line":45,"column":108}},"45":{"start":{"line":46,"column":0},"end":{"line":46,"column":9}},"46":{"start":{"line":47,"column":0},"end":{"line":47,"column":94}},"47":{"start":{"line":48,"column":0},"end":{"line":48,"column":101}},"48":{"start":{"line":49,"column":0},"end":{"line":49,"column":5}},"49":{"start":{"line":50,"column":0},"end":{"line":50,"column":5}},"50":{"start":{"line":51,"column":0},"end":{"line":51,"column":0}},"51":{"start":{"line":52,"column":0},"end":{"line":52,"column":36}},"52":{"start":{"line":53,"column":0},"end":{"line":53,"column":2}},"53":{"start":{"line":54,"column":0},"end":{"line":54,"column":0}},"54":{"start":{"line":55,"column":0},"end":{"line":55,"column":54}},"55":{"start":{"line":56,"column":0},"end":{"line":56,"column":7}},"56":{"start":{"line":57,"column":0},"end":{"line":57,"column":51}},"57":{"start":{"line":58,"column":0},"end":{"line":58,"column":16}},"58":{"start":{"line":59,"column":0},"end":{"line":59,"column":76}},"59":{"start":{"line":60,"column":0},"end":{"line":60,"column":5}},"60":{"start":{"line":61,"column":0},"end":{"line":61,"column":34}},"61":{"start":{"line":62,"column":0},"end":{"line":62,"column":19}},"62":{"start":{"line":63,"column":0},"end":{"line":63,"column":70}},"63":{"start":{"line":64,"column":0},"end":{"line":64,"column":61}},"64":{"start":{"line":65,"column":0},"end":{"line":65,"column":3}},"65":{"start":{"line":66,"column":0},"end":{"line":66,"column":2}},"66":{"start":{"line":67,"column":0},"end":{"line":67,"column":0}},"67":{"start":{"line":68,"column":0},"end":{"line":68,"column":0}},"68":{"start":{"line":69,"column":0},"end":{"line":69,"column":53}},"69":{"start":{"line":70,"column":0},"end":{"line":70,"column":7}},"70":{"start":{"line":71,"column":0},"end":{"line":71,"column":51}},"71":{"start":{"line":72,"column":0},"end":{"line":72,"column":16}},"72":{"start":{"line":73,"column":0},"end":{"line":73,"column":76}},"73":{"start":{"line":74,"column":0},"end":{"line":74,"column":5}},"74":{"start":{"line":75,"column":0},"end":{"line":75,"column":0}},"75":{"start":{"line":76,"column":0},"end":{"line":76,"column":32}},"76":{"start":{"line":77,"column":0},"end":{"line":77,"column":72}},"77":{"start":{"line":78,"column":0},"end":{"line":78,"column":88}},"78":{"start":{"line":79,"column":0},"end":{"line":79,"column":5}},"79":{"start":{"line":80,"column":0},"end":{"line":80,"column":0}},"80":{"start":{"line":81,"column":0},"end":{"line":81,"column":57}},"81":{"start":{"line":82,"column":0},"end":{"line":82,"column":73}},"82":{"start":{"line":83,"column":0},"end":{"line":83,"column":36}},"83":{"start":{"line":84,"column":0},"end":{"line":84,"column":73}},"84":{"start":{"line":85,"column":0},"end":{"line":85,"column":5}},"85":{"start":{"line":86,"column":0},"end":{"line":86,"column":0}},"86":{"start":{"line":87,"column":0},"end":{"line":87,"column":57}},"87":{"start":{"line":88,"column":0},"end":{"line":88,"column":117}},"88":{"start":{"line":89,"column":0},"end":{"line":89,"column":5}},"89":{"start":{"line":90,"column":0},"end":{"line":90,"column":0}},"90":{"start":{"line":91,"column":0},"end":{"line":91,"column":47}},"91":{"start":{"line":92,"column":0},"end":{"line":92,"column":22}},"92":{"start":{"line":93,"column":0},"end":{"line":93,"column":0}},"93":{"start":{"line":94,"column":0},"end":{"line":94,"column":27}},"94":{"start":{"line":95,"column":0},"end":{"line":95,"column":75}},"95":{"start":{"line":96,"column":0},"end":{"line":96,"column":42}},"96":{"start":{"line":97,"column":0},"end":{"line":97,"column":7}},"97":{"start":{"line":98,"column":0},"end":{"line":98,"column":0}},"98":{"start":{"line":99,"column":0},"end":{"line":99,"column":19}},"99":{"start":{"line":100,"column":0},"end":{"line":100,"column":90}},"100":{"start":{"line":101,"column":0},"end":{"line":101,"column":57}},"101":{"start":{"line":102,"column":0},"end":{"line":102,"column":64}},"102":{"start":{"line":103,"column":0},"end":{"line":103,"column":5}},"103":{"start":{"line":104,"column":0},"end":{"line":104,"column":44}},"104":{"start":{"line":105,"column":0},"end":{"line":105,"column":62}},"105":{"start":{"line":106,"column":0},"end":{"line":106,"column":5}},"106":{"start":{"line":107,"column":0},"end":{"line":107,"column":89}},"107":{"start":{"line":108,"column":0},"end":{"line":108,"column":3}},"108":{"start":{"line":109,"column":0},"end":{"line":109,"column":2}},"109":{"start":{"line":110,"column":0},"end":{"line":110,"column":0}},"110":{"start":{"line":111,"column":0},"end":{"line":111,"column":56}},"111":{"start":{"line":112,"column":0},"end":{"line":112,"column":32}},"112":{"start":{"line":113,"column":0},"end":{"line":113,"column":70}},"113":{"start":{"line":114,"column":0},"end":{"line":114,"column":83}},"114":{"start":{"line":115,"column":0},"end":{"line":115,"column":3}},"115":{"start":{"line":116,"column":0},"end":{"line":116,"column":7}},"116":{"start":{"line":117,"column":0},"end":{"line":117,"column":52}},"117":{"start":{"line":118,"column":0},"end":{"line":118,"column":53}},"118":{"start":{"line":119,"column":0},"end":{"line":119,"column":19}},"119":{"start":{"line":120,"column":0},"end":{"line":120,"column":49}},"120":{"start":{"line":121,"column":0},"end":{"line":121,"column":19}},"121":{"start":{"line":122,"column":0},"end":{"line":122,"column":6}},"122":{"start":{"line":123,"column":0},"end":{"line":123,"column":23}},"123":{"start":{"line":124,"column":0},"end":{"line":124,"column":76}},"124":{"start":{"line":125,"column":0},"end":{"line":125,"column":5}},"125":{"start":{"line":126,"column":0},"end":{"line":126,"column":53}},"126":{"start":{"line":127,"column":0},"end":{"line":127,"column":19}},"127":{"start":{"line":128,"column":0},"end":{"line":128,"column":60}},"128":{"start":{"line":129,"column":0},"end":{"line":129,"column":61}},"129":{"start":{"line":130,"column":0},"end":{"line":130,"column":3}},"130":{"start":{"line":131,"column":0},"end":{"line":131,"column":2}},"131":{"start":{"line":132,"column":0},"end":{"line":132,"column":0}},"132":{"start":{"line":133,"column":0},"end":{"line":133,"column":0}},"133":{"start":{"line":134,"column":0},"end":{"line":134,"column":51}},"134":{"start":{"line":135,"column":0},"end":{"line":135,"column":42}},"135":{"start":{"line":136,"column":0},"end":{"line":136,"column":23}},"136":{"start":{"line":137,"column":0},"end":{"line":137,"column":99}},"137":{"start":{"line":138,"column":0},"end":{"line":138,"column":3}},"138":{"start":{"line":139,"column":0},"end":{"line":139,"column":76}},"139":{"start":{"line":140,"column":0},"end":{"line":140,"column":29}},"140":{"start":{"line":141,"column":0},"end":{"line":141,"column":76}},"141":{"start":{"line":142,"column":0},"end":{"line":142,"column":3}},"142":{"start":{"line":143,"column":0},"end":{"line":143,"column":0}},"143":{"start":{"line":144,"column":0},"end":{"line":144,"column":7}},"144":{"start":{"line":145,"column":0},"end":{"line":145,"column":60}},"145":{"start":{"line":146,"column":0},"end":{"line":146,"column":22}},"146":{"start":{"line":147,"column":0},"end":{"line":147,"column":19}},"147":{"start":{"line":148,"column":0},"end":{"line":148,"column":62}},"148":{"start":{"line":149,"column":0},"end":{"line":149,"column":75}},"149":{"start":{"line":150,"column":0},"end":{"line":150,"column":64}},"150":{"start":{"line":151,"column":0},"end":{"line":151,"column":5}},"151":{"start":{"line":152,"column":0},"end":{"line":152,"column":82}},"152":{"start":{"line":153,"column":0},"end":{"line":153,"column":3}},"153":{"start":{"line":154,"column":0},"end":{"line":154,"column":2}},"154":{"start":{"line":155,"column":0},"end":{"line":155,"column":0}},"155":{"start":{"line":156,"column":0},"end":{"line":156,"column":65}},"156":{"start":{"line":157,"column":0},"end":{"line":157,"column":7}},"157":{"start":{"line":158,"column":0},"end":{"line":158,"column":51}},"158":{"start":{"line":159,"column":0},"end":{"line":159,"column":16}},"159":{"start":{"line":160,"column":0},"end":{"line":160,"column":76}},"160":{"start":{"line":161,"column":0},"end":{"line":161,"column":5}},"161":{"start":{"line":162,"column":0},"end":{"line":162,"column":0}},"162":{"start":{"line":163,"column":0},"end":{"line":163,"column":48}},"163":{"start":{"line":164,"column":0},"end":{"line":164,"column":59}},"164":{"start":{"line":165,"column":0},"end":{"line":165,"column":27}},"165":{"start":{"line":166,"column":0},"end":{"line":166,"column":5}},"166":{"start":{"line":167,"column":0},"end":{"line":167,"column":0}},"167":{"start":{"line":168,"column":0},"end":{"line":168,"column":73}},"168":{"start":{"line":169,"column":0},"end":{"line":169,"column":27}},"169":{"start":{"line":170,"column":0},"end":{"line":170,"column":0}},"170":{"start":{"line":171,"column":0},"end":{"line":171,"column":19}},"171":{"start":{"line":172,"column":0},"end":{"line":172,"column":69}},"172":{"start":{"line":173,"column":0},"end":{"line":173,"column":92}},"173":{"start":{"line":174,"column":0},"end":{"line":174,"column":64}},"174":{"start":{"line":175,"column":0},"end":{"line":175,"column":5}},"175":{"start":{"line":176,"column":0},"end":{"line":176,"column":61}},"176":{"start":{"line":177,"column":0},"end":{"line":177,"column":3}},"177":{"start":{"line":178,"column":0},"end":{"line":178,"column":2}},"178":{"start":{"line":179,"column":0},"end":{"line":179,"column":0}},"179":{"start":{"line":180,"column":0},"end":{"line":180,"column":47}},"180":{"start":{"line":181,"column":0},"end":{"line":181,"column":45}},"181":{"start":{"line":182,"column":0},"end":{"line":182,"column":16}},"182":{"start":{"line":183,"column":0},"end":{"line":183,"column":73}},"183":{"start":{"line":184,"column":0},"end":{"line":184,"column":85}},"184":{"start":{"line":185,"column":0},"end":{"line":185,"column":3}},"185":{"start":{"line":186,"column":0},"end":{"line":186,"column":0}},"186":{"start":{"line":187,"column":0},"end":{"line":187,"column":7}},"187":{"start":{"line":188,"column":0},"end":{"line":188,"column":73}},"188":{"start":{"line":189,"column":0},"end":{"line":189,"column":40}},"189":{"start":{"line":190,"column":0},"end":{"line":190,"column":43}},"190":{"start":{"line":191,"column":0},"end":{"line":191,"column":7}},"191":{"start":{"line":192,"column":0},"end":{"line":192,"column":0}},"192":{"start":{"line":193,"column":0},"end":{"line":193,"column":31}},"193":{"start":{"line":194,"column":0},"end":{"line":194,"column":50}},"194":{"start":{"line":195,"column":0},"end":{"line":195,"column":31}},"195":{"start":{"line":196,"column":0},"end":{"line":196,"column":103}},"196":{"start":{"line":197,"column":0},"end":{"line":197,"column":113}},"197":{"start":{"line":198,"column":0},"end":{"line":198,"column":5}},"198":{"start":{"line":199,"column":0},"end":{"line":199,"column":79}},"199":{"start":{"line":200,"column":0},"end":{"line":200,"column":102}},"200":{"start":{"line":201,"column":0},"end":{"line":201,"column":0}},"201":{"start":{"line":202,"column":0},"end":{"line":202,"column":22}},"202":{"start":{"line":203,"column":0},"end":{"line":203,"column":83}},"203":{"start":{"line":204,"column":0},"end":{"line":204,"column":90}},"204":{"start":{"line":205,"column":0},"end":{"line":205,"column":129}},"205":{"start":{"line":206,"column":0},"end":{"line":206,"column":5}},"206":{"start":{"line":207,"column":0},"end":{"line":207,"column":28}},"207":{"start":{"line":208,"column":0},"end":{"line":208,"column":124}},"208":{"start":{"line":209,"column":0},"end":{"line":209,"column":81}},"209":{"start":{"line":210,"column":0},"end":{"line":210,"column":122}},"210":{"start":{"line":211,"column":0},"end":{"line":211,"column":52}},"211":{"start":{"line":212,"column":0},"end":{"line":212,"column":117}},"212":{"start":{"line":213,"column":0},"end":{"line":213,"column":7}},"213":{"start":{"line":214,"column":0},"end":{"line":214,"column":34}},"214":{"start":{"line":215,"column":0},"end":{"line":215,"column":104}},"215":{"start":{"line":216,"column":0},"end":{"line":216,"column":12}},"216":{"start":{"line":217,"column":0},"end":{"line":217,"column":99}},"217":{"start":{"line":218,"column":0},"end":{"line":218,"column":5}},"218":{"start":{"line":219,"column":0},"end":{"line":219,"column":101}},"219":{"start":{"line":220,"column":0},"end":{"line":220,"column":3}},"220":{"start":{"line":221,"column":0},"end":{"line":221,"column":2}}},"s":{"0":1,"1":1,"2":1,"3":1,"4":1,"5":8,"6":0,"7":0,"8":8,"9":8,"10":8,"11":2,"12":2,"13":2,"14":6,"15":6,"16":17,"17":17,"18":17,"19":17,"20":17,"21":17,"22":17,"23":17,"24":13,"25":17,"26":11,"27":11,"28":2,"29":2,"30":2,"31":9,"32":9,"33":9,"34":9,"35":9,"36":9,"37":17,"38":2,"39":2,"40":2,"41":17,"42":4,"43":2,"44":2,"45":2,"46":2,"47":2,"48":2,"49":6,"50":6,"51":6,"52":6,"53":1,"54":1,"55":2,"56":2,"57":2,"58":0,"59":0,"60":2,"61":2,"62":0,"63":0,"64":0,"65":2,"66":1,"67":1,"68":1,"69":11,"70":11,"71":11,"72":0,"73":0,"74":11,"75":11,"76":11,"77":2,"78":2,"79":9,"80":9,"81":9,"82":11,"83":6,"84":6,"85":2,"86":11,"87":1,"88":1,"89":1,"90":1,"91":1,"92":1,"93":1,"94":1,"95":1,"96":1,"97":1,"98":1,"99":1,"100":1,"101":1,"102":1,"103":0,"104":0,"105":0,"106":0,"107":0,"108":11,"109":1,"110":1,"111":3,"112":3,"113":1,"114":1,"115":2,"116":2,"117":2,"118":2,"119":2,"120":2,"121":2,"122":3,"123":0,"124":0,"125":2,"126":3,"127":0,"128":0,"129":0,"130":3,"131":1,"132":1,"133":1,"134":6,"135":6,"136":2,"137":2,"138":4,"139":6,"140":0,"141":0,"142":4,"143":4,"144":4,"145":3,"146":6,"147":1,"148":1,"149":1,"150":1,"151":0,"152":0,"153":6,"154":1,"155":1,"156":5,"157":5,"158":5,"159":0,"160":0,"161":5,"162":5,"163":5,"164":1,"165":1,"166":4,"167":4,"168":3,"169":3,"170":5,"171":1,"172":1,"173":1,"174":1,"175":0,"176":0,"177":5,"178":1,"179":1,"180":9,"181":9,"182":1,"183":1,"184":1,"185":8,"186":8,"187":8,"188":8,"189":8,"190":8,"191":4,"192":4,"193":9,"194":2,"195":2,"196":1,"197":1,"198":1,"199":1,"200":1,"201":9,"202":4,"203":1,"204":1,"205":1,"206":3,"207":3,"208":3,"209":1,"210":3,"211":1,"212":1,"213":4,"214":0,"215":0,"216":0,"217":0,"218":1,"219":1,"220":9},"branchMap":{"0":{"type":"branch","line":5,"loc":{"start":{"line":5,"column":33},"end":{"line":53,"column":2}},"locations":[{"start":{"line":5,"column":33},"end":{"line":53,"column":2}}]},"1":{"type":"branch","line":6,"loc":{"start":{"line":6,"column":40},"end":{"line":8,"column":3}},"locations":[{"start":{"line":6,"column":40},"end":{"line":8,"column":3}}]},"2":{"type":"branch","line":11,"loc":{"start":{"line":11,"column":15},"end":{"line":14,"column":3}},"locations":[{"start":{"line":11,"column":15},"end":{"line":14,"column":3}}]},"3":{"type":"branch","line":14,"loc":{"start":{"line":14,"column":2},"end":{"line":53,"column":2}},"locations":[{"start":{"line":14,"column":2},"end":{"line":53,"column":2}}]},"4":{"type":"branch","line":16,"loc":{"start":{"line":16,"column":36},"end":{"line":50,"column":3}},"locations":[{"start":{"line":16,"column":36},"end":{"line":50,"column":3}}]},"5":{"type":"branch","line":24,"loc":{"start":{"line":24,"column":8},"end":{"line":26,"column":65}},"locations":[{"start":{"line":24,"column":8},"end":{"line":26,"column":65}}]},"6":{"type":"branch","line":26,"loc":{"start":{"line":26,"column":67},"end":{"line":38,"column":7}},"locations":[{"start":{"line":26,"column":67},"end":{"line":38,"column":7}}]},"7":{"type":"branch","line":28,"loc":{"start":{"line":28,"column":34},"end":{"line":28,"column":59}},"locations":[{"start":{"line":28,"column":34},"end":{"line":28,"column":59}}]},"8":{"type":"branch","line":28,"loc":{"start":{"line":28,"column":59},"end":{"line":28,"column":84}},"locations":[{"start":{"line":28,"column":59},"end":{"line":28,"column":84}}]},"9":{"type":"branch","line":28,"loc":{"start":{"line":28,"column":84},"end":{"line":28,"column":109}},"locations":[{"start":{"line":28,"column":84},"end":{"line":28,"column":109}}]},"10":{"type":"branch","line":28,"loc":{"start":{"line":28,"column":109},"end":{"line":28,"column":134}},"locations":[{"start":{"line":28,"column":109},"end":{"line":28,"column":134}}]},"11":{"type":"branch","line":28,"loc":{"start":{"line":28,"column":136},"end":{"line":31,"column":9}},"locations":[{"start":{"line":28,"column":136},"end":{"line":31,"column":9}}]},"12":{"type":"branch","line":31,"loc":{"start":{"line":31,"column":8},"end":{"line":38,"column":7}},"locations":[{"start":{"line":31,"column":8},"end":{"line":38,"column":7}}]},"13":{"type":"branch","line":38,"loc":{"start":{"line":38,"column":7},"end":{"line":41,"column":7}},"locations":[{"start":{"line":38,"column":7},"end":{"line":41,"column":7}}]},"14":{"type":"branch","line":42,"loc":{"start":{"line":42,"column":6},"end":{"line":49,"column":5}},"locations":[{"start":{"line":42,"column":6},"end":{"line":49,"column":5}}]},"15":{"type":"branch","line":43,"loc":{"start":{"line":43,"column":42},"end":{"line":43,"column":82}},"locations":[{"start":{"line":43,"column":42},"end":{"line":43,"column":82}}]},"16":{"type":"branch","line":43,"loc":{"start":{"line":43,"column":84},"end":{"line":49,"column":5}},"locations":[{"start":{"line":43,"column":84},"end":{"line":49,"column":5}}]},"17":{"type":"branch","line":55,"loc":{"start":{"line":55,"column":33},"end":{"line":66,"column":2}},"locations":[{"start":{"line":55,"column":33},"end":{"line":66,"column":2}}]},"18":{"type":"branch","line":58,"loc":{"start":{"line":58,"column":15},"end":{"line":60,"column":5}},"locations":[{"start":{"line":58,"column":15},"end":{"line":60,"column":5}}]},"19":{"type":"branch","line":62,"loc":{"start":{"line":62,"column":4},"end":{"line":65,"column":3}},"locations":[{"start":{"line":62,"column":4},"end":{"line":65,"column":3}}]},"20":{"type":"branch","line":69,"loc":{"start":{"line":69,"column":32},"end":{"line":109,"column":2}},"locations":[{"start":{"line":69,"column":32},"end":{"line":109,"column":2}}]},"21":{"type":"branch","line":72,"loc":{"start":{"line":72,"column":15},"end":{"line":74,"column":5}},"locations":[{"start":{"line":72,"column":15},"end":{"line":74,"column":5}}]},"22":{"type":"branch","line":77,"loc":{"start":{"line":77,"column":15},"end":{"line":77,"column":45}},"locations":[{"start":{"line":77,"column":15},"end":{"line":77,"column":45}}]},"23":{"type":"branch","line":77,"loc":{"start":{"line":77,"column":45},"end":{"line":77,"column":69}},"locations":[{"start":{"line":77,"column":45},"end":{"line":77,"column":69}}]},"24":{"type":"branch","line":77,"loc":{"start":{"line":77,"column":71},"end":{"line":79,"column":5}},"locations":[{"start":{"line":77,"column":71},"end":{"line":79,"column":5}}]},"25":{"type":"branch","line":79,"loc":{"start":{"line":79,"column":4},"end":{"line":82,"column":73}},"locations":[{"start":{"line":79,"column":4},"end":{"line":82,"column":73}}]},"26":{"type":"branch","line":82,"loc":{"start":{"line":82,"column":72},"end":{"line":83,"column":35}},"locations":[{"start":{"line":82,"column":72},"end":{"line":83,"column":35}}]},"27":{"type":"branch","line":83,"loc":{"start":{"line":83,"column":35},"end":{"line":85,"column":5}},"locations":[{"start":{"line":83,"column":35},"end":{"line":85,"column":5}}]},"28":{"type":"branch","line":85,"loc":{"start":{"line":85,"column":4},"end":{"line":87,"column":56}},"locations":[{"start":{"line":85,"column":4},"end":{"line":87,"column":56}}]},"29":{"type":"branch","line":87,"loc":{"start":{"line":87,"column":56},"end":{"line":108,"column":3}},"locations":[{"start":{"line":87,"column":56},"end":{"line":108,"column":3}}]},"30":{"type":"branch","line":103,"loc":{"start":{"line":103,"column":4},"end":{"line":108,"column":3}},"locations":[{"start":{"line":103,"column":4},"end":{"line":108,"column":3}}]},"31":{"type":"branch","line":111,"loc":{"start":{"line":111,"column":35},"end":{"line":131,"column":2}},"locations":[{"start":{"line":111,"column":35},"end":{"line":131,"column":2}}]},"32":{"type":"branch","line":113,"loc":{"start":{"line":113,"column":69},"end":{"line":115,"column":3}},"locations":[{"start":{"line":113,"column":69},"end":{"line":115,"column":3}}]},"33":{"type":"branch","line":115,"loc":{"start":{"line":115,"column":2},"end":{"line":123,"column":22}},"locations":[{"start":{"line":115,"column":2},"end":{"line":123,"column":22}}]},"34":{"type":"branch","line":123,"loc":{"start":{"line":123,"column":22},"end":{"line":125,"column":5}},"locations":[{"start":{"line":123,"column":22},"end":{"line":125,"column":5}}]},"35":{"type":"branch","line":125,"loc":{"start":{"line":125,"column":4},"end":{"line":127,"column":4}},"locations":[{"start":{"line":125,"column":4},"end":{"line":127,"column":4}}]},"36":{"type":"branch","line":127,"loc":{"start":{"line":127,"column":4},"end":{"line":130,"column":3}},"locations":[{"start":{"line":127,"column":4},"end":{"line":130,"column":3}}]},"37":{"type":"branch","line":134,"loc":{"start":{"line":134,"column":30},"end":{"line":154,"column":2}},"locations":[{"start":{"line":134,"column":30},"end":{"line":154,"column":2}}]},"38":{"type":"branch","line":136,"loc":{"start":{"line":136,"column":22},"end":{"line":138,"column":3}},"locations":[{"start":{"line":136,"column":22},"end":{"line":138,"column":3}}]},"39":{"type":"branch","line":138,"loc":{"start":{"line":138,"column":2},"end":{"line":140,"column":28}},"locations":[{"start":{"line":138,"column":2},"end":{"line":140,"column":28}}]},"40":{"type":"branch","line":140,"loc":{"start":{"line":140,"column":28},"end":{"line":142,"column":3}},"locations":[{"start":{"line":140,"column":28},"end":{"line":142,"column":3}}]},"41":{"type":"branch","line":142,"loc":{"start":{"line":142,"column":2},"end":{"line":145,"column":60}},"locations":[{"start":{"line":142,"column":2},"end":{"line":145,"column":60}}]},"42":{"type":"branch","line":145,"loc":{"start":{"line":145,"column":59},"end":{"line":147,"column":4}},"locations":[{"start":{"line":145,"column":59},"end":{"line":147,"column":4}}]},"43":{"type":"branch","line":147,"loc":{"start":{"line":147,"column":4},"end":{"line":153,"column":3}},"locations":[{"start":{"line":147,"column":4},"end":{"line":153,"column":3}}]},"44":{"type":"branch","line":151,"loc":{"start":{"line":151,"column":4},"end":{"line":153,"column":3}},"locations":[{"start":{"line":151,"column":4},"end":{"line":153,"column":3}}]},"45":{"type":"branch","line":139,"loc":{"start":{"line":139,"column":47},"end":{"line":139,"column":74}},"locations":[{"start":{"line":139,"column":47},"end":{"line":139,"column":74}}]},"46":{"type":"branch","line":156,"loc":{"start":{"line":156,"column":44},"end":{"line":178,"column":2}},"locations":[{"start":{"line":156,"column":44},"end":{"line":178,"column":2}}]},"47":{"type":"branch","line":159,"loc":{"start":{"line":159,"column":15},"end":{"line":161,"column":5}},"locations":[{"start":{"line":159,"column":15},"end":{"line":161,"column":5}}]},"48":{"type":"branch","line":164,"loc":{"start":{"line":164,"column":58},"end":{"line":166,"column":5}},"locations":[{"start":{"line":164,"column":58},"end":{"line":166,"column":5}}]},"49":{"type":"branch","line":166,"loc":{"start":{"line":166,"column":4},"end":{"line":168,"column":73}},"locations":[{"start":{"line":166,"column":4},"end":{"line":168,"column":73}}]},"50":{"type":"branch","line":168,"loc":{"start":{"line":168,"column":72},"end":{"line":171,"column":4}},"locations":[{"start":{"line":168,"column":72},"end":{"line":171,"column":4}}]},"51":{"type":"branch","line":171,"loc":{"start":{"line":171,"column":4},"end":{"line":177,"column":3}},"locations":[{"start":{"line":171,"column":4},"end":{"line":177,"column":3}}]},"52":{"type":"branch","line":175,"loc":{"start":{"line":175,"column":4},"end":{"line":177,"column":3}},"locations":[{"start":{"line":175,"column":4},"end":{"line":177,"column":3}}]},"53":{"type":"branch","line":180,"loc":{"start":{"line":180,"column":28},"end":{"line":221,"column":2}},"locations":[{"start":{"line":180,"column":28},"end":{"line":221,"column":2}}]},"54":{"type":"branch","line":182,"loc":{"start":{"line":182,"column":15},"end":{"line":185,"column":3}},"locations":[{"start":{"line":182,"column":15},"end":{"line":185,"column":3}}]},"55":{"type":"branch","line":185,"loc":{"start":{"line":185,"column":2},"end":{"line":191,"column":7}},"locations":[{"start":{"line":185,"column":2},"end":{"line":191,"column":7}}]},"56":{"type":"branch","line":191,"loc":{"start":{"line":191,"column":6},"end":{"line":194,"column":47}},"locations":[{"start":{"line":191,"column":6},"end":{"line":194,"column":47}}]},"57":{"type":"branch","line":194,"loc":{"start":{"line":194,"column":30},"end":{"line":194,"column":46}},"locations":[{"start":{"line":194,"column":30},"end":{"line":194,"column":46}}]},"58":{"type":"branch","line":194,"loc":{"start":{"line":194,"column":49},"end":{"line":198,"column":5}},"locations":[{"start":{"line":194,"column":49},"end":{"line":198,"column":5}}]},"59":{"type":"branch","line":196,"loc":{"start":{"line":196,"column":68},"end":{"line":196,"column":84}},"locations":[{"start":{"line":196,"column":68},"end":{"line":196,"column":84}}]},"60":{"type":"branch","line":196,"loc":{"start":{"line":196,"column":84},"end":{"line":196,"column":100}},"locations":[{"start":{"line":196,"column":84},"end":{"line":196,"column":100}}]},"61":{"type":"branch","line":196,"loc":{"start":{"line":196,"column":102},"end":{"line":198,"column":5}},"locations":[{"start":{"line":196,"column":102},"end":{"line":198,"column":5}}]},"62":{"type":"branch","line":198,"loc":{"start":{"line":198,"column":4},"end":{"line":202,"column":4}},"locations":[{"start":{"line":198,"column":4},"end":{"line":202,"column":4}}]},"63":{"type":"branch","line":202,"loc":{"start":{"line":202,"column":4},"end":{"line":220,"column":3}},"locations":[{"start":{"line":202,"column":4},"end":{"line":220,"column":3}}]},"64":{"type":"branch","line":203,"loc":{"start":{"line":203,"column":40},"end":{"line":203,"column":80}},"locations":[{"start":{"line":203,"column":40},"end":{"line":203,"column":80}}]},"65":{"type":"branch","line":203,"loc":{"start":{"line":203,"column":82},"end":{"line":206,"column":5}},"locations":[{"start":{"line":203,"column":82},"end":{"line":206,"column":5}}]},"66":{"type":"branch","line":206,"loc":{"start":{"line":206,"column":4},"end":{"line":214,"column":5}},"locations":[{"start":{"line":206,"column":4},"end":{"line":214,"column":5}}]},"67":{"type":"branch","line":209,"loc":{"start":{"line":209,"column":42},"end":{"line":209,"column":78}},"locations":[{"start":{"line":209,"column":42},"end":{"line":209,"column":78}}]},"68":{"type":"branch","line":209,"loc":{"start":{"line":209,"column":80},"end":{"line":211,"column":7}},"locations":[{"start":{"line":209,"column":80},"end":{"line":211,"column":7}}]},"69":{"type":"branch","line":211,"loc":{"start":{"line":211,"column":7},"end":{"line":213,"column":7}},"locations":[{"start":{"line":211,"column":7},"end":{"line":213,"column":7}}]},"70":{"type":"branch","line":211,"loc":{"start":{"line":211,"column":51},"end":{"line":213,"column":7}},"locations":[{"start":{"line":211,"column":51},"end":{"line":213,"column":7}}]},"71":{"type":"branch","line":214,"loc":{"start":{"line":214,"column":5},"end":{"line":218,"column":5}},"locations":[{"start":{"line":214,"column":5},"end":{"line":218,"column":5}}]},"72":{"type":"branch","line":218,"loc":{"start":{"line":218,"column":4},"end":{"line":220,"column":3}},"locations":[{"start":{"line":218,"column":4},"end":{"line":220,"column":3}}]}},"b":{"0":[8],"1":[0],"2":[2],"3":[6],"4":[17],"5":[13],"6":[11],"7":[2],"8":[2],"9":[2],"10":[2],"11":[2],"12":[9],"13":[2],"14":[4],"15":[2],"16":[2],"17":[2],"18":[0],"19":[0],"20":[11],"21":[0],"22":[10],"23":[10],"24":[2],"25":[9],"26":[8],"27":[6],"28":[2],"29":[1],"30":[0],"31":[3],"32":[1],"33":[2],"34":[0],"35":[2],"36":[0],"37":[6],"38":[2],"39":[4],"40":[0],"41":[4],"42":[3],"43":[1],"44":[0],"45":[9],"46":[5],"47":[0],"48":[1],"49":[4],"50":[3],"51":[1],"52":[0],"53":[9],"54":[1],"55":[8],"56":[4],"57":[2],"58":[2],"59":[1],"60":[1],"61":[1],"62":[1],"63":[4],"64":[3],"65":[1],"66":[3],"67":[2],"68":[1],"69":[2],"70":[1],"71":[0],"72":[1]},"fnMap":{"0":{"name":"fetchStockDataForSymbols","decl":{"start":{"line":5,"column":33},"end":{"line":53,"column":2}},"loc":{"start":{"line":5,"column":33},"end":{"line":53,"column":2}},"line":5},"1":{"name":"getFavoriteStocks","decl":{"start":{"line":55,"column":33},"end":{"line":66,"column":2}},"loc":{"start":{"line":55,"column":33},"end":{"line":66,"column":2}},"line":55},"2":{"name":"addFavoriteStock","decl":{"start":{"line":69,"column":32},"end":{"line":109,"column":2}},"loc":{"start":{"line":69,"column":32},"end":{"line":109,"column":2}},"line":69},"3":{"name":"removeFavoriteStock","decl":{"start":{"line":111,"column":35},"end":{"line":131,"column":2}},"loc":{"start":{"line":111,"column":35},"end":{"line":131,"column":2}},"line":111},"4":{"name":"getStockPrices","decl":{"start":{"line":134,"column":30},"end":{"line":154,"column":2}},"loc":{"start":{"line":134,"column":30},"end":{"line":154,"column":2}},"line":134},"5":{"name":"getFavoriteStocksWithDetails","decl":{"start":{"line":156,"column":44},"end":{"line":178,"column":2}},"loc":{"start":{"line":156,"column":44},"end":{"line":178,"column":2}},"line":156},"6":{"name":"validateStockSymbol","decl":{"start":{"line":180,"column":28},"end":{"line":221,"column":2}},"loc":{"start":{"line":180,"column":28},"end":{"line":221,"column":2}},"line":180}},"f":{"0":8,"1":2,"2":11,"3":3,"4":6,"5":5,"6":9}}
,"D:\\FavoriteStocksWatcher\\backend\\src\\controllers\\userController.js": {"path":"D:\\FavoriteStocksWatcher\\backend\\src\\controllers\\userController.js","all":false,"statementMap":{"0":{"start":{"line":1,"column":0},"end":{"line":1,"column":24}},"1":{"start":{"line":2,"column":0},"end":{"line":2,"column":37}},"2":{"start":{"line":3,"column":0},"end":{"line":3,"column":31}},"3":{"start":{"line":4,"column":0},"end":{"line":4,"column":0}},"4":{"start":{"line":5,"column":0},"end":{"line":5,"column":35}},"5":{"start":{"line":6,"column":0},"end":{"line":6,"column":32}},"6":{"start":{"line":7,"column":0},"end":{"line":7,"column":73}},"7":{"start":{"line":8,"column":0},"end":{"line":8,"column":16}},"8":{"start":{"line":9,"column":0},"end":{"line":9,"column":3}},"9":{"start":{"line":10,"column":0},"end":{"line":10,"column":59}},"10":{"start":{"line":11,"column":0},"end":{"line":11,"column":22}},"11":{"start":{"line":12,"column":0},"end":{"line":12,"column":5}},"12":{"start":{"line":13,"column":0},"end":{"line":13,"column":2}},"13":{"start":{"line":14,"column":0},"end":{"line":14,"column":0}},"14":{"start":{"line":15,"column":0},"end":{"line":15,"column":49}},"15":{"start":{"line":16,"column":0},"end":{"line":16,"column":87}},"16":{"start":{"line":17,"column":0},"end":{"line":17,"column":0}},"17":{"start":{"line":18,"column":0},"end":{"line":18,"column":7}},"18":{"start":{"line":19,"column":0},"end":{"line":19,"column":31}},"19":{"start":{"line":20,"column":0},"end":{"line":20,"column":72}},"20":{"start":{"line":21,"column":0},"end":{"line":21,"column":140}},"21":{"start":{"line":22,"column":0},"end":{"line":22,"column":5}},"22":{"start":{"line":23,"column":0},"end":{"line":23,"column":0}},"23":{"start":{"line":24,"column":0},"end":{"line":24,"column":39}},"24":{"start":{"line":25,"column":0},"end":{"line":25,"column":92}},"25":{"start":{"line":26,"column":0},"end":{"line":26,"column":5}},"26":{"start":{"line":27,"column":0},"end":{"line":27,"column":0}},"27":{"start":{"line":28,"column":0},"end":{"line":28,"column":33}},"28":{"start":{"line":29,"column":0},"end":{"line":29,"column":105}},"29":{"start":{"line":30,"column":0},"end":{"line":30,"column":5}},"30":{"start":{"line":31,"column":0},"end":{"line":31,"column":0}},"31":{"start":{"line":32,"column":0},"end":{"line":32,"column":78}},"32":{"start":{"line":33,"column":0},"end":{"line":33,"column":0}},"33":{"start":{"line":34,"column":0},"end":{"line":34,"column":21}},"34":{"start":{"line":35,"column":0},"end":{"line":35,"column":111}},"35":{"start":{"line":36,"column":0},"end":{"line":36,"column":5}},"36":{"start":{"line":37,"column":0},"end":{"line":37,"column":0}},"37":{"start":{"line":38,"column":0},"end":{"line":38,"column":36}},"38":{"start":{"line":39,"column":0},"end":{"line":39,"column":11}},"39":{"start":{"line":40,"column":0},"end":{"line":40,"column":15}},"40":{"start":{"line":41,"column":0},"end":{"line":41,"column":12}},"41":{"start":{"line":42,"column":0},"end":{"line":42,"column":15}},"42":{"start":{"line":43,"column":0},"end":{"line":43,"column":20}},"43":{"start":{"line":44,"column":0},"end":{"line":44,"column":7}},"44":{"start":{"line":45,"column":0},"end":{"line":45,"column":0}},"45":{"start":{"line":46,"column":0},"end":{"line":46,"column":15}},"46":{"start":{"line":47,"column":0},"end":{"line":47,"column":28}},"47":{"start":{"line":48,"column":0},"end":{"line":48,"column":71}},"48":{"start":{"line":49,"column":0},"end":{"line":49,"column":26}},"49":{"start":{"line":50,"column":0},"end":{"line":50,"column":9}},"50":{"start":{"line":51,"column":0},"end":{"line":51,"column":12}},"51":{"start":{"line":52,"column":0},"end":{"line":52,"column":101}},"52":{"start":{"line":53,"column":0},"end":{"line":53,"column":5}},"53":{"start":{"line":54,"column":0},"end":{"line":54,"column":19}},"54":{"start":{"line":55,"column":0},"end":{"line":55,"column":41}},"55":{"start":{"line":56,"column":0},"end":{"line":56,"column":43}},"56":{"start":{"line":57,"column":0},"end":{"line":57,"column":77}},"57":{"start":{"line":58,"column":0},"end":{"line":58,"column":70}},"58":{"start":{"line":59,"column":0},"end":{"line":59,"column":5}},"59":{"start":{"line":60,"column":0},"end":{"line":60,"column":31}},"60":{"start":{"line":61,"column":0},"end":{"line":61,"column":53}},"61":{"start":{"line":62,"column":0},"end":{"line":62,"column":121}},"62":{"start":{"line":63,"column":0},"end":{"line":63,"column":5}},"63":{"start":{"line":64,"column":0},"end":{"line":64,"column":84}},"64":{"start":{"line":65,"column":0},"end":{"line":65,"column":3}},"65":{"start":{"line":66,"column":0},"end":{"line":66,"column":2}},"66":{"start":{"line":67,"column":0},"end":{"line":67,"column":0}},"67":{"start":{"line":68,"column":0},"end":{"line":68,"column":46}},"68":{"start":{"line":69,"column":0},"end":{"line":69,"column":61}},"69":{"start":{"line":70,"column":0},"end":{"line":70,"column":0}},"70":{"start":{"line":71,"column":0},"end":{"line":71,"column":38}},"71":{"start":{"line":72,"column":0},"end":{"line":72,"column":94}},"72":{"start":{"line":73,"column":0},"end":{"line":73,"column":3}},"73":{"start":{"line":74,"column":0},"end":{"line":74,"column":0}},"74":{"start":{"line":75,"column":0},"end":{"line":75,"column":7}},"75":{"start":{"line":76,"column":0},"end":{"line":76,"column":37}},"76":{"start":{"line":77,"column":0},"end":{"line":77,"column":71}},"77":{"start":{"line":78,"column":0},"end":{"line":78,"column":28}},"78":{"start":{"line":79,"column":0},"end":{"line":79,"column":0}},"79":{"start":{"line":80,"column":0},"end":{"line":80,"column":56}},"80":{"start":{"line":81,"column":0},"end":{"line":81,"column":44}},"81":{"start":{"line":82,"column":0},"end":{"line":82,"column":19}},"82":{"start":{"line":83,"column":0},"end":{"line":83,"column":94}},"83":{"start":{"line":84,"column":0},"end":{"line":84,"column":7}},"84":{"start":{"line":85,"column":0},"end":{"line":85,"column":16}},"85":{"start":{"line":86,"column":0},"end":{"line":86,"column":22}},"86":{"start":{"line":87,"column":0},"end":{"line":87,"column":24}},"87":{"start":{"line":88,"column":0},"end":{"line":88,"column":32}},"88":{"start":{"line":89,"column":0},"end":{"line":89,"column":26}},"89":{"start":{"line":90,"column":0},"end":{"line":90,"column":73}},"90":{"start":{"line":91,"column":0},"end":{"line":91,"column":21}},"91":{"start":{"line":92,"column":0},"end":{"line":92,"column":9}},"92":{"start":{"line":93,"column":0},"end":{"line":93,"column":12}},"93":{"start":{"line":94,"column":0},"end":{"line":94,"column":89}},"94":{"start":{"line":95,"column":0},"end":{"line":95,"column":5}},"95":{"start":{"line":96,"column":0},"end":{"line":96,"column":19}},"96":{"start":{"line":97,"column":0},"end":{"line":97,"column":43}},"97":{"start":{"line":98,"column":0},"end":{"line":98,"column":75}},"98":{"start":{"line":99,"column":0},"end":{"line":99,"column":3}},"99":{"start":{"line":100,"column":0},"end":{"line":100,"column":2}},"100":{"start":{"line":101,"column":0},"end":{"line":101,"column":0}},"101":{"start":{"line":102,"column":0},"end":{"line":102,"column":51}},"102":{"start":{"line":103,"column":0},"end":{"line":103,"column":33}},"103":{"start":{"line":104,"column":0},"end":{"line":104,"column":9}},"104":{"start":{"line":105,"column":0},"end":{"line":105,"column":73}},"105":{"start":{"line":106,"column":0},"end":{"line":106,"column":17}},"106":{"start":{"line":107,"column":0},"end":{"line":107,"column":18}},"107":{"start":{"line":108,"column":0},"end":{"line":108,"column":24}},"108":{"start":{"line":109,"column":0},"end":{"line":109,"column":26}},"109":{"start":{"line":110,"column":0},"end":{"line":110,"column":34}},"110":{"start":{"line":111,"column":0},"end":{"line":111,"column":28}},"111":{"start":{"line":112,"column":0},"end":{"line":112,"column":52}},"112":{"start":{"line":113,"column":0},"end":{"line":113,"column":44}},"113":{"start":{"line":114,"column":0},"end":{"line":114,"column":11}},"114":{"start":{"line":115,"column":0},"end":{"line":115,"column":14}},"115":{"start":{"line":116,"column":0},"end":{"line":116,"column":71}},"116":{"start":{"line":117,"column":0},"end":{"line":117,"column":7}},"117":{"start":{"line":118,"column":0},"end":{"line":118,"column":21}},"118":{"start":{"line":119,"column":0},"end":{"line":119,"column":71}},"119":{"start":{"line":120,"column":0},"end":{"line":120,"column":87}},"120":{"start":{"line":121,"column":0},"end":{"line":121,"column":5}},"121":{"start":{"line":122,"column":0},"end":{"line":122,"column":10}},"122":{"start":{"line":123,"column":0},"end":{"line":123,"column":106}},"123":{"start":{"line":124,"column":0},"end":{"line":124,"column":3}},"124":{"start":{"line":125,"column":0},"end":{"line":125,"column":2}}},"s":{"0":1,"1":1,"2":1,"3":1,"4":1,"5":0,"6":0,"7":0,"8":0,"9":0,"10":0,"11":0,"12":0,"13":1,"14":1,"15":10,"16":10,"17":10,"18":10,"19":10,"20":1,"21":1,"22":9,"23":10,"24":1,"25":1,"26":8,"27":10,"28":1,"29":1,"30":7,"31":7,"32":7,"33":10,"34":2,"35":2,"36":5,"37":5,"38":5,"39":5,"40":5,"41":5,"42":5,"43":5,"44":1,"45":1,"46":1,"47":1,"48":1,"49":1,"50":10,"51":0,"52":0,"53":10,"54":4,"55":4,"56":4,"57":4,"58":4,"59":0,"60":0,"61":0,"62":0,"63":0,"64":0,"65":10,"66":1,"67":1,"68":0,"69":0,"70":0,"71":0,"72":0,"73":0,"74":0,"75":0,"76":0,"77":0,"78":0,"79":0,"80":0,"81":0,"82":0,"83":0,"84":0,"85":0,"86":0,"87":0,"88":0,"89":0,"90":0,"91":0,"92":0,"93":0,"94":0,"95":0,"96":0,"97":0,"98":0,"99":0,"100":1,"101":1,"102":1,"103":1,"104":1,"105":1,"106":1,"107":1,"108":1,"109":1,"110":1,"111":1,"112":1,"113":1,"114":1,"115":0,"116":0,"117":1,"118":0,"119":0,"120":0,"121":1,"122":0,"123":0,"124":1},"branchMap":{"0":{"type":"branch","line":15,"loc":{"start":{"line":15,"column":28},"end":{"line":66,"column":2}},"locations":[{"start":{"line":15,"column":28},"end":{"line":66,"column":2}}]},"1":{"type":"branch","line":20,"loc":{"start":{"line":20,"column":13},"end":{"line":20,"column":26}},"locations":[{"start":{"line":20,"column":13},"end":{"line":20,"column":26}}]},"2":{"type":"branch","line":20,"loc":{"start":{"line":20,"column":26},"end":{"line":20,"column":36}},"locations":[{"start":{"line":20,"column":26},"end":{"line":20,"column":36}}]},"3":{"type":"branch","line":20,"loc":{"start":{"line":20,"column":36},"end":{"line":20,"column":49}},"locations":[{"start":{"line":20,"column":36},"end":{"line":20,"column":49}}]},"4":{"type":"branch","line":20,"loc":{"start":{"line":20,"column":49},"end":{"line":20,"column":69}},"locations":[{"start":{"line":20,"column":49},"end":{"line":20,"column":69}}]},"5":{"type":"branch","line":20,"loc":{"start":{"line":20,"column":71},"end":{"line":22,"column":5}},"locations":[{"start":{"line":20,"column":71},"end":{"line":22,"column":5}}]},"6":{"type":"branch","line":22,"loc":{"start":{"line":22,"column":4},"end":{"line":24,"column":38}},"locations":[{"start":{"line":22,"column":4},"end":{"line":24,"column":38}}]},"7":{"type":"branch","line":24,"loc":{"start":{"line":24,"column":38},"end":{"line":26,"column":5}},"locations":[{"start":{"line":24,"column":38},"end":{"line":26,"column":5}}]},"8":{"type":"branch","line":26,"loc":{"start":{"line":26,"column":4},"end":{"line":28,"column":32}},"locations":[{"start":{"line":26,"column":4},"end":{"line":
[...]
":21}},"22":{"start":{"line":23,"column":0},"end":{"line":23,"column":22}},"23":{"start":{"line":24,"column":0},"end":{"line":24,"column":88}},"24":{"start":{"line":25,"column":0},"end":{"line":25,"column":6}},"25":{"start":{"line":26,"column":0},"end":{"line":26,"column":13}},"26":{"start":{"line":27,"column":0},"end":{"line":27,"column":19}},"27":{"start":{"line":28,"column":0},"end":{"line":28,"column":34}},"28":{"start":{"line":29,"column":0},"end":{"line":29,"column":24}},"29":{"start":{"line":30,"column":0},"end":{"line":30,"column":6}},"30":{"start":{"line":31,"column":0},"end":{"line":31,"column":3}},"31":{"start":{"line":32,"column":0},"end":{"line":32,"column":4}},"32":{"start":{"line":33,"column":0},"end":{"line":33,"column":3}},"33":{"start":{"line":34,"column":0},"end":{"line":34,"column":22}},"34":{"start":{"line":35,"column":0},"end":{"line":35,"column":3}},"35":{"start":{"line":36,"column":0},"end":{"line":36,"column":2}},"36":{"start":{"line":37,"column":0},"end":{"line":37,"column":0}},"37":{"start":{"line":38,"column":0},"end":{"line":38,"column":63}},"38":{"start":{"line":39,"column":0},"end":{"line":39,"column":15}},"39":{"start":{"line":40,"column":0},"end":{"line":40,"column":47}},"40":{"start":{"line":41,"column":0},"end":{"line":41,"column":3}},"41":{"start":{"line":42,"column":0},"end":{"line":42,"column":0}},"42":{"start":{"line":43,"column":0},"end":{"line":43,"column":51}},"43":{"start":{"line":44,"column":0},"end":{"line":44,"column":0}},"44":{"start":{"line":45,"column":0},"end":{"line":45,"column":21}}},"s":{"0":1,"1":1,"2":1,"3":1,"4":1,"5":1,"6":1,"7":1,"8":1,"9":1,"10":1,"11":1,"12":1,"13":1,"14":1,"15":1,"16":1,"17":1,"18":1,"19":1,"20":1,"21":1,"22":1,"23":1,"24":1,"25":1,"26":1,"27":1,"28":1,"29":1,"30":1,"31":1,"32":1,"33":1,"34":1,"35":1,"36":1,"37":1,"38":1,"39":1,"40":1,"41":1,"42":1,"43":1,"44":1},"branchMap":{"0":{"type":"branch","line":24,"loc":{"start":{"line":24,"column":17},"end":{"line":24,"column":40}},"locations":[{"start":{"line":24,"column":17},"end":{"line":24,"column":40}}]}},"b":{"0":[16]},"fnMap":{"0":{"name":"mongoose.Schema.sharedStocks.validate","decl":{"start":{"line":24,"column":17},"end":{"line":24,"column":40}},"loc":{"start":{"line":24,"column":17},"end":{"line":24,"column":40}},"line":24}},"f":{"0":16}}
,"D:\\FavoriteStocksWatcher\\backend\\src\\models\\User.js": {"path":"D:\\FavoriteStocksWatcher\\backend\\src\\models\\User.js","all":false,"statementMap":{"0":{"start":{"line":1,"column":0},"end":{"line":1,"column":32}},"1":{"start":{"line":2,"column":0},"end":{"line":2,"column":29}},"2":{"start":{"line":3,"column":0},"end":{"line":3,"column":0}},"3":{"start":{"line":4,"column":0},"end":{"line":4,"column":50}},"4":{"start":{"line":5,"column":0},"end":{"line":5,"column":87}},"5":{"start":{"line":6,"column":0},"end":{"line":6,"column":30}},"6":{"start":{"line":7,"column":0},"end":{"line":7,"column":2}},"7":{"start":{"line":8,"column":0},"end":{"line":8,"column":0}},"8":{"start":{"line":9,"column":0},"end":{"line":9,"column":39}},"9":{"start":{"line":10,"column":0},"end":{"line":10,"column":3}},"10":{"start":{"line":11,"column":0},"end":{"line":11,"column":10}},"11":{"start":{"line":12,"column":0},"end":{"line":12,"column":21}},"12":{"start":{"line":13,"column":0},"end":{"line":13,"column":43}},"13":{"start":{"line":14,"column":0},"end":{"line":14,"column":52}},"14":{"start":{"line":15,"column":0},"end":{"line":15,"column":6}},"15":{"start":{"line":16,"column":0},"end":{"line":16,"column":15}},"16":{"start":{"line":17,"column":0},"end":{"line":17,"column":19}},"17":{"start":{"line":18,"column":0},"end":{"line":18,"column":55}},"18":{"start":{"line":19,"column":0},"end":{"line":19,"column":20}},"19":{"start":{"line":20,"column":0},"end":{"line":20,"column":19}},"20":{"start":{"line":21,"column":0},"end":{"line":21,"column":64}},"21":{"start":{"line":22,"column":0},"end":{"line":22,"column":69}},"22":{"start":{"line":23,"column":0},"end":{"line":23,"column":6}},"23":{"start":{"line":24,"column":0},"end":{"line":24,"column":12}},"24":{"start":{"line":25,"column":0},"end":{"line":25,"column":19}},"25":{"start":{"line":26,"column":0},"end":{"line":26,"column":45}},"26":{"start":{"line":27,"column":0},"end":{"line":27,"column":19}},"27":{"start":{"line":28,"column":0},"end":{"line":28,"column":17}},"28":{"start":{"line":29,"column":0},"end":{"line":29,"column":22}},"29":{"start":{"line":30,"column":0},"end":{"line":30,"column":15}},"30":{"start":{"line":31,"column":0},"end":{"line":31,"column":54}},"31":{"start":{"line":32,"column":0},"end":{"line":32,"column":53}},"32":{"start":{"line":33,"column":0},"end":{"line":33,"column":8}},"33":{"start":{"line":34,"column":0},"end":{"line":34,"column":62}},"34":{"start":{"line":35,"column":0},"end":{"line":35,"column":6}},"35":{"start":{"line":36,"column":0},"end":{"line":36,"column":15}},"36":{"start":{"line":37,"column":0},"end":{"line":37,"column":19}},"37":{"start":{"line":38,"column":0},"end":{"line":38,"column":48}},"38":{"start":{"line":39,"column":0},"end":{"line":39,"column":58}},"39":{"start":{"line":40,"column":0},"end":{"line":40,"column":18}},"40":{"start":{"line":41,"column":0},"end":{"line":41,"column":46}},"41":{"start":{"line":42,"column":0},"end":{"line":42,"column":132}},"42":{"start":{"line":43,"column":0},"end":{"line":43,"column":8}},"43":{"start":{"line":44,"column":0},"end":{"line":44,"column":19}},"44":{"start":{"line":45,"column":0},"end":{"line":45,"column":6}},"45":{"start":{"line":46,"column":0},"end":{"line":46,"column":21}},"46":{"start":{"line":47,"column":0},"end":{"line":47,"column":22}},"47":{"start":{"line":48,"column":0},"end":{"line":48,"column":22}},"48":{"start":{"line":49,"column":0},"end":{"line":49,"column":6}},"49":{"start":{"line":50,"column":0},"end":{"line":50,"column":20}},"50":{"start":{"line":51,"column":0},"end":{"line":51,"column":18}},"51":{"start":{"line":52,"column":0},"end":{"line":52,"column":67}},"52":{"start":{"line":53,"column":0},"end":{"line":53,"column":20}},"53":{"start":{"line":54,"column":0},"end":{"line":54,"column":4}},"54":{"start":{"line":55,"column":0},"end":{"line":55,"column":4}},"55":{"start":{"line":56,"column":0},"end":{"line":56,"column":3}},"56":{"start":{"line":57,"column":0},"end":{"line":57,"column":20}},"57":{"start":{"line":58,"column":0},"end":{"line":58,"column":3}},"58":{"start":{"line":59,"column":0},"end":{"line":59,"column":2}},"59":{"start":{"line":60,"column":0},"end":{"line":60,"column":0}},"60":{"start":{"line":61,"column":0},"end":{"line":61,"column":0}},"61":{"start":{"line":62,"column":0},"end":{"line":62,"column":46}},"62":{"start":{"line":63,"column":0},"end":{"line":63,"column":37}},"63":{"start":{"line":64,"column":0},"end":{"line":64,"column":19}},"64":{"start":{"line":65,"column":0},"end":{"line":65,"column":3}},"65":{"start":{"line":66,"column":0},"end":{"line":66,"column":0}},"66":{"start":{"line":67,"column":0},"end":{"line":67,"column":7}},"67":{"start":{"line":68,"column":0},"end":{"line":68,"column":42}},"68":{"start":{"line":69,"column":0},"end":{"line":69,"column":59}},"69":{"start":{"line":70,"column":0},"end":{"line":70,"column":12}},"70":{"start":{"line":71,"column":0},"end":{"line":71,"column":19}},"71":{"start":{"line":72,"column":0},"end":{"line":72,"column":17}},"72":{"start":{"line":73,"column":0},"end":{"line":73,"column":3}},"73":{"start":{"line":74,"column":0},"end":{"line":74,"column":3}},"74":{"start":{"line":75,"column":0},"end":{"line":75,"column":0}},"75":{"start":{"line":76,"column":0},"end":{"line":76,"column":0}},"76":{"start":{"line":77,"column":0},"end":{"line":77,"column":73}},"77":{"start":{"line":78,"column":0},"end":{"line":78,"column":7}},"78":{"start":{"line":79,"column":0},"end":{"line":79,"column":66}},"79":{"start":{"line":80,"column":0},"end":{"line":80,"column":19}},"80":{"start":{"line":81,"column":0},"end":{"line":81,"column":17}},"81":{"start":{"line":82,"column":0},"end":{"line":82,"column":3}},"82":{"start":{"line":83,"column":0},"end":{"line":83,"column":2}},"83":{"start":{"line":84,"column":0},"end":{"line":84,"column":0}},"84":{"start":{"line":85,"column":0},"end":{"line":85,"column":69}},"85":{"start":{"line":86,"column":0},"end":{"line":86,"column":62}},"86":{"start":{"line":87,"column":0},"end":{"line":87,"column":2}},"87":{"start":{"line":88,"column":0},"end":{"line":88,"column":0}},"88":{"start":{"line":89,"column":0},"end":{"line":89,"column":48}},"89":{"start":{"line":90,"column":0},"end":{"line":90,"column":0}},"90":{"start":{"line":91,"column":0},"end":{"line":91,"column":20}}},"s":{"0":1,"1":1,"2":1,"3":1,"4":106,"5":106,"6":106,"7":1,"8":1,"9":1,"10":1,"11":1,"12":1,"13":1,"14":1,"15":1,"16":1,"17":1,"18":1,"19":1,"20":1,"21":1,"22":1,"23":1,"24":1,"25":1,"26":1,"27":1,"28":1,"29":1,"30":1,"31":1,"32":1,"33":1,"34":1,"35":1,"36":1,"37":1,"38":1,"39":1,"40":1,"41":1,"42":1,"43":1,"44":1,"45":1,"46":1,"47":1,"48":1,"49":1,"50":1,"51":1,"52":1,"53":1,"54":1,"55":1,"56":1,"57":1,"58":1,"59":1,"60":1,"61":1,"62":104,"63":1,"64":1,"65":103,"66":103,"67":103,"68":103,"69":103,"70":104,"71":0,"72":0,"73":1,"74":1,"75":1,"76":1,"77":3,"78":3,"79":3,"80":0,"81":0,"82":3,"83":1,"84":1,"85":0,"86":0,"87":1,"88":1,"89":1,"90":1},"branchMap":{"0":{"type":"branch","line":4,"loc":{"start":{"line":4,"column":36},"end":{"line":7,"column":2}},"locations":[{"start":{"line":4,"column":36},"end":{"line":7,"column":2}}]},"1":{"type":"branch","line":62,"loc":{"start":{"line":62,"column":23},"end":{"line":74,"column":2}},"locations":[{"start":{"line":62,"column":23},"end":{"line":74,"column":2}}]},"2":{"type":"branch","line":63,"loc":{"start":{"line":63,"column":36},"end":{"line":65,"column":3}},"locations":[{"start":{"line":63,"column":36},"end":{"line":65,"column":3}}]},"3":{"type":"branch","line":65,"loc":{"start":{"line":65,"column":2},"end":{"line":71,"column":4}},"locations":[{"start":{"line":65,"column":2},"end":{"line":71,"column":4}}]},"4":{"type":"branch","line":71,"loc":{"start":{"line":71,"column":4},"end":{"line":73,"column":3}},"locations":[{"start":{"line":71,"column":4},"end":{"line":73,"column":3}}]},"5":{"type":"branch","line":77,"loc":{"start":{"line":77,"column":37},"end":{"line":83,"column":2}},"locations":[{"start":{"line":77,"column":37},"end":{"line":83,"column":2}}]},"6":{"type":"branch","line":80,"loc":{"start":{"line":80,"column":4},"end":{"line":82,"column":3}},"locations":[{"start":{"line":80,"column":4},"end":{"line":82,"column":3}}]}},"b":{"0":[106],"1":[104],"2":[1],"3":[103],"4":[0],"5":[3],"6":[0]},"fnMap":{"0":{"name":"validatePasswordComplexity","decl":{"start":{"line":4,"column":36},"end":{"line":7,"column":2}},"loc":{"start":{"line":4,"column":36},"end":{"line":7,"column":2}},"line":4},"1":{"name":"userSchema.methods.comparePassword","decl":{"start":{"line":77,"column":37},"end":{"line":83,"column":2}},"loc":{"start":{"line":77,"column":37},"end":{"line":83,"column":2}},"line":77},"2":{"name":"userSchema.methods.matchPassword","decl":{"start":{"line":85,"column":35},"end":{"line":87,"column":2}},"loc":{"start":{"line":85,"column":35},"end":{"line":87,"column":2}},"line":85}},"f":{"0":106,"1":3,"2":0}}
,"D:\\FavoriteStocksWatcher\\backend\\src\\routes\\shareRoutes.js": {"path":"D:\\FavoriteStocksWatcher\\backend\\src\\routes\\shareRoutes.js","all":false,"statementMap":{"0":{"start":{"line":1,"column":0},"end":{"line":1,"column":30}},"1":{"start":{"line":2,"column":0},"end":{"line":2,"column":8}},"2":{"start":{"line":3,"column":0},"end":{"line":3,"column":19}},"3":{"start":{"line":4,"column":0},"end":{"line":4,"column":23}},"4":{"start":{"line":5,"column":0},"end":{"line":5,"column":23}},"5":{"start":{"line":6,"column":0},"end":{"line":6,"column":14}},"6":{"start":{"line":7,"column":0},"end":{"line":7,"column":43}},"7":{"start":{"line":8,"column":0},"end":{"line":8,"column":59}},"8":{"start":{"line":9,"column":0},"end":{"line":9,"column":0}},"9":{"start":{"line":10,"column":0},"end":{"line":10,"column":32}},"10":{"start":{"line":11,"column":0},"end":{"line":11,"column":0}},"11":{"start":{"line":12,"column":0},"end":{"line":12,"column":0}},"12":{"start":{"line":13,"column":0},"end":{"line":13,"column":0}},"13":{"start":{"line":14,"column":0},"end":{"line":14,"column":44}},"14":{"start":{"line":15,"column":0},"end":{"line":15,"column":0}},"15":{"start":{"line":16,"column":0},"end":{"line":16,"column":54}},"16":{"start":{"line":17,"column":0},"end":{"line":17,"column":0}},"17":{"start":{"line":18,"column":0},"end":{"line":18,"column":56}},"18":{"start":{"line":19,"column":0},"end":{"line":19,"column":0}},"19":{"start":{"line":20,"column":0},"end":{"line":20,"column":49}},"20":{"start":{"line":21,"column":0},"end":{"line":21,"column":0}},"21":{"start":{"line":22,"column":0},"end":{"line":22,"column":22}}},"s":{"0":1,"1":1,"2":1,"3":1,"4":1,"5":1,"6":1,"7":1,"8":1,"9":1,"10":1,"11":1,"12":1,"13":1,"14":1,"15":1,"16":1,"17":1,"18":1,"19":1,"20":1,"21":1},"branchMap":{},"b":{},"fnMap":{},"f":{}}
,"D:\\FavoriteStocksWatcher\\backend\\src\\routes\\stockRoutes.js": {"path":"D:\\FavoriteStocksWatcher\\backend\\src\\routes\\stockRoutes.js","all":false,"statementMap":{"0":{"start":{"line":1,"column":0},"end":{"line":1,"column":30}},"1":{"start":{"line":2,"column":0},"end":{"line":2,"column":8}},"2":{"start":{"line":3,"column":0},"end":{"line":3,"column":20}},"3":{"start":{"line":4,"column":0},"end":{"line":4,"column":19}},"4":{"start":{"line":5,"column":0},"end":{"line":5,"column":22}},"5":{"start":{"line":6,"column":0},"end":{"line":6,"column":17}},"6":{"start":{"line":7,"column":0},"end":{"line":7,"column":32}},"7":{"start":{"line":8,"column":0},"end":{"line":8,"column":43}},"8":{"start":{"line":9,"column":0},"end":{"line":9,"column":58}},"9":{"start":{"line":10,"column":0},"end":{"line":10,"column":0}},"10":{"start":{"line":11,"column":0},"end":{"line":11,"column":32}},"11":{"start":{"line":12,"column":0},"end":{"line":12,"column":0}},"12":{"start":{"line":13,"column":0},"end":{"line":13,"column":38}},"13":{"start":{"line":14,"column":0},"end":{"line":14,"column":0}},"14":{"start":{"line":15,"column":0},"end":{"line":15,"column":0}},"15":{"start":{"line":16,"column":0},"end":{"line":16,"column":39}},"16":{"start":{"line":17,"column":0},"end":{"line":17,"column":53}},"17":{"start":{"line":18,"column":0},"end":{"line":18,"column":0}},"18":{"start":{"line":19,"column":0},"end":{"line":19,"column":44}},"19":{"start":{"line":20,"column":0},"end":{"line":20,"column":89}},"20":{"start":{"line":21,"column":0},"end":{"line":21,"column":0}},"21":{"start":{"line":22,"column":0},"end":{"line":22,"column":47}},"22":{"start":{"line":23,"column":0},"end":{"line":23,"column":53}},"23":{"start":{"line":24,"column":0},"end":{"line":24,"column":0}},"24":{"start":{"line":25,"column":0},"end":{"line":25,"column":47}},"25":{"start":{"line":26,"column":0},"end":{"line":26,"column":66}},"26":{"start":{"line":27,"column":0},"end":{"line":27,"column":0}},"27":{"start":{"line":28,"column":0},"end":{"line":28,"column":22}}},"s":{"0":1,"1":1,"2":1,"3":1,"4":1,"5":1,"6":1,"7":1,"8":1,"9":1,"10":1,"11":1,"12":1,"13":1,"14":1,"15":1,"16":1,"17":1,"18":1,"19":1,"20":1,"21":1,"22":1,"23":1,"24":1,"25":1,"26":1,"27":1},"branchMap":{},"b":{},"fnMap":{},"f":{}}
,"D:\\FavoriteStocksWatcher\\backend\\src\\routes\\userRoutes.js": {"path":"D:\\FavoriteStocksWatcher\\backend\\src\\routes\\userRoutes.js","all":false,"statementMap":{"0":{"start":{"line":1,"column":0},"end":{"line":1,"column":23}},"1":{"start":{"line":2,"column":0},"end":{"line":2,"column":30}},"2":{"start":{"line":3,"column":0},"end":{"line":3,"column":91}},"3":{"start":{"line":4,"column":0},"end":{"line":4,"column":32}},"4":{"start":{"line":5,"column":0},"end":{"line":5,"column":31}},"5":{"start":{"line":6,"column":0},"end":{"line":6,"column":58}},"6":{"start":{"line":7,"column":0},"end":{"line":7,"column":0}},"7":{"start":{"line":8,"column":0},"end":{"line":8,"column":32}},"8":{"start":{"line":9,"column":0},"end":{"line":9,"column":0}},"9":{"start":{"line":10,"column":0},"end":{"line":10,"column":35}},"10":{"start":{"line":11,"column":0},"end":{"line":11,"column":59}},"11":{"start":{"line":12,"column":0},"end":{"line":12,"column":21}},"12":{"start":{"line":13,"column":0},"end":{"line":13,"column":5}},"13":{"start":{"line":14,"column":0},"end":{"line":14,"column":2}},"14":{"start":{"line":15,"column":0},"end":{"line":15,"column":0}},"15":{"start":{"line":16,"column":0},"end":{"line":16,"column":39}},"16":{"start":{"line":17,"column":0},"end":{"line":17,"column":0}},"17":{"start":{"line":18,"column":0},"end":{"line":18,"column":43}},"18":{"start":{"line":19,"column":0},"end":{"line":19,"column":75}},"19":{"start":{"line":20,"column":0},"end":{"line":20,"column":14}},"20":{"start":{"line":21,"column":0},"end":{"line":21,"column":24}},"21":{"start":{"line":22,"column":0},"end":{"line":22,"column":5}},"22":{"start":{"line":23,"column":0},"end":{"line":23,"column":16}},"23":{"start":{"line":24,"column":0},"end":{"line":24,"column":92}},"24":{"start":{"line":25,"column":0},"end":{"line":25,"column":5}},"25":{"start":{"line":26,"column":0},"end":{"line":26,"column":42}},"26":{"start":{"line":27,"column":0},"end":{"line":27,"column":14}},"27":{"start":{"line":28,"column":0},"end":{"line":28,"column":20}},"28":{"start":{"line":29,"column":0},"end":{"line":29,"column":22}},"29":{"start":{"line":30,"column":0},"end":{"line":30,"column":30}},"30":{"start":{"line":31,"column":0},"end":{"line":31,"column":24}},"31":{"start":{"line":32,"column":0},"end":{"line":32,"column":42}},"32":{"start":{"line":33,"column":0},"end":{"line":33,"column":19}},"33":{"start":{"line":34,"column":0},"end":{"line":34,"column":7}},"34":{"start":{"line":35,"column":0},"end":{"line":35,"column":22}},"35":{"start":{"line":36,"column":0},"end":{"line":36,"column":3}},"36":{"start":{"line":37,"column":0},"end":{"line":37,"column":0}},"37":{"start":{"line":38,"column":0},"end":{"line":38,"column":0}},"38":{"start":{"line":39,"column":0},"end":{"line":39,"column":48}},"39":{"start":{"line":40,"column":0},"end":{"line":40,"column":0}},"40":{"start":{"line":41,"column":0},"end":{"line":41,"column":22}}},"s":{"0":1,"1":1,"2":1,"3":1,"4":1,"5":1,"6":1,"7":1,"8":1,"9":1,"10":2,"11":2,"12":2,"13":2,"14":1,"15":1,"16":1,"17":1,"18":6,"19":6,"20":0,"21":0,"22":6,"23":4,"24":4,"25":2,"26":2,"27":2,"28":2,"29":2,"30":2,"31":2,"32":2,"33":2,"34":6,"35":1,"36":1,"37":1,"38":1,"39":1,"40":1},"branchMap":{"0":{"type":"branch","line":10,"loc":{"start":{"line":10,"column":23},"end":{"line":14,"column":2}},"locations":[{"start":{"line":10,"column":23},"end":{"line":14,"column":2}}]},"1":{"type":"branch","line":18,"loc":{"start":{"line":18,"column":22},"end":{"line":36,"column":2}},"locations":[{"start":{"line":18,"column":22},"end":{"line":36,"column":2}}]},"2":{"type":"branch","line":19,"loc":{"start":{"line":19,"column":53},"end":{"line":35,"column":3}},"locations":[{"start":{"line":19,"column":53},"end":{"line":35,"column":3}}]},"3":{"type":"branch","line":20,"loc":{"start":{"line":20,"column":13},"end":{"line":22,"column":5}},"locations":[{"start":{"line":20,"column":13},"end":{"line":22,"column":5}}]},"4":{"type":"branch","line":23,"loc":{"start":{"line":23,"column":15},"end":{"line":25,"column":5}},"locations":[{"start":{"line":23,"column":15},"end":{"line":25,"column":5}}]},"5":{"type":"branch","line":24,"loc":{"start":{"line":24,"column":64},"end":{"line":24,"column":89}},"locations":[{"start":{"line":24,"column":64},"end":{"line":24,"column":89}}]},"6":{"type":"branch","line":25,"loc":{"start":{"line":25,"column":4},"end":{"line":35,"column":3}},"locations":[{"start":{"line":25,"column":4},"end":{"line":35,"column":3}}]}},"b":{"0":[2],"1":[6],"2":[6],"3":[0],"4":[4],"5":[0],"6":[2]},"fnMap":{"0":{"name":"generateToken","decl":{"start":{"line":10,"column":23},"end":{"line":14,"column":2}},"loc":{"start":{"line":10,"column":23},"end":{"line":14,"column":2}},"line":10}},"f":{"0":2}}
}
