TN:
SF:src\server.js
FN:17,connectDB
FNF:1
FNH:0
FNDA:0,connectDB
DA:1,1
DA:2,1
DA:3,1
DA:4,1
DA:5,1
DA:6,1
DA:7,1
DA:8,1
DA:9,1
DA:10,1
DA:11,1
DA:12,1
DA:13,1
DA:14,1
DA:15,1
DA:16,1
DA:17,1
DA:18,0
DA:19,0
DA:20,0
DA:21,0
DA:22,0
DA:23,0
DA:24,0
DA:25,0
DA:26,0
DA:27,1
DA:28,1
DA:29,1
DA:30,0
DA:31,0
DA:32,0
DA:33,0
DA:34,0
DA:35,0
DA:36,0
DA:37,0
DA:38,1
DA:39,1
DA:40,1
DA:41,1
DA:42,1
DA:43,1
DA:44,1
DA:45,1
DA:46,1
DA:47,1
DA:48,1
DA:49,1
DA:50,0
DA:51,1
DA:52,1
DA:53,1
DA:54,0
DA:55,1
DA:56,1
DA:57,1
DA:58,3
DA:59,1
DA:60,1
DA:61,1
DA:62,1
LF:62
LH:43
BRDA:13,0,0,0
BRDA:29,1,0,0
BRDA:57,2,0,3
BRF:3
BRH:1
end_of_record
TN:
SF:src\config\passportConfig.js
FN:7,default
FNF:1
FNH:1
FNDA:3,default
DA:1,1
DA:2,1
DA:3,1
DA:4,1
DA:5,1
DA:6,1
DA:7,1
DA:8,3
DA:9,3
DA:10,3
DA:11,3
DA:12,3
DA:13,3
DA:14,3
DA:15,3
DA:16,3
DA:17,3
DA:18,1
DA:19,1
DA:20,2
DA:21,2
DA:22,3
DA:23,1
DA:24,1
DA:25,1
DA:26,1
DA:27,3
DA:28,0
DA:29,0
DA:30,0
DA:31,3
DA:32,3
DA:33,3
DA:34,3
DA:35,3
DA:36,3
DA:37,3
DA:38,3
DA:39,3
DA:40,3
DA:41,3
DA:42,31
DA:43,31
DA:44,31
DA:45,31
DA:46,31
DA:47,31
DA:48,0
DA:49,0
DA:50,31
DA:51,0
DA:52,0
DA:53,0
DA:54,3
DA:55,3
DA:56,3
DA:57,3
DA:58,3
LF:58
LH:50
BRDA:7,0,0,3
BRDA:11,1,0,3
BRDA:17,2,0,1
BRDA:19,3,0,2
BRDA:22,4,0,1
BRDA:27,5,0,0
BRDA:41,6,0,31
BRDA:47,7,0,0
BRDA:50,8,0,0
BRF:9
BRH:6
end_of_record
TN:
SF:src\controllers\shareController.js
FN:5,shareMyFavorites
FN:53,getListsSharedWithMe
FN:99,getMySharedInstances
FN:114,unshareList
FNF:4
FNH:4
FNDA:17,shareMyFavorites
FNDA:2,getListsSharedWithMe
FNDA:2,getMySharedInstances
FNDA:4,unshareList
DA:1,1
DA:2,1
DA:3,1
DA:4,1
DA:5,1
DA:6,17
DA:7,17
DA:8,17
DA:9,17
DA:10,1
DA:11,1
DA:12,16
DA:13,16
DA:14,16
DA:15,17
DA:16,1
DA:17,1
DA:18,15
DA:19,15
DA:20,15
DA:21,15
DA:22,15
DA:23,15
DA:24,15
DA:25,15
DA:26,15
DA:27,15
DA:28,15
DA:29,17
DA:30,1
DA:31,1
DA:32,14
DA:33,14
DA:34,14
DA:35,14
DA:36,17
DA:37,17
DA:38,14
DA:39,14
DA:40,14
DA:41,14
DA:42,14
DA:43,17
DA:44,0
DA:45,0
DA:46,0
DA:47,0
DA:48,0
DA:49,0
DA:50,17
DA:51,1
DA:52,1
DA:53,1
DA:54,2
DA:55,2
DA:56,2
DA:57,2
DA:58,2
DA:59,2
DA:60,2
DA:61,1
DA:62,1
DA:63,1
DA:64,1
DA:65,1
DA:66,1
DA:67,1
DA:68,0
DA:69,0
DA:70,0
DA:71,0
DA:72,0
DA:73,0
DA:74,0
DA:75,1
DA:76,1
DA:77,1
DA:78,1
DA:79,1
DA:80,1
DA:81,1
DA:82,1
DA:83,1
DA:84,1
DA:85,1
DA:86,1
DA:87,1
DA:88,1
DA:89,1
DA:90,1
DA:91,1
DA:92,2
DA:93,0
DA:94,0
DA:95,0
DA:96,2
DA:97,1
DA:98,1
DA:99,1
DA:100,2
DA:101,2
DA:102,2
DA:103,2
DA:104,2
DA:105,2
DA:106,2
DA:107,2
DA:108,0
DA:109,0
DA:110,0
DA:111,2
DA:112,1
DA:113,1
DA:114,1
DA:115,4
DA:116,4
DA:117,4
DA:118,4
DA:119,4
DA:120,3
DA:121,4
DA:122,1
DA:123,1
DA:124,2
DA:125,2
DA:126,4
DA:127,1
DA:128,1
DA:129,1
DA:130,1
DA:131,1
DA:132,1
DA:133,1
DA:134,1
DA:135,1
DA:136,1
DA:137,1
DA:138,0
DA:139,0
DA:140,4
LF:140
LH:119
BRDA:5,0,0,17
BRDA:9,1,0,16
BRDA:9,2,0,16
BRDA:9,3,0,1
BRDA:11,4,0,16
BRDA:15,5,0,1
BRDA:17,6,0,15
BRDA:29,7,0,1
BRDA:31,8,0,14
BRDA:36,9,0,11
BRDA:36,10,0,3
BRDA:37,11,0,14
BRDA:43,12,0,0
BRDA:53,13,0,2
BRDA:60,14,0,1
BRDA:92,15,0,0
BRDA:66,16,0,1
BRDA:67,17,0,0
BRDA:85,18,0,0
BRDA:99,19,0,2
BRDA:107,20,0,0
BRDA:114,21,0,4
BRDA:119,22,0,3
BRDA:121,23,0,1
BRDA:123,24,0,2
BRDA:126,25,0,1
BRDA:137,26,0,0
BRF:27
BRH:21
end_of_record
TN:
SF:src\controllers\stockController.js
FN:5,fetchStockDataForSymbols
FN:53,getFavoriteStocks
FN:67,addFavoriteStock
FN:90,removeFavoriteStock
FN:113,getStockPrices
FN:135,getFavoriteStocksWithDetails
FNF:6
FNH:3
FNDA:8,fetchStockDataForSymbols
FNDA:0,getFavoriteStocks
FNDA:0,addFavoriteStock
FNDA:0,removeFavoriteStock
FNDA:4,getStockPrices
FNDA:5,getFavoriteStocksWithDetails
DA:1,1
DA:2,1
DA:3,1
DA:4,1
DA:5,1
DA:6,8
DA:7,0
DA:8,0
DA:9,8
DA:10,8
DA:11,8
DA:12,2
DA:13,2
DA:14,2
DA:15,6
DA:16,6
DA:17,14
DA:18,14
DA:19,14
DA:20,14
DA:21,14
DA:22,14
DA:23,14
DA:24,11
DA:25,14
DA:26,9
DA:27,9
DA:28,9
DA:29,9
DA:30,9
DA:31,9
DA:32,14
DA:33,2
DA:34,2
DA:35,2
DA:36,14
DA:37,3
DA:38,3
DA:39,3
DA:40,3
DA:41,1
DA:42,3
DA:43,1
DA:44,1
DA:45,3
DA:46,3
DA:47,3
DA:48,6
DA:49,6
DA:50,6
DA:51,6
DA:52,1
DA:53,1
DA:54,0
DA:55,0
DA:56,0
DA:57,0
DA:58,0
DA:59,0
DA:60,0
DA:61,0
DA:62,0
DA:63,0
DA:64,0
DA:65,1
DA:66,1
DA:67,1
DA:68,0
DA:69,0
DA:70,0
DA:71,0
DA:72,0
DA:73,0
DA:74,0
DA:75,0
DA:76,0
DA:77,0
DA:78,0
DA:79,0
DA:80,0
DA:81,0
DA:82,0
DA:83,0
DA:84,0
DA:85,0
DA:86,0
DA:87,0
DA:88,1
DA:89,1
DA:90,1
DA:91,0
DA:92,0
DA:93,0
DA:94,0
DA:95,0
DA:96,0
DA:97,0
DA:98,0
DA:99,0
DA:100,0
DA:101,0
DA:102,0
DA:103,0
DA:104,0
DA:105,0
DA:106,0
DA:107,0
DA:108,0
DA:109,0
DA:110,0
DA:111,1
DA:112,1
DA:113,1
DA:114,4
DA:115,4
DA:116,0
DA:117,0
DA:118,4
DA:119,4
DA:120,0
DA:121,0
DA:122,4
DA:123,4
DA:124,4
DA:125,3
DA:126,4
DA:127,1
DA:128,1
DA:129,1
DA:130,1
DA:131,0
DA:132,0
DA:133,4
DA:134,1
DA:135,1
DA:136,5
DA:137,5
DA:138,5
DA:139,0
DA:140,0
DA:141,5
DA:142,5
DA:143,5
DA:144,1
DA:145,1
DA:146,4
DA:147,4
DA:148,3
DA:149,3
DA:150,5
DA:151,1
DA:152,1
DA:153,1
DA:154,1
DA:155,0
DA:156,0
DA:157,5
LF:157
LH:94
BRDA:5,0,0,8
BRDA:6,1,0,0
BRDA:11,2,0,2
BRDA:14,3,0,6
BRDA:16,4,0,14
BRDA:23,5,0,11
BRDA:25,6,0,9
BRDA:32,7,0,2
BRDA:36,8,0,3
BRDA:40,9,0,2
BRDA:40,10,0,1
BRDA:42,11,0,2
BRDA:42,12,0,1
BRDA:113,13,0,4
BRDA:115,14,0,0
BRDA:119,15,0,0
BRDA:124,16,0,3
BRDA:126,17,0,1
BRDA:130,18,0,0
BRDA:118,19,0,8
BRDA:135,20,0,5
BRDA:138,21,0,0
BRDA:143,22,0,1
BRDA:145,23,0,4
BRDA:147,24,0,3
BRDA:150,25,0,1
BRDA:154,26,0,0
BRF:27
BRH:21
end_of_record
TN:
SF:src\controllers\userController.js
FN:6,generateToken
FN:12,registerUser
FN:55,loginUser
FN:81,getCurrentUser
FNF:4
FNH:3
FNDA:1,generateToken
FNDA:4,registerUser
FNDA:0,loginUser
FNDA:1,getCurrentUser
DA:1,1
DA:2,1
DA:3,1
DA:4,1
DA:5,1
DA:6,1
DA:7,1
DA:8,1
DA:9,1
DA:10,1
DA:11,1
DA:12,1
DA:13,4
DA:14,4
DA:15,4
DA:16,4
DA:17,4
DA:18,4
DA:19,2
DA:20,2
DA:21,2
DA:22,2
DA:23,2
DA:24,2
DA:25,2
DA:26,2
DA:27,2
DA:28,1
DA:29,1
DA:30,1
DA:31,1
DA:32,1
DA:33,1
DA:34,1
DA:35,1
DA:36,1
DA:37,1
DA:38,4
DA:39,0
DA:40,0
DA:41,4
DA:42,1
DA:43,1
DA:44,1
DA:45,1
DA:46,1
DA:47,0
DA:48,0
DA:49,0
DA:50,0
DA:51,0
DA:52,0
DA:53,4
DA:54,1
DA:55,1
DA:56,0
DA:57,0
DA:58,0
DA:59,0
DA:60,0
DA:61,0
DA:62,0
DA:63,0
DA:64,0
DA:65,0
DA:66,0
DA:67,0
DA:68,0
DA:69,0
DA:70,0
DA:71,0
DA:72,0
DA:73,0
DA:74,0
DA:75,0
DA:76,0
DA:77,0
DA:78,0
DA:79,0
DA:80,1
DA:81,1
DA:82,1
DA:83,1
DA:84,1
DA:85,1
DA:86,1
DA:87,1
DA:88,1
DA:89,1
DA:90,1
DA:91,1
DA:92,1
DA:93,0
DA:94,0
DA:95,1
DA:96,0
DA:97,0
DA:98,1
LF:98
LH:62
BRDA:6,0,0,1
BRDA:12,1,0,4
BRDA:18,2,0,2
BRDA:27,3,0,1
BRDA:38,4,0,0
BRDA:41,5,0,1
BRDA:46,6,0,0
BRDA:44,7,0,4
BRDA:81,8,0,1
BRDA:92,9,0,0
BRDA:95,10,0,0
BRF:11
BRH:7
end_of_record
TN:
SF:src\middleware\authMiddleware.js
FN:3,protect
FNF:1
FNH:1
FNDA:36,protect
DA:1,1
DA:2,1
DA:3,1
DA:4,36
DA:5,36
DA:6,0
DA:7,0
DA:8,0
DA:9,36
DA:10,5
DA:11,5
DA:12,5
DA:13,3
DA:14,5
DA:15,1
DA:16,1
DA:17,1
DA:18,1
DA:19,5
DA:20,5
DA:21,5
DA:22,31
DA:23,31
DA:24,36
DA:25,36
LF:25
LH:22
BRDA:3,0,0,36
BRDA:4,1,0,36
BRDA:5,2,0,0
BRDA:9,3,0,5
BRDA:12,4,0,3
BRDA:14,5,0,2
BRDA:14,6,0,1
BRDA:16,7,0,0
BRDA:16,8,0,0
BRDA:21,9,0,31
BRF:10
BRH:7
end_of_record
TN:
SF:src\models\Share.js
FNF:0
FNH:0
DA:1,1
DA:2,1
DA:3,1
DA:4,1
DA:5,1
DA:6,1
DA:7,1
DA:8,1
DA:9,1
DA:10,1
DA:11,1
DA:12,1
DA:13,1
DA:14,1
DA:15,1
DA:16,1
DA:17,1
DA:18,1
DA:19,1
DA:20,1
DA:21,1
DA:22,1
DA:23,1
DA:24,1
DA:25,1
DA:26,1
DA:27,1
DA:28,1
DA:29,1
DA:30,1
DA:31,1
DA:32,1
LF:32
LH:32
BRF:0
BRH:0
end_of_record
TN:
SF:src\models\User.js
FN:4,validatePasswordComplexity
FN:71,userSchema.methods.comparePassword
FNF:2
FNH:2
FNDA:52,validatePasswordComplexity
FNDA:2,userSchema.methods.comparePassword
DA:1,1
DA:2,1
DA:3,1
DA:4,1
DA:5,52
DA:6,52
DA:7,52
DA:8,1
DA:9,1
DA:10,1
DA:11,1
DA:12,1
DA:13,1
DA:14,1
DA:15,1
DA:16,1
DA:17,1
DA:18,1
DA:19,1
DA:20,1
DA:21,1
DA:22,1
DA:23,1
DA:24,1
DA:25,1
DA:26,1
DA:27,1
DA:28,1
DA:29,1
DA:30,1
DA:31,1
DA:32,1
DA:33,1
DA:34,1
DA:35,1
DA:36,1
DA:37,1
DA:38,1
DA:39,1
DA:40,1
DA:41,1
DA:42,1
DA:43,1
DA:44,1
DA:45,1
DA:46,1
DA:47,1
DA:48,1
DA:49,1
DA:50,1
DA:51,1
DA:52,1
DA:53,1
DA:54,1
DA:55,1
DA:56,1
DA:57,52
DA:58,0
DA:59,0
DA:60,52
DA:61,52
DA:62,52
DA:63,52
DA:64,52
DA:65,52
DA:66,0
DA:67,0
DA:68,1
DA:69,1
DA:70,1
DA:71,1
DA:72,2
DA:73,2
DA:74,2
DA:75,0
DA:76,0
DA:77,2
DA:78,1
DA:79,1
DA:80,1
DA:81,1
LF:81
LH:75
BRDA:4,0,0,52
BRDA:56,1,0,52
BRDA:57,2,0,0
BRDA:65,3,0,0
BRDA:71,4,0,2
BRDA:74,5,0,0
BRF:6
BRH:3
end_of_record
TN:
SF:src\routes\shareRoutes.js
FNF:0
FNH:0
DA:1,1
DA:2,1
DA:3,1
DA:4,1
DA:5,1
DA:6,1
DA:7,1
DA:8,1
DA:9,1
DA:10,1
DA:11,1
DA:12,1
DA:13,1
DA:14,1
DA:15,1
DA:16,1
DA:17,1
DA:18,1
DA:19,1
DA:20,1
DA:21,1
DA:22,1
LF:22
LH:22
BRF:0
BRH:0
end_of_record
TN:
SF:src\routes\stockRoutes.js
FNF:0
FNH:0
DA:1,1
DA:2,1
DA:3,1
DA:4,1
DA:5,1
DA:6,1
DA:7,1
DA:8,1
DA:9,1
DA:10,1
DA:11,1
DA:12,1
DA:13,1
DA:14,1
DA:15,1
DA:16,1
DA:17,1
DA:18,1
DA:19,1
DA:20,1
DA:21,1
DA:22,1
DA:23,1
DA:24,1
DA:25,1
DA:26,1
DA:27,1
DA:28,1
LF:28
LH:28
BRF:0
BRH:0
end_of_record
TN:
SF:src\routes\userRoutes.js
FN:10,generateToken
FNF:1
FNH:1
FNDA:1,generateToken
DA:1,1
DA:2,1
DA:3,1
DA:4,1
DA:5,1
DA:6,1
DA:7,1
DA:8,1
DA:9,1
DA:10,1
DA:11,1
DA:12,1
DA:13,1
DA:14,1
DA:15,1
DA:16,1
DA:17,1
DA:18,1
DA:19,3
DA:20,3
DA:21,0
DA:22,0
DA:23,3
DA:24,2
DA:25,2
DA:26,1
DA:27,1
DA:28,1
DA:29,1
DA:30,1
DA:31,1
DA:32,1
DA:33,1
DA:34,1
DA:35,3
DA:36,1
DA:37,1
DA:38,1
DA:39,1
DA:40,1
DA:41,1
LF:41
LH:39
BRDA:10,0,0,1
BRDA:18,1,0,3
BRDA:19,2,0,3
BRDA:20,3,0,0
BRDA:23,4,0,2
BRDA:24,5,0,0
BRDA:25,6,0,1
BRF:7
BRH:5
end_of_record
