TN:
SF:src\server.js
FN:17,connectDB
FNF:1
FNH:0
FNDA:0,connectDB
DA:1,1
DA:2,1
DA:3,1
DA:4,1
DA:5,1
DA:6,1
DA:7,1
DA:8,1
DA:9,1
DA:10,1
DA:11,1
DA:12,1
DA:13,1
DA:14,1
DA:15,1
DA:16,1
DA:17,1
DA:18,0
DA:19,0
DA:20,0
DA:21,0
DA:22,0
DA:23,0
DA:24,0
DA:25,0
DA:26,0
DA:27,1
DA:28,1
DA:29,1
DA:30,0
DA:31,0
DA:32,0
DA:33,0
DA:34,0
DA:35,0
DA:36,0
DA:37,0
DA:38,1
DA:39,1
DA:40,1
DA:41,1
DA:42,1
DA:43,1
DA:44,1
DA:45,1
DA:46,1
DA:47,1
DA:48,1
DA:49,1
DA:50,0
DA:51,1
DA:52,1
DA:53,1
DA:54,0
DA:55,1
DA:56,1
DA:57,1
DA:58,3
DA:59,1
DA:60,1
DA:61,1
DA:62,1
LF:62
LH:43
BRDA:13,0,0,0
BRDA:29,1,0,0
BRDA:57,2,0,3
BRF:3
BRH:1
end_of_record
TN:
SF:src\config\passportConfig.js
FN:7,default
FNF:1
FNH:1
FNDA:3,default
DA:1,1
DA:2,1
DA:3,1
DA:4,1
DA:5,1
DA:6,1
DA:7,1
DA:8,3
DA:9,3
DA:10,3
DA:11,3
DA:12,4
DA:13,4
DA:14,4
DA:15,4
DA:16,4
DA:17,4
DA:18,1
DA:19,1
DA:20,3
DA:21,3
DA:22,4
DA:23,2
DA:24,4
DA:25,1
DA:26,1
DA:27,4
DA:28,0
DA:29,0
DA:30,0
DA:31,4
DA:32,3
DA:33,3
DA:34,3
DA:35,3
DA:36,3
DA:37,3
DA:38,3
DA:39,3
DA:40,3
DA:41,3
DA:42,58
DA:43,58
DA:44,58
DA:45,58
DA:46,55
DA:47,57
DA:48,3
DA:49,3
DA:50,58
DA:51,0
DA:52,0
DA:53,0
DA:54,3
DA:55,3
DA:56,3
DA:57,3
DA:58,3
LF:58
LH:52
BRDA:7,0,0,3
BRDA:11,1,0,4
BRDA:17,2,0,1
BRDA:19,3,0,3
BRDA:22,4,0,2
BRDA:24,5,0,1
BRDA:27,6,0,0
BRDA:41,7,0,58
BRDA:45,8,0,57
BRDA:45,9,0,55
BRDA:47,10,0,3
BRDA:50,11,0,0
BRF:12
BRH:10
end_of_record
TN:
SF:src\controllers\shareController.js
FN:4,isValidEmailFormat
FN:10,shareMyFavorites
FN:86,getListsSharedWithMe
FN:133,getMySharedInstances
FN:173,unshareList
FNF:5
FNH:5
FNDA:21,isValidEmailFormat
FNDA:25,shareMyFavorites
FNDA:2,getListsSharedWithMe
FNDA:2,getMySharedInstances
FNDA:4,unshareList
DA:1,1
DA:2,1
DA:3,1
DA:4,1
DA:5,21
DA:6,21
DA:7,21
DA:8,21
DA:9,1
DA:10,1
DA:11,25
DA:12,25
DA:13,25
DA:14,25
DA:15,25
DA:16,3
DA:17,3
DA:18,22
DA:19,22
DA:20,22
DA:21,25
DA:22,1
DA:23,1
DA:24,21
DA:25,25
DA:26,1
DA:27,1
DA:28,20
DA:29,20
DA:30,25
DA:31,0
DA:32,0
DA:33,20
DA:34,25
DA:35,1
DA:36,1
DA:37,19
DA:38,19
DA:39,25
DA:40,1
DA:41,1
DA:42,18
DA:43,25
DA:44,1
DA:45,1
DA:46,17
DA:47,17
DA:48,17
DA:49,17
DA:50,17
DA:51,17
DA:52,17
DA:53,25
DA:54,1
DA:55,1
DA:56,1
DA:57,1
DA:58,16
DA:59,16
DA:60,16
DA:61,16
DA:62,16
DA:63,16
DA:64,16
DA:65,16
DA:66,16
DA:67,16
DA:68,16
DA:69,16
DA:70,16
DA:71,16
DA:72,16
DA:73,25
DA:74,0
DA:75,0
DA:76,0
DA:77,0
DA:78,0
DA:79,0
DA:80,0
DA:81,0
DA:82,0
DA:83,25
DA:84,1
DA:85,1
DA:86,1
DA:87,2
DA:88,2
DA:89,2
DA:90,2
DA:91,2
DA:92,2
DA:93,2
DA:94,1
DA:95,1
DA:96,1
DA:97,1
DA:98,1
DA:99,1
DA:100,1
DA:101,0
DA:102,0
DA:103,0
DA:104,0
DA:105,0
DA:106,0
DA:107,0
DA:108,0
DA:109,1
DA:110,1
DA:111,1
DA:112,1
DA:113,1
DA:114,1
DA:115,1
DA:116,1
DA:117,1
DA:118,1
DA:119,1
DA:120,1
DA:121,1
DA:122,1
DA:123,1
DA:124,1
DA:125,1
DA:126,2
DA:127,0
DA:128,0
DA:129,0
DA:130,2
DA:131,1
DA:132,1
DA:133,1
DA:134,2
DA:135,2
DA:136,2
DA:137,2
DA:138,2
DA:139,2
DA:140,2
DA:141,2
DA:142,2
DA:143,2
DA:144,2
DA:145,2
DA:146,2
DA:147,2
DA:148,2
DA:149,2
DA:150,0
DA:151,0
DA:152,0
DA:153,0
DA:154,2
DA:155,2
DA:156,2
DA:157,2
DA:158,2
DA:159,2
DA:160,2
DA:161,2
DA:162,2
DA:163,2
DA:164,2
DA:165,2
DA:166,2
DA:167,0
DA:168,0
DA:169,0
DA:170,2
DA:171,1
DA:172,1
DA:173,1
DA:174,4
DA:175,4
DA:176,4
DA:177,4
DA:178,4
DA:179,3
DA:180,4
DA:181,1
DA:182,1
DA:183,2
DA:184,2
DA:185,4
DA:186,1
DA:187,1
DA:188,1
DA:189,1
DA:190,1
DA:191,1
DA:192,1
DA:193,1
DA:194,1
DA:195,1
DA:196,1
DA:197,0
DA:198,0
DA:199,4
LF:199
LH:168
BRDA:4,0,0,21
BRDA:5,1,0,0
BRDA:10,2,0,25
BRDA:15,3,0,23
BRDA:15,4,0,23
BRDA:15,5,0,3
BRDA:17,6,0,22
BRDA:21,7,0,1
BRDA:23,8,0,21
BRDA:25,9,0,1
BRDA:27,10,0,20
BRDA:30,11,0,0
BRDA:32,12,0,20
BRDA:34,13,0,1
BRDA:36,14,0,19
BRDA:39,15,0,1
BRDA:41,16,0,18
BRDA:43,17,0,1
BRDA:45,18,0,17
BRDA:53,19,0,1
BRDA:57,20,0,16
BRDA:73,21,0,0
BRDA:86,22,0,2
BRDA:93,23,0,1
BRDA:126,24,0,0
BRDA:99,25,0,1
BRDA:100,26,0,0
BRDA:133,27,0,2
BRDA:166,28,0,0
BRDA:142,29,0,2
BRDA:148,30,0,0
BRDA:149,31,0,0
BRDA:160,32,0,0
BRDA:173,33,0,4
BRDA:178,34,0,3
BRDA:180,35,0,1
BRDA:182,36,0,2
BRDA:185,37,0,1
BRDA:196,38,0,0
BRF:39
BRH:29
end_of_record
TN:
SF:src\controllers\stockController.js
FN:5,fetchStockDataForSymbols
FN:55,getFavoriteStocks
FN:69,addFavoriteStock
FN:111,removeFavoriteStock
FN:134,getStockPrices
FN:156,getFavoriteStocksWithDetails
FN:180,validateStockSymbol
FNF:7
FNH:7
FNDA:8,fetchStockDataForSymbols
FNDA:2,getFavoriteStocks
FNDA:11,addFavoriteStock
FNDA:3,removeFavoriteStock
FNDA:6,getStockPrices
FNDA:5,getFavoriteStocksWithDetails
FNDA:9,validateStockSymbol
DA:1,1
DA:2,1
DA:3,1
DA:4,1
DA:5,1
DA:6,8
DA:7,0
DA:8,0
DA:9,8
DA:10,8
DA:11,8
DA:12,2
DA:13,2
DA:14,2
DA:15,6
DA:16,6
DA:17,17
DA:18,17
DA:19,17
DA:20,17
DA:21,17
DA:22,17
DA:23,17
DA:24,17
DA:25,13
DA:26,17
DA:27,11
DA:28,11
DA:29,2
DA:30,2
DA:31,2
DA:32,9
DA:33,9
DA:34,9
DA:35,9
DA:36,9
DA:37,9
DA:38,17
DA:39,2
DA:40,2
DA:41,2
DA:42,17
DA:43,4
DA:44,2
DA:45,2
DA:46,2
DA:47,2
DA:48,2
DA:49,2
DA:50,6
DA:51,6
DA:52,6
DA:53,6
DA:54,1
DA:55,1
DA:56,2
DA:57,2
DA:58,2
DA:59,0
DA:60,0
DA:61,2
DA:62,2
DA:63,0
DA:64,0
DA:65,0
DA:66,2
DA:67,1
DA:68,1
DA:69,1
DA:70,11
DA:71,11
DA:72,11
DA:73,0
DA:74,0
DA:75,11
DA:76,11
DA:77,11
DA:78,2
DA:79,2
DA:80,9
DA:81,9
DA:82,9
DA:83,11
DA:84,6
DA:85,6
DA:86,2
DA:87,11
DA:88,1
DA:89,1
DA:90,1
DA:91,1
DA:92,1
DA:93,1
DA:94,1
DA:95,1
DA:96,1
DA:97,1
DA:98,1
DA:99,1
DA:100,1
DA:101,1
DA:102,1
DA:103,1
DA:104,0
DA:105,0
DA:106,0
DA:107,0
DA:108,0
DA:109,11
DA:110,1
DA:111,1
DA:112,3
DA:113,3
DA:114,1
DA:115,1
DA:116,2
DA:117,2
DA:118,2
DA:119,2
DA:120,2
DA:121,2
DA:122,2
DA:123,3
DA:124,0
DA:125,0
DA:126,2
DA:127,3
DA:128,0
DA:129,0
DA:130,0
DA:131,3
DA:132,1
DA:133,1
DA:134,1
DA:135,6
DA:136,6
DA:137,2
DA:138,2
DA:139,4
DA:140,6
DA:141,0
DA:142,0
DA:143,4
DA:144,4
DA:145,4
DA:146,3
DA:147,6
DA:148,1
DA:149,1
DA:150,1
DA:151,1
DA:152,0
DA:153,0
DA:154,6
DA:155,1
DA:156,1
DA:157,5
DA:158,5
DA:159,5
DA:160,0
DA:161,0
DA:162,5
DA:163,5
DA:164,5
DA:165,1
DA:166,1
DA:167,4
DA:168,4
DA:169,3
DA:170,3
DA:171,5
DA:172,1
DA:173,1
DA:174,1
DA:175,1
DA:176,0
DA:177,0
DA:178,5
DA:179,1
DA:180,1
DA:181,9
DA:182,9
DA:183,1
DA:184,1
DA:185,1
DA:186,8
DA:187,8
DA:188,8
DA:189,8
DA:190,8
DA:191,8
DA:192,4
DA:193,4
DA:194,9
DA:195,2
DA:196,2
DA:197,1
DA:198,1
DA:199,1
DA:200,1
DA:201,1
DA:202,9
DA:203,4
DA:204,1
DA:205,1
DA:206,1
DA:207,3
DA:208,3
DA:209,3
DA:210,1
DA:211,3
DA:212,1
DA:213,1
DA:214,4
DA:215,0
DA:216,0
DA:217,0
DA:218,0
DA:219,1
DA:220,1
DA:221,9
LF:221
LH:190
BRDA:5,0,0,8
BRDA:6,1,0,0
BRDA:11,2,0,2
BRDA:14,3,0,6
BRDA:16,4,0,17
BRDA:24,5,0,13
BRDA:26,6,0,11
BRDA:28,7,0,2
BRDA:28,8,0,2
BRDA:28,9,0,2
BRDA:28,10,0,2
BRDA:28,11,0,2
BRDA:31,12,0,9
BRDA:38,13,0,2
BRDA:42,14,0,4
BRDA:43,15,0,2
BRDA:43,16,0,2
BRDA:55,17,0,2
BRDA:58,18,0,0
BRDA:62,19,0,0
BRDA:69,20,0,11
BRDA:72,21,0,0
BRDA:77,22,0,10
BRDA:77,23,0,10
BRDA:77,24,0,2
BRDA:79,25,0,9
BRDA:82,26,0,8
BRDA:83,27,0,6
BRDA:85,28,0,2
BRDA:87,29,0,1
BRDA:103,30,0,0
BRDA:111,31,0,3
BRDA:113,32,0,1
BRDA:115,33,0,2
BRDA:123,34,0,0
BRDA:125,35,0,2
BRDA:127,36,0,0
BRDA:134,37,0,6
BRDA:136,38,0,2
BRDA:138,39,0,4
BRDA:140,40,0,0
BRDA:142,41,0,4
BRDA:145,42,0,3
BRDA:147,43,0,1
BRDA:151,44,0,0
BRDA:139,45,0,9
BRDA:156,46,0,5
BRDA:159,47,0,0
BRDA:164,48,0,1
BRDA:166,49,0,4
BRDA:168,50,0,3
BRDA:171,51,0,1
BRDA:175,52,0,0
BRDA:180,53,0,9
BRDA:182,54,0,1
BRDA:185,55,0,8
BRDA:191,56,0,4
BRDA:194,57,0,2
BRDA:194,58,0,2
BRDA:196,59,0,1
BRDA:196,60,0,1
BRDA:196,61,0,1
BRDA:198,62,0,1
BRDA:202,63,0,4
BRDA:203,64,0,3
BRDA:203,65,0,1
BRDA:206,66,0,3
BRDA:209,67,0,2
BRDA:209,68,0,1
BRDA:211,69,0,2
BRDA:211,70,0,1
BRDA:214,71,0,0
BRDA:218,72,0,1
BRF:73
BRH:61
end_of_record
TN:
SF:src\controllers\userController.js
FN:5,generateToken
FN:15,registerUser
FN:68,loginUser
FN:102,getCurrentUser
FNF:4
FNH:2
FNDA:0,generateToken
FNDA:10,registerUser
FNDA:0,loginUser
FNDA:1,getCurrentUser
DA:1,1
DA:2,1
DA:3,1
DA:4,1
DA:5,1
DA:6,0
DA:7,0
DA:8,0
DA:9,0
DA:10,0
DA:11,0
DA:12,0
DA:13,0
DA:14,1
DA:15,1
DA:16,10
DA:17,10
DA:18,10
DA:19,10
DA:20,10
DA:21,1
DA:22,1
DA:23,9
DA:24,10
DA:25,1
DA:26,1
DA:27,8
DA:28,10
DA:29,1
DA:30,1
DA:31,7
DA:32,7
DA:33,7
DA:34,10
DA:35,2
DA:36,2
DA:37,5
DA:38,5
DA:39,5
DA:40,5
DA:41,5
DA:42,5
DA:43,5
DA:44,5
DA:45,1
DA:46,1
DA:47,1
DA:48,1
DA:49,1
DA:50,1
DA:51,10
DA:52,0
DA:53,0
DA:54,10
DA:55,4
DA:56,4
DA:57,4
DA:58,4
DA:59,4
DA:60,0
DA:61,0
DA:62,0
DA:63,0
DA:64,0
DA:65,0
DA:66,10
DA:67,1
DA:68,1
DA:69,0
DA:70,0
DA:71,0
DA:72,0
DA:73,0
DA:74,0
DA:75,0
DA:76,0
DA:77,0
DA:78,0
DA:79,0
DA:80,0
DA:81,0
DA:82,0
DA:83,0
DA:84,0
DA:85,0
DA:86,0
DA:87,0
DA:88,0
DA:89,0
DA:90,0
DA:91,0
DA:92,0
DA:93,0
DA:94,0
DA:95,0
DA:96,0
DA:97,0
DA:98,0
DA:99,0
DA:100,0
DA:101,1
DA:102,1
DA:103,1
DA:104,1
DA:105,1
DA:106,1
DA:107,1
DA:108,1
DA:109,1
DA:110,1
DA:111,1
DA:112,1
DA:113,1
DA:114,1
DA:115,1
DA:116,0
DA:117,0
DA:118,1
DA:119,0
DA:120,0
DA:121,0
DA:122,1
DA:123,0
DA:124,0
DA:125,1
LF:125
LH:70
BRDA:15,0,0,10
BRDA:20,1,0,9
BRDA:20,2,0,9
BRDA:20,3,0,9
BRDA:20,4,0,9
BRDA:20,5,0,1
BRDA:22,6,0,9
BRDA:24,7,0,1
BRDA:26,8,0,8
BRDA:28,9,0,1
BRDA:30,10,0,7
BRDA:34,11,0,2
BRDA:36,12,0,5
BRDA:44,13,0,1
BRDA:51,14,0,0
BRDA:54,15,0,4
BRDA:59,16,0,0
BRDA:57,17,0,4
BRDA:102,18,0,1
BRDA:112,19,0,0
BRDA:115,20,0,0
BRDA:118,21,0,0
BRDA:122,22,0,0
BRF:23
BRH:17
end_of_record
TN:
SF:src\middleware\authMiddleware.js
FN:3,protect
FNF:1
FNH:1
FNDA:69,protect
DA:1,1
DA:2,1
DA:3,1
DA:4,69
DA:5,69
DA:6,0
DA:7,0
DA:8,0
DA:9,69
DA:10,14
DA:11,14
DA:12,11
DA:13,9
DA:14,11
DA:15,1
DA:16,1
DA:17,1
DA:18,1
DA:19,11
DA:20,14
DA:21,14
DA:22,55
DA:23,55
DA:24,69
DA:25,69
LF:25
LH:22
BRDA:3,0,0,69
BRDA:4,1,0,69
BRDA:5,2,0,0
BRDA:9,3,0,14
BRDA:11,4,0,11
BRDA:11,5,0,11
BRDA:12,6,0,9
BRDA:14,7,0,2
BRDA:14,8,0,1
BRDA:16,9,0,0
BRDA:16,10,0,0
BRDA:21,11,0,55
BRF:12
BRH:9
end_of_record
TN:
SF:src\models\Share.js
FN:24,mongoose.Schema.sharedStocks.validate
FNF:1
FNH:1
FNDA:16,mongoose.Schema.sharedStocks.validate
DA:1,1
DA:2,1
DA:3,1
DA:4,1
DA:5,1
DA:6,1
DA:7,1
DA:8,1
DA:9,1
DA:10,1
DA:11,1
DA:12,1
DA:13,1
DA:14,1
DA:15,1
DA:16,1
DA:17,1
DA:18,1
DA:19,1
DA:20,1
DA:21,1
DA:22,1
DA:23,1
DA:24,1
DA:25,1
DA:26,1
DA:27,1
DA:28,1
DA:29,1
DA:30,1
DA:31,1
DA:32,1
DA:33,1
DA:34,1
DA:35,1
DA:36,1
DA:37,1
DA:38,1
DA:39,1
DA:40,1
DA:41,1
DA:42,1
DA:43,1
DA:44,1
DA:45,1
LF:45
LH:45
BRDA:24,0,0,16
BRF:1
BRH:1
end_of_record
TN:
SF:src\models\User.js
FN:4,validatePasswordComplexity
FN:77,userSchema.methods.comparePassword
FN:85,userSchema.methods.matchPassword
FNF:3
FNH:2
FNDA:106,validatePasswordComplexity
FNDA:3,userSchema.methods.comparePassword
FNDA:0,userSchema.methods.matchPassword
DA:1,1
DA:2,1
DA:3,1
DA:4,1
DA:5,106
DA:6,106
DA:7,106
DA:8,1
DA:9,1
DA:10,1
DA:11,1
DA:12,1
DA:13,1
DA:14,1
DA:15,1
DA:16,1
DA:17,1
DA:18,1
DA:19,1
DA:20,1
DA:21,1
DA:22,1
DA:23,1
DA:24,1
DA:25,1
DA:26,1
DA:27,1
DA:28,1
DA:29,1
DA:30,1
DA:31,1
DA:32,1
DA:33,1
DA:34,1
DA:35,1
DA:36,1
DA:37,1
DA:38,1
DA:39,1
DA:40,1
DA:41,1
DA:42,1
DA:43,1
DA:44,1
DA:45,1
DA:46,1
DA:47,1
DA:48,1
DA:49,1
DA:50,1
DA:51,1
DA:52,1
DA:53,1
DA:54,1
DA:55,1
DA:56,1
DA:57,1
DA:58,1
DA:59,1
DA:60,1
DA:61,1
DA:62,1
DA:63,104
DA:64,1
DA:65,1
DA:66,103
DA:67,103
DA:68,103
DA:69,103
DA:70,103
DA:71,104
DA:72,0
DA:73,0
DA:74,1
DA:75,1
DA:76,1
DA:77,1
DA:78,3
DA:79,3
DA:80,3
DA:81,0
DA:82,0
DA:83,3
DA:84,1
DA:85,1
DA:86,0
DA:87,0
DA:88,1
DA:89,1
DA:90,1
DA:91,1
LF:91
LH:85
BRDA:4,0,0,106
BRDA:62,1,0,104
BRDA:63,2,0,1
BRDA:65,3,0,103
BRDA:71,4,0,0
BRDA:77,5,0,3
BRDA:80,6,0,0
BRF:7
BRH:5
end_of_record
TN:
SF:src\routes\shareRoutes.js
FNF:0
FNH:0
DA:1,1
DA:2,1
DA:3,1
DA:4,1
DA:5,1
DA:6,1
DA:7,1
DA:8,1
DA:9,1
DA:10,1
DA:11,1
DA:12,1
DA:13,1
DA:14,1
DA:15,1
DA:16,1
DA:17,1
DA:18,1
DA:19,1
DA:20,1
DA:21,1
DA:22,1
LF:22
LH:22
BRF:0
BRH:0
end_of_record
TN:
SF:src\routes\stockRoutes.js
FNF:0
FNH:0
DA:1,1
DA:2,1
DA:3,1
DA:4,1
DA:5,1
DA:6,1
DA:7,1
DA:8,1
DA:9,1
DA:10,1
DA:11,1
DA:12,1
DA:13,1
DA:14,1
DA:15,1
DA:16,1
DA:17,1
DA:18,1
DA:19,1
DA:20,1
DA:21,1
DA:22,1
DA:23,1
DA:24,1
DA:25,1
DA:26,1
DA:27,1
DA:28,1
LF:28
LH:28
BRF:0
BRH:0
end_of_record
TN:
SF:src\routes\userRoutes.js
FN:10,generateToken
FNF:1
FNH:1
FNDA:2,generateToken
DA:1,1
DA:2,1
DA:3,1
DA:4,1
DA:5,1
DA:6,1
DA:7,1
DA:8,1
DA:9,1
DA:10,1
DA:11,2
DA:12,2
DA:13,2
DA:14,2
DA:15,1
DA:16,1
DA:17,1
DA:18,1
DA:19,6
DA:20,6
DA:21,0
DA:22,0
DA:23,6
DA:24,4
DA:25,4
DA:26,2
DA:27,2
DA:28,2
DA:29,2
DA:30,2
DA:31,2
DA:32,2
DA:33,2
DA:34,2
DA:35,6
DA:36,1
DA:37,1
DA:38,1
DA:39,1
DA:40,1
DA:41,1
LF:41
LH:39
BRDA:10,0,0,2
BRDA:18,1,0,6
BRDA:19,2,0,6
BRDA:20,3,0,0
BRDA:23,4,0,4
BRDA:24,5,0,0
BRDA:25,6,0,2
BRF:7
BRH:5
end_of_record
